1.0060 	WARNING 	We strongly recommend you activate the PTB sound engine in PsychoPy prefs as the preferred audio engine. Its timing is vastly superior. Your prefs are currently set to use ['sounddevice'] (in that order).
5.7064 	WARNING 	Couldn't measure a consistent frame rate!
  - Is your graphics card set to sync to vertical blank?
  - Are you running other processes on your computer?

5.7073 	EXP 	Created window1 = Window(allowGUI=True, allowStencil=False, autoLog=True, backendConf=UNKNOWN, bitsMode=UNKNOWN, blendMode='avg', bpc=(8, 8, 8), color=array([0, 0, 0]), colorSpace='rgb', depthBits=8, fullscr=<method-wrapper '__getattribute__' of attributeSetter object at 0x7fb9f8f929d0>, gamma=None, gammaErrorPolicy='raise', lms=UNKNOWN, monitor=<psychopy.monitors.calibTools.Monitor object at 0x7fb9bf638790>, multiSample=False, name='window1', numSamples=2, pos=[367.5, 239.0], screen=0, size=array([2940, 1912]), stencilBits=0, stereo=False, units='height', useFBO=True, useRetina=True, viewOri=0.0, viewPos=None, viewScale=None, waitBlanking=True, winType='pyglet')
5.7077 	EXP 	window1: mouseVisible = True
5.7089 	EXP 	window1: mouseVisible = False
5.7089 	EXP 	window1: Attempting to measure frame rate of screen (0) ...
5.7090 	EXP 	window1: recordFrameIntervals = False
5.8227 	EXP 	window1: recordFrameIntervals = True
6.7229 	WARNING 	Couldn't measure a consistent frame rate!
  - Is your graphics card set to sync to vertical blank?
  - Are you running other processes on your computer?

8.4622 	EXP 	Created welcome_text = TextStim(__class__=<class 'psychopy.visual.text.TextStim'>, alignHoriz=method-wrapper(...), alignText='center', alignVert=method-wrapper(...), anchorHoriz='center', anchorVert='center', antialias=True, autoDraw=False, autoLog=True, bold=False, color=array([1, 1, 1]), colorSpace='rgb', contrast=1.0, depth=0.0, flipHoriz=False, flipVert=False, font='Open Sans', fontFiles=[], height=0.05, italic=False, languageStyle='LTR', name='welcome_text', opacity=1.0, ori=0.0, pos=array([0., 0.]), rgb=UNKNOWN, text=str(...), units='height', win=Window(...), wrapWidth=1)
8.4771 	EXP 	Created exp1_instr_text = TextStim(__class__=<class 'psychopy.visual.text.TextStim'>, alignHoriz=method-wrapper(...), alignText='center', alignVert=method-wrapper(...), anchorHoriz='center', anchorVert='center', antialias=True, autoDraw=False, autoLog=True, bold=False, color=array([1, 1, 1]), colorSpace='rgb', contrast=1.0, depth=0.0, flipHoriz=False, flipVert=False, font='Open Sans', fontFiles=[], height=0.05, italic=False, languageStyle='LTR', name='exp1_instr_text', opacity=1.0, ori=0.0, pos=array([0., 0.]), rgb=UNKNOWN, text=str(...), units='height', win=Window(...), wrapWidth=1)
8.4881 	EXP 	Created exp1_trial_image_l = ImageStim(__class__=<class 'psychopy.visual.image.ImageStim'>, anchor=('center', 'center'), autoLog=True, color=array([1, 1, 1]), colorSpace='rgb', contrast=1.0, depth=0.0, flipHoriz=False, flipVert=False, image='sin', interpolate=True, mask=None, maskParams=None, name='exp1_trial_image_l', opacity=1.0, ori=0.0, pos=array([-0.5,  0. ]), size=array([0.5, 0.5]), texRes=128.0, units='height', win=Window(...))
8.4904 	EXP 	Created exp1_trial_image_r = ImageStim(__class__=<class 'psychopy.visual.image.ImageStim'>, anchor=('center', 'center'), autoLog=True, color=array([1, 1, 1]), colorSpace='rgb', contrast=1.0, depth=-1.0, flipHoriz=False, flipVert=False, image='sin', interpolate=True, mask=None, maskParams=None, name='exp1_trial_image_r', opacity=1.0, ori=0.0, pos=array([0.5, 0. ]), size=array([0.5, 0.5]), texRes=128.0, units='height', win=Window(...))
8.5417 	EXP 	Sound exp1_trial_sound set volume 1.000
8.5475 	EXP 	Created end_exp1_trial_text = TextStim(__class__=<class 'psychopy.visual.text.TextStim'>, alignHoriz=method-wrapper(...), alignText='center', alignVert=method-wrapper(...), anchorHoriz='center', anchorVert='center', antialias=True, autoDraw=False, autoLog=True, bold=False, color=array([1, 1, 1]), colorSpace='rgb', contrast=1.0, depth=0.0, flipHoriz=False, flipVert=False, font='Open Sans', fontFiles=[], height=0.05, italic=False, languageStyle='LTR', name='end_exp1_trial_text', opacity=1.0, ori=0.0, pos=array([0., 0.]), rgb=UNKNOWN, text=str(...), units='height', win=Window(...), wrapWidth=1)
8.5531 	EXP 	Created exp1_start_text = TextStim(__class__=<class 'psychopy.visual.text.TextStim'>, alignHoriz=method-wrapper(...), alignText='center', alignVert=method-wrapper(...), anchorHoriz='center', anchorVert='center', antialias=True, autoDraw=False, autoLog=True, bold=False, color=array([1, 1, 1]), colorSpace='rgb', contrast=1.0, depth=-1.0, flipHoriz=False, flipVert=False, font='Open Sans', fontFiles=[], height=0.05, italic=False, languageStyle='LTR', name='exp1_start_text', opacity=1.0, ori=0.0, pos=array([0., 0.]), rgb=UNKNOWN, text=str(...), units='height', win=Window(...), wrapWidth=1)
8.5563 	EXP 	Created exp1_image_l = ImageStim(__class__=<class 'psychopy.visual.image.ImageStim'>, anchor=('center', 'center'), autoLog=True, color=array([1, 1, 1]), colorSpace='rgb', contrast=1.0, depth=0.0, flipHoriz=False, flipVert=False, image='sin', interpolate=True, mask=None, maskParams=None, name='exp1_image_l', opacity=1.0, ori=0.0, pos=array([-0.5,  0. ]), size=array([0.5, 0.5]), texRes=128.0, units='height', win=Window(...))
8.5590 	EXP 	Created exp1_image_r = ImageStim(__class__=<class 'psychopy.visual.image.ImageStim'>, anchor=('center', 'center'), autoLog=True, color=array([1, 1, 1]), colorSpace='rgb', contrast=1.0, depth=-1.0, flipHoriz=False, flipVert=False, image='sin', interpolate=True, mask=None, maskParams=None, name='exp1_image_r', opacity=1.0, ori=0.0, pos=array([0.5, 0. ]), size=array([0.5, 0.5]), texRes=128.0, units='height', win=Window(...))
8.5590 	EXP 	Sound exp1_sound set volume 1.000
8.5647 	EXP 	Created exp1_end_text = TextStim(__class__=<class 'psychopy.visual.text.TextStim'>, alignHoriz=method-wrapper(...), alignText='center', alignVert=method-wrapper(...), anchorHoriz='center', anchorVert='center', antialias=True, autoDraw=False, autoLog=True, bold=False, color=array([1, 1, 1]), colorSpace='rgb', contrast=1.0, depth=0.0, flipHoriz=False, flipVert=False, font='Open Sans', fontFiles=[], height=0.05, italic=False, languageStyle='LTR', name='exp1_end_text', opacity=1.0, ori=0.0, pos=array([0., 0.]), rgb=UNKNOWN, text=str(...), units='height', win=Window(...), wrapWidth=1)
8.5757 	EXP 	Created exp2_instr_text = TextStim(__class__=<class 'psychopy.visual.text.TextStim'>, alignHoriz=method-wrapper(...), alignText='center', alignVert=method-wrapper(...), anchorHoriz='center', anchorVert='center', antialias=True, autoDraw=False, autoLog=True, bold=False, color=array([1, 1, 1]), colorSpace='rgb', contrast=1.0, depth=0.0, flipHoriz=False, flipVert=False, font='Open Sans', fontFiles=[], height=0.05, italic=False, languageStyle='LTR', name='exp2_instr_text', opacity=1.0, ori=0.0, pos=array([0., 0.]), rgb=UNKNOWN, text=str(...), units='height', win=Window(...), wrapWidth=1)
8.5784 	EXP 	Created exp2_trial_iamge_l = ImageStim(__class__=<class 'psychopy.visual.image.ImageStim'>, anchor=('center', 'center'), autoLog=True, color=array([1, 1, 1]), colorSpace='rgb', contrast=1.0, depth=0.0, flipHoriz=False, flipVert=False, image='sin', interpolate=True, mask=None, maskParams=None, name='exp2_trial_iamge_l', opacity=1.0, ori=0.0, pos=array([-0.5,  0. ]), size=array([0.5, 0.5]), texRes=128.0, units='height', win=Window(...))
8.5809 	EXP 	Created exp2_trial_image_r = ImageStim(__class__=<class 'psychopy.visual.image.ImageStim'>, anchor=('center', 'center'), autoLog=True, color=array([1, 1, 1]), colorSpace='rgb', contrast=1.0, depth=-1.0, flipHoriz=False, flipVert=False, image='sin', interpolate=True, mask=None, maskParams=None, name='exp2_trial_image_r', opacity=1.0, ori=0.0, pos=array([0.5, 0. ]), size=array([0.5, 0.5]), texRes=128.0, units='height', win=Window(...))
8.5809 	EXP 	Sound exp2_trial_sound set volume 1.000
8.5846 	EXP 	Created end_exp2_trial_text = TextStim(__class__=<class 'psychopy.visual.text.TextStim'>, alignHoriz=method-wrapper(...), alignText='center', alignVert=method-wrapper(...), anchorHoriz='center', anchorVert='center', antialias=True, autoDraw=False, autoLog=True, bold=False, color=array([1, 1, 1]), colorSpace='rgb', contrast=1.0, depth=0.0, flipHoriz=False, flipVert=False, font='Open Sans', fontFiles=[], height=0.05, italic=False, languageStyle='LTR', name='end_exp2_trial_text', opacity=1.0, ori=0.0, pos=array([0., 0.]), rgb=UNKNOWN, text=str(...), units='height', win=Window(...), wrapWidth=1)
8.5892 	EXP 	Created exp2_start_text = TextStim(__class__=<class 'psychopy.visual.text.TextStim'>, alignHoriz=method-wrapper(...), alignText='center', alignVert=method-wrapper(...), anchorHoriz='center', anchorVert='center', antialias=True, autoDraw=False, autoLog=True, bold=False, color=array([1, 1, 1]), colorSpace='rgb', contrast=1.0, depth=-1.0, flipHoriz=False, flipVert=False, font='Open Sans', fontFiles=[], height=0.05, italic=False, languageStyle='LTR', name='exp2_start_text', opacity=1.0, ori=0.0, pos=array([0., 0.]), rgb=UNKNOWN, text=str(...), units='height', win=Window(...), wrapWidth=1)
8.5917 	EXP 	Created exp2_image_l = ImageStim(__class__=<class 'psychopy.visual.image.ImageStim'>, anchor=('center', 'center'), autoLog=True, color=array([1, 1, 1]), colorSpace='rgb', contrast=1.0, depth=0.0, flipHoriz=False, flipVert=False, image='sin', interpolate=True, mask=None, maskParams=None, name='exp2_image_l', opacity=1.0, ori=0.0, pos=array([-0.5,  0. ]), size=array([0.5, 0.5]), texRes=128.0, units='height', win=Window(...))
8.5940 	EXP 	Created exp2_image_r = ImageStim(__class__=<class 'psychopy.visual.image.ImageStim'>, anchor=('center', 'center'), autoLog=True, color=array([1, 1, 1]), colorSpace='rgb', contrast=1.0, depth=-1.0, flipHoriz=False, flipVert=False, image='sin', interpolate=True, mask=None, maskParams=None, name='exp2_image_r', opacity=1.0, ori=0.0, pos=array([0.5, 0. ]), size=array([0.5, 0.5]), texRes=128.0, units='height', win=Window(...))
8.5940 	EXP 	Sound exp2_sound set volume 1.000
8.5979 	EXP 	Created full_end_text = TextStim(__class__=<class 'psychopy.visual.text.TextStim'>, alignHoriz=method-wrapper(...), alignText='center', alignVert=method-wrapper(...), anchorHoriz='center', anchorVert='center', antialias=True, autoDraw=False, autoLog=True, bold=False, color=array([1, 1, 1]), colorSpace='rgb', contrast=1.0, depth=0.0, flipHoriz=False, flipVert=False, font='Open Sans', fontFiles=[], height=0.05, italic=False, languageStyle='LTR', name='full_end_text', opacity=1.0, ori=0.0, pos=array([0., 0.]), rgb=UNKNOWN, text=str(...), units='height', win=Window(...), wrapWidth=1)
8.6091 	WARNING 	t of last frame was 1886.55ms (=1/0)
8.6091 	EXP 	welcome_text: autoDraw = True
9.6588 	EXP 	Created sequence: sequential, trialTypes=1, nReps=1000, seed=None
9.6628 	EXP 	New trial (rep=0, index=0): None
9.6760 	DATA 	Keypress: space
9.6804 	WARNING 	t of last frame was 41.47ms (=1/24)
9.6804 	EXP 	welcome_text: autoDraw = False
9.6804 	EXP 	exp1_instr_text: autoDraw = True
10.3299 	WARNING 	t of last frame was 20.30ms (=1/49)
12.9928 	EXP 	Imported /Users/gabmac/Documents/RU/QP/exp/practice_trial/trial_exp_1/trial1.xlsx as conditions, 8 conditions, 18 params
12.9935 	EXP 	Created sequence: sequential, trialTypes=8, nReps=1, seed=None
12.9940 	EXP 	New trial (rep=0, index=0): {'num': 'tr1', 'list': 'lt', 'cond': 'tr', 'lang': 'en', 'type': 'na', 'sound_dir': '../practice_trial/audio/tr1.wav', 'phr': 'Where are your kids?', 'sent_code': 'lt_tr_en_na_tr1', 'mat': '-', 'mat_num': '-', 'emb_num': '-', 'emb': '-', 'cut': '-', 'mat_f0_c': '-', 'left': '../image/kids.png', 'right': '../image/plates.png', 'correct_img': 'kids', 'correct': 'lshift'}
13.0357 	DATA 	Keypress: space
13.0396 	WARNING 	t of last frame was 78.18ms (=1/12)
13.0396 	EXP 	exp1_instr_text: autoDraw = False
13.0396 	EXP 	exp1_trial_image_l: image = '../image/kids.png'
13.0396 	EXP 	exp1_trial_image_r: image = '../image/plates.png'
13.0396 	EXP 	exp1_trial_image_l: autoDraw = True
13.0396 	EXP 	exp1_trial_image_r: autoDraw = True
13.5245 	EXP 	New trial (rep=0, index=1): {'num': 'tr2', 'list': 'lt', 'cond': 'tr', 'lang': 'en', 'type': 'na', 'sound_dir': '../practice_trial/audio/tr2.wav', 'phr': 'Who is buying my car?', 'sent_code': 'lt_tr_en_na_tr2', 'mat': '-', 'mat_num': '-', 'emb_num': '-', 'emb': '-', 'cut': '-', 'mat_f0_c': '-', 'left': '../image/bag.png', 'right': '../image/car.png', 'correct_img': 'car', 'correct': 'rshift'}
13.5592 	DATA 	Keypress: lshift
13.5639 	WARNING 	Multiple dropped frames have occurred - I'll stop bothering you about them!
13.5638 	EXP 	exp1_trial_image_l: autoDraw = False
13.5638 	EXP 	exp1_trial_image_r: autoDraw = False
13.5638 	EXP 	exp1_trial_image_l: image = '../image/bag.png'
13.5638 	EXP 	exp1_trial_image_r: image = '../image/car.png'
13.5638 	EXP 	exp1_trial_image_l: autoDraw = True
13.5638 	EXP 	exp1_trial_image_r: autoDraw = True
13.7567 	EXP 	New trial (rep=0, index=2): {'num': 'tr3', 'list': 'lt', 'cond': 'tr', 'lang': 'sp', 'type': 'na', 'sound_dir': '../practice_trial/audio/tr3.wav', 'phr': '¿Dónde está mi perro?', 'sent_code': 'lt_tr_sp_na_tr3', 'mat': '-', 'mat_num': '-', 'emb_num': '-', 'emb': '-', 'cut': '-', 'mat_f0_c': '-', 'left': '../image/dog.png', 'right': '../image/grandma.png', 'correct_img': 'dog', 'correct': 'lshift'}
13.7923 	DATA 	Keypress: lshift
13.7964 	EXP 	exp1_trial_image_l: autoDraw = False
13.7964 	EXP 	exp1_trial_image_r: autoDraw = False
13.7964 	EXP 	exp1_trial_image_l: image = '../image/dog.png'
13.7964 	EXP 	exp1_trial_image_r: image = '../image/grandma.png'
13.7964 	EXP 	exp1_trial_image_l: autoDraw = True
13.7964 	EXP 	exp1_trial_image_r: autoDraw = True
13.9973 	EXP 	New trial (rep=0, index=3): {'num': 'tr4', 'list': 'lt', 'cond': 'tr', 'lang': 'sp', 'type': 'na', 'sound_dir': '../practice_trial/audio/tr4.wav', 'phr': '¿De quién es la bolsa?', 'sent_code': 'lt_tr_sp_na_tr4', 'mat': '-', 'mat_num': '-', 'emb_num': '-', 'emb': '-', 'cut': '-', 'mat_f0_c': '-', 'left': '../image/shirt.png', 'right': '../image/bag.png', 'correct_img': 'bag', 'correct': 'rshift'}
14.0292 	DATA 	Keypress: lshift
14.0339 	EXP 	exp1_trial_image_l: autoDraw = False
14.0339 	EXP 	exp1_trial_image_r: autoDraw = False
14.0339 	EXP 	exp1_trial_image_l: image = '../image/shirt.png'
14.0339 	EXP 	exp1_trial_image_r: image = '../image/bag.png'
14.0339 	EXP 	exp1_trial_image_l: autoDraw = True
14.0339 	EXP 	exp1_trial_image_r: autoDraw = True
14.2084 	DATA 	Keypress: lshift
14.2148 	EXP 	New trial (rep=0, index=4): {'num': 'tr5', 'list': 'lt', 'cond': 'tr', 'lang': 'se', 'type': 'na', 'sound_dir': '../practice_trial/audio/tr5.wav', 'phr': '¿Dónde encontraste sus donuts?', 'sent_code': 'lt_tr_se_na_tr5', 'mat': '-', 'mat_num': '-', 'emb_num': '-', 'emb': '-', 'cut': '-', 'mat_f0_c': '-', 'left': '../image/donut.png', 'right': '../image/cups.png', 'correct_img': 'donut', 'correct': 'lshift'}
14.2528 	EXP 	exp1_trial_image_l: autoDraw = False
14.2528 	EXP 	exp1_trial_image_r: autoDraw = False
14.2528 	EXP 	exp1_trial_image_l: image = '../image/donut.png'
14.2528 	EXP 	exp1_trial_image_r: image = '../image/cups.png'
14.2528 	EXP 	exp1_trial_image_l: autoDraw = True
14.2528 	EXP 	exp1_trial_image_r: autoDraw = True
14.4914 	EXP 	New trial (rep=0, index=5): {'num': 'tr6', 'list': 'lt', 'cond': 'tr', 'lang': 'se', 'type': 'na', 'sound_dir': '../practice_trial/audio/tr6.wav', 'phr': '¿Cuándo compraste tu sweater?', 'sent_code': 'lt_tr_se_na_tr6', 'mat': '-', 'mat_num': '-', 'emb_num': '-', 'emb': '-', 'cut': '-', 'mat_f0_c': '-', 'left': '../image/chair.png', 'right': '../image/sweater.png', 'correct_img': 'sweater', 'correct': 'rshift'}
14.5252 	DATA 	Keypress: lshift
14.5300 	EXP 	exp1_trial_image_l: autoDraw = False
14.5300 	EXP 	exp1_trial_image_r: autoDraw = False
14.5300 	EXP 	exp1_trial_image_l: image = '../image/chair.png'
14.5300 	EXP 	exp1_trial_image_r: image = '../image/sweater.png'
14.5300 	EXP 	exp1_trial_image_l: autoDraw = True
14.5300 	EXP 	exp1_trial_image_r: autoDraw = True
14.8583 	EXP 	New trial (rep=0, index=6): {'num': 'tr7', 'list': 'lt', 'cond': 'tr', 'lang': 'es', 'type': 'na', 'sound_dir': '../practice_trial/audio/tr7.wav', 'phr': 'Why do you have my camisa?', 'sent_code': 'lt_tr_es_na_tr7', 'mat': '-', 'mat_num': '-', 'emb_num': '-', 'emb': '-', 'cut': '-', 'mat_f0_c': '-', 'left': '../image/shirt.png', 'right': '../image/wallet.png', 'correct_img': 'shirt', 'correct': 'lshift'}
14.8942 	DATA 	Keypress: lshift
14.8991 	EXP 	exp1_trial_image_l: autoDraw = False
14.8991 	EXP 	exp1_trial_image_r: autoDraw = False
14.8991 	EXP 	exp1_trial_image_l: image = '../image/shirt.png'
14.8991 	EXP 	exp1_trial_image_r: image = '../image/wallet.png'
14.8991 	EXP 	exp1_trial_image_l: autoDraw = True
14.8991 	EXP 	exp1_trial_image_r: autoDraw = True
15.1639 	EXP 	New trial (rep=0, index=7): {'num': 'tr8', 'list': 'lt', 'cond': 'tr', 'lang': 'es', 'type': 'na', 'sound_dir': '../practice_trial/audio/tr8.wav', 'phr': 'Where did you find his chanclas?', 'sent_code': 'lt_tr_es_na_tr8', 'mat': '-', 'mat_num': '-', 'emb_num': '-', 'emb': '-', 'cut': '-', 'mat_f0_c': '-', 'left': '../image/key.png', 'right': '../image/flipflops.png', 'correct_img': 'flipflops', 'correct': 'rshift'}
15.2003 	DATA 	Keypress: lshift
15.2046 	EXP 	exp1_trial_image_l: autoDraw = False
15.2046 	EXP 	exp1_trial_image_r: autoDraw = False
15.2046 	EXP 	exp1_trial_image_l: image = '../image/key.png'
15.2046 	EXP 	exp1_trial_image_r: image = '../image/flipflops.png'
15.2046 	EXP 	exp1_trial_image_l: autoDraw = True
15.2046 	EXP 	exp1_trial_image_r: autoDraw = True
15.5431 	DATA 	Keypress: lshift
15.5471 	EXP 	exp1_trial_image_l: autoDraw = False
15.5471 	EXP 	exp1_trial_image_r: autoDraw = False
15.5471 	EXP 	end_exp1_trial_text: autoDraw = True
16.8109 	EXP 	New trial (rep=1, index=0): None
16.8127 	DATA 	Keypress: space
16.8167 	EXP 	end_exp1_trial_text: autoDraw = False
16.8167 	EXP 	exp1_instr_text: autoDraw = True
18.0922 	DATA 	Keypress: lshift
18.6800 	EXP 	Imported /Users/gabmac/Documents/RU/QP/exp/practice_trial/trial_exp_1/trial1.xlsx as conditions, 8 conditions, 18 params
18.6804 	EXP 	Created sequence: sequential, trialTypes=8, nReps=1, seed=None
18.6807 	EXP 	New trial (rep=0, index=0): {'num': 'tr1', 'list': 'lt', 'cond': 'tr', 'lang': 'en', 'type': 'na', 'sound_dir': '../practice_trial/audio/tr1.wav', 'phr': 'Where are your kids?', 'sent_code': 'lt_tr_en_na_tr1', 'mat': '-', 'mat_num': '-', 'emb_num': '-', 'emb': '-', 'cut': '-', 'mat_f0_c': '-', 'left': '../image/kids.png', 'right': '../image/plates.png', 'correct_img': 'kids', 'correct': 'lshift'}
18.7006 	DATA 	Keypress: space
18.7045 	EXP 	exp1_instr_text: autoDraw = False
18.7045 	EXP 	exp1_trial_image_l: image = '../image/kids.png'
18.7045 	EXP 	exp1_trial_image_r: image = '../image/plates.png'
18.7045 	EXP 	exp1_trial_image_l: autoDraw = True
18.7045 	EXP 	exp1_trial_image_r: autoDraw = True
18.7054 	EXP 	New trial (rep=0, index=1): {'num': 'tr2', 'list': 'lt', 'cond': 'tr', 'lang': 'en', 'type': 'na', 'sound_dir': '../practice_trial/audio/tr2.wav', 'phr': 'Who is buying my car?', 'sent_code': 'lt_tr_en_na_tr2', 'mat': '-', 'mat_num': '-', 'emb_num': '-', 'emb': '-', 'cut': '-', 'mat_f0_c': '-', 'left': '../image/bag.png', 'right': '../image/car.png', 'correct_img': 'car', 'correct': 'rshift'}
18.7253 	EXP 	exp1_trial_image_l: autoDraw = False
18.7253 	EXP 	exp1_trial_image_r: autoDraw = False
18.7253 	EXP 	exp1_trial_image_l: image = '../image/bag.png'
18.7253 	EXP 	exp1_trial_image_r: image = '../image/car.png'
18.7253 	EXP 	exp1_trial_image_l: autoDraw = True
18.7253 	EXP 	exp1_trial_image_r: autoDraw = True
18.7882 	EXP 	New trial (rep=0, index=2): {'num': 'tr3', 'list': 'lt', 'cond': 'tr', 'lang': 'sp', 'type': 'na', 'sound_dir': '../practice_trial/audio/tr3.wav', 'phr': '¿Dónde está mi perro?', 'sent_code': 'lt_tr_sp_na_tr3', 'mat': '-', 'mat_num': '-', 'emb_num': '-', 'emb': '-', 'cut': '-', 'mat_f0_c': '-', 'left': '../image/dog.png', 'right': '../image/grandma.png', 'correct_img': 'dog', 'correct': 'lshift'}
18.8092 	DATA 	Keypress: lshift
18.8127 	EXP 	exp1_trial_image_l: autoDraw = False
18.8127 	EXP 	exp1_trial_image_r: autoDraw = False
18.8127 	EXP 	exp1_trial_image_l: image = '../image/dog.png'
18.8127 	EXP 	exp1_trial_image_r: image = '../image/grandma.png'
18.8127 	EXP 	exp1_trial_image_l: autoDraw = True
18.8127 	EXP 	exp1_trial_image_r: autoDraw = True
18.9391 	EXP 	New trial (rep=0, index=3): {'num': 'tr4', 'list': 'lt', 'cond': 'tr', 'lang': 'sp', 'type': 'na', 'sound_dir': '../practice_trial/audio/tr4.wav', 'phr': '¿De quién es la bolsa?', 'sent_code': 'lt_tr_sp_na_tr4', 'mat': '-', 'mat_num': '-', 'emb_num': '-', 'emb': '-', 'cut': '-', 'mat_f0_c': '-', 'left': '../image/shirt.png', 'right': '../image/bag.png', 'correct_img': 'bag', 'correct': 'rshift'}
18.9611 	DATA 	Keypress: lshift
18.9647 	EXP 	exp1_trial_image_l: autoDraw = False
18.9647 	EXP 	exp1_trial_image_r: autoDraw = False
18.9647 	EXP 	exp1_trial_image_l: image = '../image/shirt.png'
18.9647 	EXP 	exp1_trial_image_r: image = '../image/bag.png'
18.9647 	EXP 	exp1_trial_image_l: autoDraw = True
18.9647 	EXP 	exp1_trial_image_r: autoDraw = True
19.0890 	EXP 	New trial (rep=0, index=4): {'num': 'tr5', 'list': 'lt', 'cond': 'tr', 'lang': 'se', 'type': 'na', 'sound_dir': '../practice_trial/audio/tr5.wav', 'phr': '¿Dónde encontraste sus donuts?', 'sent_code': 'lt_tr_se_na_tr5', 'mat': '-', 'mat_num': '-', 'emb_num': '-', 'emb': '-', 'cut': '-', 'mat_f0_c': '-', 'left': '../image/donut.png', 'right': '../image/cups.png', 'correct_img': 'donut', 'correct': 'lshift'}
19.1180 	DATA 	Keypress: lshift
19.1217 	EXP 	exp1_trial_image_l: autoDraw = False
19.1217 	EXP 	exp1_trial_image_r: autoDraw = False
19.1217 	EXP 	exp1_trial_image_l: image = '../image/donut.png'
19.1217 	EXP 	exp1_trial_image_r: image = '../image/cups.png'
19.1217 	EXP 	exp1_trial_image_l: autoDraw = True
19.1217 	EXP 	exp1_trial_image_r: autoDraw = True
19.2265 	EXP 	New trial (rep=0, index=5): {'num': 'tr6', 'list': 'lt', 'cond': 'tr', 'lang': 'se', 'type': 'na', 'sound_dir': '../practice_trial/audio/tr6.wav', 'phr': '¿Cuándo compraste tu sweater?', 'sent_code': 'lt_tr_se_na_tr6', 'mat': '-', 'mat_num': '-', 'emb_num': '-', 'emb': '-', 'cut': '-', 'mat_f0_c': '-', 'left': '../image/chair.png', 'right': '../image/sweater.png', 'correct_img': 'sweater', 'correct': 'rshift'}
19.2531 	DATA 	Keypress: lshift
19.2567 	EXP 	exp1_trial_image_l: autoDraw = False
19.2567 	EXP 	exp1_trial_image_r: autoDraw = False
19.2567 	EXP 	exp1_trial_image_l: image = '../image/chair.png'
19.2567 	EXP 	exp1_trial_image_r: image = '../image/sweater.png'
19.2567 	EXP 	exp1_trial_image_l: autoDraw = True
19.2567 	EXP 	exp1_trial_image_r: autoDraw = True
19.3771 	EXP 	New trial (rep=0, index=6): {'num': 'tr7', 'list': 'lt', 'cond': 'tr', 'lang': 'es', 'type': 'na', 'sound_dir': '../practice_trial/audio/tr7.wav', 'phr': 'Why do you have my camisa?', 'sent_code': 'lt_tr_es_na_tr7', 'mat': '-', 'mat_num': '-', 'emb_num': '-', 'emb': '-', 'cut': '-', 'mat_f0_c': '-', 'left': '../image/shirt.png', 'right': '../image/wallet.png', 'correct_img': 'shirt', 'correct': 'lshift'}
19.4065 	DATA 	Keypress: lshift
19.4104 	EXP 	exp1_trial_image_l: autoDraw = False
19.4104 	EXP 	exp1_trial_image_r: autoDraw = False
19.4104 	EXP 	exp1_trial_image_l: image = '../image/shirt.png'
19.4104 	EXP 	exp1_trial_image_r: image = '../image/wallet.png'
19.4104 	EXP 	exp1_trial_image_l: autoDraw = True
19.4104 	EXP 	exp1_trial_image_r: autoDraw = True
19.5057 	EXP 	New trial (rep=0, index=7): {'num': 'tr8', 'list': 'lt', 'cond': 'tr', 'lang': 'es', 'type': 'na', 'sound_dir': '../practice_trial/audio/tr8.wav', 'phr': 'Where did you find his chanclas?', 'sent_code': 'lt_tr_es_na_tr8', 'mat': '-', 'mat_num': '-', 'emb_num': '-', 'emb': '-', 'cut': '-', 'mat_f0_c': '-', 'left': '../image/key.png', 'right': '../image/flipflops.png', 'correct_img': 'flipflops', 'correct': 'rshift'}
19.5337 	DATA 	Keypress: lshift
19.5375 	EXP 	exp1_trial_image_l: autoDraw = False
19.5375 	EXP 	exp1_trial_image_r: autoDraw = False
19.5375 	EXP 	exp1_trial_image_l: image = '../image/key.png'
19.5375 	EXP 	exp1_trial_image_r: image = '../image/flipflops.png'
19.5375 	EXP 	exp1_trial_image_l: autoDraw = True
19.5375 	EXP 	exp1_trial_image_r: autoDraw = True
19.6740 	DATA 	Keypress: lshift
19.6782 	EXP 	exp1_trial_image_l: autoDraw = False
19.6782 	EXP 	exp1_trial_image_r: autoDraw = False
19.6782 	EXP 	end_exp1_trial_text: autoDraw = True
19.8109 	DATA 	Keypress: lshift
20.1074 	DATA 	Keypress: rshift
20.1107 	EXP 	end_exp1_trial_text: autoDraw = False
20.1107 	EXP 	exp1_start_text: autoDraw = True
20.4145 	EXP 	Imported /Users/gabmac/Documents/RU/QP/exp/stim/stim_g1_e1.xlsx as conditions, 55 conditions, 17 params
20.4180 	EXP 	Created sequence: random, trialTypes=55, nReps=1, seed=None
20.4184 	EXP 	New trial (rep=0, index=0): {'exp_num': 1, 'sent_code': 'l1_f_se_na_085', 'list': 'l1', 'cond': 'f', 'lang': 'se', 'type': 'na', 'num': 85.0, 'image': 'sneakers', 'image_alt': 'loafers', 'left_img': 'loafers', 'right_img': 'sneakers', 'left': '../image/loafers.png', 'right': '../image/sneakers.png', 'correct_img': 'sneakers', 'correct_key': 'r', 'sound_dir': '../audio/085.wav', 'image_dir': None}
20.4458 	DATA 	Keypress: rshift
20.4496 	EXP 	exp1_start_text: autoDraw = False
20.4496 	EXP 	exp1_image_l: image = '../image/loafers.png'
20.4496 	EXP 	exp1_image_r: image = '../image/sneakers.png'
20.4496 	EXP 	exp1_image_l: autoDraw = True
20.4496 	EXP 	exp1_image_r: autoDraw = True
20.4503 	EXP 	New trial (rep=0, index=1): {'exp_num': 1, 'sent_code': 'l1_f_sp_na_088', 'list': 'l1', 'cond': 'f', 'lang': 'sp', 'type': 'na', 'num': 88.0, 'image': 'book', 'image_alt': 'cellphone', 'left_img': 'book', 'right_img': 'cellphone', 'left': '../image/book.png', 'right': '../image/cellphone.png', 'correct_img': 'book', 'correct_key': 'l', 'sound_dir': '../audio/088.wav', 'image_dir': None}
20.4742 	EXP 	exp1_image_l: autoDraw = False
20.4742 	EXP 	exp1_image_r: autoDraw = False
20.4742 	EXP 	exp1_image_l: image = '../image/book.png'
20.4742 	EXP 	exp1_image_r: image = '../image/cellphone.png'
20.4742 	EXP 	exp1_image_l: autoDraw = True
20.4742 	EXP 	exp1_image_r: autoDraw = True
21.0069 	EXP 	New trial (rep=0, index=2): {'exp_num': 1, 'sent_code': 'l1_t_es_na_016', 'list': 'l1', 'cond': 't', 'lang': 'es', 'type': 'na', 'num': 16.0, 'image': 'bag', 'image_alt': 'flipflops', 'left_img': 'flipflops', 'right_img': 'bag', 'left': '../image/flipflops.png', 'right': '../image/bag.png', 'correct_img': 'bag', 'correct_key': 'r', 'sound_dir': '../audio/016.wav', 'image_dir': None}
21.0432 	DATA 	Keypress: rshift
21.0477 	EXP 	exp1_image_l: autoDraw = False
21.0477 	EXP 	exp1_image_r: autoDraw = False
21.0477 	EXP 	exp1_image_l: image = '../image/flipflops.png'
21.0477 	EXP 	exp1_image_r: image = '../image/bag.png'
21.0477 	EXP 	exp1_image_l: autoDraw = True
21.0477 	EXP 	exp1_image_r: autoDraw = True
21.1963 	EXP 	New trial (rep=0, index=3): {'exp_num': 1, 'sent_code': 'l1_t_es_na_018', 'list': 'l1', 'cond': 't', 'lang': 'es', 'type': 'na', 'num': 18.0, 'image': 'napkins', 'image_alt': 'cups', 'left_img': 'cups', 'right_img': 'napkins', 'left': '../image/cups.png', 'right': '../image/napkins.png', 'correct_img': 'napkins', 'correct_key': 'r', 'sound_dir': '../audio/018.wav', 'image_dir': None}
21.2296 	DATA 	Keypress: rshift
21.2345 	EXP 	exp1_image_l: autoDraw = False
21.2345 	EXP 	exp1_image_r: autoDraw = False
21.2345 	EXP 	exp1_image_l: image = '../image/cups.png'
21.2345 	EXP 	exp1_image_r: image = '../image/napkins.png'
21.2345 	EXP 	exp1_image_l: autoDraw = True
21.2345 	EXP 	exp1_image_r: autoDraw = True
21.3759 	EXP 	New trial (rep=0, index=4): {'exp_num': 1, 'sent_code': 'l1_t_es_na_020', 'list': 'l1', 'cond': 't', 'lang': 'es', 'type': 'na', 'num': 20.0, 'image': 'backpack', 'image_alt': 'cellphone', 'left_img': 'cellphone', 'right_img': 'backpack', 'left': '../image/cellphone.png', 'right': '../image/backpack.png', 'correct_img': 'backpack', 'correct_key': 'r', 'sound_dir': '../audio/020.wav', 'image_dir': None}
21.4054 	DATA 	Keypress: rshift
21.4091 	EXP 	exp1_image_l: autoDraw = False
21.4091 	EXP 	exp1_image_r: autoDraw = False
21.4091 	EXP 	exp1_image_l: image = '../image/cellphone.png'
21.4091 	EXP 	exp1_image_r: image = '../image/backpack.png'
21.4091 	EXP 	exp1_image_l: autoDraw = True
21.4091 	EXP 	exp1_image_r: autoDraw = True
21.4722 	EXP 	New trial (rep=0, index=5): {'exp_num': 1, 'sent_code': 'l1_f_se_na_079', 'list': 'l1', 'cond': 'f', 'lang': 'se', 'type': 'na', 'num': 79.0, 'image': 'jeans', 'image_alt': 'sweatpants', 'left_img': 'sweatpants', 'right_img': 'jeans', 'left': '../image/sweatpants.png', 'right': '../image/jeans.png', 'correct_img': 'jeans', 'correct_key': 'r', 'sound_dir': '../audio/079.wav', 'image_dir': None}
21.4994 	DATA 	Keypress: lshift
21.5030 	EXP 	exp1_image_l: autoDraw = False
21.5030 	EXP 	exp1_image_r: autoDraw = False
21.5030 	EXP 	exp1_image_l: image = '../image/sweatpants.png'
21.5030 	EXP 	exp1_image_r: image = '../image/jeans.png'
21.5030 	EXP 	exp1_image_l: autoDraw = True
21.5030 	EXP 	exp1_image_r: autoDraw = True
21.6394 	EXP 	New trial (rep=0, index=6): {'exp_num': 1, 'sent_code': 'l1_f_se_na_082', 'list': 'l1', 'cond': 'f', 'lang': 'se', 'type': 'na', 'num': 82.0, 'image': 'mickeymouse', 'image_alt': 'spongebob', 'left_img': 'mickeymouse', 'right_img': 'spongebob', 'left': '../image/mickeymouse.png', 'right': '../image/spongebob.png', 'correct_img': 'mickeymouse', 'correct_key': 'l', 'sound_dir': '../audio/082.wav', 'image_dir': None}
21.6692 	DATA 	Keypress: lshift
21.6732 	EXP 	exp1_image_l: autoDraw = False
21.6732 	EXP 	exp1_image_r: autoDraw = False
21.6732 	EXP 	exp1_image_l: image = '../image/mickeymouse.png'
21.6732 	EXP 	exp1_image_r: image = '../image/spongebob.png'
21.6732 	EXP 	exp1_image_l: autoDraw = True
21.6732 	EXP 	exp1_image_r: autoDraw = True
21.8066 	EXP 	New trial (rep=0, index=7): {'exp_num': 1, 'sent_code': 'l1_f_en_na_063', 'list': 'l1', 'cond': 'f', 'lang': 'en', 'type': 'na', 'num': 63.0, 'image': 'man', 'image_alt': 'woman', 'left_img': 'woman', 'right_img': 'man', 'left': '../image/woman.png', 'right': '../image/man.png', 'correct_img': 'man', 'correct_key': 'r', 'sound_dir': '../audio/063.wav', 'image_dir': None}
21.8391 	DATA 	Keypress: lshift
21.8431 	EXP 	exp1_image_l: autoDraw = False
21.8431 	EXP 	exp1_image_r: autoDraw = False
21.8431 	EXP 	exp1_image_l: image = '../image/woman.png'
21.8431 	EXP 	exp1_image_r: image = '../image/man.png'
21.8431 	EXP 	exp1_image_l: autoDraw = True
21.8431 	EXP 	exp1_image_r: autoDraw = True
21.9898 	EXP 	New trial (rep=0, index=8): {'exp_num': 1, 'sent_code': 'l1_t_es_f0u_137', 'list': 'l1', 'cond': 't', 'lang': 'es', 'type': 'f0u', 'num': 137.0, 'image': 'jacket', 'image_alt': 'shirt', 'left_img': 'jacket', 'right_img': 'shirt', 'left': '../image/jacket.png', 'right': '../image/shirt.png', 'correct_img': 'jacket', 'correct_key': 'l', 'sound_dir': '../audio/137.wav', 'image_dir': None}
22.0217 	DATA 	Keypress: lshift
22.0261 	EXP 	exp1_image_l: autoDraw = False
22.0261 	EXP 	exp1_image_r: autoDraw = False
22.0261 	EXP 	exp1_image_l: image = '../image/jacket.png'
22.0261 	EXP 	exp1_image_r: image = '../image/shirt.png'
22.0261 	EXP 	exp1_image_l: autoDraw = True
22.0261 	EXP 	exp1_image_r: autoDraw = True
22.1736 	EXP 	New trial (rep=0, index=9): {'exp_num': 1, 'sent_code': 'l1_f_en_na_064', 'list': 'l1', 'cond': 'f', 'lang': 'en', 'type': 'na', 'num': 64.0, 'image': 'wallet', 'image_alt': 'key', 'left_img': 'wallet', 'right_img': 'key', 'left': '../image/wallet.png', 'right': '../image/key.png', 'correct_img': 'wallet', 'correct_key': 'l', 'sound_dir': '../audio/064.wav', 'image_dir': None}
22.2066 	DATA 	Keypress: lshift
22.2111 	EXP 	exp1_image_l: autoDraw = False
22.2111 	EXP 	exp1_image_r: autoDraw = False
22.2111 	EXP 	exp1_image_l: image = '../image/wallet.png'
22.2111 	EXP 	exp1_image_r: image = '../image/key.png'
22.2111 	EXP 	exp1_image_l: autoDraw = True
22.2111 	EXP 	exp1_image_r: autoDraw = True
22.4305 	EXP 	New trial (rep=0, index=10): {'exp_num': 1, 'sent_code': 'l1_t_es_na_019', 'list': 'l1', 'cond': 't', 'lang': 'es', 'type': 'na', 'num': 19.0, 'image': 'boy', 'image_alt': 'dog', 'left_img': 'boy', 'right_img': 'dog', 'left': '../image/boy.png', 'right': '../image/dog.png', 'correct_img': 'boy', 'correct_key': 'l', 'sound_dir': '../audio/019.wav', 'image_dir': None}
22.4648 	DATA 	Keypress: lshift
22.4696 	EXP 	exp1_image_l: autoDraw = False
22.4696 	EXP 	exp1_image_r: autoDraw = False
22.4696 	EXP 	exp1_image_l: image = '../image/boy.png'
22.4696 	EXP 	exp1_image_r: image = '../image/dog.png'
22.4696 	EXP 	exp1_image_l: autoDraw = True
22.4696 	EXP 	exp1_image_r: autoDraw = True
22.6064 	EXP 	New trial (rep=0, index=11): {'exp_num': 1, 'sent_code': 'l1_t_es_na_015', 'list': 'l1', 'cond': 't', 'lang': 'es', 'type': 'na', 'num': 15.0, 'image': 'glasses', 'image_alt': 'jacket', 'left_img': 'glasses', 'right_img': 'jacket', 'left': '../image/glasses.png', 'right': '../image/jacket.png', 'correct_img': 'glasses', 'correct_key': 'l', 'sound_dir': '../audio/015.wav', 'image_dir': None}
22.6374 	DATA 	Keypress: lshift
22.6421 	EXP 	exp1_image_l: autoDraw = False
22.6421 	EXP 	exp1_image_r: autoDraw = False
22.6421 	EXP 	exp1_image_l: image = '../image/glasses.png'
22.6421 	EXP 	exp1_image_r: image = '../image/jacket.png'
22.6421 	EXP 	exp1_image_l: autoDraw = True
22.6421 	EXP 	exp1_image_r: autoDraw = True
22.8136 	EXP 	New trial (rep=0, index=12): {'exp_num': 1, 'sent_code': 'l1_f_en_na_069', 'list': 'l1', 'cond': 'f', 'lang': 'en', 'type': 'na', 'num': 69.0, 'image': 'shirt', 'image_alt': 'bag', 'left_img': 'bag', 'right_img': 'shirt', 'left': '../image/bag.png', 'right': '../image/shirt.png', 'correct_img': 'shirt', 'correct_key': 'r', 'sound_dir': '../audio/069.wav', 'image_dir': None}
22.8429 	DATA 	Keypress: lshift
22.8479 	EXP 	exp1_image_l: autoDraw = False
22.8479 	EXP 	exp1_image_r: autoDraw = False
22.8479 	EXP 	exp1_image_l: image = '../image/bag.png'
22.8479 	EXP 	exp1_image_r: image = '../image/shirt.png'
22.8479 	EXP 	exp1_image_l: autoDraw = True
22.8479 	EXP 	exp1_image_r: autoDraw = True
23.0238 	EXP 	New trial (rep=0, index=13): {'exp_num': 1, 'sent_code': 'l1_f_se_na_077', 'list': 'l1', 'cond': 'f', 'lang': 'se', 'type': 'na', 'num': 77.0, 'image': 'donut', 'image_alt': 'mashedpotatoes', 'left_img': 'mashedpotatoes', 'right_img': 'donut', 'left': '../image/mashedpotatoes.png', 'right': '../image/donut.png', 'correct_img': 'donut', 'correct_key': 'r', 'sound_dir': '../audio/077.wav', 'image_dir': None}
23.0576 	DATA 	Keypress: lshift
23.0625 	EXP 	exp1_image_l: autoDraw = False
23.0625 	EXP 	exp1_image_r: autoDraw = False
23.0625 	EXP 	exp1_image_l: image = '../image/mashedpotatoes.png'
23.0625 	EXP 	exp1_image_r: image = '../image/donut.png'
23.0625 	EXP 	exp1_image_l: autoDraw = True
23.0625 	EXP 	exp1_image_r: autoDraw = True
23.2064 	EXP 	New trial (rep=0, index=14): {'exp_num': 1, 'sent_code': 'l1_f_en_na_074', 'list': 'l1', 'cond': 'f', 'lang': 'en', 'type': 'na', 'num': 74.0, 'image': 'boy', 'image_alt': 'woman', 'left_img': 'boy', 'right_img': 'woman', 'left': '../image/boy.png', 'right': '../image/woman.png', 'correct_img': 'boy', 'correct_key': 'l', 'sound_dir': '../audio/074.wav', 'image_dir': None}
23.2397 	DATA 	Keypress: lshift
23.2444 	EXP 	exp1_image_l: autoDraw = False
23.2444 	EXP 	exp1_image_r: autoDraw = False
23.2444 	EXP 	exp1_image_l: image = '../image/boy.png'
23.2444 	EXP 	exp1_image_r: image = '../image/woman.png'
23.2444 	EXP 	exp1_image_l: autoDraw = True
23.2444 	EXP 	exp1_image_r: autoDraw = True
23.3947 	EXP 	New trial (rep=0, index=15): {'exp_num': 1, 'sent_code': 'l1_f_se_na_080', 'list': 'l1', 'cond': 'f', 'lang': 'se', 'type': 'na', 'num': 80.0, 'image': 'mouse', 'image_alt': 'rat', 'left_img': 'mouse', 'right_img': 'rat', 'left': '../image/mouse.png', 'right': '../image/rat.png', 'correct_img': 'mouse', 'correct_key': 'l', 'sound_dir': '../audio/080.wav', 'image_dir': None}
23.4281 	DATA 	Keypress: lshift
23.4328 	EXP 	exp1_image_l: autoDraw = False
23.4328 	EXP 	exp1_image_r: autoDraw = False
23.4328 	EXP 	exp1_image_l: image = '../image/mouse.png'
23.4328 	EXP 	exp1_image_r: image = '../image/rat.png'
23.4328 	EXP 	exp1_image_l: autoDraw = True
23.4328 	EXP 	exp1_image_r: autoDraw = True
23.5776 	EXP 	New trial (rep=0, index=16): {'exp_num': 1, 'sent_code': 'l1_t_es_na_013', 'list': 'l1', 'cond': 't', 'lang': 'es', 'type': 'na', 'num': 13.0, 'image': 'beer', 'image_alt': 'wine', 'left_img': 'beer', 'right_img': 'wine', 'left': '../image/beer.png', 'right': '../image/wine.png', 'correct_img': 'beer', 'correct_key': 'l', 'sound_dir': '../audio/013.wav', 'image_dir': None}
23.6101 	DATA 	Keypress: lshift
23.6149 	EXP 	exp1_image_l: autoDraw = False
23.6149 	EXP 	exp1_image_r: autoDraw = False
23.6149 	EXP 	exp1_image_l: image = '../image/beer.png'
23.6149 	EXP 	exp1_image_r: image = '../image/wine.png'
23.6149 	EXP 	exp1_image_l: autoDraw = True
23.6149 	EXP 	exp1_image_r: autoDraw = True
23.7797 	EXP 	New trial (rep=0, index=17): {'exp_num': 1, 'sent_code': 'l1_f_se_na_083', 'list': 'l1', 'cond': 'f', 'lang': 'se', 'type': 'na', 'num': 83.0, 'image': 'burger', 'image_alt': 'donut', 'left_img': 'donut', 'right_img': 'burger', 'left': '../image/donut.png', 'right': '../image/burger.png', 'correct_img': 'burger', 'correct_key': 'r', 'sound_dir': '../audio/083.wav', 'image_dir': None}
23.8189 	DATA 	Keypress: lshift
23.8239 	EXP 	exp1_image_l: autoDraw = False
23.8239 	EXP 	exp1_image_r: autoDraw = False
23.8239 	EXP 	exp1_image_l: image = '../image/donut.png'
23.8239 	EXP 	exp1_image_r: image = '../image/burger.png'
23.8239 	EXP 	exp1_image_l: autoDraw = True
23.8239 	EXP 	exp1_image_r: autoDraw = True
23.9905 	EXP 	New trial (rep=0, index=18): {'exp_num': 1, 'sent_code': 'l1_f_en_na_061', 'list': 'l1', 'cond': 'f', 'lang': 'en', 'type': 'na', 'num': 61.0, 'image': 'dog', 'image_alt': 'cat', 'left_img': 'cat', 'right_img': 'dog', 'left': '../image/cat.png', 'right': '../image/dog.png', 'correct_img': 'dog', 'correct_key': 'r', 'sound_dir': '../audio/061.wav', 'image_dir': '../image/'}
24.0244 	DATA 	Keypress: lshift
24.0294 	EXP 	exp1_image_l: autoDraw = False
24.0294 	EXP 	exp1_image_r: autoDraw = False
24.0294 	EXP 	exp1_image_l: image = '../image/cat.png'
24.0294 	EXP 	exp1_image_r: image = '../image/dog.png'
24.0294 	EXP 	exp1_image_l: autoDraw = True
24.0294 	EXP 	exp1_image_r: autoDraw = True
24.1903 	EXP 	New trial (rep=0, index=19): {'exp_num': 1, 'sent_code': 'l1_f_sp_na_086', 'list': 'l1', 'cond': 'f', 'lang': 'sp', 'type': 'na', 'num': 86.0, 'image': 'plates', 'image_alt': 'glasses', 'left_img': 'plates', 'right_img': 'glasses', 'left': '../image/plates.png', 'right': '../image/glasses.png', 'correct_img': 'plates', 'correct_key': 'l', 'sound_dir': '../audio/086.wav', 'image_dir': None}
24.2198 	DATA 	Keypress: lshift
24.2250 	EXP 	exp1_image_l: autoDraw = False
24.2250 	EXP 	exp1_image_r: autoDraw = False
24.2250 	EXP 	exp1_image_l: image = '../image/plates.png'
24.2250 	EXP 	exp1_image_r: image = '../image/glasses.png'
24.2250 	EXP 	exp1_image_l: autoDraw = True
24.2250 	EXP 	exp1_image_r: autoDraw = True
24.3735 	EXP 	New trial (rep=0, index=20): {'exp_num': 1, 'sent_code': 'l1_t_es_f0u_132', 'list': 'l1', 'cond': 't', 'lang': 'es', 'type': 'f0u', 'num': 132.0, 'image': 'grandma', 'image_alt': 'car', 'left_img': 'car', 'right_img': 'grandma', 'left': '../image/car.png', 'right': '../image/grandma.png', 'correct_img': 'grandma', 'correct_key': 'r', 'sound_dir': '../audio/132.wav', 'image_dir': None}
24.4079 	DATA 	Keypress: lshift
24.4125 	EXP 	exp1_image_l: autoDraw = False
24.4125 	EXP 	exp1_image_r: autoDraw = False
24.4125 	EXP 	exp1_image_l: image = '../image/car.png'
24.4125 	EXP 	exp1_image_r: image = '../image/grandma.png'
24.4125 	EXP 	exp1_image_l: autoDraw = True
24.4125 	EXP 	exp1_image_r: autoDraw = True
24.5564 	EXP 	New trial (rep=0, index=21): {'exp_num': 1, 'sent_code': 'l1_f_en_na_068', 'list': 'l1', 'cond': 'f', 'lang': 'en', 'type': 'na', 'num': 68.0, 'image': 'socks', 'image_alt': 'book', 'left_img': 'socks', 'right_img': 'book', 'left': '../image/socks.png', 'right': '../image/book.png', 'correct_img': 'socks', 'correct_key': 'l', 'sound_dir': '../audio/068.wav', 'image_dir': None}
24.5872 	DATA 	Keypress: lshift
24.5916 	EXP 	exp1_image_l: autoDraw = False
24.5916 	EXP 	exp1_image_r: autoDraw = False
24.5916 	EXP 	exp1_image_l: image = '../image/socks.png'
24.5916 	EXP 	exp1_image_r: image = '../image/book.png'
24.5916 	EXP 	exp1_image_l: autoDraw = True
24.5916 	EXP 	exp1_image_r: autoDraw = True
24.7450 	EXP 	New trial (rep=0, index=22): {'exp_num': 1, 'sent_code': 'l1_f_en_na_072', 'list': 'l1', 'cond': 'f', 'lang': 'en', 'type': 'na', 'num': 72.0, 'image': 'dog', 'image_alt': 'fish', 'left_img': 'dog', 'right_img': 'fish', 'left': '../image/dog.png', 'right': '../image/fish.png', 'correct_img': 'dog', 'correct_key': 'l', 'sound_dir': '../audio/072.wav', 'image_dir': None}
24.7780 	DATA 	Keypress: lshift
24.7827 	EXP 	exp1_image_l: autoDraw = False
24.7827 	EXP 	exp1_image_r: autoDraw = False
24.7827 	EXP 	exp1_image_l: image = '../image/dog.png'
24.7827 	EXP 	exp1_image_r: image = '../image/fish.png'
24.7827 	EXP 	exp1_image_l: autoDraw = True
24.7827 	EXP 	exp1_image_r: autoDraw = True
24.9622 	EXP 	New trial (rep=0, index=23): {'exp_num': 1, 'sent_code': 'l1_t_es_f0u_134', 'list': 'l1', 'cond': 't', 'lang': 'es', 'type': 'f0u', 'num': 134.0, 'image': 'truck', 'image_alt': 'basket', 'left_img': 'basket', 'right_img': 'truck', 'left': '../image/basket.png', 'right': '../image/truck.png', 'correct_img': 'truck', 'correct_key': 'r', 'sound_dir': '../audio/134.wav', 'image_dir': None}
25.0014 	DATA 	Keypress: lshift
25.0059 	EXP 	exp1_image_l: autoDraw = False
25.0059 	EXP 	exp1_image_r: autoDraw = False
25.0059 	EXP 	exp1_image_l: image = '../image/basket.png'
25.0059 	EXP 	exp1_image_r: image = '../image/truck.png'
25.0059 	EXP 	exp1_image_l: autoDraw = True
25.0059 	EXP 	exp1_image_r: autoDraw = True
25.1904 	EXP 	New trial (rep=0, index=24): {'exp_num': 1, 'sent_code': 'l1_f_en_na_062', 'list': 'l1', 'cond': 'f', 'lang': 'en', 'type': 'na', 'num': 62.0, 'image': 'shoe', 'image_alt': 'ring', 'left_img': 'shoe', 'right_img': 'ring', 'left': '../image/shoe.png', 'right': '../image/ring.png', 'correct_img': 'shoe', 'correct_key': 'l', 'sound_dir': '../audio/062.wav', 'image_dir': None}
25.2249 	DATA 	Keypress: lshift
25.2297 	EXP 	exp1_image_l: autoDraw = False
25.2297 	EXP 	exp1_image_r: autoDraw = False
25.2297 	EXP 	exp1_image_l: image = '../image/shoe.png'
25.2297 	EXP 	exp1_image_r: image = '../image/ring.png'
25.2297 	EXP 	exp1_image_l: autoDraw = True
25.2297 	EXP 	exp1_image_r: autoDraw = True
25.3728 	EXP 	New trial (rep=0, index=25): {'exp_num': 1, 'sent_code': 'l1_t_es_f0u_138', 'list': 'l1', 'cond': 't', 'lang': 'es', 'type': 'f0u', 'num': 138.0, 'image': 'shirt', 'image_alt': 'pants', 'left_img': 'pants', 'right_img': 'shirt', 'left': '../image/pants.png', 'right': '../image/shirt.png', 'correct_img': 'shirt', 'correct_key': 'r', 'sound_dir': '../audio/138.wav', 'image_dir': None}
25.4050 	DATA 	Keypress: lshift
25.4093 	EXP 	exp1_image_l: autoDraw = False
25.4093 	EXP 	exp1_image_r: autoDraw = False
25.4093 	EXP 	exp1_image_l: image = '../image/pants.png'
25.4093 	EXP 	exp1_image_r: image = '../image/shirt.png'
25.4093 	EXP 	exp1_image_l: autoDraw = True
25.4093 	EXP 	exp1_image_r: autoDraw = True
25.5738 	EXP 	New trial (rep=0, index=26): {'exp_num': 1, 'sent_code': 'l1_t_es_f0u_131', 'list': 'l1', 'cond': 't', 'lang': 'es', 'type': 'f0u', 'num': 131.0, 'image': 'cat', 'image_alt': 'flower', 'left_img': 'cat', 'right_img': 'flower', 'left': '../image/cat.png', 'right': '../image/flower.png', 'correct_img': 'cat', 'correct_key': 'l', 'sound_dir': '../audio/131.wav', 'image_dir': None}
25.6078 	DATA 	Keypress: lshift
25.6122 	EXP 	exp1_image_l: autoDraw = False
25.6122 	EXP 	exp1_image_r: autoDraw = False
25.6122 	EXP 	exp1_image_l: image = '../image/cat.png'
25.6122 	EXP 	exp1_image_r: image = '../image/flower.png'
25.6122 	EXP 	exp1_image_l: autoDraw = True
25.6122 	EXP 	exp1_image_r: autoDraw = True
25.7918 	DATA 	Keypress: lshift
25.7982 	EXP 	New trial (rep=0, index=27): {'exp_num': 1, 'sent_code': 'l1_f_se_na_081', 'list': 'l1', 'cond': 'f', 'lang': 'se', 'type': 'na', 'num': 81.0, 'image': 'sweatpants', 'image_alt': 'boxers', 'left_img': 'boxers', 'right_img': 'sweatpants', 'left': '../image/boxers.png', 'right': '../image/sweatpants.png', 'correct_img': 'sweatpants', 'correct_key': 'r', 'sound_dir': '../audio/081.wav', 'image_dir': None}
25.8372 	EXP 	exp1_image_l: autoDraw = False
25.8372 	EXP 	exp1_image_r: autoDraw = False
25.8372 	EXP 	exp1_image_l: image = '../image/boxers.png'
25.8372 	EXP 	exp1_image_r: image = '../image/sweatpants.png'
25.8372 	EXP 	exp1_image_l: autoDraw = True
25.8372 	EXP 	exp1_image_r: autoDraw = True
26.0077 	EXP 	New trial (rep=0, index=28): {'exp_num': 1, 'sent_code': 'l1_f_en_na_065', 'list': 'l1', 'cond': 'f', 'lang': 'en', 'type': 'na', 'num': 65.0, 'image': 'book', 'image_alt': 'computer', 'left_img': 'computer', 'right_img': 'book', 'left': '../image/computer.png', 'right': '../image/book.png', 'correct_img': 'book', 'correct_key': 'r', 'sound_dir': '../audio/065.wav', 'image_dir': None}
26.0422 	DATA 	Keypress: lshift
26.0473 	EXP 	exp1_image_l: autoDraw = False
26.0473 	EXP 	exp1_image_r: autoDraw = False
26.0473 	EXP 	exp1_image_l: image = '../image/computer.png'
26.0473 	EXP 	exp1_image_r: image = '../image/book.png'
26.0473 	EXP 	exp1_image_l: autoDraw = True
26.0473 	EXP 	exp1_image_r: autoDraw = True
26.1898 	EXP 	New trial (rep=0, index=29): {'exp_num': 1, 'sent_code': 'l1_f_en_na_071', 'list': 'l1', 'cond': 'f', 'lang': 'en', 'type': 'na', 'num': 71.0, 'image': 'plane', 'image_alt': 'wallet', 'left_img': 'wallet', 'right_img': 'plane', 'left': '../image/wallet.png', 'right': '../image/plane.png', 'correct_img': 'plane', 'correct_key': 'r', 'sound_dir': '../audio/071.wav', 'image_dir': None}
26.2239 	DATA 	Keypress: lshift
26.2288 	EXP 	exp1_image_l: autoDraw = False
26.2288 	EXP 	exp1_image_r: autoDraw = False
26.2288 	EXP 	exp1_image_l: image = '../image/wallet.png'
26.2288 	EXP 	exp1_image_r: image = '../image/plane.png'
26.2288 	EXP 	exp1_image_l: autoDraw = True
26.2288 	EXP 	exp1_image_r: autoDraw = True
26.3563 	EXP 	New trial (rep=0, index=30): {'exp_num': 1, 'sent_code': 'l1_f_se_na_078', 'list': 'l1', 'cond': 'f', 'lang': 'se', 'type': 'na', 'num': 78.0, 'image': 'airpods', 'image_alt': 'joycons', 'left_img': 'airpods', 'right_img': 'joycons', 'left': '../image/airpods.png', 'right': '../image/joycons.png', 'correct_img': 'airpods', 'correct_key': 'l', 'sound_dir': '../audio/078.wav', 'image_dir': None}
26.3848 	DATA 	Keypress: lshift
26.3893 	EXP 	exp1_image_l: autoDraw = False
26.3893 	EXP 	exp1_image_r: autoDraw = False
26.3893 	EXP 	exp1_image_l: image = '../image/airpods.png'
26.3893 	EXP 	exp1_image_r: image = '../image/joycons.png'
26.3893 	EXP 	exp1_image_l: autoDraw = True
26.3893 	EXP 	exp1_image_r: autoDraw = True
26.5573 	EXP 	New trial (rep=0, index=31): {'exp_num': 1, 'sent_code': 'l1_f_sp_na_093', 'list': 'l1', 'cond': 'f', 'lang': 'sp', 'type': 'na', 'num': 93.0, 'image': 'book', 'image_alt': 'boy', 'left_img': 'boy', 'right_img': 'book', 'left': '../image/boy.png', 'right': '../image/book.png', 'correct_img': 'book', 'correct_key': 'r', 'sound_dir': '../audio/093.wav', 'image_dir': None}
26.5915 	DATA 	Keypress: lshift
26.5961 	EXP 	exp1_image_l: autoDraw = False
26.5961 	EXP 	exp1_image_r: autoDraw = False
26.5961 	EXP 	exp1_image_l: image = '../image/boy.png'
26.5961 	EXP 	exp1_image_r: image = '../image/book.png'
26.5961 	EXP 	exp1_image_l: autoDraw = True
26.5961 	EXP 	exp1_image_r: autoDraw = True
26.7452 	EXP 	New trial (rep=0, index=32): {'exp_num': 1, 'sent_code': 'l1_t_es_f0u_136', 'list': 'l1', 'cond': 't', 'lang': 'es', 'type': 'f0u', 'num': 136.0, 'image': 'village', 'image_alt': 'city', 'left_img': 'city', 'right_img': 'village', 'left': '../image/city.png', 'right': '../image/village.png', 'correct_img': 'village', 'correct_key': 'r', 'sound_dir': '../audio/136.wav', 'image_dir': None}
26.7800 	DATA 	Keypress: lshift
26.7843 	EXP 	exp1_image_l: autoDraw = False
26.7843 	EXP 	exp1_image_r: autoDraw = False
26.7843 	EXP 	exp1_image_l: image = '../image/city.png'
26.7843 	EXP 	exp1_image_r: image = '../image/village.png'
26.7843 	EXP 	exp1_image_l: autoDraw = True
26.7843 	EXP 	exp1_image_r: autoDraw = True
26.9570 	EXP 	New trial (rep=0, index=33): {'exp_num': 1, 'sent_code': 'l1_f_en_na_073', 'list': 'l1', 'cond': 'f', 'lang': 'en', 'type': 'na', 'num': 73.0, 'image': 'tshirt', 'image_alt': 'socks', 'left_img': 'socks', 'right_img': 'tshirt', 'left': '../image/socks.png', 'right': '../image/tshirt.png', 'correct_img': 'tshirt', 'correct_key': 'r', 'sound_dir': '../audio/073.wav', 'image_dir': None}
26.9889 	DATA 	Keypress: lshift
26.9932 	EXP 	exp1_image_l: autoDraw = False
26.9932 	EXP 	exp1_image_r: autoDraw = False
26.9932 	EXP 	exp1_image_l: image = '../image/socks.png'
26.9932 	EXP 	exp1_image_r: image = '../image/tshirt.png'
26.9932 	EXP 	exp1_image_l: autoDraw = True
26.9932 	EXP 	exp1_image_r: autoDraw = True
27.1403 	EXP 	New trial (rep=0, index=34): {'exp_num': 1, 'sent_code': 'l1_t_es_na_012', 'list': 'l1', 'cond': 't', 'lang': 'es', 'type': 'na', 'num': 12.0, 'image': 'book', 'image_alt': 'newspaper', 'left_img': 'newspaper', 'right_img': 'book', 'left': '../image/newspaper.png', 'right': '../image/book.png', 'correct_img': 'book', 'correct_key': 'r', 'sound_dir': '../audio/012.wav', 'image_dir': None}
27.1752 	DATA 	Keypress: lshift
27.1795 	EXP 	exp1_image_l: autoDraw = False
27.1795 	EXP 	exp1_image_r: autoDraw = False
27.1795 	EXP 	exp1_image_l: image = '../image/newspaper.png'
27.1795 	EXP 	exp1_image_r: image = '../image/book.png'
27.1795 	EXP 	exp1_image_l: autoDraw = True
27.1795 	EXP 	exp1_image_r: autoDraw = True
27.3570 	EXP 	New trial (rep=0, index=35): {'exp_num': 1, 'sent_code': 'l1_t_es_na_017', 'list': 'l1', 'cond': 't', 'lang': 'es', 'type': 'na', 'num': 17.0, 'image': 'jug', 'image_alt': 'cat', 'left_img': 'jug', 'right_img': 'cat', 'left': '../image/jug.png', 'right': '../image/cat.png', 'correct_img': 'jug', 'correct_key': 'l', 'sound_dir': '../audio/017.wav', 'image_dir': None}
27.3899 	DATA 	Keypress: lshift
27.3944 	EXP 	exp1_image_l: autoDraw = False
27.3944 	EXP 	exp1_image_r: autoDraw = False
27.3944 	EXP 	exp1_image_l: image = '../image/jug.png'
27.3944 	EXP 	exp1_image_r: image = '../image/cat.png'
27.3944 	EXP 	exp1_image_l: autoDraw = True
27.3944 	EXP 	exp1_image_r: autoDraw = True
27.5626 	EXP 	New trial (rep=0, index=36): {'exp_num': 1, 'sent_code': 'l1_f_en_na_075', 'list': 'l1', 'cond': 'f', 'lang': 'en', 'type': 'na', 'num': 75.0, 'image': 'fish', 'image_alt': 'dog', 'left_img': 'dog', 'right_img': 'fish', 'left': '../image/dog.png', 'right': '../image/fish.png', 'correct_img': 'fish', 'correct_key': 'r', 'sound_dir': '../audio/075.wav', 'image_dir': None}
27.5954 	DATA 	Keypress: lshift
27.5998 	EXP 	exp1_image_l: autoDraw = False
27.5998 	EXP 	exp1_image_r: autoDraw = False
27.5998 	EXP 	exp1_image_l: image = '../image/dog.png'
27.5998 	EXP 	exp1_image_r: image = '../image/fish.png'
27.5998 	EXP 	exp1_image_l: autoDraw = True
27.5998 	EXP 	exp1_image_r: autoDraw = True
27.7572 	EXP 	New trial (rep=0, index=37): {'exp_num': 1, 'sent_code': 'l1_f_sp_na_087', 'list': 'l1', 'cond': 'f', 'lang': 'sp', 'type': 'na', 'num': 87.0, 'image': 'bed', 'image_alt': 'desk', 'left_img': 'desk', 'right_img': 'bed', 'left': '../image/desk.png', 'right': '../image/bed.png', 'correct_img': 'bed', 'correct_key': 'r', 'sound_dir': '../audio/087.wav', 'image_dir': None}
27.7944 	DATA 	Keypress: lshift
27.7988 	EXP 	exp1_image_l: autoDraw = False
27.7988 	EXP 	exp1_image_r: autoDraw = False
27.7988 	EXP 	exp1_image_l: image = '../image/desk.png'
27.7988 	EXP 	exp1_image_r: image = '../image/bed.png'
27.7988 	EXP 	exp1_image_l: autoDraw = True
27.7988 	EXP 	exp1_image_r: autoDraw = True
27.9567 	EXP 	New trial (rep=0, index=38): {'exp_num': 1, 'sent_code': 'l1_f_en_na_070', 'list': 'l1', 'cond': 'f', 'lang': 'en', 'type': 'na', 'num': 70.0, 'image': 'computer', 'image_alt': 'bed', 'left_img': 'computer', 'right_img': 'bed', 'left': '../image/computer.png', 'right': '../image/bed.png', 'correct_img': 'computer', 'correct_key': 'l', 'sound_dir': '../audio/070.wav', 'image_dir': None}
27.9898 	DATA 	Keypress: lshift
27.9939 	EXP 	exp1_image_l: autoDraw = False
27.9939 	EXP 	exp1_image_r: autoDraw = False
27.9939 	EXP 	exp1_image_l: image = '../image/computer.png'
27.9939 	EXP 	exp1_image_r: image = '../image/bed.png'
27.9939 	EXP 	exp1_image_l: autoDraw = True
27.9939 	EXP 	exp1_image_r: autoDraw = True
28.1573 	EXP 	New trial (rep=0, index=39): {'exp_num': 1, 'sent_code': 'l1_f_se_na_084', 'list': 'l1', 'cond': 'f', 'lang': 'se', 'type': 'na', 'num': 84.0, 'image': 'penthouse', 'image_alt': 'rocket', 'left_img': 'penthouse', 'right_img': 'rocket', 'left': '../image/penthouse.png', 'right': '../image/rocket.png', 'correct_img': 'penthouse', 'correct_key': 'l', 'sound_dir': '../audio/084.wav', 'image_dir': None}
28.1948 	DATA 	Keypress: lshift
28.1991 	EXP 	exp1_image_l: autoDraw = False
28.1991 	EXP 	exp1_image_r: autoDraw = False
28.1991 	EXP 	exp1_image_l: image = '../image/penthouse.png'
28.1991 	EXP 	exp1_image_r: image = '../image/rocket.png'
28.1991 	EXP 	exp1_image_l: autoDraw = True
28.1991 	EXP 	exp1_image_r: autoDraw = True
28.3399 	EXP 	New trial (rep=0, index=40): {'exp_num': 1, 'sent_code': 'l1_t_es_f0u_139', 'list': 'l1', 'cond': 't', 'lang': 'es', 'type': 'f0u', 'num': 139.0, 'image': 'restaurant', 'image_alt': 'hotel', 'left_img': 'restaurant', 'right_img': 'hotel', 'left': '../image/restaurant.png', 'right': '../image/hotel.png', 'correct_img': 'restaurant', 'correct_key': 'l', 'sound_dir': '../audio/139.wav', 'image_dir': None}
28.3783 	DATA 	Keypress: lshift
28.3821 	EXP 	exp1_image_l: autoDraw = False
28.3821 	EXP 	exp1_image_r: autoDraw = False
28.3821 	EXP 	exp1_image_l: image = '../image/restaurant.png'
28.3821 	EXP 	exp1_image_r: image = '../image/hotel.png'
28.3821 	EXP 	exp1_image_l: autoDraw = True
28.3821 	EXP 	exp1_image_r: autoDraw = True
28.5800 	EXP 	New trial (rep=0, index=41): {'exp_num': 1, 'sent_code': 'l1_f_sp_na_094', 'list': 'l1', 'cond': 'f', 'lang': 'sp', 'type': 'na', 'num': 94.0, 'image': 'beer', 'image_alt': 'horchata', 'left_img': 'beer', 'right_img': 'horchata', 'left': '../image/beer.png', 'right': '../image/horchata.png', 'correct_img': 'beer', 'correct_key': 'l', 'sound_dir': '../audio/094.wav', 'image_dir': None}
28.6123 	DATA 	Keypress: lshift
28.6167 	EXP 	exp1_image_l: autoDraw = False
28.6167 	EXP 	exp1_image_r: autoDraw = False
28.6167 	EXP 	exp1_image_l: image = '../image/beer.png'
28.6167 	EXP 	exp1_image_r: image = '../image/horchata.png'
28.6167 	EXP 	exp1_image_l: autoDraw = True
28.6167 	EXP 	exp1_image_r: autoDraw = True
28.7564 	EXP 	New trial (rep=0, index=42): {'exp_num': 1, 'sent_code': 'l1_f_sp_na_089', 'list': 'l1', 'cond': 'f', 'lang': 'sp', 'type': 'na', 'num': 89.0, 'image': 'wallet', 'image_alt': 'bed', 'left_img': 'bed', 'right_img': 'wallet', 'left': '../image/bed.png', 'right': '../image/wallet.png', 'correct_img': 'wallet', 'correct_key': 'r', 'sound_dir': '../audio/089.wav', 'image_dir': None}
28.7932 	DATA 	Keypress: lshift
28.7975 	EXP 	exp1_image_l: autoDraw = False
28.7975 	EXP 	exp1_image_r: autoDraw = False
28.7975 	EXP 	exp1_image_l: image = '../image/bed.png'
28.7975 	EXP 	exp1_image_r: image = '../image/wallet.png'
28.7975 	EXP 	exp1_image_l: autoDraw = True
28.7975 	EXP 	exp1_image_r: autoDraw = True
28.9398 	EXP 	New trial (rep=0, index=43): {'exp_num': 1, 'sent_code': 'l1_t_es_na_014', 'list': 'l1', 'cond': 't', 'lang': 'es', 'type': 'na', 'num': 14.0, 'image': 'key', 'image_alt': 'book', 'left_img': 'book', 'right_img': 'key', 'left': '../image/book.png', 'right': '../image/key.png', 'correct_img': 'key', 'correct_key': 'r', 'sound_dir': '../audio/014.wav', 'image_dir': None}
28.9695 	DATA 	Keypress: lshift
28.9739 	EXP 	exp1_image_l: autoDraw = False
28.9739 	EXP 	exp1_image_r: autoDraw = False
28.9739 	EXP 	exp1_image_l: image = '../image/book.png'
28.9739 	EXP 	exp1_image_r: image = '../image/key.png'
28.9739 	EXP 	exp1_image_l: autoDraw = True
28.9739 	EXP 	exp1_image_r: autoDraw = True
29.1061 	EXP 	New trial (rep=0, index=44): {'exp_num': 1, 'sent_code': 'l1_f_sp_na_091', 'list': 'l1', 'cond': 'f', 'lang': 'sp', 'type': 'na', 'num': 91.0, 'image': 'bracelet', 'image_alt': 'backpack', 'left_img': 'backpack', 'right_img': 'bracelet', 'left': '../image/backpack.png', 'right': '../image/bracelet.png', 'correct_img': 'bracelet', 'correct_key': 'r', 'sound_dir': '../audio/091.wav', 'image_dir': None}
29.1407 	DATA 	Keypress: lshift
29.1444 	EXP 	exp1_image_l: autoDraw = False
29.1444 	EXP 	exp1_image_r: autoDraw = False
29.1444 	EXP 	exp1_image_l: image = '../image/backpack.png'
29.1444 	EXP 	exp1_image_r: image = '../image/bracelet.png'
29.1444 	EXP 	exp1_image_l: autoDraw = True
29.1444 	EXP 	exp1_image_r: autoDraw = True
29.3137 	EXP 	New trial (rep=0, index=45): {'exp_num': 1, 'sent_code': 'l1_t_es_na_011', 'list': 'l1', 'cond': 't', 'lang': 'es', 'type': 'na', 'num': 11.0, 'image': 'armchair', 'image_alt': 'bed', 'left_img': 'armchair', 'right_img': 'bed', 'left': '../image/armchair.png', 'right': '../image/bed.png', 'correct_img': 'armchair', 'correct_key': 'l', 'sound_dir': '../audio/011.wav', 'image_dir': None}
29.3518 	DATA 	Keypress: lshift
29.3562 	EXP 	exp1_image_l: autoDraw = False
29.3562 	EXP 	exp1_image_r: autoDraw = False
29.3562 	EXP 	exp1_image_l: image = '../image/armchair.png'
29.3562 	EXP 	exp1_image_r: image = '../image/bed.png'
29.3562 	EXP 	exp1_image_l: autoDraw = True
29.3562 	EXP 	exp1_image_r: autoDraw = True
29.5405 	EXP 	New trial (rep=0, index=46): {'exp_num': 1, 'sent_code': 'l1_t_es_f0u_135', 'list': 'l1', 'cond': 't', 'lang': 'es', 'type': 'f0u', 'num': 135.0, 'image': 'flipflops', 'image_alt': 'flower', 'left_img': 'flipflops', 'right_img': 'flower', 'left': '../image/flipflops.png', 'right': '../image/flower.png', 'correct_img': 'flipflops', 'correct_key': 'l', 'sound_dir': '../audio/135.wav', 'image_dir': None}
29.5765 	DATA 	Keypress: lshift
29.5809 	EXP 	exp1_image_l: autoDraw = False
29.5809 	EXP 	exp1_image_r: autoDraw = False
29.5809 	EXP 	exp1_image_l: image = '../image/flipflops.png'
29.5809 	EXP 	exp1_image_r: image = '../image/flower.png'
29.5809 	EXP 	exp1_image_l: autoDraw = True
29.5809 	EXP 	exp1_image_r: autoDraw = True
29.7737 	EXP 	New trial (rep=0, index=47): {'exp_num': 1, 'sent_code': 'l1_f_sp_na_090', 'list': 'l1', 'cond': 'f', 'lang': 'sp', 'type': 'na', 'num': 90.0, 'image': 'bag', 'image_alt': 'bottle', 'left_img': 'bag', 'right_img': 'bottle', 'left': '../image/bag.png', 'right': '../image/bottle.png', 'correct_img': 'bag', 'correct_key': 'l', 'sound_dir': '../audio/090.wav', 'image_dir': None}
29.8041 	DATA 	Keypress: lshift
29.8088 	EXP 	exp1_image_l: autoDraw = False
29.8088 	EXP 	exp1_image_r: autoDraw = False
29.8088 	EXP 	exp1_image_l: image = '../image/bag.png'
29.8088 	EXP 	exp1_image_r: image = '../image/bottle.png'
29.8088 	EXP 	exp1_image_l: autoDraw = True
29.8088 	EXP 	exp1_image_r: autoDraw = True
30.0126 	EXP 	New trial (rep=0, index=48): {'exp_num': 1, 'sent_code': 'l1_t_es_f0u_133', 'list': 'l1', 'cond': 't', 'lang': 'es', 'type': 'f0u', 'num': 133.0, 'image': 'cellphone', 'image_alt': 'book', 'left_img': 'cellphone', 'right_img': 'book', 'left': '../image/cellphone.png', 'right': '../image/book.png', 'correct_img': 'cellphone', 'correct_key': 'l', 'sound_dir': '../audio/133.wav', 'image_dir': None}
30.0449 	DATA 	Keypress: lshift
30.0492 	EXP 	exp1_image_l: autoDraw = False
30.0492 	EXP 	exp1_image_r: autoDraw = False
30.0492 	EXP 	exp1_image_l: image = '../image/cellphone.png'
30.0492 	EXP 	exp1_image_r: image = '../image/book.png'
30.0492 	EXP 	exp1_image_l: autoDraw = True
30.0492 	EXP 	exp1_image_r: autoDraw = True
30.2571 	EXP 	New trial (rep=0, index=49): {'exp_num': 1, 'sent_code': 'l1_f_en_na_067', 'list': 'l1', 'cond': 'f', 'lang': 'en', 'type': 'na', 'num': 67.0, 'image': 'glasses', 'image_alt': 'beer', 'left_img': 'beer', 'right_img': 'glasses', 'left': '../image/beer.png', 'right': '../image/glasses.png', 'correct_img': 'glasses', 'correct_key': 'r', 'sound_dir': '../audio/067.wav', 'image_dir': None}
30.2873 	DATA 	Keypress: lshift
30.2920 	EXP 	exp1_image_l: autoDraw = False
30.2920 	EXP 	exp1_image_r: autoDraw = False
30.2920 	EXP 	exp1_image_l: image = '../image/beer.png'
30.2920 	EXP 	exp1_image_r: image = '../image/glasses.png'
30.2920 	EXP 	exp1_image_l: autoDraw = True
30.2920 	EXP 	exp1_image_r: autoDraw = True
30.5134 	EXP 	New trial (rep=0, index=50): {'exp_num': 1, 'sent_code': 'l1_t_es_f0u_140', 'list': 'l1', 'cond': 't', 'lang': 'es', 'type': 'f0u', 'num': 140.0, 'image': 'bracelet', 'image_alt': 'ring', 'left_img': 'ring', 'right_img': 'bracelet', 'left': '../image/ring.png', 'right': '../image/bracelet.png', 'correct_img': 'bracelet', 'correct_key': 'r', 'sound_dir': '../audio/140.wav', 'image_dir': None}
30.5457 	DATA 	Keypress: lshift
30.5505 	EXP 	exp1_image_l: autoDraw = False
30.5505 	EXP 	exp1_image_r: autoDraw = False
30.5505 	EXP 	exp1_image_l: image = '../image/ring.png'
30.5505 	EXP 	exp1_image_r: image = '../image/bracelet.png'
30.5505 	EXP 	exp1_image_l: autoDraw = True
30.5505 	EXP 	exp1_image_r: autoDraw = True
30.7460 	EXP 	New trial (rep=0, index=51): {'exp_num': 1, 'sent_code': 'l1_f_en_na_066', 'list': 'l1', 'cond': 'f', 'lang': 'en', 'type': 'na', 'num': 66.0, 'image': 'bag', 'image_alt': 'scarf', 'left_img': 'bag', 'right_img': 'scarf', 'left': '../image/bag.png', 'right': '../image/scarf.png', 'correct_img': 'bag', 'correct_key': 'l', 'sound_dir': '../audio/066.wav', 'image_dir': None}
30.7798 	DATA 	Keypress: lshift
30.7845 	EXP 	exp1_image_l: autoDraw = False
30.7845 	EXP 	exp1_image_r: autoDraw = False
30.7845 	EXP 	exp1_image_l: image = '../image/bag.png'
30.7845 	EXP 	exp1_image_r: image = '../image/scarf.png'
30.7845 	EXP 	exp1_image_l: autoDraw = True
30.7845 	EXP 	exp1_image_r: autoDraw = True
30.9803 	EXP 	New trial (rep=0, index=52): {'exp_num': 1, 'sent_code': 'l1_f_se_na_076', 'list': 'l1', 'cond': 'f', 'lang': 'se', 'type': 'na', 'num': 76.0, 'image': 'hotdog', 'image_alt': 'burger', 'left_img': 'hotdog', 'right_img': 'burger', 'left': '../image/hotdog.png', 'right': '../image/burger.png', 'correct_img': 'hotdog', 'correct_key': 'l', 'sound_dir': '../audio/076.wav', 'image_dir': None}
31.0187 	DATA 	Keypress: lshift
31.0231 	EXP 	exp1_image_l: autoDraw = False
31.0231 	EXP 	exp1_image_r: autoDraw = False
31.0231 	EXP 	exp1_image_l: image = '../image/hotdog.png'
31.0231 	EXP 	exp1_image_r: image = '../image/burger.png'
31.0231 	EXP 	exp1_image_l: autoDraw = True
31.0231 	EXP 	exp1_image_r: autoDraw = True
31.2128 	EXP 	New trial (rep=0, index=53): {'exp_num': 1, 'sent_code': 'l1_f_sp_na_092', 'list': 'l1', 'cond': 'f', 'lang': 'sp', 'type': 'na', 'num': 92.0, 'image': 'armchair', 'image_alt': 'dog', 'left_img': 'armchair', 'right_img': 'dog', 'left': '../image/armchair.png', 'right': '../image/dog.png', 'correct_img': 'armchair', 'correct_key': 'l', 'sound_dir': '../audio/092.wav', 'image_dir': None}
31.2487 	DATA 	Keypress: lshift
31.2528 	EXP 	exp1_image_l: autoDraw = False
31.2528 	EXP 	exp1_image_r: autoDraw = False
31.2528 	EXP 	exp1_image_l: image = '../image/armchair.png'
31.2528 	EXP 	exp1_image_r: image = '../image/dog.png'
31.2528 	EXP 	exp1_image_l: autoDraw = True
31.2528 	EXP 	exp1_image_r: autoDraw = True
31.4452 	EXP 	New trial (rep=0, index=54): {'exp_num': 1, 'sent_code': 'l1_f_sp_na_095', 'list': 'l1', 'cond': 'f', 'lang': 'sp', 'type': 'na', 'num': 95.0, 'image': 'key', 'image_alt': 'socks', 'left_img': 'socks', 'right_img': 'key', 'left': '../image/socks.png', 'right': '../image/key.png', 'correct_img': 'key', 'correct_key': 'r', 'sound_dir': '../audio/095.wav', 'image_dir': None}
31.4765 	DATA 	Keypress: lshift
31.4813 	EXP 	exp1_image_l: autoDraw = False
31.4813 	EXP 	exp1_image_r: autoDraw = False
31.4813 	EXP 	exp1_image_l: image = '../image/socks.png'
31.4813 	EXP 	exp1_image_r: image = '../image/key.png'
31.4813 	EXP 	exp1_image_l: autoDraw = True
31.4813 	EXP 	exp1_image_r: autoDraw = True
31.6415 	DATA 	Keypress: lshift
31.6539 	EXP 	exp1_image_l: autoDraw = False
31.6539 	EXP 	exp1_image_r: autoDraw = False
31.6539 	EXP 	exp1_end_text: autoDraw = True
35.1072 	EXP 	Created sequence: sequential, trialTypes=1, nReps=1000, seed=None
35.1122 	EXP 	New trial (rep=0, index=0): None
35.1151 	DATA 	Keypress: space
35.1203 	EXP 	exp1_end_text: autoDraw = False
35.1203 	EXP 	exp2_instr_text: autoDraw = True
36.4033 	EXP 	Imported /Users/gabmac/Documents/RU/QP/exp/practice_trial/trial_exp_2/trial2.xlsx as conditions, 8 conditions, 16 params
36.4038 	EXP 	Created sequence: sequential, trialTypes=8, nReps=1, seed=None
36.4042 	EXP 	New trial (rep=0, index=0): {'num': 'tr1', 'list': 'lt', 'cond': 'tr', 'lang': 'en', 'type': 'na', 'sound_dir': '../practice_trial/audio/tr1.wav', 'phr': 'Where are your kids?', 'sent_code': 'lt_tr_en_na_tr1', 'mat': '-', 'mat_num': '-', 'emb_num': '-', 'emb': '-', 'cut': '-', 'mat_f0_c': '-', 'left': '../image/america.png', 'right': '../image/spain.png'}
36.4288 	DATA 	Keypress: space
36.4329 	EXP 	exp2_instr_text: autoDraw = False
36.4329 	EXP 	exp2_trial_iamge_l: image = '../image/america.png'
36.4329 	EXP 	exp2_trial_image_r: image = '../image/spain.png'
36.4329 	EXP 	exp2_trial_iamge_l: autoDraw = True
36.4329 	EXP 	exp2_trial_image_r: autoDraw = True
39.4085 	DATA 	Keypress: lshift
41.3786 	EXP 	New trial (rep=0, index=1): {'num': 'tr2', 'list': 'lt', 'cond': 'tr', 'lang': 'en', 'type': 'na', 'sound_dir': '../practice_trial/audio/tr2.wav', 'phr': 'Who is buying my car?', 'sent_code': 'lt_tr_en_na_tr2', 'mat': '-', 'mat_num': '-', 'emb_num': '-', 'emb': '-', 'cut': '-', 'mat_f0_c': '-', 'left': '../image/america.png', 'right': '../image/spain.png'}
41.4062 	EXP 	exp2_trial_iamge_l: autoDraw = False
41.4062 	EXP 	exp2_trial_image_r: autoDraw = False
41.4062 	EXP 	exp2_trial_iamge_l: image = '../image/america.png'
41.4062 	EXP 	exp2_trial_image_r: image = '../image/spain.png'
41.4062 	EXP 	exp2_trial_iamge_l: autoDraw = True
41.4062 	EXP 	exp2_trial_image_r: autoDraw = True
44.1251 	DATA 	Keypress: lshift
46.3795 	EXP 	New trial (rep=0, index=2): {'num': 'tr3', 'list': 'lt', 'cond': 'tr', 'lang': 'sp', 'type': 'na', 'sound_dir': '../practice_trial/audio/tr3.wav', 'phr': '¿Dónde está mi perro?', 'sent_code': 'lt_tr_sp_na_tr3', 'mat': '-', 'mat_num': '-', 'emb_num': '-', 'emb': '-', 'cut': '-', 'mat_f0_c': '-', 'left': '../image/america.png', 'right': '../image/spain.png'}
46.4094 	EXP 	exp2_trial_iamge_l: autoDraw = False
46.4094 	EXP 	exp2_trial_image_r: autoDraw = False
46.4094 	EXP 	exp2_trial_iamge_l: image = '../image/america.png'
46.4094 	EXP 	exp2_trial_image_r: image = '../image/spain.png'
46.4094 	EXP 	exp2_trial_iamge_l: autoDraw = True
46.4094 	EXP 	exp2_trial_image_r: autoDraw = True
51.3780 	EXP 	New trial (rep=0, index=3): {'num': 'tr4', 'list': 'lt', 'cond': 'tr', 'lang': 'sp', 'type': 'na', 'sound_dir': '../practice_trial/audio/tr4.wav', 'phr': '¿De quién es la bolsa?', 'sent_code': 'lt_tr_sp_na_tr4', 'mat': '-', 'mat_num': '-', 'emb_num': '-', 'emb': '-', 'cut': '-', 'mat_f0_c': '-', 'left': '../image/america.png', 'right': '../image/spain.png'}
51.4088 	EXP 	exp2_trial_iamge_l: autoDraw = False
51.4088 	EXP 	exp2_trial_image_r: autoDraw = False
51.4088 	EXP 	exp2_trial_iamge_l: image = '../image/america.png'
51.4088 	EXP 	exp2_trial_image_r: image = '../image/spain.png'
51.4088 	EXP 	exp2_trial_iamge_l: autoDraw = True
51.4088 	EXP 	exp2_trial_image_r: autoDraw = True
56.3794 	EXP 	New trial (rep=0, index=4): {'num': 'tr5', 'list': 'lt', 'cond': 'tr', 'lang': 'se', 'type': 'na', 'sound_dir': '../practice_trial/audio/tr5.wav', 'phr': '¿Dónde encontraste sus donuts?', 'sent_code': 'lt_tr_se_na_tr5', 'mat': '-', 'mat_num': '-', 'emb_num': '-', 'emb': '-', 'cut': '-', 'mat_f0_c': '-', 'left': '../image/america.png', 'right': '../image/spain.png'}
56.4138 	EXP 	exp2_trial_iamge_l: autoDraw = False
56.4138 	EXP 	exp2_trial_image_r: autoDraw = False
56.4138 	EXP 	exp2_trial_iamge_l: image = '../image/america.png'
56.4138 	EXP 	exp2_trial_image_r: image = '../image/spain.png'
56.4138 	EXP 	exp2_trial_iamge_l: autoDraw = True
56.4138 	EXP 	exp2_trial_image_r: autoDraw = True
61.3793 	EXP 	New trial (rep=0, index=5): {'num': 'tr6', 'list': 'lt', 'cond': 'tr', 'lang': 'se', 'type': 'na', 'sound_dir': '../practice_trial/audio/tr6.wav', 'phr': '¿Cuándo compraste tu sweater?', 'sent_code': 'lt_tr_se_na_tr6', 'mat': '-', 'mat_num': '-', 'emb_num': '-', 'emb': '-', 'cut': '-', 'mat_f0_c': '-', 'left': '../image/america.png', 'right': '../image/spain.png'}
61.4114 	EXP 	exp2_trial_iamge_l: autoDraw = False
61.4114 	EXP 	exp2_trial_image_r: autoDraw = False
61.4114 	EXP 	exp2_trial_iamge_l: image = '../image/america.png'
61.4114 	EXP 	exp2_trial_image_r: image = '../image/spain.png'
61.4114 	EXP 	exp2_trial_iamge_l: autoDraw = True
61.4114 	EXP 	exp2_trial_image_r: autoDraw = True
65.6150 	DATA 	Keypress: lshift
66.3795 	EXP 	New trial (rep=0, index=6): {'num': 'tr7', 'list': 'lt', 'cond': 'tr', 'lang': 'es', 'type': 'na', 'sound_dir': '../practice_trial/audio/tr7.wav', 'phr': 'Why do you have my camisa?', 'sent_code': 'lt_tr_es_na_tr7', 'mat': '-', 'mat_num': '-', 'emb_num': '-', 'emb': '-', 'cut': '-', 'mat_f0_c': '-', 'left': '../image/america.png', 'right': '../image/spain.png'}
66.4132 	EXP 	exp2_trial_iamge_l: autoDraw = False
66.4132 	EXP 	exp2_trial_image_r: autoDraw = False
66.4132 	EXP 	exp2_trial_iamge_l: image = '../image/america.png'
66.4132 	EXP 	exp2_trial_image_r: image = '../image/spain.png'
66.4132 	EXP 	exp2_trial_iamge_l: autoDraw = True
66.4132 	EXP 	exp2_trial_image_r: autoDraw = True
71.3796 	EXP 	New trial (rep=0, index=7): {'num': 'tr8', 'list': 'lt', 'cond': 'tr', 'lang': 'es', 'type': 'na', 'sound_dir': '../practice_trial/audio/tr8.wav', 'phr': 'Where did you find his chanclas?', 'sent_code': 'lt_tr_es_na_tr8', 'mat': '-', 'mat_num': '-', 'emb_num': '-', 'emb': '-', 'cut': '-', 'mat_f0_c': '-', 'left': '../image/america.png', 'right': '../image/spain.png'}
71.4129 	EXP 	exp2_trial_iamge_l: autoDraw = False
71.4129 	EXP 	exp2_trial_image_r: autoDraw = False
71.4129 	EXP 	exp2_trial_iamge_l: image = '../image/america.png'
71.4129 	EXP 	exp2_trial_image_r: image = '../image/spain.png'
71.4129 	EXP 	exp2_trial_iamge_l: autoDraw = True
71.4129 	EXP 	exp2_trial_image_r: autoDraw = True
76.3878 	EXP 	exp2_trial_iamge_l: autoDraw = False
76.3878 	EXP 	exp2_trial_image_r: autoDraw = False
76.3878 	EXP 	end_exp2_trial_text: autoDraw = True
79.6318 	DATA 	Keypress: escape
80.3361 	EXP 	window1: mouseVisible = True
