1.0530 	WARNING 	We strongly recommend you activate the PTB sound engine in PsychoPy prefs as the preferred audio engine. Its timing is vastly superior. Your prefs are currently set to use ['sounddevice'] (in that order).
6.2875 	WARNING 	Couldn't measure a consistent frame rate!
  - Is your graphics card set to sync to vertical blank?
  - Are you running other processes on your computer?

6.2889 	EXP 	Created window1 = Window(allowGUI=True, allowStencil=False, autoLog=True, backendConf=UNKNOWN, bitsMode=UNKNOWN, blendMode='avg', bpc=(8, 8, 8), color=array([0, 0, 0]), colorSpace='rgb', depthBits=8, fullscr=<method-wrapper '__getattribute__' of attributeSetter object at 0x7facc0eb46a0>, gamma=None, gammaErrorPolicy='raise', lms=UNKNOWN, monitor=<psychopy.monitors.calibTools.Monitor object at 0x7fac90a4f640>, multiSample=False, name='window1', numSamples=2, pos=[367.5, 239.0], screen=0, size=array([2940, 1912]), stencilBits=0, stereo=False, units='height', useFBO=True, useRetina=True, viewOri=0.0, viewPos=None, viewScale=None, waitBlanking=True, winType='pyglet')
6.2893 	EXP 	window1: mouseVisible = True
6.2907 	EXP 	window1: mouseVisible = False
6.2907 	EXP 	window1: Attempting to measure frame rate of screen (0) ...
6.2908 	EXP 	window1: recordFrameIntervals = False
6.3701 	EXP 	window1: recordFrameIntervals = True
7.2037 	WARNING 	Couldn't measure a consistent frame rate!
  - Is your graphics card set to sync to vertical blank?
  - Are you running other processes on your computer?

9.1681 	EXP 	Created welcome_text = TextStim(__class__=<class 'psychopy.visual.text.TextStim'>, alignHoriz=method-wrapper(...), alignText='center', alignVert=method-wrapper(...), anchorHoriz='center', anchorVert='center', antialias=True, autoDraw=False, autoLog=True, bold=False, color=array([1, 1, 1]), colorSpace='rgb', contrast=1.0, depth=0.0, flipHoriz=False, flipVert=False, font='Open Sans', fontFiles=[], height=0.05, italic=False, languageStyle='LTR', name='welcome_text', opacity=1.0, ori=0.0, pos=array([0., 0.]), rgb=UNKNOWN, text=str(...), units='height', win=Window(...), wrapWidth=1)
9.1821 	EXP 	Created exp1_instr_text = TextStim(__class__=<class 'psychopy.visual.text.TextStim'>, alignHoriz=method-wrapper(...), alignText='center', alignVert=method-wrapper(...), anchorHoriz='center', anchorVert='center', antialias=True, autoDraw=False, autoLog=True, bold=False, color=array([1, 1, 1]), colorSpace='rgb', contrast=1.0, depth=0.0, flipHoriz=False, flipVert=False, font='Open Sans', fontFiles=[], height=0.05, italic=False, languageStyle='LTR', name='exp1_instr_text', opacity=1.0, ori=0.0, pos=array([0., 0.]), rgb=UNKNOWN, text=str(...), units='height', win=Window(...), wrapWidth=1)
9.1882 	EXP 	Created exp1_trial_image_l = ImageStim(__class__=<class 'psychopy.visual.image.ImageStim'>, anchor=('center', 'center'), autoLog=True, color=array([1, 1, 1]), colorSpace='rgb', contrast=1.0, depth=0.0, flipHoriz=False, flipVert=False, image='sin', interpolate=True, mask=None, maskParams=None, name='exp1_trial_image_l', opacity=1.0, ori=0.0, pos=array([-0.5,  0. ]), size=array([0.5, 0.5]), texRes=128.0, units='height', win=Window(...))
9.1906 	EXP 	Created exp1_trial_image_r = ImageStim(__class__=<class 'psychopy.visual.image.ImageStim'>, anchor=('center', 'center'), autoLog=True, color=array([1, 1, 1]), colorSpace='rgb', contrast=1.0, depth=-1.0, flipHoriz=False, flipVert=False, image='sin', interpolate=True, mask=None, maskParams=None, name='exp1_trial_image_r', opacity=1.0, ori=0.0, pos=array([0.5, 0. ]), size=array([0.5, 0.5]), texRes=128.0, units='height', win=Window(...))
9.2680 	EXP 	Sound exp1_trial_sound set volume 1.000
9.2740 	EXP 	Created end_exp1_trial_text = TextStim(__class__=<class 'psychopy.visual.text.TextStim'>, alignHoriz=method-wrapper(...), alignText='center', alignVert=method-wrapper(...), anchorHoriz='center', anchorVert='center', antialias=True, autoDraw=False, autoLog=True, bold=False, color=array([1, 1, 1]), colorSpace='rgb', contrast=1.0, depth=0.0, flipHoriz=False, flipVert=False, font='Open Sans', fontFiles=[], height=0.05, italic=False, languageStyle='LTR', name='end_exp1_trial_text', opacity=1.0, ori=0.0, pos=array([0., 0.]), rgb=UNKNOWN, text=str(...), units='height', win=Window(...), wrapWidth=1)
9.2793 	EXP 	Created exp1_start_text = TextStim(__class__=<class 'psychopy.visual.text.TextStim'>, alignHoriz=method-wrapper(...), alignText='center', alignVert=method-wrapper(...), anchorHoriz='center', anchorVert='center', antialias=True, autoDraw=False, autoLog=True, bold=False, color=array([1, 1, 1]), colorSpace='rgb', contrast=1.0, depth=-1.0, flipHoriz=False, flipVert=False, font='Open Sans', fontFiles=[], height=0.05, italic=False, languageStyle='LTR', name='exp1_start_text', opacity=1.0, ori=0.0, pos=array([0., 0.]), rgb=UNKNOWN, text=str(...), units='height', win=Window(...), wrapWidth=1)
9.2823 	EXP 	Created exp1_image_l = ImageStim(__class__=<class 'psychopy.visual.image.ImageStim'>, anchor=('center', 'center'), autoLog=True, color=array([1, 1, 1]), colorSpace='rgb', contrast=1.0, depth=0.0, flipHoriz=False, flipVert=False, image='sin', interpolate=True, mask=None, maskParams=None, name='exp1_image_l', opacity=1.0, ori=0.0, pos=array([-0.5,  0. ]), size=array([0.5, 0.5]), texRes=128.0, units='height', win=Window(...))
9.2849 	EXP 	Created exp1_image_r = ImageStim(__class__=<class 'psychopy.visual.image.ImageStim'>, anchor=('center', 'center'), autoLog=True, color=array([1, 1, 1]), colorSpace='rgb', contrast=1.0, depth=-1.0, flipHoriz=False, flipVert=False, image='sin', interpolate=True, mask=None, maskParams=None, name='exp1_image_r', opacity=1.0, ori=0.0, pos=array([0.5, 0. ]), size=array([0.5, 0.5]), texRes=128.0, units='height', win=Window(...))
9.2849 	EXP 	Sound exp1_sound set volume 1.000
9.2905 	EXP 	Created exp1_end_text = TextStim(__class__=<class 'psychopy.visual.text.TextStim'>, alignHoriz=method-wrapper(...), alignText='center', alignVert=method-wrapper(...), anchorHoriz='center', anchorVert='center', antialias=True, autoDraw=False, autoLog=True, bold=False, color=array([1, 1, 1]), colorSpace='rgb', contrast=1.0, depth=0.0, flipHoriz=False, flipVert=False, font='Open Sans', fontFiles=[], height=0.05, italic=False, languageStyle='LTR', name='exp1_end_text', opacity=1.0, ori=0.0, pos=array([0., 0.]), rgb=UNKNOWN, text=str(...), units='height', win=Window(...), wrapWidth=1)
9.3020 	EXP 	Created exp2_instr_text = TextStim(__class__=<class 'psychopy.visual.text.TextStim'>, alignHoriz=method-wrapper(...), alignText='center', alignVert=method-wrapper(...), anchorHoriz='center', anchorVert='center', antialias=True, autoDraw=False, autoLog=True, bold=False, color=array([1, 1, 1]), colorSpace='rgb', contrast=1.0, depth=0.0, flipHoriz=False, flipVert=False, font='Open Sans', fontFiles=[], height=0.05, italic=False, languageStyle='LTR', name='exp2_instr_text', opacity=1.0, ori=0.0, pos=array([0., 0.]), rgb=UNKNOWN, text=str(...), units='height', win=Window(...), wrapWidth=1)
9.3047 	EXP 	Created exp2_trial_iamge_l = ImageStim(__class__=<class 'psychopy.visual.image.ImageStim'>, anchor=('center', 'center'), autoLog=True, color=array([1, 1, 1]), colorSpace='rgb', contrast=1.0, depth=0.0, flipHoriz=False, flipVert=False, image='sin', interpolate=True, mask=None, maskParams=None, name='exp2_trial_iamge_l', opacity=1.0, ori=0.0, pos=array([-0.5,  0. ]), size=array([0.5, 0.5]), texRes=128.0, units='height', win=Window(...))
9.3070 	EXP 	Created exp2_trial_image_r = ImageStim(__class__=<class 'psychopy.visual.image.ImageStim'>, anchor=('center', 'center'), autoLog=True, color=array([1, 1, 1]), colorSpace='rgb', contrast=1.0, depth=-1.0, flipHoriz=False, flipVert=False, image='sin', interpolate=True, mask=None, maskParams=None, name='exp2_trial_image_r', opacity=1.0, ori=0.0, pos=array([0.5, 0. ]), size=array([0.5, 0.5]), texRes=128.0, units='height', win=Window(...))
9.3070 	EXP 	Sound exp2_trial_sound set volume 1.000
9.3109 	EXP 	Created end_exp2_trial_text = TextStim(__class__=<class 'psychopy.visual.text.TextStim'>, alignHoriz=method-wrapper(...), alignText='center', alignVert=method-wrapper(...), anchorHoriz='center', anchorVert='center', antialias=True, autoDraw=False, autoLog=True, bold=False, color=array([1, 1, 1]), colorSpace='rgb', contrast=1.0, depth=0.0, flipHoriz=False, flipVert=False, font='Open Sans', fontFiles=[], height=0.05, italic=False, languageStyle='LTR', name='end_exp2_trial_text', opacity=1.0, ori=0.0, pos=array([0., 0.]), rgb=UNKNOWN, text=str(...), units='height', win=Window(...), wrapWidth=1)
9.3156 	EXP 	Created exp2_start_text = TextStim(__class__=<class 'psychopy.visual.text.TextStim'>, alignHoriz=method-wrapper(...), alignText='center', alignVert=method-wrapper(...), anchorHoriz='center', anchorVert='center', antialias=True, autoDraw=False, autoLog=True, bold=False, color=array([1, 1, 1]), colorSpace='rgb', contrast=1.0, depth=-1.0, flipHoriz=False, flipVert=False, font='Open Sans', fontFiles=[], height=0.05, italic=False, languageStyle='LTR', name='exp2_start_text', opacity=1.0, ori=0.0, pos=array([0., 0.]), rgb=UNKNOWN, text=str(...), units='height', win=Window(...), wrapWidth=1)
9.3182 	EXP 	Created exp2_image_l = ImageStim(__class__=<class 'psychopy.visual.image.ImageStim'>, anchor=('center', 'center'), autoLog=True, color=array([1, 1, 1]), colorSpace='rgb', contrast=1.0, depth=0.0, flipHoriz=False, flipVert=False, image='sin', interpolate=True, mask=None, maskParams=None, name='exp2_image_l', opacity=1.0, ori=0.0, pos=array([-0.5,  0. ]), size=array([0.5, 0.5]), texRes=128.0, units='height', win=Window(...))
9.3206 	EXP 	Created exp2_image_r = ImageStim(__class__=<class 'psychopy.visual.image.ImageStim'>, anchor=('center', 'center'), autoLog=True, color=array([1, 1, 1]), colorSpace='rgb', contrast=1.0, depth=-1.0, flipHoriz=False, flipVert=False, image='sin', interpolate=True, mask=None, maskParams=None, name='exp2_image_r', opacity=1.0, ori=0.0, pos=array([0.5, 0. ]), size=array([0.5, 0.5]), texRes=128.0, units='height', win=Window(...))
9.3207 	EXP 	Sound exp2_sound set volume 1.000
9.3244 	EXP 	Created full_end_text = TextStim(__class__=<class 'psychopy.visual.text.TextStim'>, alignHoriz=method-wrapper(...), alignText='center', alignVert=method-wrapper(...), anchorHoriz='center', anchorVert='center', antialias=True, autoDraw=False, autoLog=True, bold=False, color=array([1, 1, 1]), colorSpace='rgb', contrast=1.0, depth=0.0, flipHoriz=False, flipVert=False, font='Open Sans', fontFiles=[], height=0.05, italic=False, languageStyle='LTR', name='full_end_text', opacity=1.0, ori=0.0, pos=array([0., 0.]), rgb=UNKNOWN, text=str(...), units='height', win=Window(...), wrapWidth=1)
9.3416 	WARNING 	t of last frame was 2138.33ms (=1/0)
9.3416 	EXP 	welcome_text: autoDraw = True
10.1236 	EXP 	Created sequence: sequential, trialTypes=1, nReps=1000, seed=None
10.1273 	EXP 	New trial (rep=0, index=0): None
10.1415 	DATA 	Keypress: space
10.1465 	WARNING 	t of last frame was 43.97ms (=1/22)
10.1465 	EXP 	welcome_text: autoDraw = False
10.1465 	EXP 	exp1_instr_text: autoDraw = True
10.5722 	EXP 	Imported /Users/gabmac/Documents/RU/QP/exp/practice_trial/trial_exp_1/trial1.xlsx as conditions, 8 conditions, 18 params
10.5727 	EXP 	Created sequence: sequential, trialTypes=8, nReps=1, seed=None
10.5733 	EXP 	New trial (rep=0, index=0): {'num': 'tr1', 'list': 'lt', 'cond': 'tr', 'lang': 'en', 'type': 'na', 'sound_dir': '../practice_trial/audio/tr1.wav', 'phr': 'Where are your kids?', 'sent_code': 'lt_tr_en_na_tr1', 'mat': '-', 'mat_num': '-', 'emb_num': '-', 'emb': '-', 'cut': '-', 'mat_f0_c': '-', 'left': '../image/kids.png', 'right': '../image/plates.png', 'correct_img': 'kids', 'correct': 'lshift'}
10.6223 	DATA 	Keypress: space
10.6261 	WARNING 	t of last frame was 73.87ms (=1/13)
10.6261 	EXP 	exp1_instr_text: autoDraw = False
10.6261 	EXP 	exp1_trial_image_l: image = '../image/kids.png'
10.6261 	EXP 	exp1_trial_image_r: image = '../image/plates.png'
10.6261 	EXP 	exp1_trial_image_l: autoDraw = True
10.6261 	EXP 	exp1_trial_image_r: autoDraw = True
10.8890 	EXP 	New trial (rep=0, index=1): {'num': 'tr2', 'list': 'lt', 'cond': 'tr', 'lang': 'en', 'type': 'na', 'sound_dir': '../practice_trial/audio/tr2.wav', 'phr': 'Who is buying my car?', 'sent_code': 'lt_tr_en_na_tr2', 'mat': '-', 'mat_num': '-', 'emb_num': '-', 'emb': '-', 'cut': '-', 'mat_f0_c': '-', 'left': '../image/bag.png', 'right': '../image/car.png', 'correct_img': 'car', 'correct': 'rshift'}
10.9243 	DATA 	Keypress: lshift
10.9290 	WARNING 	t of last frame was 42.53ms (=1/23)
10.9290 	EXP 	exp1_trial_image_l: autoDraw = False
10.9290 	EXP 	exp1_trial_image_r: autoDraw = False
10.9290 	EXP 	exp1_trial_image_l: image = '../image/bag.png'
10.9290 	EXP 	exp1_trial_image_r: image = '../image/car.png'
10.9290 	EXP 	exp1_trial_image_l: autoDraw = True
10.9290 	EXP 	exp1_trial_image_r: autoDraw = True
11.0372 	EXP 	New trial (rep=0, index=2): {'num': 'tr3', 'list': 'lt', 'cond': 'tr', 'lang': 'sp', 'type': 'na', 'sound_dir': '../practice_trial/audio/tr3.wav', 'phr': '¿Dónde está mi perro?', 'sent_code': 'lt_tr_sp_na_tr3', 'mat': '-', 'mat_num': '-', 'emb_num': '-', 'emb': '-', 'cut': '-', 'mat_f0_c': '-', 'left': '../image/dog.png', 'right': '../image/grandma.png', 'correct_img': 'dog', 'correct': 'lshift'}
11.0714 	DATA 	Keypress: lshift
11.0751 	WARNING 	Multiple dropped frames have occurred - I'll stop bothering you about them!
11.0750 	EXP 	exp1_trial_image_l: autoDraw = False
11.0750 	EXP 	exp1_trial_image_r: autoDraw = False
11.0750 	EXP 	exp1_trial_image_l: image = '../image/dog.png'
11.0750 	EXP 	exp1_trial_image_r: image = '../image/grandma.png'
11.0750 	EXP 	exp1_trial_image_l: autoDraw = True
11.0750 	EXP 	exp1_trial_image_r: autoDraw = True
11.1573 	EXP 	New trial (rep=0, index=3): {'num': 'tr4', 'list': 'lt', 'cond': 'tr', 'lang': 'sp', 'type': 'na', 'sound_dir': '../practice_trial/audio/tr4.wav', 'phr': '¿De quién es la bolsa?', 'sent_code': 'lt_tr_sp_na_tr4', 'mat': '-', 'mat_num': '-', 'emb_num': '-', 'emb': '-', 'cut': '-', 'mat_f0_c': '-', 'left': '../image/shirt.png', 'right': '../image/bag.png', 'correct_img': 'bag', 'correct': 'rshift'}
11.1823 	DATA 	Keypress: lshift
11.1860 	EXP 	exp1_trial_image_l: autoDraw = False
11.1860 	EXP 	exp1_trial_image_r: autoDraw = False
11.1860 	EXP 	exp1_trial_image_l: image = '../image/shirt.png'
11.1860 	EXP 	exp1_trial_image_r: image = '../image/bag.png'
11.1860 	EXP 	exp1_trial_image_l: autoDraw = True
11.1860 	EXP 	exp1_trial_image_r: autoDraw = True
11.3078 	EXP 	New trial (rep=0, index=4): {'num': 'tr5', 'list': 'lt', 'cond': 'tr', 'lang': 'se', 'type': 'na', 'sound_dir': '../practice_trial/audio/tr5.wav', 'phr': '¿Dónde encontraste sus donuts?', 'sent_code': 'lt_tr_se_na_tr5', 'mat': '-', 'mat_num': '-', 'emb_num': '-', 'emb': '-', 'cut': '-', 'mat_f0_c': '-', 'left': '../image/donut.png', 'right': '../image/cups.png', 'correct_img': 'donut', 'correct': 'lshift'}
11.3413 	DATA 	Keypress: lshift
11.3454 	EXP 	exp1_trial_image_l: autoDraw = False
11.3454 	EXP 	exp1_trial_image_r: autoDraw = False
11.3454 	EXP 	exp1_trial_image_l: image = '../image/donut.png'
11.3454 	EXP 	exp1_trial_image_r: image = '../image/cups.png'
11.3454 	EXP 	exp1_trial_image_l: autoDraw = True
11.3454 	EXP 	exp1_trial_image_r: autoDraw = True
11.4539 	EXP 	New trial (rep=0, index=5): {'num': 'tr6', 'list': 'lt', 'cond': 'tr', 'lang': 'se', 'type': 'na', 'sound_dir': '../practice_trial/audio/tr6.wav', 'phr': '¿Cuándo compraste tu sweater?', 'sent_code': 'lt_tr_se_na_tr6', 'mat': '-', 'mat_num': '-', 'emb_num': '-', 'emb': '-', 'cut': '-', 'mat_f0_c': '-', 'left': '../image/chair.png', 'right': '../image/sweater.png', 'correct_img': 'sweater', 'correct': 'rshift'}
11.4827 	DATA 	Keypress: lshift
11.4864 	EXP 	exp1_trial_image_l: autoDraw = False
11.4864 	EXP 	exp1_trial_image_r: autoDraw = False
11.4864 	EXP 	exp1_trial_image_l: image = '../image/chair.png'
11.4864 	EXP 	exp1_trial_image_r: image = '../image/sweater.png'
11.4864 	EXP 	exp1_trial_image_l: autoDraw = True
11.4864 	EXP 	exp1_trial_image_r: autoDraw = True
11.5870 	EXP 	New trial (rep=0, index=6): {'num': 'tr7', 'list': 'lt', 'cond': 'tr', 'lang': 'es', 'type': 'na', 'sound_dir': '../practice_trial/audio/tr7.wav', 'phr': 'Why do you have my camisa?', 'sent_code': 'lt_tr_es_na_tr7', 'mat': '-', 'mat_num': '-', 'emb_num': '-', 'emb': '-', 'cut': '-', 'mat_f0_c': '-', 'left': '../image/shirt.png', 'right': '../image/wallet.png', 'correct_img': 'shirt', 'correct': 'lshift'}
11.6164 	DATA 	Keypress: lshift
11.6201 	EXP 	exp1_trial_image_l: autoDraw = False
11.6201 	EXP 	exp1_trial_image_r: autoDraw = False
11.6201 	EXP 	exp1_trial_image_l: image = '../image/shirt.png'
11.6201 	EXP 	exp1_trial_image_r: image = '../image/wallet.png'
11.6201 	EXP 	exp1_trial_image_l: autoDraw = True
11.6201 	EXP 	exp1_trial_image_r: autoDraw = True
11.7536 	EXP 	New trial (rep=0, index=7): {'num': 'tr8', 'list': 'lt', 'cond': 'tr', 'lang': 'es', 'type': 'na', 'sound_dir': '../practice_trial/audio/tr8.wav', 'phr': 'Where did you find his chanclas?', 'sent_code': 'lt_tr_es_na_tr8', 'mat': '-', 'mat_num': '-', 'emb_num': '-', 'emb': '-', 'cut': '-', 'mat_f0_c': '-', 'left': '../image/key.png', 'right': '../image/flipflops.png', 'correct_img': 'flipflops', 'correct': 'rshift'}
11.7848 	DATA 	Keypress: lshift
11.7888 	EXP 	exp1_trial_image_l: autoDraw = False
11.7888 	EXP 	exp1_trial_image_r: autoDraw = False
11.7888 	EXP 	exp1_trial_image_l: image = '../image/key.png'
11.7888 	EXP 	exp1_trial_image_r: image = '../image/flipflops.png'
11.7888 	EXP 	exp1_trial_image_l: autoDraw = True
11.7888 	EXP 	exp1_trial_image_r: autoDraw = True
11.8875 	DATA 	Keypress: lshift
11.8912 	EXP 	exp1_trial_image_l: autoDraw = False
11.8912 	EXP 	exp1_trial_image_r: autoDraw = False
11.8912 	EXP 	end_exp1_trial_text: autoDraw = True
12.0114 	DATA 	Keypress: lshift
13.4465 	DATA 	Keypress: return
14.2786 	DATA 	Keypress: rshift
14.2847 	EXP 	end_exp1_trial_text: autoDraw = False
14.2847 	EXP 	exp1_start_text: autoDraw = True
15.1161 	EXP 	Imported /Users/gabmac/Documents/RU/QP/exp/stim/stim_g1_e1.xlsx as conditions, 55 conditions, 17 params
15.1187 	EXP 	Created sequence: random, trialTypes=55, nReps=1, seed=None
15.1190 	EXP 	New trial (rep=0, index=0): {'exp_num': 1, 'sent_code': 'l1_t_es_f0u_138', 'list': 'l1', 'cond': 't', 'lang': 'es', 'type': 'f0u', 'num': 138.0, 'image': 'shirt', 'image_alt': 'pants', 'left_img': 'pants', 'right_img': 'shirt', 'left': '../image/pants.png', 'right': '../image/shirt.png', 'correct_img': 'shirt', 'correct_key': 'r', 'sound_dir': '../audio/138.wav', 'image_dir': None}
15.1446 	DATA 	Keypress: rshift
15.1485 	EXP 	exp1_start_text: autoDraw = False
15.1485 	EXP 	exp1_image_l: image = '../image/pants.png'
15.1485 	EXP 	exp1_image_r: image = '../image/shirt.png'
15.1485 	EXP 	exp1_image_l: autoDraw = True
15.1485 	EXP 	exp1_image_r: autoDraw = True
15.1493 	EXP 	New trial (rep=0, index=1): {'exp_num': 1, 'sent_code': 'l1_f_se_na_085', 'list': 'l1', 'cond': 'f', 'lang': 'se', 'type': 'na', 'num': 85.0, 'image': 'sneakers', 'image_alt': 'loafers', 'left_img': 'loafers', 'right_img': 'sneakers', 'left': '../image/loafers.png', 'right': '../image/sneakers.png', 'correct_img': 'sneakers', 'correct_key': 'r', 'sound_dir': '../audio/085.wav', 'image_dir': None}
15.1753 	EXP 	exp1_image_l: autoDraw = False
15.1753 	EXP 	exp1_image_r: autoDraw = False
15.1753 	EXP 	exp1_image_l: image = '../image/loafers.png'
15.1753 	EXP 	exp1_image_r: image = '../image/sneakers.png'
15.1753 	EXP 	exp1_image_l: autoDraw = True
15.1753 	EXP 	exp1_image_r: autoDraw = True
15.4548 	EXP 	New trial (rep=0, index=2): {'exp_num': 1, 'sent_code': 'l1_f_en_na_069', 'list': 'l1', 'cond': 'f', 'lang': 'en', 'type': 'na', 'num': 69.0, 'image': 'shirt', 'image_alt': 'bag', 'left_img': 'bag', 'right_img': 'shirt', 'left': '../image/bag.png', 'right': '../image/shirt.png', 'correct_img': 'shirt', 'correct_key': 'r', 'sound_dir': '../audio/069.wav', 'image_dir': None}
15.4855 	DATA 	Keypress: lshift
15.4904 	EXP 	exp1_image_l: autoDraw = False
15.4904 	EXP 	exp1_image_r: autoDraw = False
15.4904 	EXP 	exp1_image_l: image = '../image/bag.png'
15.4904 	EXP 	exp1_image_r: image = '../image/shirt.png'
15.4904 	EXP 	exp1_image_l: autoDraw = True
15.4904 	EXP 	exp1_image_r: autoDraw = True
15.6038 	EXP 	New trial (rep=0, index=3): {'exp_num': 1, 'sent_code': 'l1_f_en_na_074', 'list': 'l1', 'cond': 'f', 'lang': 'en', 'type': 'na', 'num': 74.0, 'image': 'boy', 'image_alt': 'woman', 'left_img': 'boy', 'right_img': 'woman', 'left': '../image/boy.png', 'right': '../image/woman.png', 'correct_img': 'boy', 'correct_key': 'l', 'sound_dir': '../audio/074.wav', 'image_dir': None}
15.6368 	DATA 	Keypress: lshift
15.6411 	EXP 	exp1_image_l: autoDraw = False
15.6411 	EXP 	exp1_image_r: autoDraw = False
15.6411 	EXP 	exp1_image_l: image = '../image/boy.png'
15.6411 	EXP 	exp1_image_r: image = '../image/woman.png'
15.6411 	EXP 	exp1_image_l: autoDraw = True
15.6411 	EXP 	exp1_image_r: autoDraw = True
15.7243 	EXP 	New trial (rep=0, index=4): {'exp_num': 1, 'sent_code': 'l1_f_en_na_066', 'list': 'l1', 'cond': 'f', 'lang': 'en', 'type': 'na', 'num': 66.0, 'image': 'bag', 'image_alt': 'scarf', 'left_img': 'bag', 'right_img': 'scarf', 'left': '../image/bag.png', 'right': '../image/scarf.png', 'correct_img': 'bag', 'correct_key': 'l', 'sound_dir': '../audio/066.wav', 'image_dir': None}
15.7539 	DATA 	Keypress: lshift
15.7574 	EXP 	exp1_image_l: autoDraw = False
15.7574 	EXP 	exp1_image_r: autoDraw = False
15.7574 	EXP 	exp1_image_l: image = '../image/bag.png'
15.7574 	EXP 	exp1_image_r: image = '../image/scarf.png'
15.7574 	EXP 	exp1_image_l: autoDraw = True
15.7574 	EXP 	exp1_image_r: autoDraw = True
15.8530 	EXP 	New trial (rep=0, index=5): {'exp_num': 1, 'sent_code': 'l1_f_en_na_063', 'list': 'l1', 'cond': 'f', 'lang': 'en', 'type': 'na', 'num': 63.0, 'image': 'man', 'image_alt': 'woman', 'left_img': 'woman', 'right_img': 'man', 'left': '../image/woman.png', 'right': '../image/man.png', 'correct_img': 'man', 'correct_key': 'r', 'sound_dir': '../audio/063.wav', 'image_dir': None}
15.8821 	DATA 	Keypress: lshift
15.8856 	EXP 	exp1_image_l: autoDraw = False
15.8856 	EXP 	exp1_image_r: autoDraw = False
15.8856 	EXP 	exp1_image_l: image = '../image/woman.png'
15.8856 	EXP 	exp1_image_r: image = '../image/man.png'
15.8856 	EXP 	exp1_image_l: autoDraw = True
15.8856 	EXP 	exp1_image_r: autoDraw = True
16.0035 	EXP 	New trial (rep=0, index=6): {'exp_num': 1, 'sent_code': 'l1_f_se_na_076', 'list': 'l1', 'cond': 'f', 'lang': 'se', 'type': 'na', 'num': 76.0, 'image': 'hotdog', 'image_alt': 'burger', 'left_img': 'hotdog', 'right_img': 'burger', 'left': '../image/hotdog.png', 'right': '../image/burger.png', 'correct_img': 'hotdog', 'correct_key': 'l', 'sound_dir': '../audio/076.wav', 'image_dir': None}
16.0388 	DATA 	Keypress: lshift
16.0424 	EXP 	exp1_image_l: autoDraw = False
16.0424 	EXP 	exp1_image_r: autoDraw = False
16.0424 	EXP 	exp1_image_l: image = '../image/hotdog.png'
16.0424 	EXP 	exp1_image_r: image = '../image/burger.png'
16.0424 	EXP 	exp1_image_l: autoDraw = True
16.0424 	EXP 	exp1_image_r: autoDraw = True
16.1404 	EXP 	New trial (rep=0, index=7): {'exp_num': 1, 'sent_code': 'l1_t_es_f0u_139', 'list': 'l1', 'cond': 't', 'lang': 'es', 'type': 'f0u', 'num': 139.0, 'image': 'restaurant', 'image_alt': 'hotel', 'left_img': 'restaurant', 'right_img': 'hotel', 'left': '../image/restaurant.png', 'right': '../image/hotel.png', 'correct_img': 'restaurant', 'correct_key': 'l', 'sound_dir': '../audio/139.wav', 'image_dir': None}
16.1744 	DATA 	Keypress: lshift
16.1781 	EXP 	exp1_image_l: autoDraw = False
16.1781 	EXP 	exp1_image_r: autoDraw = False
16.1781 	EXP 	exp1_image_l: image = '../image/restaurant.png'
16.1781 	EXP 	exp1_image_r: image = '../image/hotel.png'
16.1781 	EXP 	exp1_image_l: autoDraw = True
16.1781 	EXP 	exp1_image_r: autoDraw = True
16.2866 	EXP 	New trial (rep=0, index=8): {'exp_num': 1, 'sent_code': 'l1_f_en_na_064', 'list': 'l1', 'cond': 'f', 'lang': 'en', 'type': 'na', 'num': 64.0, 'image': 'wallet', 'image_alt': 'key', 'left_img': 'wallet', 'right_img': 'key', 'left': '../image/wallet.png', 'right': '../image/key.png', 'correct_img': 'wallet', 'correct_key': 'l', 'sound_dir': '../audio/064.wav', 'image_dir': None}
16.3160 	DATA 	Keypress: lshift
16.3197 	EXP 	exp1_image_l: autoDraw = False
16.3197 	EXP 	exp1_image_r: autoDraw = False
16.3197 	EXP 	exp1_image_l: image = '../image/wallet.png'
16.3197 	EXP 	exp1_image_r: image = '../image/key.png'
16.3197 	EXP 	exp1_image_l: autoDraw = True
16.3197 	EXP 	exp1_image_r: autoDraw = True
16.4199 	EXP 	New trial (rep=0, index=9): {'exp_num': 1, 'sent_code': 'l1_f_se_na_079', 'list': 'l1', 'cond': 'f', 'lang': 'se', 'type': 'na', 'num': 79.0, 'image': 'jeans', 'image_alt': 'sweatpants', 'left_img': 'sweatpants', 'right_img': 'jeans', 'left': '../image/sweatpants.png', 'right': '../image/jeans.png', 'correct_img': 'jeans', 'correct_key': 'r', 'sound_dir': '../audio/079.wav', 'image_dir': None}
16.4470 	DATA 	Keypress: lshift
16.4507 	EXP 	exp1_image_l: autoDraw = False
16.4507 	EXP 	exp1_image_r: autoDraw = False
16.4507 	EXP 	exp1_image_l: image = '../image/sweatpants.png'
16.4507 	EXP 	exp1_image_r: image = '../image/jeans.png'
16.4507 	EXP 	exp1_image_l: autoDraw = True
16.4507 	EXP 	exp1_image_r: autoDraw = True
16.5406 	EXP 	New trial (rep=0, index=10): {'exp_num': 1, 'sent_code': 'l1_t_es_na_015', 'list': 'l1', 'cond': 't', 'lang': 'es', 'type': 'na', 'num': 15.0, 'image': 'glasses', 'image_alt': 'jacket', 'left_img': 'glasses', 'right_img': 'jacket', 'left': '../image/glasses.png', 'right': '../image/jacket.png', 'correct_img': 'glasses', 'correct_key': 'l', 'sound_dir': '../audio/015.wav', 'image_dir': None}
16.5689 	DATA 	Keypress: lshift
16.5725 	EXP 	exp1_image_l: autoDraw = False
16.5725 	EXP 	exp1_image_r: autoDraw = False
16.5725 	EXP 	exp1_image_l: image = '../image/glasses.png'
16.5725 	EXP 	exp1_image_r: image = '../image/jacket.png'
16.5725 	EXP 	exp1_image_l: autoDraw = True
16.5725 	EXP 	exp1_image_r: autoDraw = True
16.6867 	EXP 	New trial (rep=0, index=11): {'exp_num': 1, 'sent_code': 'l1_t_es_f0u_133', 'list': 'l1', 'cond': 't', 'lang': 'es', 'type': 'f0u', 'num': 133.0, 'image': 'cellphone', 'image_alt': 'book', 'left_img': 'cellphone', 'right_img': 'book', 'left': '../image/cellphone.png', 'right': '../image/book.png', 'correct_img': 'cellphone', 'correct_key': 'l', 'sound_dir': '../audio/133.wav', 'image_dir': None}
16.7179 	DATA 	Keypress: lshift
16.7217 	EXP 	exp1_image_l: autoDraw = False
16.7217 	EXP 	exp1_image_r: autoDraw = False
16.7217 	EXP 	exp1_image_l: image = '../image/cellphone.png'
16.7217 	EXP 	exp1_image_r: image = '../image/book.png'
16.7217 	EXP 	exp1_image_l: autoDraw = True
16.7217 	EXP 	exp1_image_r: autoDraw = True
16.8248 	EXP 	New trial (rep=0, index=12): {'exp_num': 1, 'sent_code': 'l1_t_es_na_016', 'list': 'l1', 'cond': 't', 'lang': 'es', 'type': 'na', 'num': 16.0, 'image': 'bag', 'image_alt': 'flipflops', 'left_img': 'flipflops', 'right_img': 'bag', 'left': '../image/flipflops.png', 'right': '../image/bag.png', 'correct_img': 'bag', 'correct_key': 'r', 'sound_dir': '../audio/016.wav', 'image_dir': None}
16.8532 	DATA 	Keypress: lshift
16.8568 	EXP 	exp1_image_l: autoDraw = False
16.8568 	EXP 	exp1_image_r: autoDraw = False
16.8568 	EXP 	exp1_image_l: image = '../image/flipflops.png'
16.8568 	EXP 	exp1_image_r: image = '../image/bag.png'
16.8568 	EXP 	exp1_image_l: autoDraw = True
16.8568 	EXP 	exp1_image_r: autoDraw = True
16.9536 	EXP 	New trial (rep=0, index=13): {'exp_num': 1, 'sent_code': 'l1_t_es_f0u_140', 'list': 'l1', 'cond': 't', 'lang': 'es', 'type': 'f0u', 'num': 140.0, 'image': 'bracelet', 'image_alt': 'ring', 'left_img': 'ring', 'right_img': 'bracelet', 'left': '../image/ring.png', 'right': '../image/bracelet.png', 'correct_img': 'bracelet', 'correct_key': 'r', 'sound_dir': '../audio/140.wav', 'image_dir': None}
16.9829 	DATA 	Keypress: lshift
16.9868 	EXP 	exp1_image_l: autoDraw = False
16.9868 	EXP 	exp1_image_r: autoDraw = False
16.9868 	EXP 	exp1_image_l: image = '../image/ring.png'
16.9868 	EXP 	exp1_image_r: image = '../image/bracelet.png'
16.9868 	EXP 	exp1_image_l: autoDraw = True
16.9868 	EXP 	exp1_image_r: autoDraw = True
17.4115 	EXP 	New trial (rep=0, index=14): {'exp_num': 1, 'sent_code': 'l1_f_sp_na_092', 'list': 'l1', 'cond': 'f', 'lang': 'sp', 'type': 'na', 'num': 92.0, 'image': 'armchair', 'image_alt': 'dog', 'left_img': 'armchair', 'right_img': 'dog', 'left': '../image/armchair.png', 'right': '../image/dog.png', 'correct_img': 'armchair', 'correct_key': 'l', 'sound_dir': '../audio/092.wav', 'image_dir': None}
17.4555 	DATA 	Keypress: lshift
17.4601 	EXP 	exp1_image_l: autoDraw = False
17.4601 	EXP 	exp1_image_r: autoDraw = False
17.4601 	EXP 	exp1_image_l: image = '../image/armchair.png'
17.4601 	EXP 	exp1_image_r: image = '../image/dog.png'
17.4601 	EXP 	exp1_image_l: autoDraw = True
17.4601 	EXP 	exp1_image_r: autoDraw = True
17.4920 	EXP 	New trial (rep=0, index=15): {'exp_num': 1, 'sent_code': 'l1_f_se_na_083', 'list': 'l1', 'cond': 'f', 'lang': 'se', 'type': 'na', 'num': 83.0, 'image': 'burger', 'image_alt': 'donut', 'left_img': 'donut', 'right_img': 'burger', 'left': '../image/donut.png', 'right': '../image/burger.png', 'correct_img': 'burger', 'correct_key': 'r', 'sound_dir': '../audio/083.wav', 'image_dir': None}
17.5215 	DATA 	Keypress: lshift
17.5252 	EXP 	exp1_image_l: autoDraw = False
17.5252 	EXP 	exp1_image_r: autoDraw = False
17.5252 	EXP 	exp1_image_l: image = '../image/donut.png'
17.5252 	EXP 	exp1_image_r: image = '../image/burger.png'
17.5252 	EXP 	exp1_image_l: autoDraw = True
17.5252 	EXP 	exp1_image_r: autoDraw = True
17.5861 	EXP 	New trial (rep=0, index=16): {'exp_num': 1, 'sent_code': 'l1_t_es_f0u_131', 'list': 'l1', 'cond': 't', 'lang': 'es', 'type': 'f0u', 'num': 131.0, 'image': 'cat', 'image_alt': 'flower', 'left_img': 'cat', 'right_img': 'flower', 'left': '../image/cat.png', 'right': '../image/flower.png', 'correct_img': 'cat', 'correct_key': 'l', 'sound_dir': '../audio/131.wav', 'image_dir': None}
17.6128 	DATA 	Keypress: lshift
17.6165 	EXP 	exp1_image_l: autoDraw = False
17.6165 	EXP 	exp1_image_r: autoDraw = False
17.6165 	EXP 	exp1_image_l: image = '../image/cat.png'
17.6165 	EXP 	exp1_image_r: image = '../image/flower.png'
17.6165 	EXP 	exp1_image_l: autoDraw = True
17.6165 	EXP 	exp1_image_r: autoDraw = True
17.6358 	EXP 	New trial (rep=0, index=17): {'exp_num': 1, 'sent_code': 'l1_f_se_na_082', 'list': 'l1', 'cond': 'f', 'lang': 'se', 'type': 'na', 'num': 82.0, 'image': 'mickeymouse', 'image_alt': 'spongebob', 'left_img': 'mickeymouse', 'right_img': 'spongebob', 'left': '../image/mickeymouse.png', 'right': '../image/spongebob.png', 'correct_img': 'mickeymouse', 'correct_key': 'l', 'sound_dir': '../audio/082.wav', 'image_dir': None}
17.6571 	DATA 	Keypress: lshift
17.6607 	EXP 	exp1_image_l: autoDraw = False
17.6607 	EXP 	exp1_image_r: autoDraw = False
17.6607 	EXP 	exp1_image_l: image = '../image/mickeymouse.png'
17.6607 	EXP 	exp1_image_r: image = '../image/spongebob.png'
17.6607 	EXP 	exp1_image_l: autoDraw = True
17.6607 	EXP 	exp1_image_r: autoDraw = True
17.7195 	EXP 	New trial (rep=0, index=18): {'exp_num': 1, 'sent_code': 'l1_f_sp_na_093', 'list': 'l1', 'cond': 'f', 'lang': 'sp', 'type': 'na', 'num': 93.0, 'image': 'book', 'image_alt': 'boy', 'left_img': 'boy', 'right_img': 'book', 'left': '../image/boy.png', 'right': '../image/book.png', 'correct_img': 'book', 'correct_key': 'r', 'sound_dir': '../audio/093.wav', 'image_dir': None}
17.7435 	DATA 	Keypress: lshift
17.7473 	EXP 	exp1_image_l: autoDraw = False
17.7473 	EXP 	exp1_image_r: autoDraw = False
17.7473 	EXP 	exp1_image_l: image = '../image/boy.png'
17.7473 	EXP 	exp1_image_r: image = '../image/book.png'
17.7473 	EXP 	exp1_image_l: autoDraw = True
17.7473 	EXP 	exp1_image_r: autoDraw = True
17.7730 	EXP 	New trial (rep=0, index=19): {'exp_num': 1, 'sent_code': 'l1_f_se_na_081', 'list': 'l1', 'cond': 'f', 'lang': 'se', 'type': 'na', 'num': 81.0, 'image': 'sweatpants', 'image_alt': 'boxers', 'left_img': 'boxers', 'right_img': 'sweatpants', 'left': '../image/boxers.png', 'right': '../image/sweatpants.png', 'correct_img': 'sweatpants', 'correct_key': 'r', 'sound_dir': '../audio/081.wav', 'image_dir': None}
17.7947 	DATA 	Keypress: lshift
17.7983 	EXP 	exp1_image_l: autoDraw = False
17.7983 	EXP 	exp1_image_r: autoDraw = False
17.7983 	EXP 	exp1_image_l: image = '../image/boxers.png'
17.7983 	EXP 	exp1_image_r: image = '../image/sweatpants.png'
17.7983 	EXP 	exp1_image_l: autoDraw = True
17.7983 	EXP 	exp1_image_r: autoDraw = True
17.9071 	EXP 	New trial (rep=0, index=20): {'exp_num': 1, 'sent_code': 'l1_f_se_na_080', 'list': 'l1', 'cond': 'f', 'lang': 'se', 'type': 'na', 'num': 80.0, 'image': 'mouse', 'image_alt': 'rat', 'left_img': 'mouse', 'right_img': 'rat', 'left': '../image/mouse.png', 'right': '../image/rat.png', 'correct_img': 'mouse', 'correct_key': 'l', 'sound_dir': '../audio/080.wav', 'image_dir': None}
17.9341 	DATA 	Keypress: lshift
17.9380 	EXP 	exp1_image_l: autoDraw = False
17.9380 	EXP 	exp1_image_r: autoDraw = False
17.9380 	EXP 	exp1_image_l: image = '../image/mouse.png'
17.9380 	EXP 	exp1_image_r: image = '../image/rat.png'
17.9380 	EXP 	exp1_image_l: autoDraw = True
17.9380 	EXP 	exp1_image_r: autoDraw = True
17.9693 	EXP 	New trial (rep=0, index=21): {'exp_num': 1, 'sent_code': 'l1_f_se_na_077', 'list': 'l1', 'cond': 'f', 'lang': 'se', 'type': 'na', 'num': 77.0, 'image': 'donut', 'image_alt': 'mashedpotatoes', 'left_img': 'mashedpotatoes', 'right_img': 'donut', 'left': '../image/mashedpotatoes.png', 'right': '../image/donut.png', 'correct_img': 'donut', 'correct_key': 'r', 'sound_dir': '../audio/077.wav', 'image_dir': None}
17.9931 	DATA 	Keypress: lshift
17.9968 	EXP 	exp1_image_l: autoDraw = False
17.9968 	EXP 	exp1_image_r: autoDraw = False
17.9968 	EXP 	exp1_image_l: image = '../image/mashedpotatoes.png'
17.9968 	EXP 	exp1_image_r: image = '../image/donut.png'
17.9968 	EXP 	exp1_image_l: autoDraw = True
17.9968 	EXP 	exp1_image_r: autoDraw = True
18.0522 	EXP 	New trial (rep=0, index=22): {'exp_num': 1, 'sent_code': 'l1_t_es_na_017', 'list': 'l1', 'cond': 't', 'lang': 'es', 'type': 'na', 'num': 17.0, 'image': 'jug', 'image_alt': 'cat', 'left_img': 'jug', 'right_img': 'cat', 'left': '../image/jug.png', 'right': '../image/cat.png', 'correct_img': 'jug', 'correct_key': 'l', 'sound_dir': '../audio/017.wav', 'image_dir': None}
18.0762 	DATA 	Keypress: lshift
18.0800 	EXP 	exp1_image_l: autoDraw = False
18.0800 	EXP 	exp1_image_r: autoDraw = False
18.0800 	EXP 	exp1_image_l: image = '../image/jug.png'
18.0800 	EXP 	exp1_image_r: image = '../image/cat.png'
18.0800 	EXP 	exp1_image_l: autoDraw = True
18.0800 	EXP 	exp1_image_r: autoDraw = True
18.1695 	EXP 	New trial (rep=0, index=23): {'exp_num': 1, 'sent_code': 'l1_f_en_na_067', 'list': 'l1', 'cond': 'f', 'lang': 'en', 'type': 'na', 'num': 67.0, 'image': 'glasses', 'image_alt': 'beer', 'left_img': 'beer', 'right_img': 'glasses', 'left': '../image/beer.png', 'right': '../image/glasses.png', 'correct_img': 'glasses', 'correct_key': 'r', 'sound_dir': '../audio/067.wav', 'image_dir': None}
18.1932 	DATA 	Keypress: lshift
18.1971 	EXP 	exp1_image_l: autoDraw = False
18.1971 	EXP 	exp1_image_r: autoDraw = False
18.1971 	EXP 	exp1_image_l: image = '../image/beer.png'
18.1971 	EXP 	exp1_image_r: image = '../image/glasses.png'
18.1971 	EXP 	exp1_image_l: autoDraw = True
18.1971 	EXP 	exp1_image_r: autoDraw = True
18.2234 	EXP 	New trial (rep=0, index=24): {'exp_num': 1, 'sent_code': 'l1_t_es_f0u_136', 'list': 'l1', 'cond': 't', 'lang': 'es', 'type': 'f0u', 'num': 136.0, 'image': 'village', 'image_alt': 'city', 'left_img': 'city', 'right_img': 'village', 'left': '../image/city.png', 'right': '../image/village.png', 'correct_img': 'village', 'correct_key': 'r', 'sound_dir': '../audio/136.wav', 'image_dir': None}
18.2485 	DATA 	Keypress: lshift
18.2521 	EXP 	exp1_image_l: autoDraw = False
18.2521 	EXP 	exp1_image_r: autoDraw = False
18.2521 	EXP 	exp1_image_l: image = '../image/city.png'
18.2521 	EXP 	exp1_image_r: image = '../image/village.png'
18.2521 	EXP 	exp1_image_l: autoDraw = True
18.2521 	EXP 	exp1_image_r: autoDraw = True
18.3027 	EXP 	New trial (rep=0, index=25): {'exp_num': 1, 'sent_code': 'l1_f_sp_na_094', 'list': 'l1', 'cond': 'f', 'lang': 'sp', 'type': 'na', 'num': 94.0, 'image': 'beer', 'image_alt': 'horchata', 'left_img': 'beer', 'right_img': 'horchata', 'left': '../image/beer.png', 'right': '../image/horchata.png', 'correct_img': 'beer', 'correct_key': 'l', 'sound_dir': '../audio/094.wav', 'image_dir': None}
18.3264 	DATA 	Keypress: lshift
18.3302 	EXP 	exp1_image_l: autoDraw = False
18.3302 	EXP 	exp1_image_r: autoDraw = False
18.3302 	EXP 	exp1_image_l: image = '../image/beer.png'
18.3302 	EXP 	exp1_image_r: image = '../image/horchata.png'
18.3302 	EXP 	exp1_image_l: autoDraw = True
18.3302 	EXP 	exp1_image_r: autoDraw = True
18.3694 	EXP 	New trial (rep=0, index=26): {'exp_num': 1, 'sent_code': 'l1_f_se_na_084', 'list': 'l1', 'cond': 'f', 'lang': 'se', 'type': 'na', 'num': 84.0, 'image': 'penthouse', 'image_alt': 'rocket', 'left_img': 'penthouse', 'right_img': 'rocket', 'left': '../image/penthouse.png', 'right': '../image/rocket.png', 'correct_img': 'penthouse', 'correct_key': 'l', 'sound_dir': '../audio/084.wav', 'image_dir': None}
18.3945 	DATA 	Keypress: lshift
18.3982 	EXP 	exp1_image_l: autoDraw = False
18.3982 	EXP 	exp1_image_r: autoDraw = False
18.3982 	EXP 	exp1_image_l: image = '../image/penthouse.png'
18.3982 	EXP 	exp1_image_r: image = '../image/rocket.png'
18.3982 	EXP 	exp1_image_l: autoDraw = True
18.3982 	EXP 	exp1_image_r: autoDraw = True
18.4233 	EXP 	New trial (rep=0, index=27): {'exp_num': 1, 'sent_code': 'l1_t_es_na_018', 'list': 'l1', 'cond': 't', 'lang': 'es', 'type': 'na', 'num': 18.0, 'image': 'napkins', 'image_alt': 'cups', 'left_img': 'cups', 'right_img': 'napkins', 'left': '../image/cups.png', 'right': '../image/napkins.png', 'correct_img': 'napkins', 'correct_key': 'r', 'sound_dir': '../audio/018.wav', 'image_dir': None}
18.4447 	DATA 	Keypress: lshift
18.4483 	EXP 	exp1_image_l: autoDraw = False
18.4483 	EXP 	exp1_image_r: autoDraw = False
18.4483 	EXP 	exp1_image_l: image = '../image/cups.png'
18.4483 	EXP 	exp1_image_r: image = '../image/napkins.png'
18.4483 	EXP 	exp1_image_l: autoDraw = True
18.4483 	EXP 	exp1_image_r: autoDraw = True
18.5531 	EXP 	New trial (rep=0, index=28): {'exp_num': 1, 'sent_code': 'l1_t_es_na_014', 'list': 'l1', 'cond': 't', 'lang': 'es', 'type': 'na', 'num': 14.0, 'image': 'key', 'image_alt': 'book', 'left_img': 'book', 'right_img': 'key', 'left': '../image/book.png', 'right': '../image/key.png', 'correct_img': 'key', 'correct_key': 'r', 'sound_dir': '../audio/014.wav', 'image_dir': None}
18.5781 	DATA 	Keypress: lshift
18.5818 	EXP 	exp1_image_l: autoDraw = False
18.5818 	EXP 	exp1_image_r: autoDraw = False
18.5818 	EXP 	exp1_image_l: image = '../image/book.png'
18.5818 	EXP 	exp1_image_r: image = '../image/key.png'
18.5818 	EXP 	exp1_image_l: autoDraw = True
18.5818 	EXP 	exp1_image_r: autoDraw = True
18.6237 	EXP 	New trial (rep=0, index=29): {'exp_num': 1, 'sent_code': 'l1_f_sp_na_086', 'list': 'l1', 'cond': 'f', 'lang': 'sp', 'type': 'na', 'num': 86.0, 'image': 'plates', 'image_alt': 'glasses', 'left_img': 'plates', 'right_img': 'glasses', 'left': '../image/plates.png', 'right': '../image/glasses.png', 'correct_img': 'plates', 'correct_key': 'l', 'sound_dir': '../audio/086.wav', 'image_dir': None}
18.6450 	DATA 	Keypress: lshift
18.6486 	EXP 	exp1_image_l: autoDraw = False
18.6486 	EXP 	exp1_image_r: autoDraw = False
18.6486 	EXP 	exp1_image_l: image = '../image/plates.png'
18.6486 	EXP 	exp1_image_r: image = '../image/glasses.png'
18.6486 	EXP 	exp1_image_l: autoDraw = True
18.6486 	EXP 	exp1_image_r: autoDraw = True
18.6857 	EXP 	New trial (rep=0, index=30): {'exp_num': 1, 'sent_code': 'l1_t_es_na_019', 'list': 'l1', 'cond': 't', 'lang': 'es', 'type': 'na', 'num': 19.0, 'image': 'boy', 'image_alt': 'dog', 'left_img': 'boy', 'right_img': 'dog', 'left': '../image/boy.png', 'right': '../image/dog.png', 'correct_img': 'boy', 'correct_key': 'l', 'sound_dir': '../audio/019.wav', 'image_dir': None}
18.7110 	DATA 	Keypress: lshift
18.7147 	EXP 	exp1_image_l: autoDraw = False
18.7147 	EXP 	exp1_image_r: autoDraw = False
18.7147 	EXP 	exp1_image_l: image = '../image/boy.png'
18.7147 	EXP 	exp1_image_r: image = '../image/dog.png'
18.7147 	EXP 	exp1_image_l: autoDraw = True
18.7147 	EXP 	exp1_image_r: autoDraw = True
18.8069 	EXP 	New trial (rep=0, index=31): {'exp_num': 1, 'sent_code': 'l1_t_es_f0u_137', 'list': 'l1', 'cond': 't', 'lang': 'es', 'type': 'f0u', 'num': 137.0, 'image': 'jacket', 'image_alt': 'shirt', 'left_img': 'jacket', 'right_img': 'shirt', 'left': '../image/jacket.png', 'right': '../image/shirt.png', 'correct_img': 'jacket', 'correct_key': 'l', 'sound_dir': '../audio/137.wav', 'image_dir': None}
18.8321 	DATA 	Keypress: lshift
18.8357 	EXP 	exp1_image_l: autoDraw = False
18.8357 	EXP 	exp1_image_r: autoDraw = False
18.8357 	EXP 	exp1_image_l: image = '../image/jacket.png'
18.8357 	EXP 	exp1_image_r: image = '../image/shirt.png'
18.8357 	EXP 	exp1_image_l: autoDraw = True
18.8357 	EXP 	exp1_image_r: autoDraw = True
18.8694 	EXP 	New trial (rep=0, index=32): {'exp_num': 1, 'sent_code': 'l1_f_sp_na_095', 'list': 'l1', 'cond': 'f', 'lang': 'sp', 'type': 'na', 'num': 95.0, 'image': 'key', 'image_alt': 'socks', 'left_img': 'socks', 'right_img': 'key', 'left': '../image/socks.png', 'right': '../image/key.png', 'correct_img': 'key', 'correct_key': 'r', 'sound_dir': '../audio/095.wav', 'image_dir': None}
18.8914 	DATA 	Keypress: lshift
18.8950 	EXP 	exp1_image_l: autoDraw = False
18.8950 	EXP 	exp1_image_r: autoDraw = False
18.8950 	EXP 	exp1_image_l: image = '../image/socks.png'
18.8950 	EXP 	exp1_image_r: image = '../image/key.png'
18.8950 	EXP 	exp1_image_l: autoDraw = True
18.8950 	EXP 	exp1_image_r: autoDraw = True
18.9356 	EXP 	New trial (rep=0, index=33): {'exp_num': 1, 'sent_code': 'l1_f_sp_na_087', 'list': 'l1', 'cond': 'f', 'lang': 'sp', 'type': 'na', 'num': 87.0, 'image': 'bed', 'image_alt': 'desk', 'left_img': 'desk', 'right_img': 'bed', 'left': '../image/desk.png', 'right': '../image/bed.png', 'correct_img': 'bed', 'correct_key': 'r', 'sound_dir': '../audio/087.wav', 'image_dir': None}
18.9623 	DATA 	Keypress: lshift
18.9659 	EXP 	exp1_image_l: autoDraw = False
18.9659 	EXP 	exp1_image_r: autoDraw = False
18.9659 	EXP 	exp1_image_l: image = '../image/desk.png'
18.9659 	EXP 	exp1_image_r: image = '../image/bed.png'
18.9659 	EXP 	exp1_image_l: autoDraw = True
18.9659 	EXP 	exp1_image_r: autoDraw = True
19.0193 	EXP 	New trial (rep=0, index=34): {'exp_num': 1, 'sent_code': 'l1_t_es_f0u_135', 'list': 'l1', 'cond': 't', 'lang': 'es', 'type': 'f0u', 'num': 135.0, 'image': 'flipflops', 'image_alt': 'flower', 'left_img': 'flipflops', 'right_img': 'flower', 'left': '../image/flipflops.png', 'right': '../image/flower.png', 'correct_img': 'flipflops', 'correct_key': 'l', 'sound_dir': '../audio/135.wav', 'image_dir': None}
19.0444 	DATA 	Keypress: lshift
19.0480 	EXP 	exp1_image_l: autoDraw = False
19.0480 	EXP 	exp1_image_r: autoDraw = False
19.0480 	EXP 	exp1_image_l: image = '../image/flipflops.png'
19.0480 	EXP 	exp1_image_r: image = '../image/flower.png'
19.0480 	EXP 	exp1_image_l: autoDraw = True
19.0480 	EXP 	exp1_image_r: autoDraw = True
19.1531 	EXP 	New trial (rep=0, index=35): {'exp_num': 1, 'sent_code': 'l1_f_en_na_062', 'list': 'l1', 'cond': 'f', 'lang': 'en', 'type': 'na', 'num': 62.0, 'image': 'shoe', 'image_alt': 'ring', 'left_img': 'shoe', 'right_img': 'ring', 'left': '../image/shoe.png', 'right': '../image/ring.png', 'correct_img': 'shoe', 'correct_key': 'l', 'sound_dir': '../audio/062.wav', 'image_dir': None}
19.1790 	DATA 	Keypress: lshift
19.1826 	EXP 	exp1_image_l: autoDraw = False
19.1826 	EXP 	exp1_image_r: autoDraw = False
19.1826 	EXP 	exp1_image_l: image = '../image/shoe.png'
19.1826 	EXP 	exp1_image_r: image = '../image/ring.png'
19.1826 	EXP 	exp1_image_l: autoDraw = True
19.1826 	EXP 	exp1_image_r: autoDraw = True
19.3200 	EXP 	New trial (rep=0, index=36): {'exp_num': 1, 'sent_code': 'l1_f_sp_na_090', 'list': 'l1', 'cond': 'f', 'lang': 'sp', 'type': 'na', 'num': 90.0, 'image': 'bag', 'image_alt': 'bottle', 'left_img': 'bag', 'right_img': 'bottle', 'left': '../image/bag.png', 'right': '../image/bottle.png', 'correct_img': 'bag', 'correct_key': 'l', 'sound_dir': '../audio/090.wav', 'image_dir': None}
19.3459 	DATA 	Keypress: lshift
19.3502 	EXP 	exp1_image_l: autoDraw = False
19.3502 	EXP 	exp1_image_r: autoDraw = False
19.3502 	EXP 	exp1_image_l: image = '../image/bag.png'
19.3502 	EXP 	exp1_image_r: image = '../image/bottle.png'
19.3502 	EXP 	exp1_image_l: autoDraw = True
19.3502 	EXP 	exp1_image_r: autoDraw = True
19.3869 	EXP 	New trial (rep=0, index=37): {'exp_num': 1, 'sent_code': 'l1_t_es_na_020', 'list': 'l1', 'cond': 't', 'lang': 'es', 'type': 'na', 'num': 20.0, 'image': 'backpack', 'image_alt': 'cellphone', 'left_img': 'cellphone', 'right_img': 'backpack', 'left': '../image/cellphone.png', 'right': '../image/backpack.png', 'correct_img': 'backpack', 'correct_key': 'r', 'sound_dir': '../audio/020.wav', 'image_dir': None}
19.4164 	DATA 	Keypress: lshift
19.4203 	EXP 	exp1_image_l: autoDraw = False
19.4203 	EXP 	exp1_image_r: autoDraw = False
19.4203 	EXP 	exp1_image_l: image = '../image/cellphone.png'
19.4203 	EXP 	exp1_image_r: image = '../image/backpack.png'
19.4203 	EXP 	exp1_image_l: autoDraw = True
19.4203 	EXP 	exp1_image_r: autoDraw = True
19.4694 	EXP 	New trial (rep=0, index=38): {'exp_num': 1, 'sent_code': 'l1_t_es_na_013', 'list': 'l1', 'cond': 't', 'lang': 'es', 'type': 'na', 'num': 13.0, 'image': 'beer', 'image_alt': 'wine', 'left_img': 'beer', 'right_img': 'wine', 'left': '../image/beer.png', 'right': '../image/wine.png', 'correct_img': 'beer', 'correct_key': 'l', 'sound_dir': '../audio/013.wav', 'image_dir': None}
19.4943 	DATA 	Keypress: lshift
19.4979 	EXP 	exp1_image_l: autoDraw = False
19.4979 	EXP 	exp1_image_r: autoDraw = False
19.4979 	EXP 	exp1_image_l: image = '../image/beer.png'
19.4979 	EXP 	exp1_image_r: image = '../image/wine.png'
19.4979 	EXP 	exp1_image_l: autoDraw = True
19.4979 	EXP 	exp1_image_r: autoDraw = True
19.5230 	EXP 	New trial (rep=0, index=39): {'exp_num': 1, 'sent_code': 'l1_f_en_na_075', 'list': 'l1', 'cond': 'f', 'lang': 'en', 'type': 'na', 'num': 75.0, 'image': 'fish', 'image_alt': 'dog', 'left_img': 'dog', 'right_img': 'fish', 'left': '../image/dog.png', 'right': '../image/fish.png', 'correct_img': 'fish', 'correct_key': 'r', 'sound_dir': '../audio/075.wav', 'image_dir': None}
19.5466 	DATA 	Keypress: lshift
19.5502 	EXP 	exp1_image_l: autoDraw = False
19.5502 	EXP 	exp1_image_r: autoDraw = False
19.5502 	EXP 	exp1_image_l: image = '../image/dog.png'
19.5502 	EXP 	exp1_image_r: image = '../image/fish.png'
19.5502 	EXP 	exp1_image_l: autoDraw = True
19.5502 	EXP 	exp1_image_r: autoDraw = True
19.6197 	EXP 	New trial (rep=0, index=40): {'exp_num': 1, 'sent_code': 'l1_f_en_na_068', 'list': 'l1', 'cond': 'f', 'lang': 'en', 'type': 'na', 'num': 68.0, 'image': 'socks', 'image_alt': 'book', 'left_img': 'socks', 'right_img': 'book', 'left': '../image/socks.png', 'right': '../image/book.png', 'correct_img': 'socks', 'correct_key': 'l', 'sound_dir': '../audio/068.wav', 'image_dir': None}
19.6420 	DATA 	Keypress: lshift
19.6457 	EXP 	exp1_image_l: autoDraw = False
19.6457 	EXP 	exp1_image_r: autoDraw = False
19.6457 	EXP 	exp1_image_l: image = '../image/socks.png'
19.6457 	EXP 	exp1_image_r: image = '../image/book.png'
19.6457 	EXP 	exp1_image_l: autoDraw = True
19.6457 	EXP 	exp1_image_r: autoDraw = True
19.6694 	EXP 	New trial (rep=0, index=41): {'exp_num': 1, 'sent_code': 'l1_f_en_na_065', 'list': 'l1', 'cond': 'f', 'lang': 'en', 'type': 'na', 'num': 65.0, 'image': 'book', 'image_alt': 'computer', 'left_img': 'computer', 'right_img': 'book', 'left': '../image/computer.png', 'right': '../image/book.png', 'correct_img': 'book', 'correct_key': 'r', 'sound_dir': '../audio/065.wav', 'image_dir': None}
19.6919 	DATA 	Keypress: lshift
19.6954 	EXP 	exp1_image_l: autoDraw = False
19.6954 	EXP 	exp1_image_r: autoDraw = False
19.6954 	EXP 	exp1_image_l: image = '../image/computer.png'
19.6954 	EXP 	exp1_image_r: image = '../image/book.png'
19.6954 	EXP 	exp1_image_l: autoDraw = True
19.6954 	EXP 	exp1_image_r: autoDraw = True
19.7526 	EXP 	New trial (rep=0, index=42): {'exp_num': 1, 'sent_code': 'l1_t_es_na_012', 'list': 'l1', 'cond': 't', 'lang': 'es', 'type': 'na', 'num': 12.0, 'image': 'book', 'image_alt': 'newspaper', 'left_img': 'newspaper', 'right_img': 'book', 'left': '../image/newspaper.png', 'right': '../image/book.png', 'correct_img': 'book', 'correct_key': 'r', 'sound_dir': '../audio/012.wav', 'image_dir': None}
19.7776 	DATA 	Keypress: lshift
19.7813 	EXP 	exp1_image_l: autoDraw = False
19.7813 	EXP 	exp1_image_r: autoDraw = False
19.7813 	EXP 	exp1_image_l: image = '../image/newspaper.png'
19.7813 	EXP 	exp1_image_r: image = '../image/book.png'
19.7813 	EXP 	exp1_image_l: autoDraw = True
19.7813 	EXP 	exp1_image_r: autoDraw = True
19.8361 	EXP 	New trial (rep=0, index=43): {'exp_num': 1, 'sent_code': 'l1_f_en_na_072', 'list': 'l1', 'cond': 'f', 'lang': 'en', 'type': 'na', 'num': 72.0, 'image': 'dog', 'image_alt': 'fish', 'left_img': 'dog', 'right_img': 'fish', 'left': '../image/dog.png', 'right': '../image/fish.png', 'correct_img': 'dog', 'correct_key': 'l', 'sound_dir': '../audio/072.wav', 'image_dir': None}
19.8596 	DATA 	Keypress: lshift
19.8635 	EXP 	exp1_image_l: autoDraw = False
19.8635 	EXP 	exp1_image_r: autoDraw = False
19.8635 	EXP 	exp1_image_l: image = '../image/dog.png'
19.8635 	EXP 	exp1_image_r: image = '../image/fish.png'
19.8635 	EXP 	exp1_image_l: autoDraw = True
19.8635 	EXP 	exp1_image_r: autoDraw = True
19.9025 	EXP 	New trial (rep=0, index=44): {'exp_num': 1, 'sent_code': 'l1_f_sp_na_091', 'list': 'l1', 'cond': 'f', 'lang': 'sp', 'type': 'na', 'num': 91.0, 'image': 'bracelet', 'image_alt': 'backpack', 'left_img': 'backpack', 'right_img': 'bracelet', 'left': '../image/backpack.png', 'right': '../image/bracelet.png', 'correct_img': 'bracelet', 'correct_key': 'r', 'sound_dir': '../audio/091.wav', 'image_dir': None}
19.9270 	DATA 	Keypress: lshift
19.9306 	EXP 	exp1_image_l: autoDraw = False
19.9306 	EXP 	exp1_image_r: autoDraw = False
19.9306 	EXP 	exp1_image_l: image = '../image/backpack.png'
19.9306 	EXP 	exp1_image_r: image = '../image/bracelet.png'
19.9306 	EXP 	exp1_image_l: autoDraw = True
19.9306 	EXP 	exp1_image_r: autoDraw = True
19.9856 	EXP 	New trial (rep=0, index=45): {'exp_num': 1, 'sent_code': 'l1_t_es_f0u_134', 'list': 'l1', 'cond': 't', 'lang': 'es', 'type': 'f0u', 'num': 134.0, 'image': 'truck', 'image_alt': 'basket', 'left_img': 'basket', 'right_img': 'truck', 'left': '../image/basket.png', 'right': '../image/truck.png', 'correct_img': 'truck', 'correct_key': 'r', 'sound_dir': '../audio/134.wav', 'image_dir': None}
20.0146 	DATA 	Keypress: lshift
20.0182 	EXP 	exp1_image_l: autoDraw = False
20.0182 	EXP 	exp1_image_r: autoDraw = False
20.0182 	EXP 	exp1_image_l: image = '../image/basket.png'
20.0182 	EXP 	exp1_image_r: image = '../image/truck.png'
20.0182 	EXP 	exp1_image_l: autoDraw = True
20.0182 	EXP 	exp1_image_r: autoDraw = True
20.0690 	EXP 	New trial (rep=0, index=46): {'exp_num': 1, 'sent_code': 'l1_f_en_na_061', 'list': 'l1', 'cond': 'f', 'lang': 'en', 'type': 'na', 'num': 61.0, 'image': 'dog', 'image_alt': 'cat', 'left_img': 'cat', 'right_img': 'dog', 'left': '../image/cat.png', 'right': '../image/dog.png', 'correct_img': 'dog', 'correct_key': 'r', 'sound_dir': '../audio/061.wav', 'image_dir': '../image/'}
20.0923 	DATA 	Keypress: lshift
20.0959 	EXP 	exp1_image_l: autoDraw = False
20.0959 	EXP 	exp1_image_r: autoDraw = False
20.0959 	EXP 	exp1_image_l: image = '../image/cat.png'
20.0959 	EXP 	exp1_image_r: image = '../image/dog.png'
20.0959 	EXP 	exp1_image_l: autoDraw = True
20.0959 	EXP 	exp1_image_r: autoDraw = True
20.1566 	EXP 	New trial (rep=0, index=47): {'exp_num': 1, 'sent_code': 'l1_t_es_f0u_132', 'list': 'l1', 'cond': 't', 'lang': 'es', 'type': 'f0u', 'num': 132.0, 'image': 'grandma', 'image_alt': 'car', 'left_img': 'car', 'right_img': 'grandma', 'left': '../image/car.png', 'right': '../image/grandma.png', 'correct_img': 'grandma', 'correct_key': 'r', 'sound_dir': '../audio/132.wav', 'image_dir': None}
20.1804 	DATA 	Keypress: lshift
20.1840 	EXP 	exp1_image_l: autoDraw = False
20.1840 	EXP 	exp1_image_r: autoDraw = False
20.1840 	EXP 	exp1_image_l: image = '../image/car.png'
20.1840 	EXP 	exp1_image_r: image = '../image/grandma.png'
20.1840 	EXP 	exp1_image_l: autoDraw = True
20.1840 	EXP 	exp1_image_r: autoDraw = True
20.2525 	EXP 	New trial (rep=0, index=48): {'exp_num': 1, 'sent_code': 'l1_f_en_na_073', 'list': 'l1', 'cond': 'f', 'lang': 'en', 'type': 'na', 'num': 73.0, 'image': 'tshirt', 'image_alt': 'socks', 'left_img': 'socks', 'right_img': 'tshirt', 'left': '../image/socks.png', 'right': '../image/tshirt.png', 'correct_img': 'tshirt', 'correct_key': 'r', 'sound_dir': '../audio/073.wav', 'image_dir': None}
20.2770 	DATA 	Keypress: lshift
20.2807 	EXP 	exp1_image_l: autoDraw = False
20.2807 	EXP 	exp1_image_r: autoDraw = False
20.2807 	EXP 	exp1_image_l: image = '../image/socks.png'
20.2807 	EXP 	exp1_image_r: image = '../image/tshirt.png'
20.2807 	EXP 	exp1_image_l: autoDraw = True
20.2807 	EXP 	exp1_image_r: autoDraw = True
20.3362 	EXP 	New trial (rep=0, index=49): {'exp_num': 1, 'sent_code': 'l1_f_sp_na_088', 'list': 'l1', 'cond': 'f', 'lang': 'sp', 'type': 'na', 'num': 88.0, 'image': 'book', 'image_alt': 'cellphone', 'left_img': 'book', 'right_img': 'cellphone', 'left': '../image/book.png', 'right': '../image/cellphone.png', 'correct_img': 'book', 'correct_key': 'l', 'sound_dir': '../audio/088.wav', 'image_dir': None}
20.3608 	DATA 	Keypress: lshift
20.3644 	EXP 	exp1_image_l: autoDraw = False
20.3644 	EXP 	exp1_image_r: autoDraw = False
20.3644 	EXP 	exp1_image_l: image = '../image/book.png'
20.3644 	EXP 	exp1_image_r: image = '../image/cellphone.png'
20.3644 	EXP 	exp1_image_l: autoDraw = True
20.3644 	EXP 	exp1_image_r: autoDraw = True
20.4193 	EXP 	New trial (rep=0, index=50): {'exp_num': 1, 'sent_code': 'l1_f_en_na_070', 'list': 'l1', 'cond': 'f', 'lang': 'en', 'type': 'na', 'num': 70.0, 'image': 'computer', 'image_alt': 'bed', 'left_img': 'computer', 'right_img': 'bed', 'left': '../image/computer.png', 'right': '../image/bed.png', 'correct_img': 'computer', 'correct_key': 'l', 'sound_dir': '../audio/070.wav', 'image_dir': None}
20.4456 	DATA 	Keypress: lshift
20.4492 	EXP 	exp1_image_l: autoDraw = False
20.4492 	EXP 	exp1_image_r: autoDraw = False
20.4492 	EXP 	exp1_image_l: image = '../image/computer.png'
20.4492 	EXP 	exp1_image_r: image = '../image/bed.png'
20.4492 	EXP 	exp1_image_l: autoDraw = True
20.4492 	EXP 	exp1_image_r: autoDraw = True
20.4898 	EXP 	New trial (rep=0, index=51): {'exp_num': 1, 'sent_code': 'l1_f_en_na_071', 'list': 'l1', 'cond': 'f', 'lang': 'en', 'type': 'na', 'num': 71.0, 'image': 'plane', 'image_alt': 'wallet', 'left_img': 'wallet', 'right_img': 'plane', 'left': '../image/wallet.png', 'right': '../image/plane.png', 'correct_img': 'plane', 'correct_key': 'r', 'sound_dir': '../audio/071.wav', 'image_dir': None}
20.5131 	DATA 	Keypress: lshift
20.5165 	EXP 	exp1_image_l: autoDraw = False
20.5165 	EXP 	exp1_image_r: autoDraw = False
20.5165 	EXP 	exp1_image_l: image = '../image/wallet.png'
20.5165 	EXP 	exp1_image_r: image = '../image/plane.png'
20.5165 	EXP 	exp1_image_l: autoDraw = True
20.5165 	EXP 	exp1_image_r: autoDraw = True
20.5862 	EXP 	New trial (rep=0, index=52): {'exp_num': 1, 'sent_code': 'l1_t_es_na_011', 'list': 'l1', 'cond': 't', 'lang': 'es', 'type': 'na', 'num': 11.0, 'image': 'armchair', 'image_alt': 'bed', 'left_img': 'armchair', 'right_img': 'bed', 'left': '../image/armchair.png', 'right': '../image/bed.png', 'correct_img': 'armchair', 'correct_key': 'l', 'sound_dir': '../audio/011.wav', 'image_dir': None}
20.6150 	DATA 	Keypress: lshift
20.6186 	EXP 	exp1_image_l: autoDraw = False
20.6186 	EXP 	exp1_image_r: autoDraw = False
20.6186 	EXP 	exp1_image_l: image = '../image/armchair.png'
20.6186 	EXP 	exp1_image_r: image = '../image/bed.png'
20.6186 	EXP 	exp1_image_l: autoDraw = True
20.6186 	EXP 	exp1_image_r: autoDraw = True
20.6522 	EXP 	New trial (rep=0, index=53): {'exp_num': 1, 'sent_code': 'l1_f_se_na_078', 'list': 'l1', 'cond': 'f', 'lang': 'se', 'type': 'na', 'num': 78.0, 'image': 'airpods', 'image_alt': 'joycons', 'left_img': 'airpods', 'right_img': 'joycons', 'left': '../image/airpods.png', 'right': '../image/joycons.png', 'correct_img': 'airpods', 'correct_key': 'l', 'sound_dir': '../audio/078.wav', 'image_dir': None}
20.6720 	DATA 	Keypress: lshift
20.6756 	EXP 	exp1_image_l: autoDraw = False
20.6756 	EXP 	exp1_image_r: autoDraw = False
20.6756 	EXP 	exp1_image_l: image = '../image/airpods.png'
20.6756 	EXP 	exp1_image_r: image = '../image/joycons.png'
20.6756 	EXP 	exp1_image_l: autoDraw = True
20.6756 	EXP 	exp1_image_r: autoDraw = True
20.7359 	EXP 	New trial (rep=0, index=54): {'exp_num': 1, 'sent_code': 'l1_f_sp_na_089', 'list': 'l1', 'cond': 'f', 'lang': 'sp', 'type': 'na', 'num': 89.0, 'image': 'wallet', 'image_alt': 'bed', 'left_img': 'bed', 'right_img': 'wallet', 'left': '../image/bed.png', 'right': '../image/wallet.png', 'correct_img': 'wallet', 'correct_key': 'r', 'sound_dir': '../audio/089.wav', 'image_dir': None}
20.7630 	DATA 	Keypress: lshift
20.7666 	EXP 	exp1_image_l: autoDraw = False
20.7666 	EXP 	exp1_image_r: autoDraw = False
20.7666 	EXP 	exp1_image_l: image = '../image/bed.png'
20.7666 	EXP 	exp1_image_r: image = '../image/wallet.png'
20.7666 	EXP 	exp1_image_l: autoDraw = True
20.7666 	EXP 	exp1_image_r: autoDraw = True
20.8075 	DATA 	Keypress: lshift
20.8186 	EXP 	exp1_image_l: autoDraw = False
20.8186 	EXP 	exp1_image_r: autoDraw = False
20.8186 	EXP 	exp1_end_text: autoDraw = True
20.9035 	DATA 	Keypress: lshift
20.9878 	DATA 	Keypress: lshift
25.7893 	EXP 	Created sequence: sequential, trialTypes=1, nReps=1000, seed=None
25.7965 	EXP 	New trial (rep=0, index=0): None
25.8022 	DATA 	Keypress: space
25.8071 	EXP 	exp1_end_text: autoDraw = False
25.8071 	EXP 	exp2_instr_text: autoDraw = True
65.8156 	EXP 	Imported /Users/gabmac/Documents/RU/QP/exp/practice_trial/trial_exp_2/trial2.xlsx as conditions, 8 conditions, 16 params
65.8161 	EXP 	Created sequence: sequential, trialTypes=8, nReps=1, seed=None
65.8167 	EXP 	New trial (rep=0, index=0): {'num': 'tr1', 'list': 'lt', 'cond': 'tr', 'lang': 'en', 'type': 'na', 'sound_dir': '../practice_trial/audio/tr1.wav', 'phr': 'Where are your kids?', 'sent_code': 'lt_tr_en_na_tr1', 'mat': '-', 'mat_num': '-', 'emb_num': '-', 'emb': '-', 'cut': '-', 'mat_f0_c': '-', 'left': '../image/america.png', 'right': '../image/spain.png'}
65.8408 	DATA 	Keypress: space
65.8445 	EXP 	exp2_instr_text: autoDraw = False
65.8445 	EXP 	exp2_trial_iamge_l: image = '../image/america.png'
65.8445 	EXP 	exp2_trial_image_r: image = '../image/spain.png'
65.8445 	EXP 	exp2_trial_iamge_l: autoDraw = True
65.8445 	EXP 	exp2_trial_image_r: autoDraw = True
65.8455 	EXP 	New trial (rep=0, index=1): {'num': 'tr2', 'list': 'lt', 'cond': 'tr', 'lang': 'en', 'type': 'na', 'sound_dir': '../practice_trial/audio/tr2.wav', 'phr': 'Who is buying my car?', 'sent_code': 'lt_tr_en_na_tr2', 'mat': '-', 'mat_num': '-', 'emb_num': '-', 'emb': '-', 'cut': '-', 'mat_f0_c': '-', 'left': '../image/america.png', 'right': '../image/spain.png'}
65.8656 	EXP 	exp2_trial_iamge_l: autoDraw = False
65.8656 	EXP 	exp2_trial_image_r: autoDraw = False
65.8656 	EXP 	exp2_trial_iamge_l: image = '../image/america.png'
65.8656 	EXP 	exp2_trial_image_r: image = '../image/spain.png'
65.8656 	EXP 	exp2_trial_iamge_l: autoDraw = True
65.8656 	EXP 	exp2_trial_image_r: autoDraw = True
68.8549 	EXP 	New trial (rep=0, index=2): {'num': 'tr3', 'list': 'lt', 'cond': 'tr', 'lang': 'sp', 'type': 'na', 'sound_dir': '../practice_trial/audio/tr3.wav', 'phr': '¿Dónde está mi perro?', 'sent_code': 'lt_tr_sp_na_tr3', 'mat': '-', 'mat_num': '-', 'emb_num': '-', 'emb': '-', 'cut': '-', 'mat_f0_c': '-', 'left': '../image/america.png', 'right': '../image/spain.png'}
68.8853 	DATA 	Keypress: lshift
68.8898 	EXP 	exp2_trial_iamge_l: autoDraw = False
68.8898 	EXP 	exp2_trial_image_r: autoDraw = False
68.8898 	EXP 	exp2_trial_iamge_l: image = '../image/america.png'
68.8898 	EXP 	exp2_trial_image_r: image = '../image/spain.png'
68.8898 	EXP 	exp2_trial_iamge_l: autoDraw = True
68.8898 	EXP 	exp2_trial_image_r: autoDraw = True
71.5872 	EXP 	New trial (rep=0, index=3): {'num': 'tr4', 'list': 'lt', 'cond': 'tr', 'lang': 'sp', 'type': 'na', 'sound_dir': '../practice_trial/audio/tr4.wav', 'phr': '¿De quién es la bolsa?', 'sent_code': 'lt_tr_sp_na_tr4', 'mat': '-', 'mat_num': '-', 'emb_num': '-', 'emb': '-', 'cut': '-', 'mat_f0_c': '-', 'left': '../image/america.png', 'right': '../image/spain.png'}
71.6189 	DATA 	Keypress: rshift
71.6238 	EXP 	exp2_trial_iamge_l: autoDraw = False
71.6238 	EXP 	exp2_trial_image_r: autoDraw = False
71.6238 	EXP 	exp2_trial_iamge_l: image = '../image/america.png'
71.6238 	EXP 	exp2_trial_image_r: image = '../image/spain.png'
71.6238 	EXP 	exp2_trial_iamge_l: autoDraw = True
71.6238 	EXP 	exp2_trial_image_r: autoDraw = True
73.5383 	EXP 	New trial (rep=0, index=4): {'num': 'tr5', 'list': 'lt', 'cond': 'tr', 'lang': 'se', 'type': 'na', 'sound_dir': '../practice_trial/audio/tr5.wav', 'phr': '¿Dónde encontraste sus donuts?', 'sent_code': 'lt_tr_se_na_tr5', 'mat': '-', 'mat_num': '-', 'emb_num': '-', 'emb': '-', 'cut': '-', 'mat_f0_c': '-', 'left': '../image/america.png', 'right': '../image/spain.png'}
73.5687 	DATA 	Keypress: rshift
73.5735 	EXP 	exp2_trial_iamge_l: autoDraw = False
73.5735 	EXP 	exp2_trial_image_r: autoDraw = False
73.5735 	EXP 	exp2_trial_iamge_l: image = '../image/america.png'
73.5735 	EXP 	exp2_trial_image_r: image = '../image/spain.png'
73.5735 	EXP 	exp2_trial_iamge_l: autoDraw = True
73.5735 	EXP 	exp2_trial_image_r: autoDraw = True
75.2781 	EXP 	New trial (rep=0, index=5): {'num': 'tr6', 'list': 'lt', 'cond': 'tr', 'lang': 'se', 'type': 'na', 'sound_dir': '../practice_trial/audio/tr6.wav', 'phr': '¿Cuándo compraste tu sweater?', 'sent_code': 'lt_tr_se_na_tr6', 'mat': '-', 'mat_num': '-', 'emb_num': '-', 'emb': '-', 'cut': '-', 'mat_f0_c': '-', 'left': '../image/america.png', 'right': '../image/spain.png'}
75.3083 	DATA 	Keypress: lshift
75.3129 	EXP 	exp2_trial_iamge_l: autoDraw = False
75.3129 	EXP 	exp2_trial_image_r: autoDraw = False
75.3129 	EXP 	exp2_trial_iamge_l: image = '../image/america.png'
75.3129 	EXP 	exp2_trial_image_r: image = '../image/spain.png'
75.3129 	EXP 	exp2_trial_iamge_l: autoDraw = True
75.3129 	EXP 	exp2_trial_image_r: autoDraw = True
77.2361 	EXP 	New trial (rep=0, index=6): {'num': 'tr7', 'list': 'lt', 'cond': 'tr', 'lang': 'es', 'type': 'na', 'sound_dir': '../practice_trial/audio/tr7.wav', 'phr': 'Why do you have my camisa?', 'sent_code': 'lt_tr_es_na_tr7', 'mat': '-', 'mat_num': '-', 'emb_num': '-', 'emb': '-', 'cut': '-', 'mat_f0_c': '-', 'left': '../image/america.png', 'right': '../image/spain.png'}
77.2646 	DATA 	Keypress: rshift
77.2692 	EXP 	exp2_trial_iamge_l: autoDraw = False
77.2692 	EXP 	exp2_trial_image_r: autoDraw = False
77.2692 	EXP 	exp2_trial_iamge_l: image = '../image/america.png'
77.2692 	EXP 	exp2_trial_image_r: image = '../image/spain.png'
77.2692 	EXP 	exp2_trial_iamge_l: autoDraw = True
77.2692 	EXP 	exp2_trial_image_r: autoDraw = True
79.4377 	EXP 	New trial (rep=0, index=7): {'num': 'tr8', 'list': 'lt', 'cond': 'tr', 'lang': 'es', 'type': 'na', 'sound_dir': '../practice_trial/audio/tr8.wav', 'phr': 'Where did you find his chanclas?', 'sent_code': 'lt_tr_es_na_tr8', 'mat': '-', 'mat_num': '-', 'emb_num': '-', 'emb': '-', 'cut': '-', 'mat_f0_c': '-', 'left': '../image/america.png', 'right': '../image/spain.png'}
79.4660 	DATA 	Keypress: lshift
79.4708 	EXP 	exp2_trial_iamge_l: autoDraw = False
79.4708 	EXP 	exp2_trial_image_r: autoDraw = False
79.4708 	EXP 	exp2_trial_iamge_l: image = '../image/america.png'
79.4708 	EXP 	exp2_trial_image_r: image = '../image/spain.png'
79.4708 	EXP 	exp2_trial_iamge_l: autoDraw = True
79.4708 	EXP 	exp2_trial_image_r: autoDraw = True
81.2999 	DATA 	Keypress: escape
81.9620 	EXP 	window1: mouseVisible = True
