1.0624 	WARNING 	We strongly recommend you activate the PTB sound engine in PsychoPy prefs as the preferred audio engine. Its timing is vastly superior. Your prefs are currently set to use ['sounddevice'] (in that order).
8.1140 	WARNING 	Couldn't measure a consistent frame rate!
  - Is your graphics card set to sync to vertical blank?
  - Are you running other processes on your computer?

8.1153 	EXP 	Created window1 = Window(allowGUI=True, allowStencil=False, autoLog=True, backendConf=UNKNOWN, bitsMode=UNKNOWN, blendMode='avg', bpc=(8, 8, 8), color=array([0, 0, 0]), colorSpace='rgb', depthBits=8, fullscr=<method-wrapper '__getattribute__' of attributeSetter object at 0x7f9eb14cdfa0>, gamma=None, gammaErrorPolicy='raise', lms=UNKNOWN, monitor=<psychopy.monitors.calibTools.Monitor object at 0x7f9e94318460>, multiSample=False, name='window1', numSamples=2, pos=[367.5, 239.0], screen=0, size=array([2940, 1912]), stencilBits=0, stereo=False, units='height', useFBO=True, useRetina=True, viewOri=0.0, viewPos=None, viewScale=None, waitBlanking=True, winType='pyglet')
8.1158 	EXP 	window1: mouseVisible = True
8.1180 	EXP 	window1: mouseVisible = False
8.1180 	EXP 	window1: Attempting to measure frame rate of screen (0) ...
8.1181 	EXP 	window1: recordFrameIntervals = False
8.1971 	EXP 	window1: recordFrameIntervals = True
9.0312 	WARNING 	Couldn't measure a consistent frame rate!
  - Is your graphics card set to sync to vertical blank?
  - Are you running other processes on your computer?

10.7619 	EXP 	Created welcome_text = TextStim(__class__=<class 'psychopy.visual.text.TextStim'>, alignHoriz=method-wrapper(...), alignText='center', alignVert=method-wrapper(...), anchorHoriz='center', anchorVert='center', antialias=True, autoDraw=False, autoLog=True, bold=False, color=array([1, 1, 1]), colorSpace='rgb', contrast=1.0, depth=0.0, flipHoriz=False, flipVert=False, font='Open Sans', fontFiles=[], height=0.05, italic=False, languageStyle='LTR', name='welcome_text', opacity=1.0, ori=0.0, pos=array([0., 0.]), rgb=UNKNOWN, text=str(...), units='height', win=Window(...), wrapWidth=1)
10.7759 	EXP 	Created exp1_instr_text = TextStim(__class__=<class 'psychopy.visual.text.TextStim'>, alignHoriz=method-wrapper(...), alignText='center', alignVert=method-wrapper(...), anchorHoriz='center', anchorVert='center', antialias=True, autoDraw=False, autoLog=True, bold=False, color=array([1, 1, 1]), colorSpace='rgb', contrast=1.0, depth=0.0, flipHoriz=False, flipVert=False, font='Open Sans', fontFiles=[], height=0.05, italic=False, languageStyle='LTR', name='exp1_instr_text', opacity=1.0, ori=0.0, pos=array([0., 0.]), rgb=UNKNOWN, text=str(...), units='height', win=Window(...), wrapWidth=1)
10.7806 	EXP 	Created exp1_trial_image_l = ImageStim(__class__=<class 'psychopy.visual.image.ImageStim'>, anchor=('center', 'center'), autoLog=True, color=array([1, 1, 1]), colorSpace='rgb', contrast=1.0, depth=0.0, flipHoriz=False, flipVert=False, image='sin', interpolate=True, mask=None, maskParams=None, name='exp1_trial_image_l', opacity=1.0, ori=0.0, pos=array([-0.5,  0. ]), size=array([0.5, 0.5]), texRes=128.0, units='height', win=Window(...))
10.7830 	EXP 	Created exp1_trial_image_r = ImageStim(__class__=<class 'psychopy.visual.image.ImageStim'>, anchor=('center', 'center'), autoLog=True, color=array([1, 1, 1]), colorSpace='rgb', contrast=1.0, depth=-1.0, flipHoriz=False, flipVert=False, image='sin', interpolate=True, mask=None, maskParams=None, name='exp1_trial_image_r', opacity=1.0, ori=0.0, pos=array([0.5, 0. ]), size=array([0.5, 0.5]), texRes=128.0, units='height', win=Window(...))
11.1702 	EXP 	Sound exp1_trial_sound set volume 1.000
11.1773 	EXP 	Created end_exp1_trial_text = TextStim(__class__=<class 'psychopy.visual.text.TextStim'>, alignHoriz=method-wrapper(...), alignText='center', alignVert=method-wrapper(...), anchorHoriz='center', anchorVert='center', antialias=True, autoDraw=False, autoLog=True, bold=False, color=array([1, 1, 1]), colorSpace='rgb', contrast=1.0, depth=0.0, flipHoriz=False, flipVert=False, font='Open Sans', fontFiles=[], height=0.05, italic=False, languageStyle='LTR', name='end_exp1_trial_text', opacity=1.0, ori=0.0, pos=array([0., 0.]), rgb=UNKNOWN, text=str(...), units='height', win=Window(...), wrapWidth=1)
11.1832 	EXP 	Created exp1_start_text = TextStim(__class__=<class 'psychopy.visual.text.TextStim'>, alignHoriz=method-wrapper(...), alignText='center', alignVert=method-wrapper(...), anchorHoriz='center', anchorVert='center', antialias=True, autoDraw=False, autoLog=True, bold=False, color=array([1, 1, 1]), colorSpace='rgb', contrast=1.0, depth=-1.0, flipHoriz=False, flipVert=False, font='Open Sans', fontFiles=[], height=0.05, italic=False, languageStyle='LTR', name='exp1_start_text', opacity=1.0, ori=0.0, pos=array([0., 0.]), rgb=UNKNOWN, text=str(...), units='height', win=Window(...), wrapWidth=1)
11.1863 	EXP 	Created exp1_image_l = ImageStim(__class__=<class 'psychopy.visual.image.ImageStim'>, anchor=('center', 'center'), autoLog=True, color=array([1, 1, 1]), colorSpace='rgb', contrast=1.0, depth=0.0, flipHoriz=False, flipVert=False, image='sin', interpolate=True, mask=None, maskParams=None, name='exp1_image_l', opacity=1.0, ori=0.0, pos=array([-0.5,  0. ]), size=array([0.5, 0.5]), texRes=128.0, units='height', win=Window(...))
11.1888 	EXP 	Created exp1_image_r = ImageStim(__class__=<class 'psychopy.visual.image.ImageStim'>, anchor=('center', 'center'), autoLog=True, color=array([1, 1, 1]), colorSpace='rgb', contrast=1.0, depth=-1.0, flipHoriz=False, flipVert=False, image='sin', interpolate=True, mask=None, maskParams=None, name='exp1_image_r', opacity=1.0, ori=0.0, pos=array([0.5, 0. ]), size=array([0.5, 0.5]), texRes=128.0, units='height', win=Window(...))
11.1888 	EXP 	Sound exp1_sound set volume 1.000
11.1947 	EXP 	Created exp1_end_text = TextStim(__class__=<class 'psychopy.visual.text.TextStim'>, alignHoriz=method-wrapper(...), alignText='center', alignVert=method-wrapper(...), anchorHoriz='center', anchorVert='center', antialias=True, autoDraw=False, autoLog=True, bold=False, color=array([1, 1, 1]), colorSpace='rgb', contrast=1.0, depth=0.0, flipHoriz=False, flipVert=False, font='Open Sans', fontFiles=[], height=0.05, italic=False, languageStyle='LTR', name='exp1_end_text', opacity=1.0, ori=0.0, pos=array([0., 0.]), rgb=UNKNOWN, text=str(...), units='height', win=Window(...), wrapWidth=1)
11.2086 	EXP 	Created exp2_instr_text = TextStim(__class__=<class 'psychopy.visual.text.TextStim'>, alignHoriz=method-wrapper(...), alignText='center', alignVert=method-wrapper(...), anchorHoriz='center', anchorVert='center', antialias=True, autoDraw=False, autoLog=True, bold=False, color=array([1, 1, 1]), colorSpace='rgb', contrast=1.0, depth=0.0, flipHoriz=False, flipVert=False, font='Open Sans', fontFiles=[], height=0.05, italic=False, languageStyle='LTR', name='exp2_instr_text', opacity=1.0, ori=0.0, pos=array([0., 0.]), rgb=UNKNOWN, text=str(...), units='height', win=Window(...), wrapWidth=1)
11.2121 	EXP 	Created exp2_trial_iamge_l = ImageStim(__class__=<class 'psychopy.visual.image.ImageStim'>, anchor=('center', 'center'), autoLog=True, color=array([1, 1, 1]), colorSpace='rgb', contrast=1.0, depth=0.0, flipHoriz=False, flipVert=False, image='sin', interpolate=True, mask=None, maskParams=None, name='exp2_trial_iamge_l', opacity=1.0, ori=0.0, pos=array([-0.5,  0. ]), size=array([0.5, 0.5]), texRes=128.0, units='height', win=Window(...))
11.2159 	EXP 	Created exp2_trial_image_r = ImageStim(__class__=<class 'psychopy.visual.image.ImageStim'>, anchor=('center', 'center'), autoLog=True, color=array([1, 1, 1]), colorSpace='rgb', contrast=1.0, depth=-1.0, flipHoriz=False, flipVert=False, image='sin', interpolate=True, mask=None, maskParams=None, name='exp2_trial_image_r', opacity=1.0, ori=0.0, pos=array([0.5, 0. ]), size=array([0.5, 0.5]), texRes=128.0, units='height', win=Window(...))
11.2160 	EXP 	Sound exp2_trial_sound set volume 1.000
11.2209 	EXP 	Created end_exp2_trial_text = TextStim(__class__=<class 'psychopy.visual.text.TextStim'>, alignHoriz=method-wrapper(...), alignText='center', alignVert=method-wrapper(...), anchorHoriz='center', anchorVert='center', antialias=True, autoDraw=False, autoLog=True, bold=False, color=array([1, 1, 1]), colorSpace='rgb', contrast=1.0, depth=0.0, flipHoriz=False, flipVert=False, font='Open Sans', fontFiles=[], height=0.05, italic=False, languageStyle='LTR', name='end_exp2_trial_text', opacity=1.0, ori=0.0, pos=array([0., 0.]), rgb=UNKNOWN, text=str(...), units='height', win=Window(...), wrapWidth=1)
11.2262 	EXP 	Created exp2_start_text = TextStim(__class__=<class 'psychopy.visual.text.TextStim'>, alignHoriz=method-wrapper(...), alignText='center', alignVert=method-wrapper(...), anchorHoriz='center', anchorVert='center', antialias=True, autoDraw=False, autoLog=True, bold=False, color=array([1, 1, 1]), colorSpace='rgb', contrast=1.0, depth=-1.0, flipHoriz=False, flipVert=False, font='Open Sans', fontFiles=[], height=0.05, italic=False, languageStyle='LTR', name='exp2_start_text', opacity=1.0, ori=0.0, pos=array([0., 0.]), rgb=UNKNOWN, text=str(...), units='height', win=Window(...), wrapWidth=1)
11.2294 	EXP 	Created exp2_image_l = ImageStim(__class__=<class 'psychopy.visual.image.ImageStim'>, anchor=('center', 'center'), autoLog=True, color=array([1, 1, 1]), colorSpace='rgb', contrast=1.0, depth=0.0, flipHoriz=False, flipVert=False, image='sin', interpolate=True, mask=None, maskParams=None, name='exp2_image_l', opacity=1.0, ori=0.0, pos=array([-0.5,  0. ]), size=array([0.5, 0.5]), texRes=128.0, units='height', win=Window(...))
11.2323 	EXP 	Created exp2_image_r = ImageStim(__class__=<class 'psychopy.visual.image.ImageStim'>, anchor=('center', 'center'), autoLog=True, color=array([1, 1, 1]), colorSpace='rgb', contrast=1.0, depth=-1.0, flipHoriz=False, flipVert=False, image='sin', interpolate=True, mask=None, maskParams=None, name='exp2_image_r', opacity=1.0, ori=0.0, pos=array([0.5, 0. ]), size=array([0.5, 0.5]), texRes=128.0, units='height', win=Window(...))
11.2324 	EXP 	Sound exp2_sound set volume 1.000
11.2370 	EXP 	Created full_end_text = TextStim(__class__=<class 'psychopy.visual.text.TextStim'>, alignHoriz=method-wrapper(...), alignText='center', alignVert=method-wrapper(...), anchorHoriz='center', anchorVert='center', antialias=True, autoDraw=False, autoLog=True, bold=False, color=array([1, 1, 1]), colorSpace='rgb', contrast=1.0, depth=0.0, flipHoriz=False, flipVert=False, font='Open Sans', fontFiles=[], height=0.05, italic=False, languageStyle='LTR', name='full_end_text', opacity=1.0, ori=0.0, pos=array([0., 0.]), rgb=UNKNOWN, text=str(...), units='height', win=Window(...), wrapWidth=1)
11.2492 	WARNING 	t of last frame was 2218.43ms (=1/0)
11.2492 	EXP 	welcome_text: autoDraw = True
12.1564 	EXP 	Created sequence: sequential, trialTypes=1, nReps=1000, seed=None
12.1594 	EXP 	New trial (rep=0, index=0): None
12.1691 	DATA 	Keypress: space
12.1735 	WARNING 	t of last frame was 36.30ms (=1/27)
12.1735 	EXP 	welcome_text: autoDraw = False
12.1735 	EXP 	exp1_instr_text: autoDraw = True
12.4888 	EXP 	Imported /Users/gabmac/Documents/RU/QP/exp/practice_trial/trial_exp_1/trial1.xlsx as conditions, 8 conditions, 18 params
12.4892 	EXP 	Created sequence: sequential, trialTypes=8, nReps=1, seed=None
12.4897 	EXP 	New trial (rep=0, index=0): {'num': 'tr1', 'list': 'lt', 'cond': 'tr', 'lang': 'en', 'type': 'na', 'sound_dir': '../practice_trial/audio/tr1.wav', 'phr': 'Where are your kids?', 'sent_code': 'lt_tr_en_na_tr1', 'mat': '-', 'mat_num': '-', 'emb_num': '-', 'emb': '-', 'cut': '-', 'mat_f0_c': '-', 'left': '../image/kids.png', 'right': '../image/plates.png', 'correct_img': 'kids', 'correct_key': 'lshift'}
12.5302 	DATA 	Keypress: space
12.5343 	WARNING 	t of last frame was 70.93ms (=1/14)
12.5343 	EXP 	exp1_instr_text: autoDraw = False
12.5343 	EXP 	exp1_trial_image_l: image = '../image/kids.png'
12.5343 	EXP 	exp1_trial_image_r: image = '../image/plates.png'
12.5343 	EXP 	exp1_trial_image_l: autoDraw = True
12.5343 	EXP 	exp1_trial_image_r: autoDraw = True
13.8955 	WARNING 	t of last frame was 25.24ms (=1/39)
14.1660 	EXP 	New trial (rep=0, index=1): {'num': 'tr2', 'list': 'lt', 'cond': 'tr', 'lang': 'en', 'type': 'na', 'sound_dir': '../practice_trial/audio/tr2.wav', 'phr': 'Who is buying my car?', 'sent_code': 'lt_tr_en_na_tr2', 'mat': '-', 'mat_num': '-', 'emb_num': '-', 'emb': '-', 'cut': '-', 'mat_f0_c': '-', 'left': '../image/bag.png', 'right': '../image/car.png', 'correct_img': 'car', 'correct_key': 'rshift'}
14.2011 	DATA 	Keypress: lshift
14.2058 	WARNING 	Multiple dropped frames have occurred - I'll stop bothering you about them!
14.2057 	EXP 	exp1_trial_image_l: autoDraw = False
14.2057 	EXP 	exp1_trial_image_r: autoDraw = False
14.2057 	EXP 	exp1_trial_image_l: image = '../image/bag.png'
14.2057 	EXP 	exp1_trial_image_r: image = '../image/car.png'
14.2057 	EXP 	exp1_trial_image_l: autoDraw = True
14.2057 	EXP 	exp1_trial_image_r: autoDraw = True
14.4383 	EXP 	New trial (rep=0, index=2): {'num': 'tr3', 'list': 'lt', 'cond': 'tr', 'lang': 'sp', 'type': 'na', 'sound_dir': '../practice_trial/audio/tr3.wav', 'phr': '¿Dónde está mi perro?', 'sent_code': 'lt_tr_sp_na_tr3', 'mat': '-', 'mat_num': '-', 'emb_num': '-', 'emb': '-', 'cut': '-', 'mat_f0_c': '-', 'left': '../image/dog.png', 'right': '../image/grandma.png', 'correct_img': 'dog', 'correct_key': 'lshift'}
14.4732 	DATA 	Keypress: lshift
14.4774 	EXP 	exp1_trial_image_l: autoDraw = False
14.4774 	EXP 	exp1_trial_image_r: autoDraw = False
14.4774 	EXP 	exp1_trial_image_l: image = '../image/dog.png'
14.4774 	EXP 	exp1_trial_image_r: image = '../image/grandma.png'
14.4774 	EXP 	exp1_trial_image_l: autoDraw = True
14.4774 	EXP 	exp1_trial_image_r: autoDraw = True
14.7219 	EXP 	New trial (rep=0, index=3): {'num': 'tr4', 'list': 'lt', 'cond': 'tr', 'lang': 'sp', 'type': 'na', 'sound_dir': '../practice_trial/audio/tr4.wav', 'phr': '¿De quién es la bolsa?', 'sent_code': 'lt_tr_sp_na_tr4', 'mat': '-', 'mat_num': '-', 'emb_num': '-', 'emb': '-', 'cut': '-', 'mat_f0_c': '-', 'left': '../image/shirt.png', 'right': '../image/bag.png', 'correct_img': 'bag', 'correct_key': 'rshift'}
14.7523 	DATA 	Keypress: lshift
14.7567 	EXP 	exp1_trial_image_l: autoDraw = False
14.7567 	EXP 	exp1_trial_image_r: autoDraw = False
14.7567 	EXP 	exp1_trial_image_l: image = '../image/shirt.png'
14.7567 	EXP 	exp1_trial_image_r: image = '../image/bag.png'
14.7567 	EXP 	exp1_trial_image_l: autoDraw = True
14.7567 	EXP 	exp1_trial_image_r: autoDraw = True
14.9647 	EXP 	New trial (rep=0, index=4): {'num': 'tr5', 'list': 'lt', 'cond': 'tr', 'lang': 'se', 'type': 'na', 'sound_dir': '../practice_trial/audio/tr5.wav', 'phr': '¿Dónde encontraste sus donuts?', 'sent_code': 'lt_tr_se_na_tr5', 'mat': '-', 'mat_num': '-', 'emb_num': '-', 'emb': '-', 'cut': '-', 'mat_f0_c': '-', 'left': '../image/donut.png', 'right': '../image/cups.png', 'correct_img': 'donut', 'correct_key': 'lshift'}
14.9999 	DATA 	Keypress: lshift
15.0038 	EXP 	exp1_trial_image_l: autoDraw = False
15.0038 	EXP 	exp1_trial_image_r: autoDraw = False
15.0038 	EXP 	exp1_trial_image_l: image = '../image/donut.png'
15.0038 	EXP 	exp1_trial_image_r: image = '../image/cups.png'
15.0038 	EXP 	exp1_trial_image_l: autoDraw = True
15.0038 	EXP 	exp1_trial_image_r: autoDraw = True
15.1525 	EXP 	New trial (rep=0, index=5): {'num': 'tr6', 'list': 'lt', 'cond': 'tr', 'lang': 'se', 'type': 'na', 'sound_dir': '../practice_trial/audio/tr6.wav', 'phr': '¿Cuándo compraste tu sweater?', 'sent_code': 'lt_tr_se_na_tr6', 'mat': '-', 'mat_num': '-', 'emb_num': '-', 'emb': '-', 'cut': '-', 'mat_f0_c': '-', 'left': '../image/chair.png', 'right': '../image/sweater.png', 'correct_img': 'sweater', 'correct_key': 'rshift'}
15.1845 	DATA 	Keypress: lshift
15.1891 	EXP 	exp1_trial_image_l: autoDraw = False
15.1891 	EXP 	exp1_trial_image_r: autoDraw = False
15.1891 	EXP 	exp1_trial_image_l: image = '../image/chair.png'
15.1891 	EXP 	exp1_trial_image_r: image = '../image/sweater.png'
15.1891 	EXP 	exp1_trial_image_l: autoDraw = True
15.1891 	EXP 	exp1_trial_image_r: autoDraw = True
15.5820 	EXP 	New trial (rep=0, index=6): {'num': 'tr7', 'list': 'lt', 'cond': 'tr', 'lang': 'es', 'type': 'na', 'sound_dir': '../practice_trial/audio/tr7.wav', 'phr': 'Why do you have my camisa?', 'sent_code': 'lt_tr_es_na_tr7', 'mat': '-', 'mat_num': '-', 'emb_num': '-', 'emb': '-', 'cut': '-', 'mat_f0_c': '-', 'left': '../image/shirt.png', 'right': '../image/wallet.png', 'correct_img': 'shirt', 'correct_key': 'lshift'}
15.6172 	DATA 	Keypress: lshift
15.6221 	EXP 	exp1_trial_image_l: autoDraw = False
15.6221 	EXP 	exp1_trial_image_r: autoDraw = False
15.6221 	EXP 	exp1_trial_image_l: image = '../image/shirt.png'
15.6221 	EXP 	exp1_trial_image_r: image = '../image/wallet.png'
15.6221 	EXP 	exp1_trial_image_l: autoDraw = True
15.6221 	EXP 	exp1_trial_image_r: autoDraw = True
15.8522 	EXP 	New trial (rep=0, index=7): {'num': 'tr8', 'list': 'lt', 'cond': 'tr', 'lang': 'es', 'type': 'na', 'sound_dir': '../practice_trial/audio/tr8.wav', 'phr': 'Where did you find his chanclas?', 'sent_code': 'lt_tr_es_na_tr8', 'mat': '-', 'mat_num': '-', 'emb_num': '-', 'emb': '-', 'cut': '-', 'mat_f0_c': '-', 'left': '../image/key.png', 'right': '../image/flipflops.png', 'correct_img': 'flipflops', 'correct_key': 'rshift'}
15.8863 	DATA 	Keypress: lshift
15.8913 	EXP 	exp1_trial_image_l: autoDraw = False
15.8913 	EXP 	exp1_trial_image_r: autoDraw = False
15.8913 	EXP 	exp1_trial_image_l: image = '../image/key.png'
15.8913 	EXP 	exp1_trial_image_r: image = '../image/flipflops.png'
15.8913 	EXP 	exp1_trial_image_l: autoDraw = True
15.8913 	EXP 	exp1_trial_image_r: autoDraw = True
16.0497 	DATA 	Keypress: lshift
16.0539 	EXP 	exp1_trial_image_l: autoDraw = False
16.0539 	EXP 	exp1_trial_image_r: autoDraw = False
16.0539 	EXP 	end_exp1_trial_text: autoDraw = True
16.1886 	DATA 	Keypress: lshift
16.8839 	DATA 	Keypress: rshift
16.8884 	EXP 	end_exp1_trial_text: autoDraw = False
16.8884 	EXP 	exp1_start_text: autoDraw = True
17.3040 	EXP 	Imported /Users/gabmac/Documents/RU/QP/exp/stim/stim_g1_e1.xlsx as conditions, 55 conditions, 17 params
17.3050 	EXP 	Created sequence: random, trialTypes=55, nReps=1, seed=None
17.3054 	EXP 	New trial (rep=0, index=0): {'exp_num': 1, 'sent_code': 'l1_t_es_na_012', 'list': 'l1', 'cond': 't', 'lang': 'es', 'type': 'na', 'num': 12.0, 'image': 'book', 'image_alt': 'newspaper', 'left_img': 'newspaper', 'right_img': 'book', 'left': '../image/newspaper.png', 'right': '../image/book.png', 'correct_img': 'book', 'correct_key': 'lshift', 'sound_dir': '../audio/012.wav', 'image_dir': None}
17.3322 	DATA 	Keypress: rshift
17.3359 	EXP 	exp1_start_text: autoDraw = False
17.3359 	EXP 	exp1_image_l: image = '../image/newspaper.png'
17.3359 	EXP 	exp1_image_r: image = '../image/book.png'
17.3359 	EXP 	exp1_image_l: autoDraw = True
17.3359 	EXP 	exp1_image_r: autoDraw = True
17.3368 	EXP 	New trial (rep=0, index=1): {'exp_num': 1, 'sent_code': 'l1_f_en_na_068', 'list': 'l1', 'cond': 'f', 'lang': 'en', 'type': 'na', 'num': 68.0, 'image': 'socks', 'image_alt': 'book', 'left_img': 'socks', 'right_img': 'book', 'left': '../image/socks.png', 'right': '../image/book.png', 'correct_img': 'socks', 'correct_key': 'lshift', 'sound_dir': '../audio/068.wav', 'image_dir': None}
17.3592 	EXP 	exp1_image_l: autoDraw = False
17.3592 	EXP 	exp1_image_r: autoDraw = False
17.3592 	EXP 	exp1_image_l: image = '../image/socks.png'
17.3592 	EXP 	exp1_image_r: image = '../image/book.png'
17.3592 	EXP 	exp1_image_l: autoDraw = True
17.3592 	EXP 	exp1_image_r: autoDraw = True
17.8890 	EXP 	New trial (rep=0, index=2): {'exp_num': 1, 'sent_code': 'l1_t_es_na_011', 'list': 'l1', 'cond': 't', 'lang': 'es', 'type': 'na', 'num': 11.0, 'image': 'armchair', 'image_alt': 'bed', 'left_img': 'armchair', 'right_img': 'bed', 'left': '../image/armchair.png', 'right': '../image/bed.png', 'correct_img': 'armchair', 'correct_key': 'rshift', 'sound_dir': '../audio/011.wav', 'image_dir': None}
17.9306 	DATA 	Keypress: lshift
17.9353 	EXP 	exp1_image_l: autoDraw = False
17.9353 	EXP 	exp1_image_r: autoDraw = False
17.9353 	EXP 	exp1_image_l: image = '../image/armchair.png'
17.9353 	EXP 	exp1_image_r: image = '../image/bed.png'
17.9353 	EXP 	exp1_image_l: autoDraw = True
17.9353 	EXP 	exp1_image_r: autoDraw = True
18.1986 	EXP 	New trial (rep=0, index=3): {'exp_num': 1, 'sent_code': 'l1_t_es_f0u_131', 'list': 'l1', 'cond': 't', 'lang': 'es', 'type': 'f0u', 'num': 131.0, 'image': 'cat', 'image_alt': 'flower', 'left_img': 'cat', 'right_img': 'flower', 'left': '../image/cat.png', 'right': '../image/flower.png', 'correct_img': 'cat', 'correct_key': 'rshift', 'sound_dir': '../audio/131.wav', 'image_dir': None}
18.2342 	DATA 	Keypress: lshift
18.2390 	EXP 	exp1_image_l: autoDraw = False
18.2390 	EXP 	exp1_image_r: autoDraw = False
18.2390 	EXP 	exp1_image_l: image = '../image/cat.png'
18.2390 	EXP 	exp1_image_r: image = '../image/flower.png'
18.2390 	EXP 	exp1_image_l: autoDraw = True
18.2390 	EXP 	exp1_image_r: autoDraw = True
18.4215 	EXP 	New trial (rep=0, index=4): {'exp_num': 1, 'sent_code': 'l1_f_se_na_080', 'list': 'l1', 'cond': 'f', 'lang': 'se', 'type': 'na', 'num': 80.0, 'image': 'mouse', 'image_alt': 'rat', 'left_img': 'mouse', 'right_img': 'rat', 'left': '../image/mouse.png', 'right': '../image/rat.png', 'correct_img': 'mouse', 'correct_key': 'lshift', 'sound_dir': '../audio/080.wav', 'image_dir': None}
18.4563 	DATA 	Keypress: lshift
18.4612 	EXP 	exp1_image_l: autoDraw = False
18.4612 	EXP 	exp1_image_r: autoDraw = False
18.4612 	EXP 	exp1_image_l: image = '../image/mouse.png'
18.4612 	EXP 	exp1_image_r: image = '../image/rat.png'
18.4612 	EXP 	exp1_image_l: autoDraw = True
18.4612 	EXP 	exp1_image_r: autoDraw = True
18.6322 	EXP 	New trial (rep=0, index=5): {'exp_num': 1, 'sent_code': 'l1_f_en_na_067', 'list': 'l1', 'cond': 'f', 'lang': 'en', 'type': 'na', 'num': 67.0, 'image': 'glasses', 'image_alt': 'beer', 'left_img': 'beer', 'right_img': 'glasses', 'left': '../image/beer.png', 'right': '../image/glasses.png', 'correct_img': 'glasses', 'correct_key': 'rshift', 'sound_dir': '../audio/067.wav', 'image_dir': None}
18.6634 	DATA 	Keypress: lshift
18.6679 	EXP 	exp1_image_l: autoDraw = False
18.6679 	EXP 	exp1_image_r: autoDraw = False
18.6679 	EXP 	exp1_image_l: image = '../image/beer.png'
18.6679 	EXP 	exp1_image_r: image = '../image/glasses.png'
18.6679 	EXP 	exp1_image_l: autoDraw = True
18.6679 	EXP 	exp1_image_r: autoDraw = True
18.8215 	EXP 	New trial (rep=0, index=6): {'exp_num': 1, 'sent_code': 'l1_f_sp_na_089', 'list': 'l1', 'cond': 'f', 'lang': 'sp', 'type': 'na', 'num': 89.0, 'image': 'wallet', 'image_alt': 'bed', 'left_img': 'bed', 'right_img': 'wallet', 'left': '../image/bed.png', 'right': '../image/wallet.png', 'correct_img': 'wallet', 'correct_key': 'lshift', 'sound_dir': '../audio/089.wav', 'image_dir': None}
18.8586 	DATA 	Keypress: lshift
18.8643 	EXP 	exp1_image_l: autoDraw = False
18.8643 	EXP 	exp1_image_r: autoDraw = False
18.8643 	EXP 	exp1_image_l: image = '../image/bed.png'
18.8643 	EXP 	exp1_image_r: image = '../image/wallet.png'
18.8643 	EXP 	exp1_image_l: autoDraw = True
18.8643 	EXP 	exp1_image_r: autoDraw = True
19.0818 	EXP 	New trial (rep=0, index=7): {'exp_num': 1, 'sent_code': 'l1_f_en_na_064', 'list': 'l1', 'cond': 'f', 'lang': 'en', 'type': 'na', 'num': 64.0, 'image': 'wallet', 'image_alt': 'key', 'left_img': 'wallet', 'right_img': 'key', 'left': '../image/wallet.png', 'right': '../image/key.png', 'correct_img': 'wallet', 'correct_key': 'lshift', 'sound_dir': '../audio/064.wav', 'image_dir': None}
19.1172 	DATA 	Keypress: lshift
19.1225 	EXP 	exp1_image_l: autoDraw = False
19.1225 	EXP 	exp1_image_r: autoDraw = False
19.1225 	EXP 	exp1_image_l: image = '../image/wallet.png'
19.1225 	EXP 	exp1_image_r: image = '../image/key.png'
19.1225 	EXP 	exp1_image_l: autoDraw = True
19.1225 	EXP 	exp1_image_r: autoDraw = True
19.2866 	EXP 	New trial (rep=0, index=8): {'exp_num': 1, 'sent_code': 'l1_f_en_na_063', 'list': 'l1', 'cond': 'f', 'lang': 'en', 'type': 'na', 'num': 63.0, 'image': 'man', 'image_alt': 'woman', 'left_img': 'woman', 'right_img': 'man', 'left': '../image/woman.png', 'right': '../image/man.png', 'correct_img': 'man', 'correct_key': 'rshift', 'sound_dir': '../audio/063.wav', 'image_dir': None}
19.3200 	DATA 	Keypress: rshift
19.3247 	EXP 	exp1_image_l: autoDraw = False
19.3247 	EXP 	exp1_image_r: autoDraw = False
19.3247 	EXP 	exp1_image_l: image = '../image/woman.png'
19.3247 	EXP 	exp1_image_r: image = '../image/man.png'
19.3247 	EXP 	exp1_image_l: autoDraw = True
19.3247 	EXP 	exp1_image_r: autoDraw = True
19.4808 	EXP 	New trial (rep=0, index=9): {'exp_num': 1, 'sent_code': 'l1_t_es_f0u_132', 'list': 'l1', 'cond': 't', 'lang': 'es', 'type': 'f0u', 'num': 132.0, 'image': 'grandma', 'image_alt': 'car', 'left_img': 'car', 'right_img': 'grandma', 'left': '../image/car.png', 'right': '../image/grandma.png', 'correct_img': 'grandma', 'correct_key': 'lshift', 'sound_dir': '../audio/132.wav', 'image_dir': None}
19.5151 	DATA 	Keypress: lshift
19.5200 	EXP 	exp1_image_l: autoDraw = False
19.5200 	EXP 	exp1_image_r: autoDraw = False
19.5200 	EXP 	exp1_image_l: image = '../image/car.png'
19.5200 	EXP 	exp1_image_r: image = '../image/grandma.png'
19.5200 	EXP 	exp1_image_l: autoDraw = True
19.5200 	EXP 	exp1_image_r: autoDraw = True
19.7167 	DATA 	Keypress: rshift
19.7231 	EXP 	New trial (rep=0, index=10): {'exp_num': 1, 'sent_code': 'l1_f_se_na_081', 'list': 'l1', 'cond': 'f', 'lang': 'se', 'type': 'na', 'num': 81.0, 'image': 'sweatpants', 'image_alt': 'boxers', 'left_img': 'boxers', 'right_img': 'sweatpants', 'left': '../image/boxers.png', 'right': '../image/sweatpants.png', 'correct_img': 'sweatpants', 'correct_key': 'rshift', 'sound_dir': '../audio/081.wav', 'image_dir': None}
19.7607 	EXP 	exp1_image_l: autoDraw = False
19.7607 	EXP 	exp1_image_r: autoDraw = False
19.7607 	EXP 	exp1_image_l: image = '../image/boxers.png'
19.7607 	EXP 	exp1_image_r: image = '../image/sweatpants.png'
19.7607 	EXP 	exp1_image_l: autoDraw = True
19.7607 	EXP 	exp1_image_r: autoDraw = True
19.8518 	EXP 	New trial (rep=0, index=11): {'exp_num': 1, 'sent_code': 'l1_t_es_f0u_138', 'list': 'l1', 'cond': 't', 'lang': 'es', 'type': 'f0u', 'num': 138.0, 'image': 'shirt', 'image_alt': 'pants', 'left_img': 'pants', 'right_img': 'shirt', 'left': '../image/pants.png', 'right': '../image/shirt.png', 'correct_img': 'shirt', 'correct_key': 'lshift', 'sound_dir': '../audio/138.wav', 'image_dir': None}
19.8811 	DATA 	Keypress: lshift
19.8851 	EXP 	exp1_image_l: autoDraw = False
19.8851 	EXP 	exp1_image_r: autoDraw = False
19.8851 	EXP 	exp1_image_l: image = '../image/pants.png'
19.8851 	EXP 	exp1_image_r: image = '../image/shirt.png'
19.8851 	EXP 	exp1_image_l: autoDraw = True
19.8851 	EXP 	exp1_image_r: autoDraw = True
20.0820 	EXP 	New trial (rep=0, index=12): {'exp_num': 1, 'sent_code': 'l1_t_es_f0u_137', 'list': 'l1', 'cond': 't', 'lang': 'es', 'type': 'f0u', 'num': 137.0, 'image': 'jacket', 'image_alt': 'shirt', 'left_img': 'jacket', 'right_img': 'shirt', 'left': '../image/jacket.png', 'right': '../image/shirt.png', 'correct_img': 'jacket', 'correct_key': 'rshift', 'sound_dir': '../audio/137.wav', 'image_dir': None}
20.1137 	DATA 	Keypress: rshift
20.1181 	EXP 	exp1_image_l: autoDraw = False
20.1181 	EXP 	exp1_image_r: autoDraw = False
20.1181 	EXP 	exp1_image_l: image = '../image/jacket.png'
20.1181 	EXP 	exp1_image_r: image = '../image/shirt.png'
20.1181 	EXP 	exp1_image_l: autoDraw = True
20.1181 	EXP 	exp1_image_r: autoDraw = True
20.2522 	EXP 	New trial (rep=0, index=13): {'exp_num': 1, 'sent_code': 'l1_f_sp_na_092', 'list': 'l1', 'cond': 'f', 'lang': 'sp', 'type': 'na', 'num': 92.0, 'image': 'armchair', 'image_alt': 'dog', 'left_img': 'armchair', 'right_img': 'dog', 'left': '../image/armchair.png', 'right': '../image/dog.png', 'correct_img': 'armchair', 'correct_key': 'rshift', 'sound_dir': '../audio/092.wav', 'image_dir': None}
20.2887 	DATA 	Keypress: lshift
20.2932 	EXP 	exp1_image_l: autoDraw = False
20.2932 	EXP 	exp1_image_r: autoDraw = False
20.2932 	EXP 	exp1_image_l: image = '../image/armchair.png'
20.2932 	EXP 	exp1_image_r: image = '../image/dog.png'
20.2932 	EXP 	exp1_image_l: autoDraw = True
20.2932 	EXP 	exp1_image_r: autoDraw = True
20.4692 	EXP 	New trial (rep=0, index=14): {'exp_num': 1, 'sent_code': 'l1_f_en_na_075', 'list': 'l1', 'cond': 'f', 'lang': 'en', 'type': 'na', 'num': 75.0, 'image': 'fish', 'image_alt': 'dog', 'left_img': 'dog', 'right_img': 'fish', 'left': '../image/dog.png', 'right': '../image/fish.png', 'correct_img': 'fish', 'correct_key': 'rshift', 'sound_dir': '../audio/075.wav', 'image_dir': None}
20.5018 	DATA 	Keypress: rshift
20.5062 	EXP 	exp1_image_l: autoDraw = False
20.5062 	EXP 	exp1_image_r: autoDraw = False
20.5062 	EXP 	exp1_image_l: image = '../image/dog.png'
20.5062 	EXP 	exp1_image_r: image = '../image/fish.png'
20.5062 	EXP 	exp1_image_l: autoDraw = True
20.5062 	EXP 	exp1_image_r: autoDraw = True
20.6654 	EXP 	New trial (rep=0, index=15): {'exp_num': 1, 'sent_code': 'l1_f_sp_na_086', 'list': 'l1', 'cond': 'f', 'lang': 'sp', 'type': 'na', 'num': 86.0, 'image': 'plates', 'image_alt': 'glasses', 'left_img': 'plates', 'right_img': 'glasses', 'left': '../image/plates.png', 'right': '../image/glasses.png', 'correct_img': 'plates', 'correct_key': 'lshift', 'sound_dir': '../audio/086.wav', 'image_dir': None}
20.6947 	DATA 	Keypress: lshift
20.6996 	EXP 	exp1_image_l: autoDraw = False
20.6996 	EXP 	exp1_image_r: autoDraw = False
20.6996 	EXP 	exp1_image_l: image = '../image/plates.png'
20.6996 	EXP 	exp1_image_r: image = '../image/glasses.png'
20.6996 	EXP 	exp1_image_l: autoDraw = True
20.6996 	EXP 	exp1_image_r: autoDraw = True
20.8654 	EXP 	New trial (rep=0, index=16): {'exp_num': 1, 'sent_code': 'l1_f_sp_na_090', 'list': 'l1', 'cond': 'f', 'lang': 'sp', 'type': 'na', 'num': 90.0, 'image': 'bag', 'image_alt': 'bottle', 'left_img': 'bag', 'right_img': 'bottle', 'left': '../image/bag.png', 'right': '../image/bottle.png', 'correct_img': 'bag', 'correct_key': 'rshift', 'sound_dir': '../audio/090.wav', 'image_dir': None}
20.8962 	DATA 	Keypress: rshift
20.9015 	EXP 	exp1_image_l: autoDraw = False
20.9015 	EXP 	exp1_image_r: autoDraw = False
20.9015 	EXP 	exp1_image_l: image = '../image/bag.png'
20.9015 	EXP 	exp1_image_r: image = '../image/bottle.png'
20.9015 	EXP 	exp1_image_l: autoDraw = True
20.9015 	EXP 	exp1_image_r: autoDraw = True
21.0319 	EXP 	New trial (rep=0, index=17): {'exp_num': 1, 'sent_code': 'l1_f_se_na_079', 'list': 'l1', 'cond': 'f', 'lang': 'se', 'type': 'na', 'num': 79.0, 'image': 'jeans', 'image_alt': 'sweatpants', 'left_img': 'sweatpants', 'right_img': 'jeans', 'left': '../image/sweatpants.png', 'right': '../image/jeans.png', 'correct_img': 'jeans', 'correct_key': 'rshift', 'sound_dir': '../audio/079.wav', 'image_dir': None}
21.0625 	DATA 	Keypress: lshift
21.0671 	EXP 	exp1_image_l: autoDraw = False
21.0671 	EXP 	exp1_image_r: autoDraw = False
21.0671 	EXP 	exp1_image_l: image = '../image/sweatpants.png'
21.0671 	EXP 	exp1_image_r: image = '../image/jeans.png'
21.0671 	EXP 	exp1_image_l: autoDraw = True
21.0671 	EXP 	exp1_image_r: autoDraw = True
21.2318 	EXP 	New trial (rep=0, index=18): {'exp_num': 1, 'sent_code': 'l1_t_es_na_013', 'list': 'l1', 'cond': 't', 'lang': 'es', 'type': 'na', 'num': 13.0, 'image': 'beer', 'image_alt': 'wine', 'left_img': 'beer', 'right_img': 'wine', 'left': '../image/beer.png', 'right': '../image/wine.png', 'correct_img': 'beer', 'correct_key': 'rshift', 'sound_dir': '../audio/013.wav', 'image_dir': None}
21.2641 	DATA 	Keypress: rshift
21.2692 	EXP 	exp1_image_l: autoDraw = False
21.2692 	EXP 	exp1_image_r: autoDraw = False
21.2692 	EXP 	exp1_image_l: image = '../image/beer.png'
21.2692 	EXP 	exp1_image_r: image = '../image/wine.png'
21.2692 	EXP 	exp1_image_l: autoDraw = True
21.2692 	EXP 	exp1_image_r: autoDraw = True
21.3868 	EXP 	New trial (rep=0, index=19): {'exp_num': 1, 'sent_code': 'l1_f_en_na_074', 'list': 'l1', 'cond': 'f', 'lang': 'en', 'type': 'na', 'num': 74.0, 'image': 'boy', 'image_alt': 'woman', 'left_img': 'boy', 'right_img': 'woman', 'left': '../image/boy.png', 'right': '../image/woman.png', 'correct_img': 'boy', 'correct_key': 'lshift', 'sound_dir': '../audio/074.wav', 'image_dir': None}
21.4188 	DATA 	Keypress: lshift
21.4232 	EXP 	exp1_image_l: autoDraw = False
21.4232 	EXP 	exp1_image_r: autoDraw = False
21.4232 	EXP 	exp1_image_l: image = '../image/boy.png'
21.4232 	EXP 	exp1_image_r: image = '../image/woman.png'
21.4232 	EXP 	exp1_image_l: autoDraw = True
21.4232 	EXP 	exp1_image_r: autoDraw = True
21.5873 	EXP 	New trial (rep=0, index=20): {'exp_num': 1, 'sent_code': 'l1_f_en_na_072', 'list': 'l1', 'cond': 'f', 'lang': 'en', 'type': 'na', 'num': 72.0, 'image': 'dog', 'image_alt': 'fish', 'left_img': 'dog', 'right_img': 'fish', 'left': '../image/dog.png', 'right': '../image/fish.png', 'correct_img': 'dog', 'correct_key': 'lshift', 'sound_dir': '../audio/072.wav', 'image_dir': None}
21.6187 	DATA 	Keypress: rshift
21.6236 	EXP 	exp1_image_l: autoDraw = False
21.6236 	EXP 	exp1_image_r: autoDraw = False
21.6236 	EXP 	exp1_image_l: image = '../image/dog.png'
21.6236 	EXP 	exp1_image_r: image = '../image/fish.png'
21.6236 	EXP 	exp1_image_l: autoDraw = True
21.6236 	EXP 	exp1_image_r: autoDraw = True
21.7310 	EXP 	New trial (rep=0, index=21): {'exp_num': 1, 'sent_code': 'l1_f_sp_na_088', 'list': 'l1', 'cond': 'f', 'lang': 'sp', 'type': 'na', 'num': 88.0, 'image': 'book', 'image_alt': 'cellphone', 'left_img': 'book', 'right_img': 'cellphone', 'left': '../image/book.png', 'right': '../image/cellphone.png', 'correct_img': 'book', 'correct_key': 'rshift', 'sound_dir': '../audio/088.wav', 'image_dir': None}
21.7615 	DATA 	Keypress: lshift
21.7662 	EXP 	exp1_image_l: autoDraw = False
21.7662 	EXP 	exp1_image_r: autoDraw = False
21.7662 	EXP 	exp1_image_l: image = '../image/book.png'
21.7662 	EXP 	exp1_image_r: image = '../image/cellphone.png'
21.7662 	EXP 	exp1_image_l: autoDraw = True
21.7662 	EXP 	exp1_image_r: autoDraw = True
21.9148 	EXP 	New trial (rep=0, index=22): {'exp_num': 1, 'sent_code': 'l1_t_es_na_018', 'list': 'l1', 'cond': 't', 'lang': 'es', 'type': 'na', 'num': 18.0, 'image': 'napkins', 'image_alt': 'cups', 'left_img': 'cups', 'right_img': 'napkins', 'left': '../image/cups.png', 'right': '../image/napkins.png', 'correct_img': 'napkins', 'correct_key': 'lshift', 'sound_dir': '../audio/018.wav', 'image_dir': None}
21.9479 	DATA 	Keypress: rshift
21.9517 	EXP 	exp1_image_l: autoDraw = False
21.9517 	EXP 	exp1_image_r: autoDraw = False
21.9517 	EXP 	exp1_image_l: image = '../image/cups.png'
21.9517 	EXP 	exp1_image_r: image = '../image/napkins.png'
21.9517 	EXP 	exp1_image_l: autoDraw = True
21.9517 	EXP 	exp1_image_r: autoDraw = True
22.0643 	EXP 	New trial (rep=0, index=23): {'exp_num': 1, 'sent_code': 'l1_f_en_na_070', 'list': 'l1', 'cond': 'f', 'lang': 'en', 'type': 'na', 'num': 70.0, 'image': 'computer', 'image_alt': 'bed', 'left_img': 'computer', 'right_img': 'bed', 'left': '../image/computer.png', 'right': '../image/bed.png', 'correct_img': 'computer', 'correct_key': 'lshift', 'sound_dir': '../audio/070.wav', 'image_dir': None}
22.0963 	DATA 	Keypress: lshift
22.1000 	EXP 	exp1_image_l: autoDraw = False
22.1000 	EXP 	exp1_image_r: autoDraw = False
22.1000 	EXP 	exp1_image_l: image = '../image/computer.png'
22.1000 	EXP 	exp1_image_r: image = '../image/bed.png'
22.1000 	EXP 	exp1_image_l: autoDraw = True
22.1000 	EXP 	exp1_image_r: autoDraw = True
22.2643 	EXP 	New trial (rep=0, index=24): {'exp_num': 1, 'sent_code': 'l1_f_sp_na_095', 'list': 'l1', 'cond': 'f', 'lang': 'sp', 'type': 'na', 'num': 95.0, 'image': 'key', 'image_alt': 'socks', 'left_img': 'socks', 'right_img': 'key', 'left': '../image/socks.png', 'right': '../image/key.png', 'correct_img': 'key', 'correct_key': 'lshift', 'sound_dir': '../audio/095.wav', 'image_dir': None}
22.2937 	DATA 	Keypress: rshift
22.2984 	EXP 	exp1_image_l: autoDraw = False
22.2984 	EXP 	exp1_image_r: autoDraw = False
22.2984 	EXP 	exp1_image_l: image = '../image/socks.png'
22.2984 	EXP 	exp1_image_r: image = '../image/key.png'
22.2984 	EXP 	exp1_image_l: autoDraw = True
22.2984 	EXP 	exp1_image_r: autoDraw = True
22.4186 	EXP 	New trial (rep=0, index=25): {'exp_num': 1, 'sent_code': 'l1_f_sp_na_093', 'list': 'l1', 'cond': 'f', 'lang': 'sp', 'type': 'na', 'num': 93.0, 'image': 'book', 'image_alt': 'boy', 'left_img': 'boy', 'right_img': 'book', 'left': '../image/boy.png', 'right': '../image/book.png', 'correct_img': 'book', 'correct_key': 'lshift', 'sound_dir': '../audio/093.wav', 'image_dir': None}
22.4517 	DATA 	Keypress: lshift
22.4560 	EXP 	exp1_image_l: autoDraw = False
22.4560 	EXP 	exp1_image_r: autoDraw = False
22.4560 	EXP 	exp1_image_l: image = '../image/boy.png'
22.4560 	EXP 	exp1_image_r: image = '../image/book.png'
22.4560 	EXP 	exp1_image_l: autoDraw = True
22.4560 	EXP 	exp1_image_r: autoDraw = True
22.5861 	EXP 	New trial (rep=0, index=26): {'exp_num': 1, 'sent_code': 'l1_f_se_na_084', 'list': 'l1', 'cond': 'f', 'lang': 'se', 'type': 'na', 'num': 84.0, 'image': 'penthouse', 'image_alt': 'rocket', 'left_img': 'penthouse', 'right_img': 'rocket', 'left': '../image/penthouse.png', 'right': '../image/rocket.png', 'correct_img': 'penthouse', 'correct_key': 'lshift', 'sound_dir': '../audio/084.wav', 'image_dir': None}
22.6188 	DATA 	Keypress: rshift
22.6225 	EXP 	exp1_image_l: autoDraw = False
22.6225 	EXP 	exp1_image_r: autoDraw = False
22.6225 	EXP 	exp1_image_l: image = '../image/penthouse.png'
22.6225 	EXP 	exp1_image_r: image = '../image/rocket.png'
22.6225 	EXP 	exp1_image_l: autoDraw = True
22.6225 	EXP 	exp1_image_r: autoDraw = True
22.7517 	EXP 	New trial (rep=0, index=27): {'exp_num': 1, 'sent_code': 'l1_t_es_na_017', 'list': 'l1', 'cond': 't', 'lang': 'es', 'type': 'na', 'num': 17.0, 'image': 'jug', 'image_alt': 'cat', 'left_img': 'jug', 'right_img': 'cat', 'left': '../image/jug.png', 'right': '../image/cat.png', 'correct_img': 'jug', 'correct_key': 'rshift', 'sound_dir': '../audio/017.wav', 'image_dir': None}
22.7819 	DATA 	Keypress: lshift
22.7857 	EXP 	exp1_image_l: autoDraw = False
22.7857 	EXP 	exp1_image_r: autoDraw = False
22.7857 	EXP 	exp1_image_l: image = '../image/jug.png'
22.7857 	EXP 	exp1_image_r: image = '../image/cat.png'
22.7857 	EXP 	exp1_image_l: autoDraw = True
22.7857 	EXP 	exp1_image_r: autoDraw = True
22.9199 	EXP 	New trial (rep=0, index=28): {'exp_num': 1, 'sent_code': 'l1_f_en_na_066', 'list': 'l1', 'cond': 'f', 'lang': 'en', 'type': 'na', 'num': 66.0, 'image': 'bag', 'image_alt': 'scarf', 'left_img': 'bag', 'right_img': 'scarf', 'left': '../image/bag.png', 'right': '../image/scarf.png', 'correct_img': 'bag', 'correct_key': 'lshift', 'sound_dir': '../audio/066.wav', 'image_dir': None}
22.9502 	DATA 	Keypress: rshift
22.9539 	EXP 	exp1_image_l: autoDraw = False
22.9539 	EXP 	exp1_image_r: autoDraw = False
22.9539 	EXP 	exp1_image_l: image = '../image/bag.png'
22.9539 	EXP 	exp1_image_r: image = '../image/scarf.png'
22.9539 	EXP 	exp1_image_l: autoDraw = True
22.9539 	EXP 	exp1_image_r: autoDraw = True
23.0973 	EXP 	New trial (rep=0, index=29): {'exp_num': 1, 'sent_code': 'l1_f_en_na_071', 'list': 'l1', 'cond': 'f', 'lang': 'en', 'type': 'na', 'num': 71.0, 'image': 'plane', 'image_alt': 'wallet', 'left_img': 'wallet', 'right_img': 'plane', 'left': '../image/wallet.png', 'right': '../image/plane.png', 'correct_img': 'plane', 'correct_key': 'rshift', 'sound_dir': '../audio/071.wav', 'image_dir': None}
23.1297 	DATA 	Keypress: lshift
23.1342 	EXP 	exp1_image_l: autoDraw = False
23.1342 	EXP 	exp1_image_r: autoDraw = False
23.1342 	EXP 	exp1_image_l: image = '../image/wallet.png'
23.1342 	EXP 	exp1_image_r: image = '../image/plane.png'
23.1342 	EXP 	exp1_image_l: autoDraw = True
23.1342 	EXP 	exp1_image_r: autoDraw = True
23.2807 	EXP 	New trial (rep=0, index=30): {'exp_num': 1, 'sent_code': 'l1_t_es_f0u_140', 'list': 'l1', 'cond': 't', 'lang': 'es', 'type': 'f0u', 'num': 140.0, 'image': 'bracelet', 'image_alt': 'ring', 'left_img': 'ring', 'right_img': 'bracelet', 'left': '../image/ring.png', 'right': '../image/bracelet.png', 'correct_img': 'bracelet', 'correct_key': 'rshift', 'sound_dir': '../audio/140.wav', 'image_dir': None}
23.3108 	DATA 	Keypress: rshift
23.3153 	EXP 	exp1_image_l: autoDraw = False
23.3153 	EXP 	exp1_image_r: autoDraw = False
23.3153 	EXP 	exp1_image_l: image = '../image/ring.png'
23.3153 	EXP 	exp1_image_r: image = '../image/bracelet.png'
23.3153 	EXP 	exp1_image_l: autoDraw = True
23.3153 	EXP 	exp1_image_r: autoDraw = True
23.4140 	EXP 	New trial (rep=0, index=31): {'exp_num': 1, 'sent_code': 'l1_f_en_na_062', 'list': 'l1', 'cond': 'f', 'lang': 'en', 'type': 'na', 'num': 62.0, 'image': 'shoe', 'image_alt': 'ring', 'left_img': 'shoe', 'right_img': 'ring', 'left': '../image/shoe.png', 'right': '../image/ring.png', 'correct_img': 'shoe', 'correct_key': 'lshift', 'sound_dir': '../audio/062.wav', 'image_dir': None}
23.4432 	DATA 	Keypress: lshift
23.4474 	EXP 	exp1_image_l: autoDraw = False
23.4474 	EXP 	exp1_image_r: autoDraw = False
23.4474 	EXP 	exp1_image_l: image = '../image/shoe.png'
23.4474 	EXP 	exp1_image_r: image = '../image/ring.png'
23.4474 	EXP 	exp1_image_l: autoDraw = True
23.4474 	EXP 	exp1_image_r: autoDraw = True
23.5976 	EXP 	New trial (rep=0, index=32): {'exp_num': 1, 'sent_code': 'l1_t_es_f0u_136', 'list': 'l1', 'cond': 't', 'lang': 'es', 'type': 'f0u', 'num': 136.0, 'image': 'village', 'image_alt': 'city', 'left_img': 'city', 'right_img': 'village', 'left': '../image/city.png', 'right': '../image/village.png', 'correct_img': 'village', 'correct_key': 'lshift', 'sound_dir': '../audio/136.wav', 'image_dir': None}
23.6320 	DATA 	Keypress: rshift
23.6368 	EXP 	exp1_image_l: autoDraw = False
23.6368 	EXP 	exp1_image_r: autoDraw = False
23.6368 	EXP 	exp1_image_l: image = '../image/city.png'
23.6368 	EXP 	exp1_image_r: image = '../image/village.png'
23.6368 	EXP 	exp1_image_l: autoDraw = True
23.6368 	EXP 	exp1_image_r: autoDraw = True
23.7645 	EXP 	New trial (rep=0, index=33): {'exp_num': 1, 'sent_code': 'l1_f_se_na_076', 'list': 'l1', 'cond': 'f', 'lang': 'se', 'type': 'na', 'num': 76.0, 'image': 'hotdog', 'image_alt': 'burger', 'left_img': 'hotdog', 'right_img': 'burger', 'left': '../image/hotdog.png', 'right': '../image/burger.png', 'correct_img': 'hotdog', 'correct_key': 'lshift', 'sound_dir': '../audio/076.wav', 'image_dir': None}
23.8013 	DATA 	Keypress: lshift
23.8051 	EXP 	exp1_image_l: autoDraw = False
23.8051 	EXP 	exp1_image_r: autoDraw = False
23.8051 	EXP 	exp1_image_l: image = '../image/hotdog.png'
23.8051 	EXP 	exp1_image_r: image = '../image/burger.png'
23.8051 	EXP 	exp1_image_l: autoDraw = True
23.8051 	EXP 	exp1_image_r: autoDraw = True
23.9184 	EXP 	New trial (rep=0, index=34): {'exp_num': 1, 'sent_code': 'l1_f_se_na_082', 'list': 'l1', 'cond': 'f', 'lang': 'se', 'type': 'na', 'num': 82.0, 'image': 'mickeymouse', 'image_alt': 'spongebob', 'left_img': 'mickeymouse', 'right_img': 'spongebob', 'left': '../image/mickeymouse.png', 'right': '../image/spongebob.png', 'correct_img': 'mickeymouse', 'correct_key': 'lshift', 'sound_dir': '../audio/082.wav', 'image_dir': None}
23.9476 	DATA 	Keypress: rshift
23.9519 	EXP 	exp1_image_l: autoDraw = False
23.9519 	EXP 	exp1_image_r: autoDraw = False
23.9519 	EXP 	exp1_image_l: image = '../image/mickeymouse.png'
23.9519 	EXP 	exp1_image_r: image = '../image/spongebob.png'
23.9519 	EXP 	exp1_image_l: autoDraw = True
23.9519 	EXP 	exp1_image_r: autoDraw = True
24.0807 	EXP 	New trial (rep=0, index=35): {'exp_num': 1, 'sent_code': 'l1_f_se_na_077', 'list': 'l1', 'cond': 'f', 'lang': 'se', 'type': 'na', 'num': 77.0, 'image': 'donut', 'image_alt': 'mashedpotatoes', 'left_img': 'mashedpotatoes', 'right_img': 'donut', 'left': '../image/mashedpotatoes.png', 'right': '../image/donut.png', 'correct_img': 'donut', 'correct_key': 'rshift', 'sound_dir': '../audio/077.wav', 'image_dir': None}
24.1140 	DATA 	Keypress: lshift
24.1194 	EXP 	exp1_image_l: autoDraw = False
24.1194 	EXP 	exp1_image_r: autoDraw = False
24.1194 	EXP 	exp1_image_l: image = '../image/mashedpotatoes.png'
24.1194 	EXP 	exp1_image_r: image = '../image/donut.png'
24.1194 	EXP 	exp1_image_l: autoDraw = True
24.1194 	EXP 	exp1_image_r: autoDraw = True
24.2530 	EXP 	New trial (rep=0, index=36): {'exp_num': 1, 'sent_code': 'l1_t_es_na_015', 'list': 'l1', 'cond': 't', 'lang': 'es', 'type': 'na', 'num': 15.0, 'image': 'glasses', 'image_alt': 'jacket', 'left_img': 'glasses', 'right_img': 'jacket', 'left': '../image/glasses.png', 'right': '../image/jacket.png', 'correct_img': 'glasses', 'correct_key': 'rshift', 'sound_dir': '../audio/015.wav', 'image_dir': None}
24.2820 	DATA 	Keypress: rshift
24.2868 	EXP 	exp1_image_l: autoDraw = False
24.2868 	EXP 	exp1_image_r: autoDraw = False
24.2868 	EXP 	exp1_image_l: image = '../image/glasses.png'
24.2868 	EXP 	exp1_image_r: image = '../image/jacket.png'
24.2868 	EXP 	exp1_image_l: autoDraw = True
24.2868 	EXP 	exp1_image_r: autoDraw = True
24.4316 	EXP 	New trial (rep=0, index=37): {'exp_num': 1, 'sent_code': 'l1_t_es_na_019', 'list': 'l1', 'cond': 't', 'lang': 'es', 'type': 'na', 'num': 19.0, 'image': 'boy', 'image_alt': 'dog', 'left_img': 'boy', 'right_img': 'dog', 'left': '../image/boy.png', 'right': '../image/dog.png', 'correct_img': 'boy', 'correct_key': 'rshift', 'sound_dir': '../audio/019.wav', 'image_dir': None}
24.4647 	DATA 	Keypress: lshift
24.4693 	EXP 	exp1_image_l: autoDraw = False
24.4693 	EXP 	exp1_image_r: autoDraw = False
24.4693 	EXP 	exp1_image_l: image = '../image/boy.png'
24.4693 	EXP 	exp1_image_r: image = '../image/dog.png'
24.4693 	EXP 	exp1_image_l: autoDraw = True
24.4693 	EXP 	exp1_image_r: autoDraw = True
24.5976 	EXP 	New trial (rep=0, index=38): {'exp_num': 1, 'sent_code': 'l1_f_sp_na_087', 'list': 'l1', 'cond': 'f', 'lang': 'sp', 'type': 'na', 'num': 87.0, 'image': 'bed', 'image_alt': 'desk', 'left_img': 'desk', 'right_img': 'bed', 'left': '../image/desk.png', 'right': '../image/bed.png', 'correct_img': 'bed', 'correct_key': 'rshift', 'sound_dir': '../audio/087.wav', 'image_dir': None}
24.6321 	DATA 	Keypress: rshift
24.6365 	EXP 	exp1_image_l: autoDraw = False
24.6365 	EXP 	exp1_image_r: autoDraw = False
24.6365 	EXP 	exp1_image_l: image = '../image/desk.png'
24.6365 	EXP 	exp1_image_r: image = '../image/bed.png'
24.6365 	EXP 	exp1_image_l: autoDraw = True
24.6365 	EXP 	exp1_image_r: autoDraw = True
24.7521 	EXP 	New trial (rep=0, index=39): {'exp_num': 1, 'sent_code': 'l1_t_es_f0u_139', 'list': 'l1', 'cond': 't', 'lang': 'es', 'type': 'f0u', 'num': 139.0, 'image': 'restaurant', 'image_alt': 'hotel', 'left_img': 'restaurant', 'right_img': 'hotel', 'left': '../image/restaurant.png', 'right': '../image/hotel.png', 'correct_img': 'restaurant', 'correct_key': 'rshift', 'sound_dir': '../audio/139.wav', 'image_dir': None}
24.7871 	DATA 	Keypress: lshift
24.7909 	EXP 	exp1_image_l: autoDraw = False
24.7909 	EXP 	exp1_image_r: autoDraw = False
24.7909 	EXP 	exp1_image_l: image = '../image/restaurant.png'
24.7909 	EXP 	exp1_image_r: image = '../image/hotel.png'
24.7909 	EXP 	exp1_image_l: autoDraw = True
24.7909 	EXP 	exp1_image_r: autoDraw = True
24.9303 	EXP 	New trial (rep=0, index=40): {'exp_num': 1, 'sent_code': 'l1_t_es_na_014', 'list': 'l1', 'cond': 't', 'lang': 'es', 'type': 'na', 'num': 14.0, 'image': 'key', 'image_alt': 'book', 'left_img': 'book', 'right_img': 'key', 'left': '../image/book.png', 'right': '../image/key.png', 'correct_img': 'key', 'correct_key': 'lshift', 'sound_dir': '../audio/014.wav', 'image_dir': None}
24.9576 	DATA 	Keypress: rshift
24.9614 	EXP 	exp1_image_l: autoDraw = False
24.9614 	EXP 	exp1_image_r: autoDraw = False
24.9614 	EXP 	exp1_image_l: image = '../image/book.png'
24.9614 	EXP 	exp1_image_r: image = '../image/key.png'
24.9614 	EXP 	exp1_image_l: autoDraw = True
24.9614 	EXP 	exp1_image_r: autoDraw = True
25.1144 	EXP 	New trial (rep=0, index=41): {'exp_num': 1, 'sent_code': 'l1_f_sp_na_091', 'list': 'l1', 'cond': 'f', 'lang': 'sp', 'type': 'na', 'num': 91.0, 'image': 'bracelet', 'image_alt': 'backpack', 'left_img': 'backpack', 'right_img': 'bracelet', 'left': '../image/backpack.png', 'right': '../image/bracelet.png', 'correct_img': 'bracelet', 'correct_key': 'lshift', 'sound_dir': '../audio/091.wav', 'image_dir': None}
25.1492 	DATA 	Keypress: lshift
25.1539 	EXP 	exp1_image_l: autoDraw = False
25.1539 	EXP 	exp1_image_r: autoDraw = False
25.1539 	EXP 	exp1_image_l: image = '../image/backpack.png'
25.1539 	EXP 	exp1_image_r: image = '../image/bracelet.png'
25.1539 	EXP 	exp1_image_l: autoDraw = True
25.1539 	EXP 	exp1_image_r: autoDraw = True
25.2853 	EXP 	New trial (rep=0, index=42): {'exp_num': 1, 'sent_code': 'l1_f_se_na_078', 'list': 'l1', 'cond': 'f', 'lang': 'se', 'type': 'na', 'num': 78.0, 'image': 'airpods', 'image_alt': 'joycons', 'left_img': 'airpods', 'right_img': 'joycons', 'left': '../image/airpods.png', 'right': '../image/joycons.png', 'correct_img': 'airpods', 'correct_key': 'lshift', 'sound_dir': '../audio/078.wav', 'image_dir': None}
25.3135 	DATA 	Keypress: rshift
25.3181 	EXP 	exp1_image_l: autoDraw = False
25.3181 	EXP 	exp1_image_r: autoDraw = False
25.3181 	EXP 	exp1_image_l: image = '../image/airpods.png'
25.3181 	EXP 	exp1_image_r: image = '../image/joycons.png'
25.3181 	EXP 	exp1_image_l: autoDraw = True
25.3181 	EXP 	exp1_image_r: autoDraw = True
25.4528 	EXP 	New trial (rep=0, index=43): {'exp_num': 1, 'sent_code': 'l1_f_sp_na_094', 'list': 'l1', 'cond': 'f', 'lang': 'sp', 'type': 'na', 'num': 94.0, 'image': 'beer', 'image_alt': 'horchata', 'left_img': 'beer', 'right_img': 'horchata', 'left': '../image/beer.png', 'right': '../image/horchata.png', 'correct_img': 'beer', 'correct_key': 'rshift', 'sound_dir': '../audio/094.wav', 'image_dir': None}
25.4839 	DATA 	Keypress: lshift
25.4888 	EXP 	exp1_image_l: autoDraw = False
25.4888 	EXP 	exp1_image_r: autoDraw = False
25.4888 	EXP 	exp1_image_l: image = '../image/beer.png'
25.4888 	EXP 	exp1_image_r: image = '../image/horchata.png'
25.4888 	EXP 	exp1_image_l: autoDraw = True
25.4888 	EXP 	exp1_image_r: autoDraw = True
25.6139 	EXP 	New trial (rep=0, index=44): {'exp_num': 1, 'sent_code': 'l1_f_en_na_065', 'list': 'l1', 'cond': 'f', 'lang': 'en', 'type': 'na', 'num': 65.0, 'image': 'book', 'image_alt': 'computer', 'left_img': 'computer', 'right_img': 'book', 'left': '../image/computer.png', 'right': '../image/book.png', 'correct_img': 'book', 'correct_key': 'rshift', 'sound_dir': '../audio/065.wav', 'image_dir': None}
25.6459 	DATA 	Keypress: rshift
25.6499 	EXP 	exp1_image_l: autoDraw = False
25.6499 	EXP 	exp1_image_r: autoDraw = False
25.6499 	EXP 	exp1_image_l: image = '../image/computer.png'
25.6499 	EXP 	exp1_image_r: image = '../image/book.png'
25.6499 	EXP 	exp1_image_l: autoDraw = True
25.6499 	EXP 	exp1_image_r: autoDraw = True
25.7686 	EXP 	New trial (rep=0, index=45): {'exp_num': 1, 'sent_code': 'l1_t_es_f0u_135', 'list': 'l1', 'cond': 't', 'lang': 'es', 'type': 'f0u', 'num': 135.0, 'image': 'flipflops', 'image_alt': 'flower', 'left_img': 'flipflops', 'right_img': 'flower', 'left': '../image/flipflops.png', 'right': '../image/flower.png', 'correct_img': 'flipflops', 'correct_key': 'rshift', 'sound_dir': '../audio/135.wav', 'image_dir': None}
25.8026 	DATA 	Keypress: lshift
25.8073 	EXP 	exp1_image_l: autoDraw = False
25.8073 	EXP 	exp1_image_r: autoDraw = False
25.8073 	EXP 	exp1_image_l: image = '../image/flipflops.png'
25.8073 	EXP 	exp1_image_r: image = '../image/flower.png'
25.8073 	EXP 	exp1_image_l: autoDraw = True
25.8073 	EXP 	exp1_image_r: autoDraw = True
25.9308 	EXP 	New trial (rep=0, index=46): {'exp_num': 1, 'sent_code': 'l1_f_en_na_061', 'list': 'l1', 'cond': 'f', 'lang': 'en', 'type': 'na', 'num': 61.0, 'image': 'dog', 'image_alt': 'cat', 'left_img': 'cat', 'right_img': 'dog', 'left': '../image/cat.png', 'right': '../image/dog.png', 'correct_img': 'dog', 'correct_key': 'rshift', 'sound_dir': '../audio/061.wav', 'image_dir': '../image/'}
25.9609 	DATA 	Keypress: rshift
25.9649 	EXP 	exp1_image_l: autoDraw = False
25.9649 	EXP 	exp1_image_r: autoDraw = False
25.9649 	EXP 	exp1_image_l: image = '../image/cat.png'
25.9649 	EXP 	exp1_image_r: image = '../image/dog.png'
25.9649 	EXP 	exp1_image_l: autoDraw = True
25.9649 	EXP 	exp1_image_r: autoDraw = True
26.1145 	EXP 	New trial (rep=0, index=47): {'exp_num': 1, 'sent_code': 'l1_t_es_f0u_134', 'list': 'l1', 'cond': 't', 'lang': 'es', 'type': 'f0u', 'num': 134.0, 'image': 'truck', 'image_alt': 'basket', 'left_img': 'basket', 'right_img': 'truck', 'left': '../image/basket.png', 'right': '../image/truck.png', 'correct_img': 'truck', 'correct_key': 'lshift', 'sound_dir': '../audio/134.wav', 'image_dir': None}
26.1535 	DATA 	Keypress: lshift
26.1579 	EXP 	exp1_image_l: autoDraw = False
26.1579 	EXP 	exp1_image_r: autoDraw = False
26.1579 	EXP 	exp1_image_l: image = '../image/basket.png'
26.1579 	EXP 	exp1_image_r: image = '../image/truck.png'
26.1579 	EXP 	exp1_image_l: autoDraw = True
26.1579 	EXP 	exp1_image_r: autoDraw = True
26.2978 	EXP 	New trial (rep=0, index=48): {'exp_num': 1, 'sent_code': 'l1_f_en_na_073', 'list': 'l1', 'cond': 'f', 'lang': 'en', 'type': 'na', 'num': 73.0, 'image': 'tshirt', 'image_alt': 'socks', 'left_img': 'socks', 'right_img': 'tshirt', 'left': '../image/socks.png', 'right': '../image/tshirt.png', 'correct_img': 'tshirt', 'correct_key': 'rshift', 'sound_dir': '../audio/073.wav', 'image_dir': None}
26.3298 	DATA 	Keypress: rshift
26.3342 	EXP 	exp1_image_l: autoDraw = False
26.3342 	EXP 	exp1_image_r: autoDraw = False
26.3342 	EXP 	exp1_image_l: image = '../image/socks.png'
26.3342 	EXP 	exp1_image_r: image = '../image/tshirt.png'
26.3342 	EXP 	exp1_image_l: autoDraw = True
26.3342 	EXP 	exp1_image_r: autoDraw = True
26.4689 	EXP 	New trial (rep=0, index=49): {'exp_num': 1, 'sent_code': 'l1_t_es_f0u_133', 'list': 'l1', 'cond': 't', 'lang': 'es', 'type': 'f0u', 'num': 133.0, 'image': 'cellphone', 'image_alt': 'book', 'left_img': 'cellphone', 'right_img': 'book', 'left': '../image/cellphone.png', 'right': '../image/book.png', 'correct_img': 'cellphone', 'correct_key': 'rshift', 'sound_dir': '../audio/133.wav', 'image_dir': None}
26.5008 	DATA 	Keypress: lshift
26.5056 	EXP 	exp1_image_l: autoDraw = False
26.5056 	EXP 	exp1_image_r: autoDraw = False
26.5056 	EXP 	exp1_image_l: image = '../image/cellphone.png'
26.5056 	EXP 	exp1_image_r: image = '../image/book.png'
26.5056 	EXP 	exp1_image_l: autoDraw = True
26.5056 	EXP 	exp1_image_r: autoDraw = True
26.6478 	EXP 	New trial (rep=0, index=50): {'exp_num': 1, 'sent_code': 'l1_f_se_na_085', 'list': 'l1', 'cond': 'f', 'lang': 'se', 'type': 'na', 'num': 85.0, 'image': 'sneakers', 'image_alt': 'loafers', 'left_img': 'loafers', 'right_img': 'sneakers', 'left': '../image/loafers.png', 'right': '../image/sneakers.png', 'correct_img': 'sneakers', 'correct_key': 'rshift', 'sound_dir': '../audio/085.wav', 'image_dir': None}
26.6833 	DATA 	Keypress: rshift
26.6878 	EXP 	exp1_image_l: autoDraw = False
26.6878 	EXP 	exp1_image_r: autoDraw = False
26.6878 	EXP 	exp1_image_l: image = '../image/loafers.png'
26.6878 	EXP 	exp1_image_r: image = '../image/sneakers.png'
26.6878 	EXP 	exp1_image_l: autoDraw = True
26.6878 	EXP 	exp1_image_r: autoDraw = True
26.8140 	EXP 	New trial (rep=0, index=51): {'exp_num': 1, 'sent_code': 'l1_t_es_na_016', 'list': 'l1', 'cond': 't', 'lang': 'es', 'type': 'na', 'num': 16.0, 'image': 'bag', 'image_alt': 'flipflops', 'left_img': 'flipflops', 'right_img': 'bag', 'left': '../image/flipflops.png', 'right': '../image/bag.png', 'correct_img': 'bag', 'correct_key': 'lshift', 'sound_dir': '../audio/016.wav', 'image_dir': None}
26.8447 	DATA 	Keypress: lshift
26.8490 	EXP 	exp1_image_l: autoDraw = False
26.8490 	EXP 	exp1_image_r: autoDraw = False
26.8490 	EXP 	exp1_image_l: image = '../image/flipflops.png'
26.8490 	EXP 	exp1_image_r: image = '../image/bag.png'
26.8490 	EXP 	exp1_image_l: autoDraw = True
26.8490 	EXP 	exp1_image_r: autoDraw = True
26.9517 	EXP 	New trial (rep=0, index=52): {'exp_num': 1, 'sent_code': 'l1_f_se_na_083', 'list': 'l1', 'cond': 'f', 'lang': 'se', 'type': 'na', 'num': 83.0, 'image': 'burger', 'image_alt': 'donut', 'left_img': 'donut', 'right_img': 'burger', 'left': '../image/donut.png', 'right': '../image/burger.png', 'correct_img': 'burger', 'correct_key': 'rshift', 'sound_dir': '../audio/083.wav', 'image_dir': None}
26.9847 	DATA 	Keypress: rshift
26.9884 	EXP 	exp1_image_l: autoDraw = False
26.9884 	EXP 	exp1_image_r: autoDraw = False
26.9884 	EXP 	exp1_image_l: image = '../image/donut.png'
26.9884 	EXP 	exp1_image_r: image = '../image/burger.png'
26.9884 	EXP 	exp1_image_l: autoDraw = True
26.9884 	EXP 	exp1_image_r: autoDraw = True
27.1168 	EXP 	New trial (rep=0, index=53): {'exp_num': 1, 'sent_code': 'l1_t_es_na_020', 'list': 'l1', 'cond': 't', 'lang': 'es', 'type': 'na', 'num': 20.0, 'image': 'backpack', 'image_alt': 'cellphone', 'left_img': 'cellphone', 'right_img': 'backpack', 'left': '../image/cellphone.png', 'right': '../image/backpack.png', 'correct_img': 'backpack', 'correct_key': 'lshift', 'sound_dir': '../audio/020.wav', 'image_dir': None}
27.1387 	DATA 	Keypress: lshift
27.1426 	EXP 	exp1_image_l: autoDraw = False
27.1426 	EXP 	exp1_image_r: autoDraw = False
27.1426 	EXP 	exp1_image_l: image = '../image/cellphone.png'
27.1426 	EXP 	exp1_image_r: image = '../image/backpack.png'
27.1426 	EXP 	exp1_image_l: autoDraw = True
27.1426 	EXP 	exp1_image_r: autoDraw = True
27.2804 	EXP 	New trial (rep=0, index=54): {'exp_num': 1, 'sent_code': 'l1_f_en_na_069', 'list': 'l1', 'cond': 'f', 'lang': 'en', 'type': 'na', 'num': 69.0, 'image': 'shirt', 'image_alt': 'bag', 'left_img': 'bag', 'right_img': 'shirt', 'left': '../image/bag.png', 'right': '../image/shirt.png', 'correct_img': 'shirt', 'correct_key': 'rshift', 'sound_dir': '../audio/069.wav', 'image_dir': None}
27.2989 	DATA 	Keypress: rshift
27.3027 	EXP 	exp1_image_l: autoDraw = False
27.3027 	EXP 	exp1_image_r: autoDraw = False
27.3027 	EXP 	exp1_image_l: image = '../image/bag.png'
27.3027 	EXP 	exp1_image_r: image = '../image/shirt.png'
27.3027 	EXP 	exp1_image_l: autoDraw = True
27.3027 	EXP 	exp1_image_r: autoDraw = True
27.4672 	DATA 	Keypress: lshift
27.4715 	EXP 	exp1_image_l: autoDraw = False
27.4715 	EXP 	exp1_image_r: autoDraw = False
27.4715 	EXP 	exp1_end_text: autoDraw = True
27.6381 	DATA 	Keypress: rshift
28.7872 	EXP 	Created sequence: sequential, trialTypes=1, nReps=1000, seed=None
28.7919 	EXP 	New trial (rep=0, index=0): None
28.7940 	DATA 	Keypress: space
28.7984 	EXP 	exp1_end_text: autoDraw = False
28.7984 	EXP 	exp2_instr_text: autoDraw = True
29.8088 	EXP 	Imported /Users/gabmac/Documents/RU/QP/exp/practice_trial/trial_exp_2/trial2.xlsx as conditions, 8 conditions, 16 params
29.8092 	EXP 	Created sequence: sequential, trialTypes=8, nReps=1, seed=None
29.8096 	EXP 	New trial (rep=0, index=0): {'num': 'tr1', 'list': 'lt', 'cond': 'tr', 'lang': 'en', 'type': 'na', 'sound_dir': '../practice_trial/audio/tr1.wav', 'phr': 'Where are your kids?', 'sent_code': 'lt_tr_en_na_tr1', 'mat': '-', 'mat_num': '-', 'emb_num': '-', 'emb': '-', 'cut': '-', 'mat_f0_c': '-', 'left': '../image/america.png', 'right': '../image/spain.png'}
29.8329 	DATA 	Keypress: space
29.8368 	EXP 	exp2_instr_text: autoDraw = False
29.8368 	EXP 	exp2_trial_iamge_l: image = '../image/america.png'
29.8368 	EXP 	exp2_trial_image_r: image = '../image/spain.png'
29.8368 	EXP 	exp2_trial_iamge_l: autoDraw = True
29.8368 	EXP 	exp2_trial_image_r: autoDraw = True
31.9334 	DATA 	Keypress: rshift
34.7977 	EXP 	New trial (rep=0, index=1): {'num': 'tr2', 'list': 'lt', 'cond': 'tr', 'lang': 'en', 'type': 'na', 'sound_dir': '../practice_trial/audio/tr2.wav', 'phr': 'Who is buying my car?', 'sent_code': 'lt_tr_en_na_tr2', 'mat': '-', 'mat_num': '-', 'emb_num': '-', 'emb': '-', 'cut': '-', 'mat_f0_c': '-', 'left': '../image/america.png', 'right': '../image/spain.png'}
34.8325 	EXP 	exp2_trial_iamge_l: autoDraw = False
34.8325 	EXP 	exp2_trial_image_r: autoDraw = False
34.8325 	EXP 	exp2_trial_iamge_l: image = '../image/america.png'
34.8325 	EXP 	exp2_trial_image_r: image = '../image/spain.png'
34.8325 	EXP 	exp2_trial_iamge_l: autoDraw = True
34.8325 	EXP 	exp2_trial_image_r: autoDraw = True
36.5331 	DATA 	Keypress: rshift
37.3559 	DATA 	Keypress: rshift
39.7969 	EXP 	New trial (rep=0, index=2): {'num': 'tr3', 'list': 'lt', 'cond': 'tr', 'lang': 'sp', 'type': 'na', 'sound_dir': '../practice_trial/audio/tr3.wav', 'phr': '¿Dónde está mi perro?', 'sent_code': 'lt_tr_sp_na_tr3', 'mat': '-', 'mat_num': '-', 'emb_num': '-', 'emb': '-', 'cut': '-', 'mat_f0_c': '-', 'left': '../image/america.png', 'right': '../image/spain.png'}
39.8279 	EXP 	exp2_trial_iamge_l: autoDraw = False
39.8279 	EXP 	exp2_trial_image_r: autoDraw = False
39.8279 	EXP 	exp2_trial_iamge_l: image = '../image/america.png'
39.8279 	EXP 	exp2_trial_image_r: image = '../image/spain.png'
39.8279 	EXP 	exp2_trial_iamge_l: autoDraw = True
39.8279 	EXP 	exp2_trial_image_r: autoDraw = True
42.5231 	DATA 	Keypress: escape
43.1514 	EXP 	window1: mouseVisible = True
