1.7235 	WARNING 	We strongly recommend you activate the PTB sound engine in PsychoPy prefs as the preferred audio engine. Its timing is vastly superior. Your prefs are currently set to use ['sounddevice'] (in that order).
7.8146 	WARNING 	Couldn't measure a consistent frame rate!
  - Is your graphics card set to sync to vertical blank?
  - Are you running other processes on your computer?

7.8160 	EXP 	Created window1 = Window(allowGUI=True, allowStencil=False, autoLog=True, backendConf=UNKNOWN, bitsMode=UNKNOWN, blendMode='avg', bpc=(8, 8, 8), color=array([0, 0, 0]), colorSpace='rgb', depthBits=8, fullscr=<method-wrapper '__getattribute__' of attributeSetter object at 0x7fefa3e8fee0>, gamma=None, gammaErrorPolicy='raise', lms=UNKNOWN, monitor=<psychopy.monitors.calibTools.Monitor object at 0x7fef54cb0580>, multiSample=False, name='window1', numSamples=2, pos=[367.5, 239.0], screen=0, size=array([2940, 1912]), stencilBits=0, stereo=False, units='height', useFBO=True, useRetina=True, viewOri=0.0, viewPos=None, viewScale=None, waitBlanking=True, winType='pyglet')
7.8166 	EXP 	window1: mouseVisible = True
7.8186 	EXP 	window1: mouseVisible = False
7.8186 	EXP 	window1: Attempting to measure frame rate of screen (0) ...
7.8187 	EXP 	window1: recordFrameIntervals = False
7.8975 	EXP 	window1: recordFrameIntervals = True
8.7320 	WARNING 	Couldn't measure a consistent frame rate!
  - Is your graphics card set to sync to vertical blank?
  - Are you running other processes on your computer?

11.1885 	EXP 	Created welcome_text = TextStim(__class__=<class 'psychopy.visual.text.TextStim'>, alignHoriz=method-wrapper(...), alignText='center', alignVert=method-wrapper(...), anchorHoriz='center', anchorVert='center', antialias=True, autoDraw=False, autoLog=True, bold=False, color=array([1, 1, 1]), colorSpace='rgb', contrast=1.0, depth=0.0, flipHoriz=False, flipVert=False, font='Open Sans', fontFiles=[], height=0.05, italic=False, languageStyle='LTR', name='welcome_text', opacity=1.0, ori=0.0, pos=array([0., 0.]), rgb=UNKNOWN, text=str(...), units='height', win=Window(...), wrapWidth=1)
11.2063 	EXP 	Created exp1_instr_text = TextStim(__class__=<class 'psychopy.visual.text.TextStim'>, alignHoriz=method-wrapper(...), alignText='center', alignVert=method-wrapper(...), anchorHoriz='center', anchorVert='center', antialias=True, autoDraw=False, autoLog=True, bold=False, color=array([1, 1, 1]), colorSpace='rgb', contrast=1.0, depth=0.0, flipHoriz=False, flipVert=False, font='Open Sans', fontFiles=[], height=0.05, italic=False, languageStyle='LTR', name='exp1_instr_text', opacity=1.0, ori=0.0, pos=array([0., 0.]), rgb=UNKNOWN, text=str(...), units='height', win=Window(...), wrapWidth=1)
11.2136 	EXP 	Created exp1_trial_image_l = ImageStim(__class__=<class 'psychopy.visual.image.ImageStim'>, anchor=('center', 'center'), autoLog=True, color=array([1, 1, 1]), colorSpace='rgb', contrast=1.0, depth=0.0, flipHoriz=False, flipVert=False, image='sin', interpolate=True, mask=None, maskParams=None, name='exp1_trial_image_l', opacity=1.0, ori=0.0, pos=array([-0.5,  0. ]), size=array([0.5, 0.5]), texRes=128.0, units='height', win=Window(...))
11.2160 	EXP 	Created exp1_trial_image_r = ImageStim(__class__=<class 'psychopy.visual.image.ImageStim'>, anchor=('center', 'center'), autoLog=True, color=array([1, 1, 1]), colorSpace='rgb', contrast=1.0, depth=-1.0, flipHoriz=False, flipVert=False, image='sin', interpolate=True, mask=None, maskParams=None, name='exp1_trial_image_r', opacity=1.0, ori=0.0, pos=array([0.5, 0. ]), size=array([0.5, 0.5]), texRes=128.0, units='height', win=Window(...))
11.3337 	EXP 	Sound exp1_trial_sound set volume 1.000
11.3401 	EXP 	Created end_exp1_trial_text = TextStim(__class__=<class 'psychopy.visual.text.TextStim'>, alignHoriz=method-wrapper(...), alignText='center', alignVert=method-wrapper(...), anchorHoriz='center', anchorVert='center', antialias=True, autoDraw=False, autoLog=True, bold=False, color=array([1, 1, 1]), colorSpace='rgb', contrast=1.0, depth=0.0, flipHoriz=False, flipVert=False, font='Open Sans', fontFiles=[], height=0.05, italic=False, languageStyle='LTR', name='end_exp1_trial_text', opacity=1.0, ori=0.0, pos=array([0., 0.]), rgb=UNKNOWN, text=str(...), units='height', win=Window(...), wrapWidth=1)
11.3454 	EXP 	Created exp1_start_text = TextStim(__class__=<class 'psychopy.visual.text.TextStim'>, alignHoriz=method-wrapper(...), alignText='center', alignVert=method-wrapper(...), anchorHoriz='center', anchorVert='center', antialias=True, autoDraw=False, autoLog=True, bold=False, color=array([1, 1, 1]), colorSpace='rgb', contrast=1.0, depth=-1.0, flipHoriz=False, flipVert=False, font='Open Sans', fontFiles=[], height=0.05, italic=False, languageStyle='LTR', name='exp1_start_text', opacity=1.0, ori=0.0, pos=array([0., 0.]), rgb=UNKNOWN, text=str(...), units='height', win=Window(...), wrapWidth=1)
11.3486 	EXP 	Created exp1_image_l = ImageStim(__class__=<class 'psychopy.visual.image.ImageStim'>, anchor=('center', 'center'), autoLog=True, color=array([1, 1, 1]), colorSpace='rgb', contrast=1.0, depth=0.0, flipHoriz=False, flipVert=False, image='sin', interpolate=True, mask=None, maskParams=None, name='exp1_image_l', opacity=1.0, ori=0.0, pos=array([-0.5,  0. ]), size=array([0.5, 0.5]), texRes=128.0, units='height', win=Window(...))
11.3512 	EXP 	Created exp1_image_r = ImageStim(__class__=<class 'psychopy.visual.image.ImageStim'>, anchor=('center', 'center'), autoLog=True, color=array([1, 1, 1]), colorSpace='rgb', contrast=1.0, depth=-1.0, flipHoriz=False, flipVert=False, image='sin', interpolate=True, mask=None, maskParams=None, name='exp1_image_r', opacity=1.0, ori=0.0, pos=array([0.5, 0. ]), size=array([0.5, 0.5]), texRes=128.0, units='height', win=Window(...))
11.3512 	EXP 	Sound exp1_sound set volume 1.000
11.3570 	EXP 	Created exp1_end_text = TextStim(__class__=<class 'psychopy.visual.text.TextStim'>, alignHoriz=method-wrapper(...), alignText='center', alignVert=method-wrapper(...), anchorHoriz='center', anchorVert='center', antialias=True, autoDraw=False, autoLog=True, bold=False, color=array([1, 1, 1]), colorSpace='rgb', contrast=1.0, depth=0.0, flipHoriz=False, flipVert=False, font='Open Sans', fontFiles=[], height=0.05, italic=False, languageStyle='LTR', name='exp1_end_text', opacity=1.0, ori=0.0, pos=array([0., 0.]), rgb=UNKNOWN, text=str(...), units='height', win=Window(...), wrapWidth=1)
11.3686 	EXP 	Created exp2_instr_text = TextStim(__class__=<class 'psychopy.visual.text.TextStim'>, alignHoriz=method-wrapper(...), alignText='center', alignVert=method-wrapper(...), anchorHoriz='center', anchorVert='center', antialias=True, autoDraw=False, autoLog=True, bold=False, color=array([1, 1, 1]), colorSpace='rgb', contrast=1.0, depth=0.0, flipHoriz=False, flipVert=False, font='Open Sans', fontFiles=[], height=0.05, italic=False, languageStyle='LTR', name='exp2_instr_text', opacity=1.0, ori=0.0, pos=array([0., 0.]), rgb=UNKNOWN, text=str(...), units='height', win=Window(...), wrapWidth=1)
11.3713 	EXP 	Created exp2_trial_iamge_l = ImageStim(__class__=<class 'psychopy.visual.image.ImageStim'>, anchor=('center', 'center'), autoLog=True, color=array([1, 1, 1]), colorSpace='rgb', contrast=1.0, depth=0.0, flipHoriz=False, flipVert=False, image='sin', interpolate=True, mask=None, maskParams=None, name='exp2_trial_iamge_l', opacity=1.0, ori=0.0, pos=array([-0.5,  0. ]), size=array([0.5, 0.5]), texRes=128.0, units='height', win=Window(...))
11.3737 	EXP 	Created exp2_trial_image_r = ImageStim(__class__=<class 'psychopy.visual.image.ImageStim'>, anchor=('center', 'center'), autoLog=True, color=array([1, 1, 1]), colorSpace='rgb', contrast=1.0, depth=-1.0, flipHoriz=False, flipVert=False, image='sin', interpolate=True, mask=None, maskParams=None, name='exp2_trial_image_r', opacity=1.0, ori=0.0, pos=array([0.5, 0. ]), size=array([0.5, 0.5]), texRes=128.0, units='height', win=Window(...))
11.3738 	EXP 	Sound exp2_trial_sound set volume 1.000
11.3777 	EXP 	Created end_exp2_trial_text = TextStim(__class__=<class 'psychopy.visual.text.TextStim'>, alignHoriz=method-wrapper(...), alignText='center', alignVert=method-wrapper(...), anchorHoriz='center', anchorVert='center', antialias=True, autoDraw=False, autoLog=True, bold=False, color=array([1, 1, 1]), colorSpace='rgb', contrast=1.0, depth=0.0, flipHoriz=False, flipVert=False, font='Open Sans', fontFiles=[], height=0.05, italic=False, languageStyle='LTR', name='end_exp2_trial_text', opacity=1.0, ori=0.0, pos=array([0., 0.]), rgb=UNKNOWN, text=str(...), units='height', win=Window(...), wrapWidth=1)
11.3824 	EXP 	Created exp2_start_text = TextStim(__class__=<class 'psychopy.visual.text.TextStim'>, alignHoriz=method-wrapper(...), alignText='center', alignVert=method-wrapper(...), anchorHoriz='center', anchorVert='center', antialias=True, autoDraw=False, autoLog=True, bold=False, color=array([1, 1, 1]), colorSpace='rgb', contrast=1.0, depth=-1.0, flipHoriz=False, flipVert=False, font='Open Sans', fontFiles=[], height=0.05, italic=False, languageStyle='LTR', name='exp2_start_text', opacity=1.0, ori=0.0, pos=array([0., 0.]), rgb=UNKNOWN, text=str(...), units='height', win=Window(...), wrapWidth=1)
11.3851 	EXP 	Created exp2_image_l = ImageStim(__class__=<class 'psychopy.visual.image.ImageStim'>, anchor=('center', 'center'), autoLog=True, color=array([1, 1, 1]), colorSpace='rgb', contrast=1.0, depth=0.0, flipHoriz=False, flipVert=False, image='sin', interpolate=True, mask=None, maskParams=None, name='exp2_image_l', opacity=1.0, ori=0.0, pos=array([-0.5,  0. ]), size=array([0.5, 0.5]), texRes=128.0, units='height', win=Window(...))
11.3877 	EXP 	Created exp2_image_r = ImageStim(__class__=<class 'psychopy.visual.image.ImageStim'>, anchor=('center', 'center'), autoLog=True, color=array([1, 1, 1]), colorSpace='rgb', contrast=1.0, depth=-1.0, flipHoriz=False, flipVert=False, image='sin', interpolate=True, mask=None, maskParams=None, name='exp2_image_r', opacity=1.0, ori=0.0, pos=array([0.5, 0. ]), size=array([0.5, 0.5]), texRes=128.0, units='height', win=Window(...))
11.3878 	EXP 	Sound exp2_sound set volume 1.000
11.3921 	EXP 	Created full_end_text = TextStim(__class__=<class 'psychopy.visual.text.TextStim'>, alignHoriz=method-wrapper(...), alignText='center', alignVert=method-wrapper(...), anchorHoriz='center', anchorVert='center', antialias=True, autoDraw=False, autoLog=True, bold=False, color=array([1, 1, 1]), colorSpace='rgb', contrast=1.0, depth=0.0, flipHoriz=False, flipVert=False, font='Open Sans', fontFiles=[], height=0.05, italic=False, languageStyle='LTR', name='full_end_text', opacity=1.0, ori=0.0, pos=array([0., 0.]), rgb=UNKNOWN, text=str(...), units='height', win=Window(...), wrapWidth=1)
11.4252 	WARNING 	t of last frame was 2693.49ms (=1/0)
11.4252 	EXP 	welcome_text: autoDraw = True
12.2057 	WARNING 	t of last frame was 63.59ms (=1/15)
12.2075 	EXP 	Created sequence: sequential, trialTypes=1, nReps=1000, seed=None
12.2107 	EXP 	New trial (rep=0, index=0): None
12.2153 	EXP 	welcome_text: autoDraw = False
12.2153 	EXP 	exp1_instr_text: autoDraw = True
12.2456 	DATA 	Keypress: space
12.2511 	WARNING 	t of last frame was 35.82ms (=1/27)
12.6145 	EXP 	Imported /Users/gabmac/Documents/RU/QP/exp/practice_trial/trial_exp_1/trial1.xlsx as conditions, 8 conditions, 18 params
12.6153 	EXP 	Created sequence: sequential, trialTypes=8, nReps=1, seed=None
12.6159 	EXP 	New trial (rep=0, index=0): {'num': 'tr1', 'list': 'lt', 'cond': 'tr', 'lang': 'en', 'type': 'na', 'sound_dir': '../practice_trial/audio/tr1.wav', 'phr': 'Where are your kids?', 'sent_code': 'lt_tr_en_na_tr1', 'mat': '-', 'mat_num': '-', 'emb_num': '-', 'emb': '-', 'cut': '-', 'mat_f0_c': '-', 'left': '../image/kids.png', 'right': '../image/plates.png', 'correct_img': 'kids', 'correct_key': 'lshift'}
12.6820 	DATA 	Keypress: space
12.6866 	WARNING 	t of last frame was 94.78ms (=1/10)
12.6866 	EXP 	exp1_instr_text: autoDraw = False
12.6866 	EXP 	exp1_trial_image_l: image = '../image/kids.png'
12.6866 	EXP 	exp1_trial_image_r: image = '../image/plates.png'
12.6866 	EXP 	exp1_trial_image_l: autoDraw = True
12.6866 	EXP 	exp1_trial_image_r: autoDraw = True
12.7123 	WARNING 	Multiple dropped frames have occurred - I'll stop bothering you about them!
13.1166 	EXP 	New trial (rep=0, index=1): {'num': 'tr2', 'list': 'lt', 'cond': 'tr', 'lang': 'en', 'type': 'na', 'sound_dir': '../practice_trial/audio/tr2.wav', 'phr': 'Who is buying my car?', 'sent_code': 'lt_tr_en_na_tr2', 'mat': '-', 'mat_num': '-', 'emb_num': '-', 'emb': '-', 'cut': '-', 'mat_f0_c': '-', 'left': '../image/bag.png', 'right': '../image/car.png', 'correct_img': 'car', 'correct_key': 'rshift'}
13.1520 	DATA 	Keypress: lshift
13.1566 	EXP 	exp1_trial_image_l: autoDraw = False
13.1566 	EXP 	exp1_trial_image_r: autoDraw = False
13.1566 	EXP 	exp1_trial_image_l: image = '../image/bag.png'
13.1566 	EXP 	exp1_trial_image_r: image = '../image/car.png'
13.1566 	EXP 	exp1_trial_image_l: autoDraw = True
13.1566 	EXP 	exp1_trial_image_r: autoDraw = True
13.3948 	EXP 	New trial (rep=0, index=2): {'num': 'tr3', 'list': 'lt', 'cond': 'tr', 'lang': 'sp', 'type': 'na', 'sound_dir': '../practice_trial/audio/tr3.wav', 'phr': '¿Dónde está mi perro?', 'sent_code': 'lt_tr_sp_na_tr3', 'mat': '-', 'mat_num': '-', 'emb_num': '-', 'emb': '-', 'cut': '-', 'mat_f0_c': '-', 'left': '../image/dog.png', 'right': '../image/grandma.png', 'correct_img': 'dog', 'correct_key': 'lshift'}
13.4321 	DATA 	Keypress: lshift
13.4368 	EXP 	exp1_trial_image_l: autoDraw = False
13.4368 	EXP 	exp1_trial_image_r: autoDraw = False
13.4368 	EXP 	exp1_trial_image_l: image = '../image/dog.png'
13.4368 	EXP 	exp1_trial_image_r: image = '../image/grandma.png'
13.4368 	EXP 	exp1_trial_image_l: autoDraw = True
13.4368 	EXP 	exp1_trial_image_r: autoDraw = True
13.5453 	EXP 	New trial (rep=0, index=3): {'num': 'tr4', 'list': 'lt', 'cond': 'tr', 'lang': 'sp', 'type': 'na', 'sound_dir': '../practice_trial/audio/tr4.wav', 'phr': '¿De quién es la bolsa?', 'sent_code': 'lt_tr_sp_na_tr4', 'mat': '-', 'mat_num': '-', 'emb_num': '-', 'emb': '-', 'cut': '-', 'mat_f0_c': '-', 'left': '../image/shirt.png', 'right': '../image/bag.png', 'correct_img': 'bag', 'correct_key': 'rshift'}
13.5681 	DATA 	Keypress: lshift
13.5726 	EXP 	exp1_trial_image_l: autoDraw = False
13.5726 	EXP 	exp1_trial_image_r: autoDraw = False
13.5726 	EXP 	exp1_trial_image_l: image = '../image/shirt.png'
13.5726 	EXP 	exp1_trial_image_r: image = '../image/bag.png'
13.5726 	EXP 	exp1_trial_image_l: autoDraw = True
13.5726 	EXP 	exp1_trial_image_r: autoDraw = True
13.8279 	EXP 	New trial (rep=0, index=4): {'num': 'tr5', 'list': 'lt', 'cond': 'tr', 'lang': 'se', 'type': 'na', 'sound_dir': '../practice_trial/audio/tr5.wav', 'phr': '¿Dónde encontraste sus donuts?', 'sent_code': 'lt_tr_se_na_tr5', 'mat': '-', 'mat_num': '-', 'emb_num': '-', 'emb': '-', 'cut': '-', 'mat_f0_c': '-', 'left': '../image/donut.png', 'right': '../image/cups.png', 'correct_img': 'donut', 'correct_key': 'lshift'}
13.8647 	DATA 	Keypress: lshift
13.8695 	EXP 	exp1_trial_image_l: autoDraw = False
13.8695 	EXP 	exp1_trial_image_r: autoDraw = False
13.8695 	EXP 	exp1_trial_image_l: image = '../image/donut.png'
13.8695 	EXP 	exp1_trial_image_r: image = '../image/cups.png'
13.8695 	EXP 	exp1_trial_image_l: autoDraw = True
13.8695 	EXP 	exp1_trial_image_r: autoDraw = True
14.1226 	EXP 	New trial (rep=0, index=5): {'num': 'tr6', 'list': 'lt', 'cond': 'tr', 'lang': 'se', 'type': 'na', 'sound_dir': '../practice_trial/audio/tr6.wav', 'phr': '¿Cuándo compraste tu sweater?', 'sent_code': 'lt_tr_se_na_tr6', 'mat': '-', 'mat_num': '-', 'emb_num': '-', 'emb': '-', 'cut': '-', 'mat_f0_c': '-', 'left': '../image/chair.png', 'right': '../image/sweater.png', 'correct_img': 'sweater', 'correct_key': 'rshift'}
14.1532 	DATA 	Keypress: lshift
14.1575 	EXP 	exp1_trial_image_l: autoDraw = False
14.1575 	EXP 	exp1_trial_image_r: autoDraw = False
14.1575 	EXP 	exp1_trial_image_l: image = '../image/chair.png'
14.1575 	EXP 	exp1_trial_image_r: image = '../image/sweater.png'
14.1575 	EXP 	exp1_trial_image_l: autoDraw = True
14.1575 	EXP 	exp1_trial_image_r: autoDraw = True
14.3427 	EXP 	New trial (rep=0, index=6): {'num': 'tr7', 'list': 'lt', 'cond': 'tr', 'lang': 'es', 'type': 'na', 'sound_dir': '../practice_trial/audio/tr7.wav', 'phr': 'Why do you have my camisa?', 'sent_code': 'lt_tr_es_na_tr7', 'mat': '-', 'mat_num': '-', 'emb_num': '-', 'emb': '-', 'cut': '-', 'mat_f0_c': '-', 'left': '../image/shirt.png', 'right': '../image/wallet.png', 'correct_img': 'shirt', 'correct_key': 'lshift'}
14.3748 	DATA 	Keypress: lshift
14.3790 	EXP 	exp1_trial_image_l: autoDraw = False
14.3790 	EXP 	exp1_trial_image_r: autoDraw = False
14.3790 	EXP 	exp1_trial_image_l: image = '../image/shirt.png'
14.3790 	EXP 	exp1_trial_image_r: image = '../image/wallet.png'
14.3790 	EXP 	exp1_trial_image_l: autoDraw = True
14.3790 	EXP 	exp1_trial_image_r: autoDraw = True
14.5950 	EXP 	New trial (rep=0, index=7): {'num': 'tr8', 'list': 'lt', 'cond': 'tr', 'lang': 'es', 'type': 'na', 'sound_dir': '../practice_trial/audio/tr8.wav', 'phr': 'Where did you find his chanclas?', 'sent_code': 'lt_tr_es_na_tr8', 'mat': '-', 'mat_num': '-', 'emb_num': '-', 'emb': '-', 'cut': '-', 'mat_f0_c': '-', 'left': '../image/key.png', 'right': '../image/flipflops.png', 'correct_img': 'flipflops', 'correct_key': 'rshift'}
14.6323 	DATA 	Keypress: lshift
14.6372 	EXP 	exp1_trial_image_l: autoDraw = False
14.6372 	EXP 	exp1_trial_image_r: autoDraw = False
14.6372 	EXP 	exp1_trial_image_l: image = '../image/key.png'
14.6372 	EXP 	exp1_trial_image_r: image = '../image/flipflops.png'
14.6372 	EXP 	exp1_trial_image_l: autoDraw = True
14.6372 	EXP 	exp1_trial_image_r: autoDraw = True
14.8361 	DATA 	Keypress: lshift
14.8411 	EXP 	exp1_trial_image_l: autoDraw = False
14.8411 	EXP 	exp1_trial_image_r: autoDraw = False
14.8411 	EXP 	end_exp1_trial_text: autoDraw = True
15.0967 	DATA 	Keypress: lshift
15.9002 	DATA 	Keypress: rshift
15.9091 	EXP 	end_exp1_trial_text: autoDraw = False
15.9091 	EXP 	exp1_start_text: autoDraw = True
16.4213 	EXP 	Imported /Users/gabmac/Documents/RU/QP/exp/stim/stim_g1_e1.xlsx as conditions, 55 conditions, 17 params
16.4271 	EXP 	Created sequence: random, trialTypes=55, nReps=1, seed=None
16.4275 	EXP 	New trial (rep=0, index=0): {'exp_num': 1, 'sent_code': 'l1_t_es_f0u_136', 'list': 'l1', 'cond': 't', 'lang': 'es', 'type': 'f0u', 'num': 136.0, 'image': 'village', 'image_alt': 'city', 'left_img': 'city', 'right_img': 'village', 'left': '../image/city.png', 'right': '../image/village.png', 'correct_img': 'village', 'correct_key': 'lshift', 'sound_dir': '../audio/136.wav', 'image_dir': None}
16.4592 	DATA 	Keypress: rshift
16.4635 	EXP 	exp1_start_text: autoDraw = False
16.4635 	EXP 	exp1_image_l: image = '../image/city.png'
16.4635 	EXP 	exp1_image_r: image = '../image/village.png'
16.4635 	EXP 	exp1_image_l: autoDraw = True
16.4635 	EXP 	exp1_image_r: autoDraw = True
16.4644 	EXP 	New trial (rep=0, index=1): {'exp_num': 1, 'sent_code': 'l1_f_en_na_064', 'list': 'l1', 'cond': 'f', 'lang': 'en', 'type': 'na', 'num': 64.0, 'image': 'wallet', 'image_alt': 'key', 'left_img': 'wallet', 'right_img': 'key', 'left': '../image/wallet.png', 'right': '../image/key.png', 'correct_img': 'wallet', 'correct_key': 'lshift', 'sound_dir': '../audio/064.wav', 'image_dir': None}
16.4997 	EXP 	exp1_image_l: autoDraw = False
16.4997 	EXP 	exp1_image_r: autoDraw = False
16.4997 	EXP 	exp1_image_l: image = '../image/wallet.png'
16.4997 	EXP 	exp1_image_r: image = '../image/key.png'
16.4997 	EXP 	exp1_image_l: autoDraw = True
16.4997 	EXP 	exp1_image_r: autoDraw = True
16.9497 	EXP 	New trial (rep=0, index=2): {'exp_num': 1, 'sent_code': 'l1_t_es_na_012', 'list': 'l1', 'cond': 't', 'lang': 'es', 'type': 'na', 'num': 12.0, 'image': 'book', 'image_alt': 'newspaper', 'left_img': 'newspaper', 'right_img': 'book', 'left': '../image/newspaper.png', 'right': '../image/book.png', 'correct_img': 'book', 'correct_key': 'lshift', 'sound_dir': '../audio/012.wav', 'image_dir': None}
16.9869 	DATA 	Keypress: lshift
16.9915 	EXP 	exp1_image_l: autoDraw = False
16.9915 	EXP 	exp1_image_r: autoDraw = False
16.9915 	EXP 	exp1_image_l: image = '../image/newspaper.png'
16.9915 	EXP 	exp1_image_r: image = '../image/book.png'
16.9915 	EXP 	exp1_image_l: autoDraw = True
16.9915 	EXP 	exp1_image_r: autoDraw = True
17.3651 	EXP 	New trial (rep=0, index=3): {'exp_num': 1, 'sent_code': 'l1_t_es_f0u_134', 'list': 'l1', 'cond': 't', 'lang': 'es', 'type': 'f0u', 'num': 134.0, 'image': 'truck', 'image_alt': 'basket', 'left_img': 'basket', 'right_img': 'truck', 'left': '../image/basket.png', 'right': '../image/truck.png', 'correct_img': 'truck', 'correct_key': 'lshift', 'sound_dir': '../audio/134.wav', 'image_dir': None}
17.4062 	DATA 	Keypress: lshift
17.4107 	EXP 	exp1_image_l: autoDraw = False
17.4107 	EXP 	exp1_image_r: autoDraw = False
17.4107 	EXP 	exp1_image_l: image = '../image/basket.png'
17.4107 	EXP 	exp1_image_r: image = '../image/truck.png'
17.4107 	EXP 	exp1_image_l: autoDraw = True
17.4107 	EXP 	exp1_image_r: autoDraw = True
17.7110 	EXP 	New trial (rep=0, index=4): {'exp_num': 1, 'sent_code': 'l1_t_es_na_020', 'list': 'l1', 'cond': 't', 'lang': 'es', 'type': 'na', 'num': 20.0, 'image': 'backpack', 'image_alt': 'cellphone', 'left_img': 'cellphone', 'right_img': 'backpack', 'left': '../image/cellphone.png', 'right': '../image/backpack.png', 'correct_img': 'backpack', 'correct_key': 'lshift', 'sound_dir': '../audio/020.wav', 'image_dir': None}
17.7495 	DATA 	Keypress: lshift
17.7539 	EXP 	exp1_image_l: autoDraw = False
17.7539 	EXP 	exp1_image_r: autoDraw = False
17.7539 	EXP 	exp1_image_l: image = '../image/cellphone.png'
17.7539 	EXP 	exp1_image_r: image = '../image/backpack.png'
17.7539 	EXP 	exp1_image_l: autoDraw = True
17.7539 	EXP 	exp1_image_r: autoDraw = True
18.0279 	EXP 	New trial (rep=0, index=5): {'exp_num': 1, 'sent_code': 'l1_f_se_na_078', 'list': 'l1', 'cond': 'f', 'lang': 'se', 'type': 'na', 'num': 78.0, 'image': 'airpods', 'image_alt': 'joycons', 'left_img': 'airpods', 'right_img': 'joycons', 'left': '../image/airpods.png', 'right': '../image/joycons.png', 'correct_img': 'airpods', 'correct_key': 'lshift', 'sound_dir': '../audio/078.wav', 'image_dir': None}
18.0596 	DATA 	Keypress: lshift
18.0641 	EXP 	exp1_image_l: autoDraw = False
18.0641 	EXP 	exp1_image_r: autoDraw = False
18.0641 	EXP 	exp1_image_l: image = '../image/airpods.png'
18.0641 	EXP 	exp1_image_r: image = '../image/joycons.png'
18.0641 	EXP 	exp1_image_l: autoDraw = True
18.0641 	EXP 	exp1_image_r: autoDraw = True
18.3773 	EXP 	New trial (rep=0, index=6): {'exp_num': 1, 'sent_code': 'l1_t_es_f0u_139', 'list': 'l1', 'cond': 't', 'lang': 'es', 'type': 'f0u', 'num': 139.0, 'image': 'restaurant', 'image_alt': 'hotel', 'left_img': 'restaurant', 'right_img': 'hotel', 'left': '../image/restaurant.png', 'right': '../image/hotel.png', 'correct_img': 'restaurant', 'correct_key': 'rshift', 'sound_dir': '../audio/139.wav', 'image_dir': None}
18.4176 	DATA 	Keypress: lshift
18.4214 	EXP 	exp1_image_l: autoDraw = False
18.4214 	EXP 	exp1_image_r: autoDraw = False
18.4214 	EXP 	exp1_image_l: image = '../image/restaurant.png'
18.4214 	EXP 	exp1_image_r: image = '../image/hotel.png'
18.4214 	EXP 	exp1_image_l: autoDraw = True
18.4214 	EXP 	exp1_image_r: autoDraw = True
18.6947 	EXP 	New trial (rep=0, index=7): {'exp_num': 1, 'sent_code': 'l1_t_es_f0u_131', 'list': 'l1', 'cond': 't', 'lang': 'es', 'type': 'f0u', 'num': 131.0, 'image': 'cat', 'image_alt': 'flower', 'left_img': 'cat', 'right_img': 'flower', 'left': '../image/cat.png', 'right': '../image/flower.png', 'correct_img': 'cat', 'correct_key': 'rshift', 'sound_dir': '../audio/131.wav', 'image_dir': None}
18.7316 	DATA 	Keypress: lshift
18.7361 	EXP 	exp1_image_l: autoDraw = False
18.7361 	EXP 	exp1_image_r: autoDraw = False
18.7361 	EXP 	exp1_image_l: image = '../image/cat.png'
18.7361 	EXP 	exp1_image_r: image = '../image/flower.png'
18.7361 	EXP 	exp1_image_l: autoDraw = True
18.7361 	EXP 	exp1_image_r: autoDraw = True
18.9944 	EXP 	New trial (rep=0, index=8): {'exp_num': 1, 'sent_code': 'l1_f_en_na_066', 'list': 'l1', 'cond': 'f', 'lang': 'en', 'type': 'na', 'num': 66.0, 'image': 'bag', 'image_alt': 'scarf', 'left_img': 'bag', 'right_img': 'scarf', 'left': '../image/bag.png', 'right': '../image/scarf.png', 'correct_img': 'bag', 'correct_key': 'lshift', 'sound_dir': '../audio/066.wav', 'image_dir': None}
19.0321 	DATA 	Keypress: lshift
19.0364 	EXP 	exp1_image_l: autoDraw = False
19.0364 	EXP 	exp1_image_r: autoDraw = False
19.0364 	EXP 	exp1_image_l: image = '../image/bag.png'
19.0364 	EXP 	exp1_image_r: image = '../image/scarf.png'
19.0364 	EXP 	exp1_image_l: autoDraw = True
19.0364 	EXP 	exp1_image_r: autoDraw = True
19.3281 	EXP 	New trial (rep=0, index=9): {'exp_num': 1, 'sent_code': 'l1_f_en_na_070', 'list': 'l1', 'cond': 'f', 'lang': 'en', 'type': 'na', 'num': 70.0, 'image': 'computer', 'image_alt': 'bed', 'left_img': 'computer', 'right_img': 'bed', 'left': '../image/computer.png', 'right': '../image/bed.png', 'correct_img': 'computer', 'correct_key': 'lshift', 'sound_dir': '../audio/070.wav', 'image_dir': None}
19.3664 	DATA 	Keypress: lshift
19.3713 	EXP 	exp1_image_l: autoDraw = False
19.3713 	EXP 	exp1_image_r: autoDraw = False
19.3713 	EXP 	exp1_image_l: image = '../image/computer.png'
19.3713 	EXP 	exp1_image_r: image = '../image/bed.png'
19.3713 	EXP 	exp1_image_l: autoDraw = True
19.3713 	EXP 	exp1_image_r: autoDraw = True
19.6277 	EXP 	New trial (rep=0, index=10): {'exp_num': 1, 'sent_code': 'l1_f_sp_na_092', 'list': 'l1', 'cond': 'f', 'lang': 'sp', 'type': 'na', 'num': 92.0, 'image': 'armchair', 'image_alt': 'dog', 'left_img': 'armchair', 'right_img': 'dog', 'left': '../image/armchair.png', 'right': '../image/dog.png', 'correct_img': 'armchair', 'correct_key': 'rshift', 'sound_dir': '../audio/092.wav', 'image_dir': None}
19.6713 	DATA 	Keypress: lshift
19.6752 	EXP 	exp1_image_l: autoDraw = False
19.6752 	EXP 	exp1_image_r: autoDraw = False
19.6752 	EXP 	exp1_image_l: image = '../image/armchair.png'
19.6752 	EXP 	exp1_image_r: image = '../image/dog.png'
19.6752 	EXP 	exp1_image_l: autoDraw = True
19.6752 	EXP 	exp1_image_r: autoDraw = True
19.9131 	DATA 	Keypress: lshift
19.9198 	EXP 	New trial (rep=0, index=11): {'exp_num': 1, 'sent_code': 'l1_t_es_f0u_135', 'list': 'l1', 'cond': 't', 'lang': 'es', 'type': 'f0u', 'num': 135.0, 'image': 'flipflops', 'image_alt': 'flower', 'left_img': 'flipflops', 'right_img': 'flower', 'left': '../image/flipflops.png', 'right': '../image/flower.png', 'correct_img': 'flipflops', 'correct_key': 'rshift', 'sound_dir': '../audio/135.wav', 'image_dir': None}
19.9584 	EXP 	exp1_image_l: autoDraw = False
19.9584 	EXP 	exp1_image_r: autoDraw = False
19.9584 	EXP 	exp1_image_l: image = '../image/flipflops.png'
19.9584 	EXP 	exp1_image_r: image = '../image/flower.png'
19.9584 	EXP 	exp1_image_l: autoDraw = True
19.9584 	EXP 	exp1_image_r: autoDraw = True
20.2174 	EXP 	New trial (rep=0, index=12): {'exp_num': 1, 'sent_code': 'l1_f_en_na_067', 'list': 'l1', 'cond': 'f', 'lang': 'en', 'type': 'na', 'num': 67.0, 'image': 'glasses', 'image_alt': 'beer', 'left_img': 'beer', 'right_img': 'glasses', 'left': '../image/beer.png', 'right': '../image/glasses.png', 'correct_img': 'glasses', 'correct_key': 'rshift', 'sound_dir': '../audio/067.wav', 'image_dir': None}
20.2487 	DATA 	Keypress: lshift
20.2534 	EXP 	exp1_image_l: autoDraw = False
20.2534 	EXP 	exp1_image_r: autoDraw = False
20.2534 	EXP 	exp1_image_l: image = '../image/beer.png'
20.2534 	EXP 	exp1_image_r: image = '../image/glasses.png'
20.2534 	EXP 	exp1_image_l: autoDraw = True
20.2534 	EXP 	exp1_image_r: autoDraw = True
20.5277 	EXP 	New trial (rep=0, index=13): {'exp_num': 1, 'sent_code': 'l1_f_en_na_071', 'list': 'l1', 'cond': 'f', 'lang': 'en', 'type': 'na', 'num': 71.0, 'image': 'plane', 'image_alt': 'wallet', 'left_img': 'wallet', 'right_img': 'plane', 'left': '../image/wallet.png', 'right': '../image/plane.png', 'correct_img': 'plane', 'correct_key': 'rshift', 'sound_dir': '../audio/071.wav', 'image_dir': None}
20.5636 	DATA 	Keypress: lshift
20.5679 	EXP 	exp1_image_l: autoDraw = False
20.5679 	EXP 	exp1_image_r: autoDraw = False
20.5679 	EXP 	exp1_image_l: image = '../image/wallet.png'
20.5679 	EXP 	exp1_image_r: image = '../image/plane.png'
20.5679 	EXP 	exp1_image_l: autoDraw = True
20.5679 	EXP 	exp1_image_r: autoDraw = True
20.8506 	EXP 	New trial (rep=0, index=14): {'exp_num': 1, 'sent_code': 'l1_t_es_na_017', 'list': 'l1', 'cond': 't', 'lang': 'es', 'type': 'na', 'num': 17.0, 'image': 'jug', 'image_alt': 'cat', 'left_img': 'jug', 'right_img': 'cat', 'left': '../image/jug.png', 'right': '../image/cat.png', 'correct_img': 'jug', 'correct_key': 'rshift', 'sound_dir': '../audio/017.wav', 'image_dir': None}
20.8872 	DATA 	Keypress: lshift
20.8918 	EXP 	exp1_image_l: autoDraw = False
20.8918 	EXP 	exp1_image_r: autoDraw = False
20.8918 	EXP 	exp1_image_l: image = '../image/jug.png'
20.8918 	EXP 	exp1_image_r: image = '../image/cat.png'
20.8918 	EXP 	exp1_image_l: autoDraw = True
20.8918 	EXP 	exp1_image_r: autoDraw = True
21.1773 	EXP 	New trial (rep=0, index=15): {'exp_num': 1, 'sent_code': 'l1_t_es_f0u_133', 'list': 'l1', 'cond': 't', 'lang': 'es', 'type': 'f0u', 'num': 133.0, 'image': 'cellphone', 'image_alt': 'book', 'left_img': 'cellphone', 'right_img': 'book', 'left': '../image/cellphone.png', 'right': '../image/book.png', 'correct_img': 'cellphone', 'correct_key': 'rshift', 'sound_dir': '../audio/133.wav', 'image_dir': None}
21.2098 	DATA 	Keypress: lshift
21.2143 	EXP 	exp1_image_l: autoDraw = False
21.2143 	EXP 	exp1_image_r: autoDraw = False
21.2143 	EXP 	exp1_image_l: image = '../image/cellphone.png'
21.2143 	EXP 	exp1_image_r: image = '../image/book.png'
21.2143 	EXP 	exp1_image_l: autoDraw = True
21.2143 	EXP 	exp1_image_r: autoDraw = True
21.5012 	EXP 	New trial (rep=0, index=16): {'exp_num': 1, 'sent_code': 'l1_f_se_na_082', 'list': 'l1', 'cond': 'f', 'lang': 'se', 'type': 'na', 'num': 82.0, 'image': 'mickeymouse', 'image_alt': 'spongebob', 'left_img': 'mickeymouse', 'right_img': 'spongebob', 'left': '../image/mickeymouse.png', 'right': '../image/spongebob.png', 'correct_img': 'mickeymouse', 'correct_key': 'lshift', 'sound_dir': '../audio/082.wav', 'image_dir': None}
21.5341 	DATA 	Keypress: lshift
21.5384 	EXP 	exp1_image_l: autoDraw = False
21.5384 	EXP 	exp1_image_r: autoDraw = False
21.5384 	EXP 	exp1_image_l: image = '../image/mickeymouse.png'
21.5384 	EXP 	exp1_image_r: image = '../image/spongebob.png'
21.5384 	EXP 	exp1_image_l: autoDraw = True
21.5384 	EXP 	exp1_image_r: autoDraw = True
21.8275 	EXP 	New trial (rep=0, index=17): {'exp_num': 1, 'sent_code': 'l1_t_es_na_018', 'list': 'l1', 'cond': 't', 'lang': 'es', 'type': 'na', 'num': 18.0, 'image': 'napkins', 'image_alt': 'cups', 'left_img': 'cups', 'right_img': 'napkins', 'left': '../image/cups.png', 'right': '../image/napkins.png', 'correct_img': 'napkins', 'correct_key': 'lshift', 'sound_dir': '../audio/018.wav', 'image_dir': None}
21.8620 	DATA 	Keypress: lshift
21.8668 	EXP 	exp1_image_l: autoDraw = False
21.8668 	EXP 	exp1_image_r: autoDraw = False
21.8668 	EXP 	exp1_image_l: image = '../image/cups.png'
21.8668 	EXP 	exp1_image_r: image = '../image/napkins.png'
21.8668 	EXP 	exp1_image_l: autoDraw = True
21.8668 	EXP 	exp1_image_r: autoDraw = True
22.1780 	EXP 	New trial (rep=0, index=18): {'exp_num': 1, 'sent_code': 'l1_f_se_na_081', 'list': 'l1', 'cond': 'f', 'lang': 'se', 'type': 'na', 'num': 81.0, 'image': 'sweatpants', 'image_alt': 'boxers', 'left_img': 'boxers', 'right_img': 'sweatpants', 'left': '../image/boxers.png', 'right': '../image/sweatpants.png', 'correct_img': 'sweatpants', 'correct_key': 'rshift', 'sound_dir': '../audio/081.wav', 'image_dir': None}
22.2164 	DATA 	Keypress: lshift
22.2210 	EXP 	exp1_image_l: autoDraw = False
22.2210 	EXP 	exp1_image_r: autoDraw = False
22.2210 	EXP 	exp1_image_l: image = '../image/boxers.png'
22.2210 	EXP 	exp1_image_r: image = '../image/sweatpants.png'
22.2210 	EXP 	exp1_image_l: autoDraw = True
22.2210 	EXP 	exp1_image_r: autoDraw = True
22.4945 	EXP 	New trial (rep=0, index=19): {'exp_num': 1, 'sent_code': 'l1_f_se_na_076', 'list': 'l1', 'cond': 'f', 'lang': 'se', 'type': 'na', 'num': 76.0, 'image': 'hotdog', 'image_alt': 'burger', 'left_img': 'hotdog', 'right_img': 'burger', 'left': '../image/hotdog.png', 'right': '../image/burger.png', 'correct_img': 'hotdog', 'correct_key': 'lshift', 'sound_dir': '../audio/076.wav', 'image_dir': None}
22.5341 	DATA 	Keypress: lshift
22.5386 	EXP 	exp1_image_l: autoDraw = False
22.5386 	EXP 	exp1_image_r: autoDraw = False
22.5386 	EXP 	exp1_image_l: image = '../image/hotdog.png'
22.5386 	EXP 	exp1_image_r: image = '../image/burger.png'
22.5386 	EXP 	exp1_image_l: autoDraw = True
22.5386 	EXP 	exp1_image_r: autoDraw = True
22.8441 	EXP 	New trial (rep=0, index=20): {'exp_num': 1, 'sent_code': 'l1_f_sp_na_089', 'list': 'l1', 'cond': 'f', 'lang': 'sp', 'type': 'na', 'num': 89.0, 'image': 'wallet', 'image_alt': 'bed', 'left_img': 'bed', 'right_img': 'wallet', 'left': '../image/bed.png', 'right': '../image/wallet.png', 'correct_img': 'wallet', 'correct_key': 'lshift', 'sound_dir': '../audio/089.wav', 'image_dir': None}
22.8822 	DATA 	Keypress: lshift
22.8872 	EXP 	exp1_image_l: autoDraw = False
22.8872 	EXP 	exp1_image_r: autoDraw = False
22.8872 	EXP 	exp1_image_l: image = '../image/bed.png'
22.8872 	EXP 	exp1_image_r: image = '../image/wallet.png'
22.8872 	EXP 	exp1_image_l: autoDraw = True
22.8872 	EXP 	exp1_image_r: autoDraw = True
23.1777 	EXP 	New trial (rep=0, index=21): {'exp_num': 1, 'sent_code': 'l1_t_es_na_011', 'list': 'l1', 'cond': 't', 'lang': 'es', 'type': 'na', 'num': 11.0, 'image': 'armchair', 'image_alt': 'bed', 'left_img': 'armchair', 'right_img': 'bed', 'left': '../image/armchair.png', 'right': '../image/bed.png', 'correct_img': 'armchair', 'correct_key': 'rshift', 'sound_dir': '../audio/011.wav', 'image_dir': None}
23.2187 	DATA 	Keypress: lshift
23.2233 	EXP 	exp1_image_l: autoDraw = False
23.2233 	EXP 	exp1_image_r: autoDraw = False
23.2233 	EXP 	exp1_image_l: image = '../image/armchair.png'
23.2233 	EXP 	exp1_image_r: image = '../image/bed.png'
23.2233 	EXP 	exp1_image_l: autoDraw = True
23.2233 	EXP 	exp1_image_r: autoDraw = True
23.4992 	EXP 	New trial (rep=0, index=22): {'exp_num': 1, 'sent_code': 'l1_f_sp_na_095', 'list': 'l1', 'cond': 'f', 'lang': 'sp', 'type': 'na', 'num': 95.0, 'image': 'key', 'image_alt': 'socks', 'left_img': 'socks', 'right_img': 'key', 'left': '../image/socks.png', 'right': '../image/key.png', 'correct_img': 'key', 'correct_key': 'lshift', 'sound_dir': '../audio/095.wav', 'image_dir': None}
23.5295 	DATA 	Keypress: lshift
23.5340 	EXP 	exp1_image_l: autoDraw = False
23.5340 	EXP 	exp1_image_r: autoDraw = False
23.5340 	EXP 	exp1_image_l: image = '../image/socks.png'
23.5340 	EXP 	exp1_image_r: image = '../image/key.png'
23.5340 	EXP 	exp1_image_l: autoDraw = True
23.5340 	EXP 	exp1_image_r: autoDraw = True
23.8001 	EXP 	New trial (rep=0, index=23): {'exp_num': 1, 'sent_code': 'l1_t_es_f0u_137', 'list': 'l1', 'cond': 't', 'lang': 'es', 'type': 'f0u', 'num': 137.0, 'image': 'jacket', 'image_alt': 'shirt', 'left_img': 'jacket', 'right_img': 'shirt', 'left': '../image/jacket.png', 'right': '../image/shirt.png', 'correct_img': 'jacket', 'correct_key': 'rshift', 'sound_dir': '../audio/137.wav', 'image_dir': None}
23.8320 	DATA 	Keypress: lshift
23.8364 	EXP 	exp1_image_l: autoDraw = False
23.8364 	EXP 	exp1_image_r: autoDraw = False
23.8364 	EXP 	exp1_image_l: image = '../image/jacket.png'
23.8364 	EXP 	exp1_image_r: image = '../image/shirt.png'
23.8364 	EXP 	exp1_image_l: autoDraw = True
23.8364 	EXP 	exp1_image_r: autoDraw = True
24.1168 	EXP 	New trial (rep=0, index=24): {'exp_num': 1, 'sent_code': 'l1_f_en_na_065', 'list': 'l1', 'cond': 'f', 'lang': 'en', 'type': 'na', 'num': 65.0, 'image': 'book', 'image_alt': 'computer', 'left_img': 'computer', 'right_img': 'book', 'left': '../image/computer.png', 'right': '../image/book.png', 'correct_img': 'book', 'correct_key': 'rshift', 'sound_dir': '../audio/065.wav', 'image_dir': None}
24.1505 	DATA 	Keypress: lshift
24.1549 	EXP 	exp1_image_l: autoDraw = False
24.1549 	EXP 	exp1_image_r: autoDraw = False
24.1549 	EXP 	exp1_image_l: image = '../image/computer.png'
24.1549 	EXP 	exp1_image_r: image = '../image/book.png'
24.1549 	EXP 	exp1_image_l: autoDraw = True
24.1549 	EXP 	exp1_image_r: autoDraw = True
24.4337 	EXP 	New trial (rep=0, index=25): {'exp_num': 1, 'sent_code': 'l1_f_en_na_073', 'list': 'l1', 'cond': 'f', 'lang': 'en', 'type': 'na', 'num': 73.0, 'image': 'tshirt', 'image_alt': 'socks', 'left_img': 'socks', 'right_img': 'tshirt', 'left': '../image/socks.png', 'right': '../image/tshirt.png', 'correct_img': 'tshirt', 'correct_key': 'rshift', 'sound_dir': '../audio/073.wav', 'image_dir': None}
24.4683 	DATA 	Keypress: lshift
24.4725 	EXP 	exp1_image_l: autoDraw = False
24.4725 	EXP 	exp1_image_r: autoDraw = False
24.4725 	EXP 	exp1_image_l: image = '../image/socks.png'
24.4725 	EXP 	exp1_image_r: image = '../image/tshirt.png'
24.4725 	EXP 	exp1_image_l: autoDraw = True
24.4725 	EXP 	exp1_image_r: autoDraw = True
24.7602 	EXP 	New trial (rep=0, index=26): {'exp_num': 1, 'sent_code': 'l1_f_sp_na_091', 'list': 'l1', 'cond': 'f', 'lang': 'sp', 'type': 'na', 'num': 91.0, 'image': 'bracelet', 'image_alt': 'backpack', 'left_img': 'backpack', 'right_img': 'bracelet', 'left': '../image/backpack.png', 'right': '../image/bracelet.png', 'correct_img': 'bracelet', 'correct_key': 'lshift', 'sound_dir': '../audio/091.wav', 'image_dir': None}
24.7950 	DATA 	Keypress: lshift
24.7991 	EXP 	exp1_image_l: autoDraw = False
24.7991 	EXP 	exp1_image_r: autoDraw = False
24.7991 	EXP 	exp1_image_l: image = '../image/backpack.png'
24.7991 	EXP 	exp1_image_r: image = '../image/bracelet.png'
24.7991 	EXP 	exp1_image_l: autoDraw = True
24.7991 	EXP 	exp1_image_r: autoDraw = True
25.0673 	EXP 	New trial (rep=0, index=27): {'exp_num': 1, 'sent_code': 'l1_t_es_na_013', 'list': 'l1', 'cond': 't', 'lang': 'es', 'type': 'na', 'num': 13.0, 'image': 'beer', 'image_alt': 'wine', 'left_img': 'beer', 'right_img': 'wine', 'left': '../image/beer.png', 'right': '../image/wine.png', 'correct_img': 'beer', 'correct_key': 'rshift', 'sound_dir': '../audio/013.wav', 'image_dir': None}
25.1009 	DATA 	Keypress: lshift
25.1052 	EXP 	exp1_image_l: autoDraw = False
25.1052 	EXP 	exp1_image_r: autoDraw = False
25.1052 	EXP 	exp1_image_l: image = '../image/beer.png'
25.1052 	EXP 	exp1_image_r: image = '../image/wine.png'
25.1052 	EXP 	exp1_image_l: autoDraw = True
25.1052 	EXP 	exp1_image_r: autoDraw = True
25.4096 	EXP 	New trial (rep=0, index=28): {'exp_num': 1, 'sent_code': 'l1_t_es_na_019', 'list': 'l1', 'cond': 't', 'lang': 'es', 'type': 'na', 'num': 19.0, 'image': 'boy', 'image_alt': 'dog', 'left_img': 'boy', 'right_img': 'dog', 'left': '../image/boy.png', 'right': '../image/dog.png', 'correct_img': 'boy', 'correct_key': 'rshift', 'sound_dir': '../audio/019.wav', 'image_dir': None}
25.4311 	DATA 	Keypress: lshift
25.4349 	EXP 	exp1_image_l: autoDraw = False
25.4349 	EXP 	exp1_image_r: autoDraw = False
25.4349 	EXP 	exp1_image_l: image = '../image/boy.png'
25.4349 	EXP 	exp1_image_r: image = '../image/dog.png'
25.4349 	EXP 	exp1_image_l: autoDraw = True
25.4349 	EXP 	exp1_image_r: autoDraw = True
25.7106 	EXP 	New trial (rep=0, index=29): {'exp_num': 1, 'sent_code': 'l1_f_en_na_068', 'list': 'l1', 'cond': 'f', 'lang': 'en', 'type': 'na', 'num': 68.0, 'image': 'socks', 'image_alt': 'book', 'left_img': 'socks', 'right_img': 'book', 'left': '../image/socks.png', 'right': '../image/book.png', 'correct_img': 'socks', 'correct_key': 'lshift', 'sound_dir': '../audio/068.wav', 'image_dir': None}
25.7434 	DATA 	Keypress: lshift
25.7477 	EXP 	exp1_image_l: autoDraw = False
25.7477 	EXP 	exp1_image_r: autoDraw = False
25.7477 	EXP 	exp1_image_l: image = '../image/socks.png'
25.7477 	EXP 	exp1_image_r: image = '../image/book.png'
25.7477 	EXP 	exp1_image_l: autoDraw = True
25.7477 	EXP 	exp1_image_r: autoDraw = True
26.0112 	EXP 	New trial (rep=0, index=30): {'exp_num': 1, 'sent_code': 'l1_f_se_na_077', 'list': 'l1', 'cond': 'f', 'lang': 'se', 'type': 'na', 'num': 77.0, 'image': 'donut', 'image_alt': 'mashedpotatoes', 'left_img': 'mashedpotatoes', 'right_img': 'donut', 'left': '../image/mashedpotatoes.png', 'right': '../image/donut.png', 'correct_img': 'donut', 'correct_key': 'rshift', 'sound_dir': '../audio/077.wav', 'image_dir': None}
26.0466 	DATA 	Keypress: lshift
26.0511 	EXP 	exp1_image_l: autoDraw = False
26.0511 	EXP 	exp1_image_r: autoDraw = False
26.0511 	EXP 	exp1_image_l: image = '../image/mashedpotatoes.png'
26.0511 	EXP 	exp1_image_r: image = '../image/donut.png'
26.0511 	EXP 	exp1_image_l: autoDraw = True
26.0511 	EXP 	exp1_image_r: autoDraw = True
26.2944 	EXP 	New trial (rep=0, index=31): {'exp_num': 1, 'sent_code': 'l1_t_es_na_015', 'list': 'l1', 'cond': 't', 'lang': 'es', 'type': 'na', 'num': 15.0, 'image': 'glasses', 'image_alt': 'jacket', 'left_img': 'glasses', 'right_img': 'jacket', 'left': '../image/glasses.png', 'right': '../image/jacket.png', 'correct_img': 'glasses', 'correct_key': 'rshift', 'sound_dir': '../audio/015.wav', 'image_dir': None}
26.3281 	DATA 	Keypress: lshift
26.3325 	EXP 	exp1_image_l: autoDraw = False
26.3325 	EXP 	exp1_image_r: autoDraw = False
26.3325 	EXP 	exp1_image_l: image = '../image/glasses.png'
26.3325 	EXP 	exp1_image_r: image = '../image/jacket.png'
26.3325 	EXP 	exp1_image_l: autoDraw = True
26.3325 	EXP 	exp1_image_r: autoDraw = True
26.5443 	EXP 	New trial (rep=0, index=32): {'exp_num': 1, 'sent_code': 'l1_f_se_na_080', 'list': 'l1', 'cond': 'f', 'lang': 'se', 'type': 'na', 'num': 80.0, 'image': 'mouse', 'image_alt': 'rat', 'left_img': 'mouse', 'right_img': 'rat', 'left': '../image/mouse.png', 'right': '../image/rat.png', 'correct_img': 'mouse', 'correct_key': 'lshift', 'sound_dir': '../audio/080.wav', 'image_dir': None}
26.5795 	DATA 	Keypress: lshift
26.5839 	EXP 	exp1_image_l: autoDraw = False
26.5839 	EXP 	exp1_image_r: autoDraw = False
26.5839 	EXP 	exp1_image_l: image = '../image/mouse.png'
26.5839 	EXP 	exp1_image_r: image = '../image/rat.png'
26.5839 	EXP 	exp1_image_l: autoDraw = True
26.5839 	EXP 	exp1_image_r: autoDraw = True
26.8270 	EXP 	New trial (rep=0, index=33): {'exp_num': 1, 'sent_code': 'l1_f_sp_na_088', 'list': 'l1', 'cond': 'f', 'lang': 'sp', 'type': 'na', 'num': 88.0, 'image': 'book', 'image_alt': 'cellphone', 'left_img': 'book', 'right_img': 'cellphone', 'left': '../image/book.png', 'right': '../image/cellphone.png', 'correct_img': 'book', 'correct_key': 'rshift', 'sound_dir': '../audio/088.wav', 'image_dir': None}
26.8566 	DATA 	Keypress: lshift
26.8606 	EXP 	exp1_image_l: autoDraw = False
26.8606 	EXP 	exp1_image_r: autoDraw = False
26.8606 	EXP 	exp1_image_l: image = '../image/book.png'
26.8606 	EXP 	exp1_image_r: image = '../image/cellphone.png'
26.8606 	EXP 	exp1_image_l: autoDraw = True
26.8606 	EXP 	exp1_image_r: autoDraw = True
27.0777 	EXP 	New trial (rep=0, index=34): {'exp_num': 1, 'sent_code': 'l1_f_en_na_069', 'list': 'l1', 'cond': 'f', 'lang': 'en', 'type': 'na', 'num': 69.0, 'image': 'shirt', 'image_alt': 'bag', 'left_img': 'bag', 'right_img': 'shirt', 'left': '../image/bag.png', 'right': '../image/shirt.png', 'correct_img': 'shirt', 'correct_key': 'rshift', 'sound_dir': '../audio/069.wav', 'image_dir': None}
27.1062 	DATA 	Keypress: lshift
27.1111 	EXP 	exp1_image_l: autoDraw = False
27.1111 	EXP 	exp1_image_r: autoDraw = False
27.1111 	EXP 	exp1_image_l: image = '../image/bag.png'
27.1111 	EXP 	exp1_image_r: image = '../image/shirt.png'
27.1111 	EXP 	exp1_image_l: autoDraw = True
27.1111 	EXP 	exp1_image_r: autoDraw = True
27.3267 	EXP 	New trial (rep=0, index=35): {'exp_num': 1, 'sent_code': 'l1_f_sp_na_093', 'list': 'l1', 'cond': 'f', 'lang': 'sp', 'type': 'na', 'num': 93.0, 'image': 'book', 'image_alt': 'boy', 'left_img': 'boy', 'right_img': 'book', 'left': '../image/boy.png', 'right': '../image/book.png', 'correct_img': 'book', 'correct_key': 'lshift', 'sound_dir': '../audio/093.wav', 'image_dir': None}
27.3607 	DATA 	Keypress: lshift
27.3650 	EXP 	exp1_image_l: autoDraw = False
27.3650 	EXP 	exp1_image_r: autoDraw = False
27.3650 	EXP 	exp1_image_l: image = '../image/boy.png'
27.3650 	EXP 	exp1_image_r: image = '../image/book.png'
27.3650 	EXP 	exp1_image_l: autoDraw = True
27.3650 	EXP 	exp1_image_r: autoDraw = True
27.5674 	EXP 	New trial (rep=0, index=36): {'exp_num': 1, 'sent_code': 'l1_t_es_f0u_132', 'list': 'l1', 'cond': 't', 'lang': 'es', 'type': 'f0u', 'num': 132.0, 'image': 'grandma', 'image_alt': 'car', 'left_img': 'car', 'right_img': 'grandma', 'left': '../image/car.png', 'right': '../image/grandma.png', 'correct_img': 'grandma', 'correct_key': 'lshift', 'sound_dir': '../audio/132.wav', 'image_dir': None}
27.6029 	DATA 	Keypress: lshift
27.6077 	EXP 	exp1_image_l: autoDraw = False
27.6077 	EXP 	exp1_image_r: autoDraw = False
27.6077 	EXP 	exp1_image_l: image = '../image/car.png'
27.6077 	EXP 	exp1_image_r: image = '../image/grandma.png'
27.6077 	EXP 	exp1_image_l: autoDraw = True
27.6077 	EXP 	exp1_image_r: autoDraw = True
27.8114 	EXP 	New trial (rep=0, index=37): {'exp_num': 1, 'sent_code': 'l1_t_es_f0u_140', 'list': 'l1', 'cond': 't', 'lang': 'es', 'type': 'f0u', 'num': 140.0, 'image': 'bracelet', 'image_alt': 'ring', 'left_img': 'ring', 'right_img': 'bracelet', 'left': '../image/ring.png', 'right': '../image/bracelet.png', 'correct_img': 'bracelet', 'correct_key': 'rshift', 'sound_dir': '../audio/140.wav', 'image_dir': None}
27.8442 	DATA 	Keypress: lshift
27.8489 	EXP 	exp1_image_l: autoDraw = False
27.8489 	EXP 	exp1_image_r: autoDraw = False
27.8489 	EXP 	exp1_image_l: image = '../image/ring.png'
27.8489 	EXP 	exp1_image_r: image = '../image/bracelet.png'
27.8489 	EXP 	exp1_image_l: autoDraw = True
27.8489 	EXP 	exp1_image_r: autoDraw = True
28.0445 	EXP 	New trial (rep=0, index=38): {'exp_num': 1, 'sent_code': 'l1_f_en_na_074', 'list': 'l1', 'cond': 'f', 'lang': 'en', 'type': 'na', 'num': 74.0, 'image': 'boy', 'image_alt': 'woman', 'left_img': 'boy', 'right_img': 'woman', 'left': '../image/boy.png', 'right': '../image/woman.png', 'correct_img': 'boy', 'correct_key': 'lshift', 'sound_dir': '../audio/074.wav', 'image_dir': None}
28.0808 	DATA 	Keypress: rshift
28.0854 	EXP 	exp1_image_l: autoDraw = False
28.0854 	EXP 	exp1_image_r: autoDraw = False
28.0854 	EXP 	exp1_image_l: image = '../image/boy.png'
28.0854 	EXP 	exp1_image_r: image = '../image/woman.png'
28.0854 	EXP 	exp1_image_l: autoDraw = True
28.0854 	EXP 	exp1_image_r: autoDraw = True
28.2268 	EXP 	New trial (rep=0, index=39): {'exp_num': 1, 'sent_code': 'l1_t_es_na_016', 'list': 'l1', 'cond': 't', 'lang': 'es', 'type': 'na', 'num': 16.0, 'image': 'bag', 'image_alt': 'flipflops', 'left_img': 'flipflops', 'right_img': 'bag', 'left': '../image/flipflops.png', 'right': '../image/bag.png', 'correct_img': 'bag', 'correct_key': 'lshift', 'sound_dir': '../audio/016.wav', 'image_dir': None}
28.2588 	DATA 	Keypress: lshift
28.2634 	EXP 	exp1_image_l: autoDraw = False
28.2634 	EXP 	exp1_image_r: autoDraw = False
28.2634 	EXP 	exp1_image_l: image = '../image/flipflops.png'
28.2634 	EXP 	exp1_image_r: image = '../image/bag.png'
28.2634 	EXP 	exp1_image_l: autoDraw = True
28.2634 	EXP 	exp1_image_r: autoDraw = True
28.4443 	EXP 	New trial (rep=0, index=40): {'exp_num': 1, 'sent_code': 'l1_f_sp_na_087', 'list': 'l1', 'cond': 'f', 'lang': 'sp', 'type': 'na', 'num': 87.0, 'image': 'bed', 'image_alt': 'desk', 'left_img': 'desk', 'right_img': 'bed', 'left': '../image/desk.png', 'right': '../image/bed.png', 'correct_img': 'bed', 'correct_key': 'rshift', 'sound_dir': '../audio/087.wav', 'image_dir': None}
28.4805 	DATA 	Keypress: rshift
28.4853 	EXP 	exp1_image_l: autoDraw = False
28.4853 	EXP 	exp1_image_r: autoDraw = False
28.4853 	EXP 	exp1_image_l: image = '../image/desk.png'
28.4853 	EXP 	exp1_image_r: image = '../image/bed.png'
28.4853 	EXP 	exp1_image_l: autoDraw = True
28.4853 	EXP 	exp1_image_r: autoDraw = True
28.6314 	EXP 	New trial (rep=0, index=41): {'exp_num': 1, 'sent_code': 'l1_f_en_na_075', 'list': 'l1', 'cond': 'f', 'lang': 'en', 'type': 'na', 'num': 75.0, 'image': 'fish', 'image_alt': 'dog', 'left_img': 'dog', 'right_img': 'fish', 'left': '../image/dog.png', 'right': '../image/fish.png', 'correct_img': 'fish', 'correct_key': 'rshift', 'sound_dir': '../audio/075.wav', 'image_dir': None}
28.6639 	DATA 	Keypress: lshift
28.6683 	EXP 	exp1_image_l: autoDraw = False
28.6683 	EXP 	exp1_image_r: autoDraw = False
28.6683 	EXP 	exp1_image_l: image = '../image/dog.png'
28.6683 	EXP 	exp1_image_r: image = '../image/fish.png'
28.6683 	EXP 	exp1_image_l: autoDraw = True
28.6683 	EXP 	exp1_image_r: autoDraw = True
28.8612 	EXP 	New trial (rep=0, index=42): {'exp_num': 1, 'sent_code': 'l1_f_en_na_061', 'list': 'l1', 'cond': 'f', 'lang': 'en', 'type': 'na', 'num': 61.0, 'image': 'dog', 'image_alt': 'cat', 'left_img': 'cat', 'right_img': 'dog', 'left': '../image/cat.png', 'right': '../image/dog.png', 'correct_img': 'dog', 'correct_key': 'rshift', 'sound_dir': '../audio/061.wav', 'image_dir': '../image/'}
28.8950 	DATA 	Keypress: rshift
28.8997 	EXP 	exp1_image_l: autoDraw = False
28.8997 	EXP 	exp1_image_r: autoDraw = False
28.8997 	EXP 	exp1_image_l: image = '../image/cat.png'
28.8997 	EXP 	exp1_image_r: image = '../image/dog.png'
28.8997 	EXP 	exp1_image_l: autoDraw = True
28.8997 	EXP 	exp1_image_r: autoDraw = True
29.0436 	EXP 	New trial (rep=0, index=43): {'exp_num': 1, 'sent_code': 'l1_f_en_na_063', 'list': 'l1', 'cond': 'f', 'lang': 'en', 'type': 'na', 'num': 63.0, 'image': 'man', 'image_alt': 'woman', 'left_img': 'woman', 'right_img': 'man', 'left': '../image/woman.png', 'right': '../image/man.png', 'correct_img': 'man', 'correct_key': 'rshift', 'sound_dir': '../audio/063.wav', 'image_dir': None}
29.0760 	DATA 	Keypress: lshift
29.0805 	EXP 	exp1_image_l: autoDraw = False
29.0805 	EXP 	exp1_image_r: autoDraw = False
29.0805 	EXP 	exp1_image_l: image = '../image/woman.png'
29.0805 	EXP 	exp1_image_r: image = '../image/man.png'
29.0805 	EXP 	exp1_image_l: autoDraw = True
29.0805 	EXP 	exp1_image_r: autoDraw = True
29.2445 	EXP 	New trial (rep=0, index=44): {'exp_num': 1, 'sent_code': 'l1_f_sp_na_090', 'list': 'l1', 'cond': 'f', 'lang': 'sp', 'type': 'na', 'num': 90.0, 'image': 'bag', 'image_alt': 'bottle', 'left_img': 'bag', 'right_img': 'bottle', 'left': '../image/bag.png', 'right': '../image/bottle.png', 'correct_img': 'bag', 'correct_key': 'rshift', 'sound_dir': '../audio/090.wav', 'image_dir': None}
29.2747 	DATA 	Keypress: rshift
29.2791 	EXP 	exp1_image_l: autoDraw = False
29.2791 	EXP 	exp1_image_r: autoDraw = False
29.2791 	EXP 	exp1_image_l: image = '../image/bag.png'
29.2791 	EXP 	exp1_image_r: image = '../image/bottle.png'
29.2791 	EXP 	exp1_image_l: autoDraw = True
29.2791 	EXP 	exp1_image_r: autoDraw = True
29.4342 	EXP 	New trial (rep=0, index=45): {'exp_num': 1, 'sent_code': 'l1_f_en_na_062', 'list': 'l1', 'cond': 'f', 'lang': 'en', 'type': 'na', 'num': 62.0, 'image': 'shoe', 'image_alt': 'ring', 'left_img': 'shoe', 'right_img': 'ring', 'left': '../image/shoe.png', 'right': '../image/ring.png', 'correct_img': 'shoe', 'correct_key': 'lshift', 'sound_dir': '../audio/062.wav', 'image_dir': None}
29.4677 	DATA 	Keypress: lshift
29.4721 	EXP 	exp1_image_l: autoDraw = False
29.4721 	EXP 	exp1_image_r: autoDraw = False
29.4721 	EXP 	exp1_image_l: image = '../image/shoe.png'
29.4721 	EXP 	exp1_image_r: image = '../image/ring.png'
29.4721 	EXP 	exp1_image_l: autoDraw = True
29.4721 	EXP 	exp1_image_r: autoDraw = True
29.6505 	EXP 	New trial (rep=0, index=46): {'exp_num': 1, 'sent_code': 'l1_f_se_na_084', 'list': 'l1', 'cond': 'f', 'lang': 'se', 'type': 'na', 'num': 84.0, 'image': 'penthouse', 'image_alt': 'rocket', 'left_img': 'penthouse', 'right_img': 'rocket', 'left': '../image/penthouse.png', 'right': '../image/rocket.png', 'correct_img': 'penthouse', 'correct_key': 'lshift', 'sound_dir': '../audio/084.wav', 'image_dir': None}
29.6882 	DATA 	Keypress: rshift
29.6929 	EXP 	exp1_image_l: autoDraw = False
29.6929 	EXP 	exp1_image_r: autoDraw = False
29.6929 	EXP 	exp1_image_l: image = '../image/penthouse.png'
29.6929 	EXP 	exp1_image_r: image = '../image/rocket.png'
29.6929 	EXP 	exp1_image_l: autoDraw = True
29.6929 	EXP 	exp1_image_r: autoDraw = True
29.8266 	EXP 	New trial (rep=0, index=47): {'exp_num': 1, 'sent_code': 'l1_f_se_na_085', 'list': 'l1', 'cond': 'f', 'lang': 'se', 'type': 'na', 'num': 85.0, 'image': 'sneakers', 'image_alt': 'loafers', 'left_img': 'loafers', 'right_img': 'sneakers', 'left': '../image/loafers.png', 'right': '../image/sneakers.png', 'correct_img': 'sneakers', 'correct_key': 'rshift', 'sound_dir': '../audio/085.wav', 'image_dir': None}
29.8622 	DATA 	Keypress: lshift
29.8664 	EXP 	exp1_image_l: autoDraw = False
29.8664 	EXP 	exp1_image_r: autoDraw = False
29.8664 	EXP 	exp1_image_l: image = '../image/loafers.png'
29.8664 	EXP 	exp1_image_r: image = '../image/sneakers.png'
29.8664 	EXP 	exp1_image_l: autoDraw = True
29.8664 	EXP 	exp1_image_r: autoDraw = True
30.0267 	EXP 	New trial (rep=0, index=48): {'exp_num': 1, 'sent_code': 'l1_t_es_f0u_138', 'list': 'l1', 'cond': 't', 'lang': 'es', 'type': 'f0u', 'num': 138.0, 'image': 'shirt', 'image_alt': 'pants', 'left_img': 'pants', 'right_img': 'shirt', 'left': '../image/pants.png', 'right': '../image/shirt.png', 'correct_img': 'shirt', 'correct_key': 'lshift', 'sound_dir': '../audio/138.wav', 'image_dir': None}
30.0592 	DATA 	Keypress: rshift
30.0636 	EXP 	exp1_image_l: autoDraw = False
30.0636 	EXP 	exp1_image_r: autoDraw = False
30.0636 	EXP 	exp1_image_l: image = '../image/pants.png'
30.0636 	EXP 	exp1_image_r: image = '../image/shirt.png'
30.0636 	EXP 	exp1_image_l: autoDraw = True
30.0636 	EXP 	exp1_image_r: autoDraw = True
30.2104 	EXP 	New trial (rep=0, index=49): {'exp_num': 1, 'sent_code': 'l1_f_se_na_079', 'list': 'l1', 'cond': 'f', 'lang': 'se', 'type': 'na', 'num': 79.0, 'image': 'jeans', 'image_alt': 'sweatpants', 'left_img': 'sweatpants', 'right_img': 'jeans', 'left': '../image/sweatpants.png', 'right': '../image/jeans.png', 'correct_img': 'jeans', 'correct_key': 'rshift', 'sound_dir': '../audio/079.wav', 'image_dir': None}
30.2421 	DATA 	Keypress: lshift
30.2468 	EXP 	exp1_image_l: autoDraw = False
30.2468 	EXP 	exp1_image_r: autoDraw = False
30.2468 	EXP 	exp1_image_l: image = '../image/sweatpants.png'
30.2468 	EXP 	exp1_image_r: image = '../image/jeans.png'
30.2468 	EXP 	exp1_image_l: autoDraw = True
30.2468 	EXP 	exp1_image_r: autoDraw = True
30.4105 	EXP 	New trial (rep=0, index=50): {'exp_num': 1, 'sent_code': 'l1_t_es_na_014', 'list': 'l1', 'cond': 't', 'lang': 'es', 'type': 'na', 'num': 14.0, 'image': 'key', 'image_alt': 'book', 'left_img': 'book', 'right_img': 'key', 'left': '../image/book.png', 'right': '../image/key.png', 'correct_img': 'key', 'correct_key': 'lshift', 'sound_dir': '../audio/014.wav', 'image_dir': None}
30.4427 	DATA 	Keypress: rshift
30.4474 	EXP 	exp1_image_l: autoDraw = False
30.4474 	EXP 	exp1_image_r: autoDraw = False
30.4474 	EXP 	exp1_image_l: image = '../image/book.png'
30.4474 	EXP 	exp1_image_r: image = '../image/key.png'
30.4474 	EXP 	exp1_image_l: autoDraw = True
30.4474 	EXP 	exp1_image_r: autoDraw = True
30.5766 	EXP 	New trial (rep=0, index=51): {'exp_num': 1, 'sent_code': 'l1_f_sp_na_094', 'list': 'l1', 'cond': 'f', 'lang': 'sp', 'type': 'na', 'num': 94.0, 'image': 'beer', 'image_alt': 'horchata', 'left_img': 'beer', 'right_img': 'horchata', 'left': '../image/beer.png', 'right': '../image/horchata.png', 'correct_img': 'beer', 'correct_key': 'rshift', 'sound_dir': '../audio/094.wav', 'image_dir': None}
30.6103 	DATA 	Keypress: lshift
30.6146 	EXP 	exp1_image_l: autoDraw = False
30.6146 	EXP 	exp1_image_r: autoDraw = False
30.6146 	EXP 	exp1_image_l: image = '../image/beer.png'
30.6146 	EXP 	exp1_image_r: image = '../image/horchata.png'
30.6146 	EXP 	exp1_image_l: autoDraw = True
30.6146 	EXP 	exp1_image_r: autoDraw = True
30.7783 	EXP 	New trial (rep=0, index=52): {'exp_num': 1, 'sent_code': 'l1_f_sp_na_086', 'list': 'l1', 'cond': 'f', 'lang': 'sp', 'type': 'na', 'num': 86.0, 'image': 'plates', 'image_alt': 'glasses', 'left_img': 'plates', 'right_img': 'glasses', 'left': '../image/plates.png', 'right': '../image/glasses.png', 'correct_img': 'plates', 'correct_key': 'lshift', 'sound_dir': '../audio/086.wav', 'image_dir': None}
30.8083 	DATA 	Keypress: rshift
30.8126 	EXP 	exp1_image_l: autoDraw = False
30.8126 	EXP 	exp1_image_r: autoDraw = False
30.8126 	EXP 	exp1_image_l: image = '../image/plates.png'
30.8126 	EXP 	exp1_image_r: image = '../image/glasses.png'
30.8126 	EXP 	exp1_image_l: autoDraw = True
30.8126 	EXP 	exp1_image_r: autoDraw = True
30.9495 	EXP 	New trial (rep=0, index=53): {'exp_num': 1, 'sent_code': 'l1_f_se_na_083', 'list': 'l1', 'cond': 'f', 'lang': 'se', 'type': 'na', 'num': 83.0, 'image': 'burger', 'image_alt': 'donut', 'left_img': 'donut', 'right_img': 'burger', 'left': '../image/donut.png', 'right': '../image/burger.png', 'correct_img': 'burger', 'correct_key': 'rshift', 'sound_dir': '../audio/083.wav', 'image_dir': None}
30.9861 	DATA 	Keypress: lshift
30.9907 	EXP 	exp1_image_l: autoDraw = False
30.9907 	EXP 	exp1_image_r: autoDraw = False
30.9907 	EXP 	exp1_image_l: image = '../image/donut.png'
30.9907 	EXP 	exp1_image_r: image = '../image/burger.png'
30.9907 	EXP 	exp1_image_l: autoDraw = True
30.9907 	EXP 	exp1_image_r: autoDraw = True
31.1325 	EXP 	New trial (rep=0, index=54): {'exp_num': 1, 'sent_code': 'l1_f_en_na_072', 'list': 'l1', 'cond': 'f', 'lang': 'en', 'type': 'na', 'num': 72.0, 'image': 'dog', 'image_alt': 'fish', 'left_img': 'dog', 'right_img': 'fish', 'left': '../image/dog.png', 'right': '../image/fish.png', 'correct_img': 'dog', 'correct_key': 'lshift', 'sound_dir': '../audio/072.wav', 'image_dir': None}
31.1632 	DATA 	Keypress: rshift
31.1674 	EXP 	exp1_image_l: autoDraw = False
31.1674 	EXP 	exp1_image_r: autoDraw = False
31.1674 	EXP 	exp1_image_l: image = '../image/dog.png'
31.1674 	EXP 	exp1_image_r: image = '../image/fish.png'
31.1674 	EXP 	exp1_image_l: autoDraw = True
31.1674 	EXP 	exp1_image_r: autoDraw = True
31.3303 	DATA 	Keypress: lshift
31.3344 	EXP 	exp1_image_l: autoDraw = False
31.3344 	EXP 	exp1_image_r: autoDraw = False
31.3344 	EXP 	exp1_end_text: autoDraw = True
31.5256 	DATA 	Keypress: rshift
32.3999 	EXP 	Created sequence: sequential, trialTypes=1, nReps=1000, seed=None
32.4044 	EXP 	New trial (rep=0, index=0): None
32.4073 	DATA 	Keypress: space
32.4114 	EXP 	exp1_end_text: autoDraw = False
32.4114 	EXP 	exp2_instr_text: autoDraw = True
34.1969 	EXP 	Imported /Users/gabmac/Documents/RU/QP/exp/practice_trial/trial_exp_2/trial2.xlsx as conditions, 8 conditions, 16 params
34.1972 	EXP 	Created sequence: sequential, trialTypes=8, nReps=1, seed=None
34.1977 	EXP 	New trial (rep=0, index=0): {'num': 'tr1', 'list': 'lt', 'cond': 'tr', 'lang': 'en', 'type': 'na', 'sound_dir': '../practice_trial/audio/tr1.wav', 'phr': 'Where are your kids?', 'sent_code': 'lt_tr_en_na_tr1', 'mat': '-', 'mat_num': '-', 'emb_num': '-', 'emb': '-', 'cut': '-', 'mat_f0_c': '-', 'left': '../image/america.png', 'right': '../image/spain.png'}
34.2210 	DATA 	Keypress: space
34.2248 	EXP 	exp2_instr_text: autoDraw = False
34.2248 	EXP 	exp2_trial_iamge_l: image = '../image/america.png'
34.2248 	EXP 	exp2_trial_image_r: image = '../image/spain.png'
34.2248 	EXP 	exp2_trial_iamge_l: autoDraw = True
34.2248 	EXP 	exp2_trial_image_r: autoDraw = True
34.6122 	DATA 	Keypress: lshift
34.9300 	DATA 	Keypress: rshift
38.4854 	DATA 	Keypress: lshift
39.1835 	EXP 	New trial (rep=0, index=1): {'num': 'tr2', 'list': 'lt', 'cond': 'tr', 'lang': 'en', 'type': 'na', 'sound_dir': '../practice_trial/audio/tr2.wav', 'phr': 'Who is buying my car?', 'sent_code': 'lt_tr_en_na_tr2', 'mat': '-', 'mat_num': '-', 'emb_num': '-', 'emb': '-', 'cut': '-', 'mat_f0_c': '-', 'left': '../image/america.png', 'right': '../image/spain.png'}
39.2155 	EXP 	exp2_trial_iamge_l: autoDraw = False
39.2155 	EXP 	exp2_trial_image_r: autoDraw = False
39.2155 	EXP 	exp2_trial_iamge_l: image = '../image/america.png'
39.2155 	EXP 	exp2_trial_image_r: image = '../image/spain.png'
39.2155 	EXP 	exp2_trial_iamge_l: autoDraw = True
39.2155 	EXP 	exp2_trial_image_r: autoDraw = True
39.2605 	DATA 	Keypress: rshift
40.0027 	DATA 	Keypress: lshift
40.8027 	DATA 	Keypress: rshift
41.5622 	DATA 	Keypress: lshift
42.3671 	DATA 	Keypress: rshift
43.1363 	DATA 	Keypress: lshift
43.9019 	DATA 	Keypress: rshift
44.1842 	EXP 	New trial (rep=0, index=2): {'num': 'tr3', 'list': 'lt', 'cond': 'tr', 'lang': 'sp', 'type': 'na', 'sound_dir': '../practice_trial/audio/tr3.wav', 'phr': '¿Dónde está mi perro?', 'sent_code': 'lt_tr_sp_na_tr3', 'mat': '-', 'mat_num': '-', 'emb_num': '-', 'emb': '-', 'cut': '-', 'mat_f0_c': '-', 'left': '../image/america.png', 'right': '../image/spain.png'}
44.2177 	EXP 	exp2_trial_iamge_l: autoDraw = False
44.2177 	EXP 	exp2_trial_image_r: autoDraw = False
44.2177 	EXP 	exp2_trial_iamge_l: image = '../image/america.png'
44.2177 	EXP 	exp2_trial_image_r: image = '../image/spain.png'
44.2177 	EXP 	exp2_trial_iamge_l: autoDraw = True
44.2177 	EXP 	exp2_trial_image_r: autoDraw = True
44.6459 	DATA 	Keypress: lshift
45.3851 	DATA 	Keypress: rshift
46.1621 	DATA 	Keypress: lshift
46.9290 	DATA 	Keypress: rshift
47.6681 	DATA 	Keypress: lshift
48.4117 	DATA 	Keypress: rshift
49.1284 	DATA 	Keypress: lshift
49.1826 	EXP 	New trial (rep=0, index=3): {'num': 'tr4', 'list': 'lt', 'cond': 'tr', 'lang': 'sp', 'type': 'na', 'sound_dir': '../practice_trial/audio/tr4.wav', 'phr': '¿De quién es la bolsa?', 'sent_code': 'lt_tr_sp_na_tr4', 'mat': '-', 'mat_num': '-', 'emb_num': '-', 'emb': '-', 'cut': '-', 'mat_f0_c': '-', 'left': '../image/america.png', 'right': '../image/spain.png'}
49.2171 	EXP 	exp2_trial_iamge_l: autoDraw = False
49.2171 	EXP 	exp2_trial_image_r: autoDraw = False
49.2171 	EXP 	exp2_trial_iamge_l: image = '../image/america.png'
49.2171 	EXP 	exp2_trial_image_r: image = '../image/spain.png'
49.2171 	EXP 	exp2_trial_iamge_l: autoDraw = True
49.2171 	EXP 	exp2_trial_image_r: autoDraw = True
49.8635 	DATA 	Keypress: rshift
50.6187 	DATA 	Keypress: lshift
51.3458 	DATA 	Keypress: rshift
52.1016 	DATA 	Keypress: lshift
52.8791 	DATA 	Keypress: rshift
53.6184 	DATA 	Keypress: lshift
54.1828 	EXP 	New trial (rep=0, index=4): {'num': 'tr5', 'list': 'lt', 'cond': 'tr', 'lang': 'se', 'type': 'na', 'sound_dir': '../practice_trial/audio/tr5.wav', 'phr': '¿Dónde encontraste sus donuts?', 'sent_code': 'lt_tr_se_na_tr5', 'mat': '-', 'mat_num': '-', 'emb_num': '-', 'emb': '-', 'cut': '-', 'mat_f0_c': '-', 'left': '../image/america.png', 'right': '../image/spain.png'}
54.2145 	EXP 	exp2_trial_iamge_l: autoDraw = False
54.2145 	EXP 	exp2_trial_image_r: autoDraw = False
54.2145 	EXP 	exp2_trial_iamge_l: image = '../image/america.png'
54.2145 	EXP 	exp2_trial_image_r: image = '../image/spain.png'
54.2145 	EXP 	exp2_trial_iamge_l: autoDraw = True
54.2145 	EXP 	exp2_trial_image_r: autoDraw = True
54.4511 	DATA 	Keypress: rshift
55.2025 	DATA 	Keypress: lshift
55.9533 	DATA 	Keypress: rshift
56.7329 	DATA 	Keypress: lshift
57.5287 	DATA 	Keypress: rshift
58.2694 	DATA 	Keypress: lshift
59.0303 	DATA 	Keypress: rshift
59.1829 	EXP 	New trial (rep=0, index=5): {'num': 'tr6', 'list': 'lt', 'cond': 'tr', 'lang': 'se', 'type': 'na', 'sound_dir': '../practice_trial/audio/tr6.wav', 'phr': '¿Cuándo compraste tu sweater?', 'sent_code': 'lt_tr_se_na_tr6', 'mat': '-', 'mat_num': '-', 'emb_num': '-', 'emb': '-', 'cut': '-', 'mat_f0_c': '-', 'left': '../image/america.png', 'right': '../image/spain.png'}
59.2149 	EXP 	exp2_trial_iamge_l: autoDraw = False
59.2149 	EXP 	exp2_trial_image_r: autoDraw = False
59.2149 	EXP 	exp2_trial_iamge_l: image = '../image/america.png'
59.2149 	EXP 	exp2_trial_image_r: image = '../image/spain.png'
59.2149 	EXP 	exp2_trial_iamge_l: autoDraw = True
59.2149 	EXP 	exp2_trial_image_r: autoDraw = True
59.7776 	DATA 	Keypress: lshift
60.5619 	DATA 	Keypress: rshift
61.3186 	DATA 	Keypress: lshift
62.0850 	DATA 	Keypress: rshift
62.8124 	DATA 	Keypress: lshift
63.5453 	DATA 	Keypress: rshift
64.1830 	EXP 	New trial (rep=0, index=6): {'num': 'tr7', 'list': 'lt', 'cond': 'tr', 'lang': 'es', 'type': 'na', 'sound_dir': '../practice_trial/audio/tr7.wav', 'phr': 'Why do you have my camisa?', 'sent_code': 'lt_tr_es_na_tr7', 'mat': '-', 'mat_num': '-', 'emb_num': '-', 'emb': '-', 'cut': '-', 'mat_f0_c': '-', 'left': '../image/america.png', 'right': '../image/spain.png'}
64.2124 	EXP 	exp2_trial_iamge_l: autoDraw = False
64.2124 	EXP 	exp2_trial_image_r: autoDraw = False
64.2124 	EXP 	exp2_trial_iamge_l: image = '../image/america.png'
64.2124 	EXP 	exp2_trial_image_r: image = '../image/spain.png'
64.2124 	EXP 	exp2_trial_iamge_l: autoDraw = True
64.2124 	EXP 	exp2_trial_image_r: autoDraw = True
64.2599 	DATA 	Keypress: lshift
64.9852 	DATA 	Keypress: rshift
65.2868 	DATA 	Keypress: escape
66.0572 	EXP 	window1: mouseVisible = True
