7.0250 	WARNING 	User requested fullscreen with size [1920 1080], but screen is actually [1470, 956]. Using actual size
8.1533 	WARNING 	Couldn't measure a consistent frame rate!
  - Is your graphics card set to sync to vertical blank?
  - Are you running other processes on your computer?

8.1546 	EXP 	Created window1 = Window(allowGUI=True, allowStencil=False, autoLog=True, backendConf=UNKNOWN, bitsMode=UNKNOWN, blendMode='avg', bpc=(8, 8, 8), color=array([0, 0, 0]), colorSpace='rgb', depthBits=8, fullscr=<method-wrapper '__getattribute__' of attributeSetter object at 0x7fb883870e50>, gamma=None, gammaErrorPolicy='raise', lms=UNKNOWN, monitor=<psychopy.monitors.calibTools.Monitor object at 0x7fb840cd32b0>, multiSample=False, name='window1', numSamples=2, pos=[367.5, 239.0], screen=0, size=array([2940, 1912]), stencilBits=0, stereo=False, units='height', useFBO=True, useRetina=True, viewOri=0.0, viewPos=None, viewScale=None, waitBlanking=True, winType='pyglet')
8.1552 	EXP 	window1: mouseVisible = True
8.1567 	EXP 	window1: mouseVisible = False
8.1567 	EXP 	window1: Attempting to measure frame rate of screen (0) ...
8.1568 	EXP 	window1: recordFrameIntervals = False
8.2361 	EXP 	window1: recordFrameIntervals = True
9.0697 	WARNING 	Couldn't measure a consistent frame rate!
  - Is your graphics card set to sync to vertical blank?
  - Are you running other processes on your computer?

10.8240 	EXP 	Created welcome_text = TextStim(__class__=<class 'psychopy.visual.text.TextStim'>, alignHoriz=method-wrapper(...), alignText='center', alignVert=method-wrapper(...), anchorHoriz='center', anchorVert='center', antialias=True, autoDraw=False, autoLog=True, bold=False, color=array([1, 1, 1]), colorSpace='rgb', contrast=1.0, depth=0.0, flipHoriz=False, flipVert=False, font='Open Sans', fontFiles=[], height=0.05, italic=False, languageStyle='LTR', name='welcome_text', opacity=1.0, ori=0.0, pos=array([0., 0.]), rgb=UNKNOWN, text=str(...), units='height', win=Window(...), wrapWidth=1)
10.8391 	EXP 	Created exp1_instr_text = TextStim(__class__=<class 'psychopy.visual.text.TextStim'>, alignHoriz=method-wrapper(...), alignText='center', alignVert=method-wrapper(...), anchorHoriz='center', anchorVert='center', antialias=True, autoDraw=False, autoLog=True, bold=False, color=array([1, 1, 1]), colorSpace='rgb', contrast=1.0, depth=0.0, flipHoriz=False, flipVert=False, font='Open Sans', fontFiles=[], height=0.05, italic=False, languageStyle='LTR', name='exp1_instr_text', opacity=1.0, ori=0.0, pos=array([0., 0.]), rgb=UNKNOWN, text=str(...), units='height', win=Window(...), wrapWidth=1)
10.8470 	EXP 	Created exp1_trial_image_l = ImageStim(__class__=<class 'psychopy.visual.image.ImageStim'>, anchor=('center', 'center'), autoLog=True, color=array([1, 1, 1]), colorSpace='rgb', contrast=1.0, depth=0.0, flipHoriz=False, flipVert=False, image='sin', interpolate=True, mask=None, maskParams=None, name='exp1_trial_image_l', opacity=1.0, ori=0.0, pos=array([-0.5,  0. ]), size=array([0.5, 0.5]), texRes=128.0, units='height', win=Window(...))
10.8496 	EXP 	Created exp1_trial_image_r = ImageStim(__class__=<class 'psychopy.visual.image.ImageStim'>, anchor=('center', 'center'), autoLog=True, color=array([1, 1, 1]), colorSpace='rgb', contrast=1.0, depth=-1.0, flipHoriz=False, flipVert=False, image='sin', interpolate=True, mask=None, maskParams=None, name='exp1_trial_image_r', opacity=1.0, ori=0.0, pos=array([0.5, 0. ]), size=array([0.5, 0.5]), texRes=128.0, units='height', win=Window(...))
11.0634 	EXP 	Sound exp1_trial_sound set volume 1.000
11.0695 	EXP 	Created end_exp1_trial_text = TextStim(__class__=<class 'psychopy.visual.text.TextStim'>, alignHoriz=method-wrapper(...), alignText='center', alignVert=method-wrapper(...), anchorHoriz='center', anchorVert='center', antialias=True, autoDraw=False, autoLog=True, bold=False, color=array([1, 1, 1]), colorSpace='rgb', contrast=1.0, depth=0.0, flipHoriz=False, flipVert=False, font='Open Sans', fontFiles=[], height=0.05, italic=False, languageStyle='LTR', name='end_exp1_trial_text', opacity=1.0, ori=0.0, pos=array([0., 0.]), rgb=UNKNOWN, text=str(...), units='height', win=Window(...), wrapWidth=1)
11.0748 	EXP 	Created exp1_start_text = TextStim(__class__=<class 'psychopy.visual.text.TextStim'>, alignHoriz=method-wrapper(...), alignText='center', alignVert=method-wrapper(...), anchorHoriz='center', anchorVert='center', antialias=True, autoDraw=False, autoLog=True, bold=False, color=array([1, 1, 1]), colorSpace='rgb', contrast=1.0, depth=-1.0, flipHoriz=False, flipVert=False, font='Open Sans', fontFiles=[], height=0.05, italic=False, languageStyle='LTR', name='exp1_start_text', opacity=1.0, ori=0.0, pos=array([0., 0.]), rgb=UNKNOWN, text=str(...), units='height', win=Window(...), wrapWidth=1)
11.0777 	EXP 	Created exp1_image_l = ImageStim(__class__=<class 'psychopy.visual.image.ImageStim'>, anchor=('center', 'center'), autoLog=True, color=array([1, 1, 1]), colorSpace='rgb', contrast=1.0, depth=0.0, flipHoriz=False, flipVert=False, image='sin', interpolate=True, mask=None, maskParams=None, name='exp1_image_l', opacity=1.0, ori=0.0, pos=array([-0.5,  0. ]), size=array([0.5, 0.5]), texRes=128.0, units='height', win=Window(...))
11.0801 	EXP 	Created exp1_image_r = ImageStim(__class__=<class 'psychopy.visual.image.ImageStim'>, anchor=('center', 'center'), autoLog=True, color=array([1, 1, 1]), colorSpace='rgb', contrast=1.0, depth=-1.0, flipHoriz=False, flipVert=False, image='sin', interpolate=True, mask=None, maskParams=None, name='exp1_image_r', opacity=1.0, ori=0.0, pos=array([0.5, 0. ]), size=array([0.5, 0.5]), texRes=128.0, units='height', win=Window(...))
11.0852 	EXP 	Sound exp1_sound set volume 1.000
11.0908 	EXP 	Created exp1_end_text = TextStim(__class__=<class 'psychopy.visual.text.TextStim'>, alignHoriz=method-wrapper(...), alignText='center', alignVert=method-wrapper(...), anchorHoriz='center', anchorVert='center', antialias=True, autoDraw=False, autoLog=True, bold=False, color=array([1, 1, 1]), colorSpace='rgb', contrast=1.0, depth=0.0, flipHoriz=False, flipVert=False, font='Open Sans', fontFiles=[], height=0.05, italic=False, languageStyle='LTR', name='exp1_end_text', opacity=1.0, ori=0.0, pos=array([0., 0.]), rgb=UNKNOWN, text=str(...), units='height', win=Window(...), wrapWidth=1)
11.1017 	EXP 	Created exp2_instr_text = TextStim(__class__=<class 'psychopy.visual.text.TextStim'>, alignHoriz=method-wrapper(...), alignText='center', alignVert=method-wrapper(...), anchorHoriz='center', anchorVert='center', antialias=True, autoDraw=False, autoLog=True, bold=False, color=array([1, 1, 1]), colorSpace='rgb', contrast=1.0, depth=0.0, flipHoriz=False, flipVert=False, font='Open Sans', fontFiles=[], height=0.05, italic=False, languageStyle='LTR', name='exp2_instr_text', opacity=1.0, ori=0.0, pos=array([0., 0.]), rgb=UNKNOWN, text=str(...), units='height', win=Window(...), wrapWidth=1)
11.1049 	EXP 	Created exp2_trial_iamge_l = ImageStim(__class__=<class 'psychopy.visual.image.ImageStim'>, anchor=('center', 'center'), autoLog=True, color=array([1, 1, 1]), colorSpace='rgb', contrast=1.0, depth=0.0, flipHoriz=False, flipVert=False, image='sin', interpolate=True, mask=None, maskParams=None, name='exp2_trial_iamge_l', opacity=1.0, ori=0.0, pos=array([-0.5,  0. ]), size=array([0.5, 0.5]), texRes=128.0, units='height', win=Window(...))
11.1073 	EXP 	Created exp2_trial_image_r = ImageStim(__class__=<class 'psychopy.visual.image.ImageStim'>, anchor=('center', 'center'), autoLog=True, color=array([1, 1, 1]), colorSpace='rgb', contrast=1.0, depth=-1.0, flipHoriz=False, flipVert=False, image='sin', interpolate=True, mask=None, maskParams=None, name='exp2_trial_image_r', opacity=1.0, ori=0.0, pos=array([0.5, 0. ]), size=array([0.5, 0.5]), texRes=128.0, units='height', win=Window(...))
11.1124 	EXP 	Sound exp2_trial_sound set volume 1.000
11.1162 	EXP 	Created end_exp2_trial_text = TextStim(__class__=<class 'psychopy.visual.text.TextStim'>, alignHoriz=method-wrapper(...), alignText='center', alignVert=method-wrapper(...), anchorHoriz='center', anchorVert='center', antialias=True, autoDraw=False, autoLog=True, bold=False, color=array([1, 1, 1]), colorSpace='rgb', contrast=1.0, depth=0.0, flipHoriz=False, flipVert=False, font='Open Sans', fontFiles=[], height=0.05, italic=False, languageStyle='LTR', name='end_exp2_trial_text', opacity=1.0, ori=0.0, pos=array([0., 0.]), rgb=UNKNOWN, text=str(...), units='height', win=Window(...), wrapWidth=1)
11.1209 	EXP 	Created exp2_start_text = TextStim(__class__=<class 'psychopy.visual.text.TextStim'>, alignHoriz=method-wrapper(...), alignText='center', alignVert=method-wrapper(...), anchorHoriz='center', anchorVert='center', antialias=True, autoDraw=False, autoLog=True, bold=False, color=array([1, 1, 1]), colorSpace='rgb', contrast=1.0, depth=-1.0, flipHoriz=False, flipVert=False, font='Open Sans', fontFiles=[], height=0.05, italic=False, languageStyle='LTR', name='exp2_start_text', opacity=1.0, ori=0.0, pos=array([0., 0.]), rgb=UNKNOWN, text=str(...), units='height', win=Window(...), wrapWidth=1)
11.1237 	EXP 	Created exp2_image_l = ImageStim(__class__=<class 'psychopy.visual.image.ImageStim'>, anchor=('center', 'center'), autoLog=True, color=array([1, 1, 1]), colorSpace='rgb', contrast=1.0, depth=0.0, flipHoriz=False, flipVert=False, image='sin', interpolate=True, mask=None, maskParams=None, name='exp2_image_l', opacity=1.0, ori=0.0, pos=array([-0.5,  0. ]), size=array([0.5, 0.5]), texRes=128.0, units='height', win=Window(...))
11.1262 	EXP 	Created exp2_image_r = ImageStim(__class__=<class 'psychopy.visual.image.ImageStim'>, anchor=('center', 'center'), autoLog=True, color=array([1, 1, 1]), colorSpace='rgb', contrast=1.0, depth=-1.0, flipHoriz=False, flipVert=False, image='sin', interpolate=True, mask=None, maskParams=None, name='exp2_image_r', opacity=1.0, ori=0.0, pos=array([0.5, 0. ]), size=array([0.5, 0.5]), texRes=128.0, units='height', win=Window(...))
11.1313 	EXP 	Sound exp2_sound set volume 1.000
11.1352 	EXP 	Created full_end_text = TextStim(__class__=<class 'psychopy.visual.text.TextStim'>, alignHoriz=method-wrapper(...), alignText='center', alignVert=method-wrapper(...), anchorHoriz='center', anchorVert='center', antialias=True, autoDraw=False, autoLog=True, bold=False, color=array([1, 1, 1]), colorSpace='rgb', contrast=1.0, depth=0.0, flipHoriz=False, flipVert=False, font='Open Sans', fontFiles=[], height=0.05, italic=False, languageStyle='LTR', name='full_end_text', opacity=1.0, ori=0.0, pos=array([0., 0.]), rgb=UNKNOWN, text=str(...), units='height', win=Window(...), wrapWidth=1)
11.1482 	WARNING 	t of last frame was 2078.83ms (=1/0)
11.1482 	EXP 	welcome_text: autoDraw = True
11.7168 	WARNING 	t of last frame was 30.86ms (=1/32)
11.7178 	EXP 	Created sequence: sequential, trialTypes=1, nReps=1000, seed=None
11.7203 	EXP 	New trial (rep=0, index=0): None
11.7285 	DATA 	Keypress: space
11.7328 	EXP 	welcome_text: autoDraw = False
11.7328 	EXP 	exp1_instr_text: autoDraw = True
12.0437 	EXP 	Imported /Users/gabmac/Documents/RU/QP/exp/practice_trial/trial_exp_1/trial1.xlsx as conditions, 8 conditions, 18 params
12.0440 	EXP 	Created sequence: sequential, trialTypes=8, nReps=1, seed=None
12.0443 	EXP 	New trial (rep=0, index=0): {'num': 'tr1', 'list': 'lt', 'cond': 'tr', 'lang': 'en', 'type': 'na', 'sound_dir': '../practice_trial/audio/tr1.wav', 'phr': 'Where are your kids?', 'sent_code': 'lt_tr_en_na_tr1', 'mat': '-', 'mat_num': '-', 'emb_num': '-', 'emb': '-', 'cut': '-', 'mat_f0_c': '-', 'left': '../image/kids.png', 'right': '../image/plates.png', 'correct_img': 'kids', 'correct': 'lshift'}
12.0806 	DATA 	Keypress: space
12.0844 	WARNING 	t of last frame was 58.36ms (=1/17)
12.0844 	EXP 	exp1_instr_text: autoDraw = False
12.0844 	EXP 	exp1_trial_image_l: image = '../image/kids.png'
12.0844 	EXP 	exp1_trial_image_r: image = '../image/plates.png'
12.0844 	EXP 	exp1_trial_image_l: autoDraw = True
12.0844 	EXP 	exp1_trial_image_r: autoDraw = True
13.0346 	EXP 	Sound exp1_trial_sound started
14.0733 	EXP 	Sound exp1_trial_sound reached end of file
14.6619 	EXP 	New trial (rep=0, index=1): {'num': 'tr2', 'list': 'lt', 'cond': 'tr', 'lang': 'en', 'type': 'na', 'sound_dir': '../practice_trial/audio/tr2.wav', 'phr': 'Who is buying my car?', 'sent_code': 'lt_tr_en_na_tr2', 'mat': '-', 'mat_num': '-', 'emb_num': '-', 'emb': '-', 'cut': '-', 'mat_f0_c': '-', 'left': '../image/bag.png', 'right': '../image/car.png', 'correct_img': 'car', 'correct': 'rshift'}
14.6846 	DATA 	Keypress: lshift
14.6883 	WARNING 	t of last frame was 28.92ms (=1/34)
14.6883 	EXP 	exp1_trial_image_l: autoDraw = False
14.6883 	EXP 	exp1_trial_image_r: autoDraw = False
14.6883 	EXP 	exp1_trial_image_l: image = '../image/bag.png'
14.6883 	EXP 	exp1_trial_image_r: image = '../image/car.png'
14.6883 	EXP 	exp1_trial_image_l: autoDraw = True
14.6883 	EXP 	exp1_trial_image_r: autoDraw = True
15.6690 	EXP 	Sound exp1_trial_sound started
16.8426 	DATA 	Keypress: escape
17.1858 	EXP 	window1: mouseVisible = True
