1.0952 	WARNING 	We strongly recommend you activate the PTB sound engine in PsychoPy prefs as the preferred audio engine. Its timing is vastly superior. Your prefs are currently set to use ['sounddevice'] (in that order).
6.9577 	WARNING 	Couldn't measure a consistent frame rate!
  - Is your graphics card set to sync to vertical blank?
  - Are you running other processes on your computer?

6.9585 	EXP 	Created window1 = Window(allowGUI=True, allowStencil=False, autoLog=True, backendConf=UNKNOWN, bitsMode=UNKNOWN, blendMode='avg', bpc=(8, 8, 8), color=array([0, 0, 0]), colorSpace='rgb', depthBits=8, fullscr=<method-wrapper '__getattribute__' of attributeSetter object at 0x7f8a7350eee0>, gamma=None, gammaErrorPolicy='raise', lms=UNKNOWN, monitor=<psychopy.monitors.calibTools.Monitor object at 0x7f8a392d7820>, multiSample=False, name='window1', numSamples=2, pos=[367.5, 239.0], screen=0, size=array([2940, 1912]), stencilBits=0, stereo=False, units='height', useFBO=True, useRetina=True, viewOri=0.0, viewPos=None, viewScale=None, waitBlanking=True, winType='pyglet')
6.9588 	EXP 	window1: mouseVisible = True
6.9595 	EXP 	window1: mouseVisible = False
6.9595 	EXP 	window1: Attempting to measure frame rate of screen (0) ...
6.9595 	EXP 	window1: recordFrameIntervals = False
7.0413 	EXP 	window1: recordFrameIntervals = True
7.9037 	WARNING 	Couldn't measure a consistent frame rate!
  - Is your graphics card set to sync to vertical blank?
  - Are you running other processes on your computer?

9.6420 	EXP 	Created welcome_text = TextStim(__class__=<class 'psychopy.visual.text.TextStim'>, alignHoriz=method-wrapper(...), alignText='center', alignVert=method-wrapper(...), anchorHoriz='center', anchorVert='center', antialias=True, autoDraw=False, autoLog=True, bold=False, color=array([1, 1, 1]), colorSpace='rgb', contrast=1.0, depth=0.0, flipHoriz=False, flipVert=False, font='Open Sans', fontFiles=[], height=0.05, italic=False, languageStyle='LTR', name='welcome_text', opacity=1.0, ori=0.0, pos=array([0., 0.]), rgb=UNKNOWN, text=str(...), units='height', win=Window(...), wrapWidth=1)
9.6572 	EXP 	Created exp1_instr_text = TextStim(__class__=<class 'psychopy.visual.text.TextStim'>, alignHoriz=method-wrapper(...), alignText='center', alignVert=method-wrapper(...), anchorHoriz='center', anchorVert='center', antialias=True, autoDraw=False, autoLog=True, bold=False, color=array([1, 1, 1]), colorSpace='rgb', contrast=1.0, depth=0.0, flipHoriz=False, flipVert=False, font='Open Sans', fontFiles=[], height=0.05, italic=False, languageStyle='LTR', name='exp1_instr_text', opacity=1.0, ori=0.0, pos=array([0., 0.]), rgb=UNKNOWN, text=str(...), units='height', win=Window(...), wrapWidth=1)
9.7926 	EXP 	Created exp1_trial_image_l = ImageStim(__class__=<class 'psychopy.visual.image.ImageStim'>, anchor=('center', 'center'), autoLog=True, color=array([1, 1, 1]), colorSpace='rgb', contrast=1.0, depth=0.0, flipHoriz=False, flipVert=False, image='sin', interpolate=True, mask=None, maskParams=None, name='exp1_trial_image_l', opacity=1.0, ori=0.0, pos=array([-0.5,  0. ]), size=array([0.5, 0.5]), texRes=128.0, units='height', win=Window(...))
9.7954 	EXP 	Created exp1_trial_image_r = ImageStim(__class__=<class 'psychopy.visual.image.ImageStim'>, anchor=('center', 'center'), autoLog=True, color=array([1, 1, 1]), colorSpace='rgb', contrast=1.0, depth=-1.0, flipHoriz=False, flipVert=False, image='sin', interpolate=True, mask=None, maskParams=None, name='exp1_trial_image_r', opacity=1.0, ori=0.0, pos=array([0.5, 0. ]), size=array([0.5, 0.5]), texRes=128.0, units='height', win=Window(...))
10.1695 	EXP 	Sound exp1_trial_sound set volume 1.000
10.1807 	EXP 	Created end_exp1_trial_text = TextStim(__class__=<class 'psychopy.visual.text.TextStim'>, alignHoriz=method-wrapper(...), alignText='center', alignVert=method-wrapper(...), anchorHoriz='center', anchorVert='center', antialias=True, autoDraw=False, autoLog=True, bold=False, color=array([1, 1, 1]), colorSpace='rgb', contrast=1.0, depth=0.0, flipHoriz=False, flipVert=False, font='Open Sans', fontFiles=[], height=0.05, italic=False, languageStyle='LTR', name='end_exp1_trial_text', opacity=1.0, ori=0.0, pos=array([0., 0.]), rgb=UNKNOWN, text=str(...), units='height', win=Window(...), wrapWidth=1)
10.1890 	EXP 	Created exp1_start_text = TextStim(__class__=<class 'psychopy.visual.text.TextStim'>, alignHoriz=method-wrapper(...), alignText='center', alignVert=method-wrapper(...), anchorHoriz='center', anchorVert='center', antialias=True, autoDraw=False, autoLog=True, bold=False, color=array([1, 1, 1]), colorSpace='rgb', contrast=1.0, depth=-1.0, flipHoriz=False, flipVert=False, font='Open Sans', fontFiles=[], height=0.05, italic=False, languageStyle='LTR', name='exp1_start_text', opacity=1.0, ori=0.0, pos=array([0., 0.]), rgb=UNKNOWN, text=str(...), units='height', win=Window(...), wrapWidth=1)
10.1928 	EXP 	Created exp1_image_l = ImageStim(__class__=<class 'psychopy.visual.image.ImageStim'>, anchor=('center', 'center'), autoLog=True, color=array([1, 1, 1]), colorSpace='rgb', contrast=1.0, depth=0.0, flipHoriz=False, flipVert=False, image='sin', interpolate=True, mask=None, maskParams=None, name='exp1_image_l', opacity=1.0, ori=0.0, pos=array([-0.5,  0. ]), size=array([0.5, 0.5]), texRes=128.0, units='height', win=Window(...))
10.1957 	EXP 	Created exp1_image_r = ImageStim(__class__=<class 'psychopy.visual.image.ImageStim'>, anchor=('center', 'center'), autoLog=True, color=array([1, 1, 1]), colorSpace='rgb', contrast=1.0, depth=-1.0, flipHoriz=False, flipVert=False, image='sin', interpolate=True, mask=None, maskParams=None, name='exp1_image_r', opacity=1.0, ori=0.0, pos=array([0.5, 0. ]), size=array([0.5, 0.5]), texRes=128.0, units='height', win=Window(...))
10.1957 	EXP 	Sound exp1_sound set volume 1.000
10.2015 	EXP 	Created exp1_end_text = TextStim(__class__=<class 'psychopy.visual.text.TextStim'>, alignHoriz=method-wrapper(...), alignText='center', alignVert=method-wrapper(...), anchorHoriz='center', anchorVert='center', antialias=True, autoDraw=False, autoLog=True, bold=False, color=array([1, 1, 1]), colorSpace='rgb', contrast=1.0, depth=0.0, flipHoriz=False, flipVert=False, font='Open Sans', fontFiles=[], height=0.05, italic=False, languageStyle='LTR', name='exp1_end_text', opacity=1.0, ori=0.0, pos=array([0., 0.]), rgb=UNKNOWN, text=str(...), units='height', win=Window(...), wrapWidth=1)
10.2134 	EXP 	Created exp2_instr_text = TextStim(__class__=<class 'psychopy.visual.text.TextStim'>, alignHoriz=method-wrapper(...), alignText='center', alignVert=method-wrapper(...), anchorHoriz='center', anchorVert='center', antialias=True, autoDraw=False, autoLog=True, bold=False, color=array([1, 1, 1]), colorSpace='rgb', contrast=1.0, depth=0.0, flipHoriz=False, flipVert=False, font='Open Sans', fontFiles=[], height=0.05, italic=False, languageStyle='LTR', name='exp2_instr_text', opacity=1.0, ori=0.0, pos=array([0., 0.]), rgb=UNKNOWN, text=str(...), units='height', win=Window(...), wrapWidth=1)
10.2165 	EXP 	Created exp2_trial_iamge_l = ImageStim(__class__=<class 'psychopy.visual.image.ImageStim'>, anchor=('center', 'center'), autoLog=True, color=array([1, 1, 1]), colorSpace='rgb', contrast=1.0, depth=0.0, flipHoriz=False, flipVert=False, image='sin', interpolate=True, mask=None, maskParams=None, name='exp2_trial_iamge_l', opacity=1.0, ori=0.0, pos=array([-0.5,  0. ]), size=array([0.5, 0.5]), texRes=128.0, units='height', win=Window(...))
10.2192 	EXP 	Created exp2_trial_image_r = ImageStim(__class__=<class 'psychopy.visual.image.ImageStim'>, anchor=('center', 'center'), autoLog=True, color=array([1, 1, 1]), colorSpace='rgb', contrast=1.0, depth=-1.0, flipHoriz=False, flipVert=False, image='sin', interpolate=True, mask=None, maskParams=None, name='exp2_trial_image_r', opacity=1.0, ori=0.0, pos=array([0.5, 0. ]), size=array([0.5, 0.5]), texRes=128.0, units='height', win=Window(...))
10.2192 	EXP 	Sound exp2_trial_sound set volume 1.000
10.2210 	EXP 	Created text = TextStim(__class__=<class 'psychopy.visual.text.TextStim'>, alignHoriz=method-wrapper(...), alignText='center', alignVert=method-wrapper(...), anchorHoriz='center', anchorVert='center', antialias=True, autoDraw=False, autoLog=True, bold=False, color=array([1, 1, 1]), colorSpace='rgb', contrast=1.0, depth=-4.0, flipHoriz=False, flipVert=False, font='Open Sans', fontFiles=[], height=0.05, italic=False, languageStyle='LTR', name='text', opacity=1.0, ori=0.0, pos=array([0., 0.]), rgb=UNKNOWN, text='+', units='height', win=Window(...), wrapWidth=1)
10.2252 	EXP 	Created end_exp2_trial_text = TextStim(__class__=<class 'psychopy.visual.text.TextStim'>, alignHoriz=method-wrapper(...), alignText='center', alignVert=method-wrapper(...), anchorHoriz='center', anchorVert='center', antialias=True, autoDraw=False, autoLog=True, bold=False, color=array([1, 1, 1]), colorSpace='rgb', contrast=1.0, depth=0.0, flipHoriz=False, flipVert=False, font='Open Sans', fontFiles=[], height=0.05, italic=False, languageStyle='LTR', name='end_exp2_trial_text', opacity=1.0, ori=0.0, pos=array([0., 0.]), rgb=UNKNOWN, text=str(...), units='height', win=Window(...), wrapWidth=1)
10.2303 	EXP 	Created exp2_start_text = TextStim(__class__=<class 'psychopy.visual.text.TextStim'>, alignHoriz=method-wrapper(...), alignText='center', alignVert=method-wrapper(...), anchorHoriz='center', anchorVert='center', antialias=True, autoDraw=False, autoLog=True, bold=False, color=array([1, 1, 1]), colorSpace='rgb', contrast=1.0, depth=-1.0, flipHoriz=False, flipVert=False, font='Open Sans', fontFiles=[], height=0.05, italic=False, languageStyle='LTR', name='exp2_start_text', opacity=1.0, ori=0.0, pos=array([0., 0.]), rgb=UNKNOWN, text=str(...), units='height', win=Window(...), wrapWidth=1)
10.2331 	EXP 	Created exp2_image_l = ImageStim(__class__=<class 'psychopy.visual.image.ImageStim'>, anchor=('center', 'center'), autoLog=True, color=array([1, 1, 1]), colorSpace='rgb', contrast=1.0, depth=0.0, flipHoriz=False, flipVert=False, image='sin', interpolate=True, mask=None, maskParams=None, name='exp2_image_l', opacity=1.0, ori=0.0, pos=array([-0.5,  0. ]), size=array([0.5, 0.5]), texRes=128.0, units='height', win=Window(...))
10.2358 	EXP 	Created exp2_image_r = ImageStim(__class__=<class 'psychopy.visual.image.ImageStim'>, anchor=('center', 'center'), autoLog=True, color=array([1, 1, 1]), colorSpace='rgb', contrast=1.0, depth=-1.0, flipHoriz=False, flipVert=False, image='sin', interpolate=True, mask=None, maskParams=None, name='exp2_image_r', opacity=1.0, ori=0.0, pos=array([0.5, 0. ]), size=array([0.5, 0.5]), texRes=128.0, units='height', win=Window(...))
10.2359 	EXP 	Sound exp2_sound set volume 1.000
10.2399 	EXP 	Created full_end_text = TextStim(__class__=<class 'psychopy.visual.text.TextStim'>, alignHoriz=method-wrapper(...), alignText='center', alignVert=method-wrapper(...), anchorHoriz='center', anchorVert='center', antialias=True, autoDraw=False, autoLog=True, bold=False, color=array([1, 1, 1]), colorSpace='rgb', contrast=1.0, depth=0.0, flipHoriz=False, flipVert=False, font='Open Sans', fontFiles=[], height=0.05, italic=False, languageStyle='LTR', name='full_end_text', opacity=1.0, ori=0.0, pos=array([0., 0.]), rgb=UNKNOWN, text=str(...), units='height', win=Window(...), wrapWidth=1)
10.2866 	WARNING 	t of last frame was 2383.16ms (=1/0)
10.2866 	EXP 	welcome_text: autoDraw = True
10.3275 	WARNING 	t of last frame was 28.57ms (=1/34)
10.9529 	EXP 	Created sequence: sequential, trialTypes=1, nReps=1000, seed=None
10.9566 	EXP 	New trial (rep=0, index=0): None
10.9681 	DATA 	Keypress: space
10.9725 	WARNING 	t of last frame was 53.01ms (=1/18)
10.9725 	EXP 	welcome_text: autoDraw = False
10.9725 	EXP 	exp1_instr_text: autoDraw = True
11.1571 	WARNING 	t of last frame was 22.54ms (=1/44)
11.5154 	EXP 	Imported /Users/gabmac/Documents/RU/QP/exp/practice_trial/trial_exp_1/trial1.xlsx as conditions, 8 conditions, 18 params
11.5158 	EXP 	Created sequence: sequential, trialTypes=8, nReps=1, seed=None
11.5163 	EXP 	New trial (rep=0, index=0): {'num': 'tr1', 'list': 'lt', 'cond': 'tr', 'lang': 'en', 'type': 'na', 'sound_dir': '../practice_trial/audio/tr1.wav', 'phr': 'Where are your kids?', 'sent_code': 'lt_tr_en_na_tr1', 'mat': '-', 'mat_num': '-', 'emb_num': '-', 'emb': '-', 'cut': '-', 'mat_f0_c': '-', 'left': '../image/kids.png', 'right': '../image/plates.png', 'correct_img': 'kids', 'correct_key': 'lshift'}
11.5738 	DATA 	Keypress: space
11.5777 	WARNING 	Multiple dropped frames have occurred - I'll stop bothering you about them!
11.5776 	EXP 	exp1_instr_text: autoDraw = False
11.5776 	EXP 	exp1_trial_image_l: image = '../image/kids.png'
11.5776 	EXP 	exp1_trial_image_r: image = '../image/plates.png'
11.5776 	EXP 	exp1_trial_image_l: autoDraw = True
11.5776 	EXP 	exp1_trial_image_r: autoDraw = True
12.1052 	EXP 	New trial (rep=0, index=1): {'num': 'tr2', 'list': 'lt', 'cond': 'tr', 'lang': 'en', 'type': 'na', 'sound_dir': '../practice_trial/audio/tr2.wav', 'phr': 'Who is buying my car?', 'sent_code': 'lt_tr_en_na_tr2', 'mat': '-', 'mat_num': '-', 'emb_num': '-', 'emb': '-', 'cut': '-', 'mat_f0_c': '-', 'left': '../image/bag.png', 'right': '../image/car.png', 'correct_img': 'car', 'correct_key': 'rshift'}
12.1409 	DATA 	Keypress: lshift
12.1459 	EXP 	exp1_trial_image_l: autoDraw = False
12.1459 	EXP 	exp1_trial_image_r: autoDraw = False
12.1459 	EXP 	exp1_trial_image_l: image = '../image/bag.png'
12.1459 	EXP 	exp1_trial_image_r: image = '../image/car.png'
12.1459 	EXP 	exp1_trial_image_l: autoDraw = True
12.1459 	EXP 	exp1_trial_image_r: autoDraw = True
12.4443 	EXP 	New trial (rep=0, index=2): {'num': 'tr3', 'list': 'lt', 'cond': 'tr', 'lang': 'sp', 'type': 'na', 'sound_dir': '../practice_trial/audio/tr3.wav', 'phr': '¿Dónde está mi perro?', 'sent_code': 'lt_tr_sp_na_tr3', 'mat': '-', 'mat_num': '-', 'emb_num': '-', 'emb': '-', 'cut': '-', 'mat_f0_c': '-', 'left': '../image/dog.png', 'right': '../image/grandma.png', 'correct_img': 'dog', 'correct_key': 'lshift'}
12.4807 	DATA 	Keypress: lshift
12.4848 	EXP 	exp1_trial_image_l: autoDraw = False
12.4848 	EXP 	exp1_trial_image_r: autoDraw = False
12.4848 	EXP 	exp1_trial_image_l: image = '../image/dog.png'
12.4848 	EXP 	exp1_trial_image_r: image = '../image/grandma.png'
12.4848 	EXP 	exp1_trial_image_l: autoDraw = True
12.4848 	EXP 	exp1_trial_image_r: autoDraw = True
12.8444 	EXP 	New trial (rep=0, index=3): {'num': 'tr4', 'list': 'lt', 'cond': 'tr', 'lang': 'sp', 'type': 'na', 'sound_dir': '../practice_trial/audio/tr4.wav', 'phr': '¿De quién es la bolsa?', 'sent_code': 'lt_tr_sp_na_tr4', 'mat': '-', 'mat_num': '-', 'emb_num': '-', 'emb': '-', 'cut': '-', 'mat_f0_c': '-', 'left': '../image/shirt.png', 'right': '../image/bag.png', 'correct_img': 'bag', 'correct_key': 'rshift'}
12.8761 	DATA 	Keypress: lshift
12.8808 	EXP 	exp1_trial_image_l: autoDraw = False
12.8808 	EXP 	exp1_trial_image_r: autoDraw = False
12.8808 	EXP 	exp1_trial_image_l: image = '../image/shirt.png'
12.8808 	EXP 	exp1_trial_image_r: image = '../image/bag.png'
12.8808 	EXP 	exp1_trial_image_l: autoDraw = True
12.8808 	EXP 	exp1_trial_image_r: autoDraw = True
13.2111 	EXP 	New trial (rep=0, index=4): {'num': 'tr5', 'list': 'lt', 'cond': 'tr', 'lang': 'se', 'type': 'na', 'sound_dir': '../practice_trial/audio/tr5.wav', 'phr': '¿Dónde encontraste sus donuts?', 'sent_code': 'lt_tr_se_na_tr5', 'mat': '-', 'mat_num': '-', 'emb_num': '-', 'emb': '-', 'cut': '-', 'mat_f0_c': '-', 'left': '../image/donut.png', 'right': '../image/cups.png', 'correct_img': 'donut', 'correct_key': 'lshift'}
13.2493 	DATA 	Keypress: lshift
13.2537 	EXP 	exp1_trial_image_l: autoDraw = False
13.2537 	EXP 	exp1_trial_image_r: autoDraw = False
13.2537 	EXP 	exp1_trial_image_l: image = '../image/donut.png'
13.2537 	EXP 	exp1_trial_image_r: image = '../image/cups.png'
13.2537 	EXP 	exp1_trial_image_l: autoDraw = True
13.2537 	EXP 	exp1_trial_image_r: autoDraw = True
13.5779 	EXP 	New trial (rep=0, index=5): {'num': 'tr6', 'list': 'lt', 'cond': 'tr', 'lang': 'se', 'type': 'na', 'sound_dir': '../practice_trial/audio/tr6.wav', 'phr': '¿Cuándo compraste tu sweater?', 'sent_code': 'lt_tr_se_na_tr6', 'mat': '-', 'mat_num': '-', 'emb_num': '-', 'emb': '-', 'cut': '-', 'mat_f0_c': '-', 'left': '../image/chair.png', 'right': '../image/sweater.png', 'correct_img': 'sweater', 'correct_key': 'rshift'}
13.6113 	DATA 	Keypress: lshift
13.6162 	EXP 	exp1_trial_image_l: autoDraw = False
13.6162 	EXP 	exp1_trial_image_r: autoDraw = False
13.6162 	EXP 	exp1_trial_image_l: image = '../image/chair.png'
13.6162 	EXP 	exp1_trial_image_r: image = '../image/sweater.png'
13.6162 	EXP 	exp1_trial_image_l: autoDraw = True
13.6162 	EXP 	exp1_trial_image_r: autoDraw = True
13.9708 	EXP 	New trial (rep=0, index=6): {'num': 'tr7', 'list': 'lt', 'cond': 'tr', 'lang': 'es', 'type': 'na', 'sound_dir': '../practice_trial/audio/tr7.wav', 'phr': 'Why do you have my camisa?', 'sent_code': 'lt_tr_es_na_tr7', 'mat': '-', 'mat_num': '-', 'emb_num': '-', 'emb': '-', 'cut': '-', 'mat_f0_c': '-', 'left': '../image/shirt.png', 'right': '../image/wallet.png', 'correct_img': 'shirt', 'correct_key': 'lshift'}
14.0052 	DATA 	Keypress: lshift
14.0096 	EXP 	exp1_trial_image_l: autoDraw = False
14.0096 	EXP 	exp1_trial_image_r: autoDraw = False
14.0096 	EXP 	exp1_trial_image_l: image = '../image/shirt.png'
14.0096 	EXP 	exp1_trial_image_r: image = '../image/wallet.png'
14.0096 	EXP 	exp1_trial_image_l: autoDraw = True
14.0096 	EXP 	exp1_trial_image_r: autoDraw = True
14.3879 	EXP 	New trial (rep=0, index=7): {'num': 'tr8', 'list': 'lt', 'cond': 'tr', 'lang': 'es', 'type': 'na', 'sound_dir': '../practice_trial/audio/tr8.wav', 'phr': 'Where did you find his chanclas?', 'sent_code': 'lt_tr_es_na_tr8', 'mat': '-', 'mat_num': '-', 'emb_num': '-', 'emb': '-', 'cut': '-', 'mat_f0_c': '-', 'left': '../image/key.png', 'right': '../image/flipflops.png', 'correct_img': 'flipflops', 'correct_key': 'rshift'}
14.4236 	DATA 	Keypress: lshift
14.4281 	EXP 	exp1_trial_image_l: autoDraw = False
14.4281 	EXP 	exp1_trial_image_r: autoDraw = False
14.4281 	EXP 	exp1_trial_image_l: image = '../image/key.png'
14.4281 	EXP 	exp1_trial_image_r: image = '../image/flipflops.png'
14.4281 	EXP 	exp1_trial_image_l: autoDraw = True
14.4281 	EXP 	exp1_trial_image_r: autoDraw = True
14.7620 	DATA 	Keypress: lshift
14.7678 	EXP 	exp1_trial_image_l: autoDraw = False
14.7678 	EXP 	exp1_trial_image_r: autoDraw = False
14.7678 	EXP 	end_exp1_trial_text: autoDraw = True
15.8574 	DATA 	Keypress: rshift
15.8617 	EXP 	end_exp1_trial_text: autoDraw = False
15.8617 	EXP 	exp1_start_text: autoDraw = True
16.4468 	EXP 	Imported /Users/gabmac/Documents/RU/QP/exp/stim/stim_g1_e1.xlsx as conditions, 55 conditions, 17 params
16.4495 	EXP 	Created sequence: random, trialTypes=55, nReps=1, seed=None
16.4499 	EXP 	New trial (rep=0, index=0): {'exp_num': 1, 'sent_code': 'l1_f_se_na_085', 'list': 'l1', 'cond': 'f', 'lang': 'se', 'type': 'na', 'num': 85.0, 'image': 'sneakers', 'image_alt': 'loafers', 'left_img': 'loafers', 'right_img': 'sneakers', 'left': '../image/loafers.png', 'right': '../image/sneakers.png', 'correct_img': 'sneakers', 'correct_key': 'rshift', 'sound_dir': '../audio/085.wav', 'image_dir': None}
16.4766 	DATA 	Keypress: rshift
16.4803 	EXP 	exp1_start_text: autoDraw = False
16.4803 	EXP 	exp1_image_l: image = '../image/loafers.png'
16.4803 	EXP 	exp1_image_r: image = '../image/sneakers.png'
16.4803 	EXP 	exp1_image_l: autoDraw = True
16.4803 	EXP 	exp1_image_r: autoDraw = True
16.8616 	EXP 	New trial (rep=0, index=1): {'exp_num': 1, 'sent_code': 'l1_t_es_na_016', 'list': 'l1', 'cond': 't', 'lang': 'es', 'type': 'na', 'num': 16.0, 'image': 'bag', 'image_alt': 'flipflops', 'left_img': 'flipflops', 'right_img': 'bag', 'left': '../image/flipflops.png', 'right': '../image/bag.png', 'correct_img': 'bag', 'correct_key': 'lshift', 'sound_dir': '../audio/016.wav', 'image_dir': None}
16.8969 	DATA 	Keypress: lshift
16.9017 	EXP 	exp1_image_l: autoDraw = False
16.9017 	EXP 	exp1_image_r: autoDraw = False
16.9017 	EXP 	exp1_image_l: image = '../image/flipflops.png'
16.9017 	EXP 	exp1_image_r: image = '../image/bag.png'
16.9017 	EXP 	exp1_image_l: autoDraw = True
16.9017 	EXP 	exp1_image_r: autoDraw = True
17.2047 	EXP 	New trial (rep=0, index=2): {'exp_num': 1, 'sent_code': 'l1_t_es_f0u_137', 'list': 'l1', 'cond': 't', 'lang': 'es', 'type': 'f0u', 'num': 137.0, 'image': 'jacket', 'image_alt': 'shirt', 'left_img': 'jacket', 'right_img': 'shirt', 'left': '../image/jacket.png', 'right': '../image/shirt.png', 'correct_img': 'jacket', 'correct_key': 'rshift', 'sound_dir': '../audio/137.wav', 'image_dir': None}
17.2396 	DATA 	Keypress: lshift
17.2443 	EXP 	exp1_image_l: autoDraw = False
17.2443 	EXP 	exp1_image_r: autoDraw = False
17.2443 	EXP 	exp1_image_l: image = '../image/jacket.png'
17.2443 	EXP 	exp1_image_r: image = '../image/shirt.png'
17.2443 	EXP 	exp1_image_l: autoDraw = True
17.2443 	EXP 	exp1_image_r: autoDraw = True
17.5110 	EXP 	New trial (rep=0, index=3): {'exp_num': 1, 'sent_code': 'l1_f_en_na_064', 'list': 'l1', 'cond': 'f', 'lang': 'en', 'type': 'na', 'num': 64.0, 'image': 'wallet', 'image_alt': 'key', 'left_img': 'wallet', 'right_img': 'key', 'left': '../image/wallet.png', 'right': '../image/key.png', 'correct_img': 'wallet', 'correct_key': 'lshift', 'sound_dir': '../audio/064.wav', 'image_dir': None}
17.5461 	DATA 	Keypress: lshift
17.5509 	EXP 	exp1_image_l: autoDraw = False
17.5509 	EXP 	exp1_image_r: autoDraw = False
17.5509 	EXP 	exp1_image_l: image = '../image/wallet.png'
17.5509 	EXP 	exp1_image_r: image = '../image/key.png'
17.5509 	EXP 	exp1_image_l: autoDraw = True
17.5509 	EXP 	exp1_image_r: autoDraw = True
17.8876 	EXP 	New trial (rep=0, index=4): {'exp_num': 1, 'sent_code': 'l1_f_en_na_070', 'list': 'l1', 'cond': 'f', 'lang': 'en', 'type': 'na', 'num': 70.0, 'image': 'computer', 'image_alt': 'bed', 'left_img': 'computer', 'right_img': 'bed', 'left': '../image/computer.png', 'right': '../image/bed.png', 'correct_img': 'computer', 'correct_key': 'lshift', 'sound_dir': '../audio/070.wav', 'image_dir': None}
17.9252 	DATA 	Keypress: lshift
17.9300 	EXP 	exp1_image_l: autoDraw = False
17.9300 	EXP 	exp1_image_r: autoDraw = False
17.9300 	EXP 	exp1_image_l: image = '../image/computer.png'
17.9300 	EXP 	exp1_image_r: image = '../image/bed.png'
17.9300 	EXP 	exp1_image_l: autoDraw = True
17.9300 	EXP 	exp1_image_r: autoDraw = True
18.2713 	EXP 	New trial (rep=0, index=5): {'exp_num': 1, 'sent_code': 'l1_f_sp_na_086', 'list': 'l1', 'cond': 'f', 'lang': 'sp', 'type': 'na', 'num': 86.0, 'image': 'plates', 'image_alt': 'glasses', 'left_img': 'plates', 'right_img': 'glasses', 'left': '../image/plates.png', 'right': '../image/glasses.png', 'correct_img': 'plates', 'correct_key': 'lshift', 'sound_dir': '../audio/086.wav', 'image_dir': None}
18.3023 	DATA 	Keypress: lshift
18.3069 	EXP 	exp1_image_l: autoDraw = False
18.3069 	EXP 	exp1_image_r: autoDraw = False
18.3069 	EXP 	exp1_image_l: image = '../image/plates.png'
18.3069 	EXP 	exp1_image_r: image = '../image/glasses.png'
18.3069 	EXP 	exp1_image_l: autoDraw = True
18.3069 	EXP 	exp1_image_r: autoDraw = True
18.6230 	DATA 	Keypress: lshift
18.6294 	EXP 	New trial (rep=0, index=6): {'exp_num': 1, 'sent_code': 'l1_t_es_f0u_136', 'list': 'l1', 'cond': 't', 'lang': 'es', 'type': 'f0u', 'num': 136.0, 'image': 'village', 'image_alt': 'city', 'left_img': 'city', 'right_img': 'village', 'left': '../image/city.png', 'right': '../image/village.png', 'correct_img': 'village', 'correct_key': 'lshift', 'sound_dir': '../audio/136.wav', 'image_dir': None}
18.6688 	EXP 	exp1_image_l: autoDraw = False
18.6688 	EXP 	exp1_image_r: autoDraw = False
18.6688 	EXP 	exp1_image_l: image = '../image/city.png'
18.6688 	EXP 	exp1_image_r: image = '../image/village.png'
18.6688 	EXP 	exp1_image_l: autoDraw = True
18.6688 	EXP 	exp1_image_r: autoDraw = True
18.9777 	EXP 	New trial (rep=0, index=7): {'exp_num': 1, 'sent_code': 'l1_f_sp_na_094', 'list': 'l1', 'cond': 'f', 'lang': 'sp', 'type': 'na', 'num': 94.0, 'image': 'beer', 'image_alt': 'horchata', 'left_img': 'beer', 'right_img': 'horchata', 'left': '../image/beer.png', 'right': '../image/horchata.png', 'correct_img': 'beer', 'correct_key': 'rshift', 'sound_dir': '../audio/094.wav', 'image_dir': None}
19.0119 	DATA 	Keypress: lshift
19.0167 	EXP 	exp1_image_l: autoDraw = False
19.0167 	EXP 	exp1_image_r: autoDraw = False
19.0167 	EXP 	exp1_image_l: image = '../image/beer.png'
19.0167 	EXP 	exp1_image_r: image = '../image/horchata.png'
19.0167 	EXP 	exp1_image_l: autoDraw = True
19.0167 	EXP 	exp1_image_r: autoDraw = True
19.3274 	EXP 	New trial (rep=0, index=8): {'exp_num': 1, 'sent_code': 'l1_t_es_na_012', 'list': 'l1', 'cond': 't', 'lang': 'es', 'type': 'na', 'num': 12.0, 'image': 'book', 'image_alt': 'newspaper', 'left_img': 'newspaper', 'right_img': 'book', 'left': '../image/newspaper.png', 'right': '../image/book.png', 'correct_img': 'book', 'correct_key': 'lshift', 'sound_dir': '../audio/012.wav', 'image_dir': None}
19.3635 	DATA 	Keypress: lshift
19.3685 	EXP 	exp1_image_l: autoDraw = False
19.3685 	EXP 	exp1_image_r: autoDraw = False
19.3685 	EXP 	exp1_image_l: image = '../image/newspaper.png'
19.3685 	EXP 	exp1_image_r: image = '../image/book.png'
19.3685 	EXP 	exp1_image_l: autoDraw = True
19.3685 	EXP 	exp1_image_r: autoDraw = True
19.6108 	EXP 	New trial (rep=0, index=9): {'exp_num': 1, 'sent_code': 'l1_f_en_na_061', 'list': 'l1', 'cond': 'f', 'lang': 'en', 'type': 'na', 'num': 61.0, 'image': 'dog', 'image_alt': 'cat', 'left_img': 'cat', 'right_img': 'dog', 'left': '../image/cat.png', 'right': '../image/dog.png', 'correct_img': 'dog', 'correct_key': 'rshift', 'sound_dir': '../audio/061.wav', 'image_dir': '../image/'}
19.6451 	DATA 	Keypress: lshift
19.6499 	EXP 	exp1_image_l: autoDraw = False
19.6499 	EXP 	exp1_image_r: autoDraw = False
19.6499 	EXP 	exp1_image_l: image = '../image/cat.png'
19.6499 	EXP 	exp1_image_r: image = '../image/dog.png'
19.6499 	EXP 	exp1_image_l: autoDraw = True
19.6499 	EXP 	exp1_image_r: autoDraw = True
19.9717 	EXP 	New trial (rep=0, index=10): {'exp_num': 1, 'sent_code': 'l1_f_sp_na_089', 'list': 'l1', 'cond': 'f', 'lang': 'sp', 'type': 'na', 'num': 89.0, 'image': 'wallet', 'image_alt': 'bed', 'left_img': 'bed', 'right_img': 'wallet', 'left': '../image/bed.png', 'right': '../image/wallet.png', 'correct_img': 'wallet', 'correct_key': 'lshift', 'sound_dir': '../audio/089.wav', 'image_dir': None}
20.0125 	DATA 	Keypress: lshift
20.0174 	EXP 	exp1_image_l: autoDraw = False
20.0174 	EXP 	exp1_image_r: autoDraw = False
20.0174 	EXP 	exp1_image_l: image = '../image/bed.png'
20.0174 	EXP 	exp1_image_r: image = '../image/wallet.png'
20.0174 	EXP 	exp1_image_l: autoDraw = True
20.0174 	EXP 	exp1_image_r: autoDraw = True
20.3047 	EXP 	New trial (rep=0, index=11): {'exp_num': 1, 'sent_code': 'l1_f_sp_na_090', 'list': 'l1', 'cond': 'f', 'lang': 'sp', 'type': 'na', 'num': 90.0, 'image': 'bag', 'image_alt': 'bottle', 'left_img': 'bag', 'right_img': 'bottle', 'left': '../image/bag.png', 'right': '../image/bottle.png', 'correct_img': 'bag', 'correct_key': 'rshift', 'sound_dir': '../audio/090.wav', 'image_dir': None}
20.3350 	DATA 	Keypress: rshift
20.3398 	EXP 	exp1_image_l: autoDraw = False
20.3398 	EXP 	exp1_image_r: autoDraw = False
20.3398 	EXP 	exp1_image_l: image = '../image/bag.png'
20.3398 	EXP 	exp1_image_r: image = '../image/bottle.png'
20.3398 	EXP 	exp1_image_l: autoDraw = True
20.3398 	EXP 	exp1_image_r: autoDraw = True
20.6045 	EXP 	New trial (rep=0, index=12): {'exp_num': 1, 'sent_code': 'l1_f_sp_na_095', 'list': 'l1', 'cond': 'f', 'lang': 'sp', 'type': 'na', 'num': 95.0, 'image': 'key', 'image_alt': 'socks', 'left_img': 'socks', 'right_img': 'key', 'left': '../image/socks.png', 'right': '../image/key.png', 'correct_img': 'key', 'correct_key': 'lshift', 'sound_dir': '../audio/095.wav', 'image_dir': None}
20.6361 	DATA 	Keypress: lshift
20.6408 	EXP 	exp1_image_l: autoDraw = False
20.6408 	EXP 	exp1_image_r: autoDraw = False
20.6408 	EXP 	exp1_image_l: image = '../image/socks.png'
20.6408 	EXP 	exp1_image_r: image = '../image/key.png'
20.6408 	EXP 	exp1_image_l: autoDraw = True
20.6408 	EXP 	exp1_image_r: autoDraw = True
20.9545 	EXP 	New trial (rep=0, index=13): {'exp_num': 1, 'sent_code': 'l1_f_en_na_067', 'list': 'l1', 'cond': 'f', 'lang': 'en', 'type': 'na', 'num': 67.0, 'image': 'glasses', 'image_alt': 'beer', 'left_img': 'beer', 'right_img': 'glasses', 'left': '../image/beer.png', 'right': '../image/glasses.png', 'correct_img': 'glasses', 'correct_key': 'rshift', 'sound_dir': '../audio/067.wav', 'image_dir': None}
20.9845 	DATA 	Keypress: rshift
20.9892 	EXP 	exp1_image_l: autoDraw = False
20.9892 	EXP 	exp1_image_r: autoDraw = False
20.9892 	EXP 	exp1_image_l: image = '../image/beer.png'
20.9892 	EXP 	exp1_image_r: image = '../image/glasses.png'
20.9892 	EXP 	exp1_image_l: autoDraw = True
20.9892 	EXP 	exp1_image_r: autoDraw = True
21.2432 	EXP 	New trial (rep=0, index=14): {'exp_num': 1, 'sent_code': 'l1_t_es_na_020', 'list': 'l1', 'cond': 't', 'lang': 'es', 'type': 'na', 'num': 20.0, 'image': 'backpack', 'image_alt': 'cellphone', 'left_img': 'cellphone', 'right_img': 'backpack', 'left': '../image/cellphone.png', 'right': '../image/backpack.png', 'correct_img': 'backpack', 'correct_key': 'lshift', 'sound_dir': '../audio/020.wav', 'image_dir': None}
21.2816 	DATA 	Keypress: lshift
21.2866 	EXP 	exp1_image_l: autoDraw = False
21.2866 	EXP 	exp1_image_r: autoDraw = False
21.2866 	EXP 	exp1_image_l: image = '../image/cellphone.png'
21.2866 	EXP 	exp1_image_r: image = '../image/backpack.png'
21.2866 	EXP 	exp1_image_l: autoDraw = True
21.2866 	EXP 	exp1_image_r: autoDraw = True
21.5775 	EXP 	New trial (rep=0, index=15): {'exp_num': 1, 'sent_code': 'l1_f_se_na_080', 'list': 'l1', 'cond': 'f', 'lang': 'se', 'type': 'na', 'num': 80.0, 'image': 'mouse', 'image_alt': 'rat', 'left_img': 'mouse', 'right_img': 'rat', 'left': '../image/mouse.png', 'right': '../image/rat.png', 'correct_img': 'mouse', 'correct_key': 'lshift', 'sound_dir': '../audio/080.wav', 'image_dir': None}
21.6130 	DATA 	Keypress: rshift
21.6175 	EXP 	exp1_image_l: autoDraw = False
21.6175 	EXP 	exp1_image_r: autoDraw = False
21.6175 	EXP 	exp1_image_l: image = '../image/mouse.png'
21.6175 	EXP 	exp1_image_r: image = '../image/rat.png'
21.6175 	EXP 	exp1_image_l: autoDraw = True
21.6175 	EXP 	exp1_image_r: autoDraw = True
21.8702 	EXP 	New trial (rep=0, index=16): {'exp_num': 1, 'sent_code': 'l1_t_es_na_017', 'list': 'l1', 'cond': 't', 'lang': 'es', 'type': 'na', 'num': 17.0, 'image': 'jug', 'image_alt': 'cat', 'left_img': 'jug', 'right_img': 'cat', 'left': '../image/jug.png', 'right': '../image/cat.png', 'correct_img': 'jug', 'correct_key': 'rshift', 'sound_dir': '../audio/017.wav', 'image_dir': None}
21.9034 	DATA 	Keypress: lshift
21.9081 	EXP 	exp1_image_l: autoDraw = False
21.9081 	EXP 	exp1_image_r: autoDraw = False
21.9081 	EXP 	exp1_image_l: image = '../image/jug.png'
21.9081 	EXP 	exp1_image_r: image = '../image/cat.png'
21.9081 	EXP 	exp1_image_l: autoDraw = True
21.9081 	EXP 	exp1_image_r: autoDraw = True
22.2045 	EXP 	New trial (rep=0, index=17): {'exp_num': 1, 'sent_code': 'l1_f_sp_na_091', 'list': 'l1', 'cond': 'f', 'lang': 'sp', 'type': 'na', 'num': 91.0, 'image': 'bracelet', 'image_alt': 'backpack', 'left_img': 'backpack', 'right_img': 'bracelet', 'left': '../image/backpack.png', 'right': '../image/bracelet.png', 'correct_img': 'bracelet', 'correct_key': 'lshift', 'sound_dir': '../audio/091.wav', 'image_dir': None}
22.2433 	DATA 	Keypress: rshift
22.2480 	EXP 	exp1_image_l: autoDraw = False
22.2480 	EXP 	exp1_image_r: autoDraw = False
22.2480 	EXP 	exp1_image_l: image = '../image/backpack.png'
22.2480 	EXP 	exp1_image_r: image = '../image/bracelet.png'
22.2480 	EXP 	exp1_image_l: autoDraw = True
22.2480 	EXP 	exp1_image_r: autoDraw = True
22.4884 	EXP 	New trial (rep=0, index=18): {'exp_num': 1, 'sent_code': 'l1_f_en_na_074', 'list': 'l1', 'cond': 'f', 'lang': 'en', 'type': 'na', 'num': 74.0, 'image': 'boy', 'image_alt': 'woman', 'left_img': 'boy', 'right_img': 'woman', 'left': '../image/boy.png', 'right': '../image/woman.png', 'correct_img': 'boy', 'correct_key': 'lshift', 'sound_dir': '../audio/074.wav', 'image_dir': None}
22.5227 	DATA 	Keypress: lshift
22.5276 	EXP 	exp1_image_l: autoDraw = False
22.5276 	EXP 	exp1_image_r: autoDraw = False
22.5276 	EXP 	exp1_image_l: image = '../image/boy.png'
22.5276 	EXP 	exp1_image_r: image = '../image/woman.png'
22.5276 	EXP 	exp1_image_l: autoDraw = True
22.5276 	EXP 	exp1_image_r: autoDraw = True
22.8047 	EXP 	New trial (rep=0, index=19): {'exp_num': 1, 'sent_code': 'l1_f_en_na_063', 'list': 'l1', 'cond': 'f', 'lang': 'en', 'type': 'na', 'num': 63.0, 'image': 'man', 'image_alt': 'woman', 'left_img': 'woman', 'right_img': 'man', 'left': '../image/woman.png', 'right': '../image/man.png', 'correct_img': 'man', 'correct_key': 'rshift', 'sound_dir': '../audio/063.wav', 'image_dir': None}
22.8405 	DATA 	Keypress: rshift
22.8451 	EXP 	exp1_image_l: autoDraw = False
22.8451 	EXP 	exp1_image_r: autoDraw = False
22.8451 	EXP 	exp1_image_l: image = '../image/woman.png'
22.8451 	EXP 	exp1_image_r: image = '../image/man.png'
22.8451 	EXP 	exp1_image_l: autoDraw = True
22.8451 	EXP 	exp1_image_r: autoDraw = True
23.1044 	EXP 	New trial (rep=0, index=20): {'exp_num': 1, 'sent_code': 'l1_f_en_na_069', 'list': 'l1', 'cond': 'f', 'lang': 'en', 'type': 'na', 'num': 69.0, 'image': 'shirt', 'image_alt': 'bag', 'left_img': 'bag', 'right_img': 'shirt', 'left': '../image/bag.png', 'right': '../image/shirt.png', 'correct_img': 'shirt', 'correct_key': 'rshift', 'sound_dir': '../audio/069.wav', 'image_dir': None}
23.1334 	DATA 	Keypress: lshift
23.1383 	EXP 	exp1_image_l: autoDraw = False
23.1383 	EXP 	exp1_image_r: autoDraw = False
23.1383 	EXP 	exp1_image_l: image = '../image/bag.png'
23.1383 	EXP 	exp1_image_r: image = '../image/shirt.png'
23.1383 	EXP 	exp1_image_l: autoDraw = True
23.1383 	EXP 	exp1_image_r: autoDraw = True
23.4445 	EXP 	New trial (rep=0, index=21): {'exp_num': 1, 'sent_code': 'l1_f_en_na_073', 'list': 'l1', 'cond': 'f', 'lang': 'en', 'type': 'na', 'num': 73.0, 'image': 'tshirt', 'image_alt': 'socks', 'left_img': 'socks', 'right_img': 'tshirt', 'left': '../image/socks.png', 'right': '../image/tshirt.png', 'correct_img': 'tshirt', 'correct_key': 'rshift', 'sound_dir': '../audio/073.wav', 'image_dir': None}
23.4784 	DATA 	Keypress: rshift
23.4828 	EXP 	exp1_image_l: autoDraw = False
23.4828 	EXP 	exp1_image_r: autoDraw = False
23.4828 	EXP 	exp1_image_l: image = '../image/socks.png'
23.4828 	EXP 	exp1_image_r: image = '../image/tshirt.png'
23.4828 	EXP 	exp1_image_l: autoDraw = True
23.4828 	EXP 	exp1_image_r: autoDraw = True
23.6940 	EXP 	New trial (rep=0, index=22): {'exp_num': 1, 'sent_code': 'l1_t_es_f0u_138', 'list': 'l1', 'cond': 't', 'lang': 'es', 'type': 'f0u', 'num': 138.0, 'image': 'shirt', 'image_alt': 'pants', 'left_img': 'pants', 'right_img': 'shirt', 'left': '../image/pants.png', 'right': '../image/shirt.png', 'correct_img': 'shirt', 'correct_key': 'lshift', 'sound_dir': '../audio/138.wav', 'image_dir': None}
23.7283 	DATA 	Keypress: lshift
23.7330 	EXP 	exp1_image_l: autoDraw = False
23.7330 	EXP 	exp1_image_r: autoDraw = False
23.7330 	EXP 	exp1_image_l: image = '../image/pants.png'
23.7330 	EXP 	exp1_image_r: image = '../image/shirt.png'
23.7330 	EXP 	exp1_image_l: autoDraw = True
23.7330 	EXP 	exp1_image_r: autoDraw = True
23.9884 	EXP 	New trial (rep=0, index=23): {'exp_num': 1, 'sent_code': 'l1_f_en_na_065', 'list': 'l1', 'cond': 'f', 'lang': 'en', 'type': 'na', 'num': 65.0, 'image': 'book', 'image_alt': 'computer', 'left_img': 'computer', 'right_img': 'book', 'left': '../image/computer.png', 'right': '../image/book.png', 'correct_img': 'book', 'correct_key': 'rshift', 'sound_dir': '../audio/065.wav', 'image_dir': None}
24.0225 	DATA 	Keypress: rshift
24.0270 	EXP 	exp1_image_l: autoDraw = False
24.0270 	EXP 	exp1_image_r: autoDraw = False
24.0270 	EXP 	exp1_image_l: image = '../image/computer.png'
24.0270 	EXP 	exp1_image_r: image = '../image/book.png'
24.0270 	EXP 	exp1_image_l: autoDraw = True
24.0270 	EXP 	exp1_image_r: autoDraw = True
24.2545 	EXP 	New trial (rep=0, index=24): {'exp_num': 1, 'sent_code': 'l1_f_se_na_079', 'list': 'l1', 'cond': 'f', 'lang': 'se', 'type': 'na', 'num': 79.0, 'image': 'jeans', 'image_alt': 'sweatpants', 'left_img': 'sweatpants', 'right_img': 'jeans', 'left': '../image/sweatpants.png', 'right': '../image/jeans.png', 'correct_img': 'jeans', 'correct_key': 'rshift', 'sound_dir': '../audio/079.wav', 'image_dir': None}
24.2868 	DATA 	Keypress: lshift
24.2914 	EXP 	exp1_image_l: autoDraw = False
24.2914 	EXP 	exp1_image_r: autoDraw = False
24.2914 	EXP 	exp1_image_l: image = '../image/sweatpants.png'
24.2914 	EXP 	exp1_image_r: image = '../image/jeans.png'
24.2914 	EXP 	exp1_image_l: autoDraw = True
24.2914 	EXP 	exp1_image_r: autoDraw = True
24.5043 	EXP 	New trial (rep=0, index=25): {'exp_num': 1, 'sent_code': 'l1_f_en_na_066', 'list': 'l1', 'cond': 'f', 'lang': 'en', 'type': 'na', 'num': 66.0, 'image': 'bag', 'image_alt': 'scarf', 'left_img': 'bag', 'right_img': 'scarf', 'left': '../image/bag.png', 'right': '../image/scarf.png', 'correct_img': 'bag', 'correct_key': 'lshift', 'sound_dir': '../audio/066.wav', 'image_dir': None}
24.5380 	DATA 	Keypress: rshift
24.5427 	EXP 	exp1_image_l: autoDraw = False
24.5427 	EXP 	exp1_image_r: autoDraw = False
24.5427 	EXP 	exp1_image_l: image = '../image/bag.png'
24.5427 	EXP 	exp1_image_r: image = '../image/scarf.png'
24.5427 	EXP 	exp1_image_l: autoDraw = True
24.5427 	EXP 	exp1_image_r: autoDraw = True
24.7712 	EXP 	New trial (rep=0, index=26): {'exp_num': 1, 'sent_code': 'l1_t_es_f0u_139', 'list': 'l1', 'cond': 't', 'lang': 'es', 'type': 'f0u', 'num': 139.0, 'image': 'restaurant', 'image_alt': 'hotel', 'left_img': 'restaurant', 'right_img': 'hotel', 'left': '../image/restaurant.png', 'right': '../image/hotel.png', 'correct_img': 'restaurant', 'correct_key': 'rshift', 'sound_dir': '../audio/139.wav', 'image_dir': None}
24.8119 	DATA 	Keypress: lshift
24.8165 	EXP 	exp1_image_l: autoDraw = False
24.8165 	EXP 	exp1_image_r: autoDraw = False
24.8165 	EXP 	exp1_image_l: image = '../image/restaurant.png'
24.8165 	EXP 	exp1_image_r: image = '../image/hotel.png'
24.8165 	EXP 	exp1_image_l: autoDraw = True
24.8165 	EXP 	exp1_image_r: autoDraw = True
25.0202 	EXP 	New trial (rep=0, index=27): {'exp_num': 1, 'sent_code': 'l1_t_es_na_014', 'list': 'l1', 'cond': 't', 'lang': 'es', 'type': 'na', 'num': 14.0, 'image': 'key', 'image_alt': 'book', 'left_img': 'book', 'right_img': 'key', 'left': '../image/book.png', 'right': '../image/key.png', 'correct_img': 'key', 'correct_key': 'lshift', 'sound_dir': '../audio/014.wav', 'image_dir': None}
25.0533 	DATA 	Keypress: rshift
25.0579 	EXP 	exp1_image_l: autoDraw = False
25.0579 	EXP 	exp1_image_r: autoDraw = False
25.0579 	EXP 	exp1_image_l: image = '../image/book.png'
25.0579 	EXP 	exp1_image_r: image = '../image/key.png'
25.0579 	EXP 	exp1_image_l: autoDraw = True
25.0579 	EXP 	exp1_image_r: autoDraw = True
25.2878 	EXP 	New trial (rep=0, index=28): {'exp_num': 1, 'sent_code': 'l1_f_en_na_072', 'list': 'l1', 'cond': 'f', 'lang': 'en', 'type': 'na', 'num': 72.0, 'image': 'dog', 'image_alt': 'fish', 'left_img': 'dog', 'right_img': 'fish', 'left': '../image/dog.png', 'right': '../image/fish.png', 'correct_img': 'dog', 'correct_key': 'lshift', 'sound_dir': '../audio/072.wav', 'image_dir': None}
25.3212 	DATA 	Keypress: lshift
25.3256 	EXP 	exp1_image_l: autoDraw = False
25.3256 	EXP 	exp1_image_r: autoDraw = False
25.3256 	EXP 	exp1_image_l: image = '../image/dog.png'
25.3256 	EXP 	exp1_image_r: image = '../image/fish.png'
25.3256 	EXP 	exp1_image_l: autoDraw = True
25.3256 	EXP 	exp1_image_r: autoDraw = True
25.5538 	EXP 	New trial (rep=0, index=29): {'exp_num': 1, 'sent_code': 'l1_f_se_na_078', 'list': 'l1', 'cond': 'f', 'lang': 'se', 'type': 'na', 'num': 78.0, 'image': 'airpods', 'image_alt': 'joycons', 'left_img': 'airpods', 'right_img': 'joycons', 'left': '../image/airpods.png', 'right': '../image/joycons.png', 'correct_img': 'airpods', 'correct_key': 'lshift', 'sound_dir': '../audio/078.wav', 'image_dir': None}
25.5830 	DATA 	Keypress: rshift
25.5876 	EXP 	exp1_image_l: autoDraw = False
25.5876 	EXP 	exp1_image_r: autoDraw = False
25.5876 	EXP 	exp1_image_l: image = '../image/airpods.png'
25.5876 	EXP 	exp1_image_r: image = '../image/joycons.png'
25.5876 	EXP 	exp1_image_l: autoDraw = True
25.5876 	EXP 	exp1_image_r: autoDraw = True
25.8214 	EXP 	New trial (rep=0, index=30): {'exp_num': 1, 'sent_code': 'l1_t_es_na_019', 'list': 'l1', 'cond': 't', 'lang': 'es', 'type': 'na', 'num': 19.0, 'image': 'boy', 'image_alt': 'dog', 'left_img': 'boy', 'right_img': 'dog', 'left': '../image/boy.png', 'right': '../image/dog.png', 'correct_img': 'boy', 'correct_key': 'rshift', 'sound_dir': '../audio/019.wav', 'image_dir': None}
25.8584 	DATA 	Keypress: lshift
25.8633 	EXP 	exp1_image_l: autoDraw = False
25.8633 	EXP 	exp1_image_r: autoDraw = False
25.8633 	EXP 	exp1_image_l: image = '../image/boy.png'
25.8633 	EXP 	exp1_image_r: image = '../image/dog.png'
25.8633 	EXP 	exp1_image_l: autoDraw = True
25.8633 	EXP 	exp1_image_r: autoDraw = True
26.0870 	EXP 	New trial (rep=0, index=31): {'exp_num': 1, 'sent_code': 'l1_f_sp_na_092', 'list': 'l1', 'cond': 'f', 'lang': 'sp', 'type': 'na', 'num': 92.0, 'image': 'armchair', 'image_alt': 'dog', 'left_img': 'armchair', 'right_img': 'dog', 'left': '../image/armchair.png', 'right': '../image/dog.png', 'correct_img': 'armchair', 'correct_key': 'rshift', 'sound_dir': '../audio/092.wav', 'image_dir': None}
26.1239 	DATA 	Keypress: rshift
26.1275 	EXP 	exp1_image_l: autoDraw = False
26.1275 	EXP 	exp1_image_r: autoDraw = False
26.1275 	EXP 	exp1_image_l: image = '../image/armchair.png'
26.1275 	EXP 	exp1_image_r: image = '../image/dog.png'
26.1275 	EXP 	exp1_image_l: autoDraw = True
26.1275 	EXP 	exp1_image_r: autoDraw = True
26.3723 	DATA 	Keypress: lshift
26.3785 	EXP 	New trial (rep=0, index=32): {'exp_num': 1, 'sent_code': 'l1_f_en_na_075', 'list': 'l1', 'cond': 'f', 'lang': 'en', 'type': 'na', 'num': 75.0, 'image': 'fish', 'image_alt': 'dog', 'left_img': 'dog', 'right_img': 'fish', 'left': '../image/dog.png', 'right': '../image/fish.png', 'correct_img': 'fish', 'correct_key': 'rshift', 'sound_dir': '../audio/075.wav', 'image_dir': None}
26.4146 	EXP 	exp1_image_l: autoDraw = False
26.4146 	EXP 	exp1_image_r: autoDraw = False
26.4146 	EXP 	exp1_image_l: image = '../image/dog.png'
26.4146 	EXP 	exp1_image_r: image = '../image/fish.png'
26.4146 	EXP 	exp1_image_l: autoDraw = True
26.4146 	EXP 	exp1_image_r: autoDraw = True
26.6444 	EXP 	New trial (rep=0, index=33): {'exp_num': 1, 'sent_code': 'l1_t_es_f0u_132', 'list': 'l1', 'cond': 't', 'lang': 'es', 'type': 'f0u', 'num': 132.0, 'image': 'grandma', 'image_alt': 'car', 'left_img': 'car', 'right_img': 'grandma', 'left': '../image/car.png', 'right': '../image/grandma.png', 'correct_img': 'grandma', 'correct_key': 'lshift', 'sound_dir': '../audio/132.wav', 'image_dir': None}
26.6797 	DATA 	Keypress: rshift
26.6844 	EXP 	exp1_image_l: autoDraw = False
26.6844 	EXP 	exp1_image_r: autoDraw = False
26.6844 	EXP 	exp1_image_l: image = '../image/car.png'
26.6844 	EXP 	exp1_image_r: image = '../image/grandma.png'
26.6844 	EXP 	exp1_image_l: autoDraw = True
26.6844 	EXP 	exp1_image_r: autoDraw = True
26.8606 	EXP 	New trial (rep=0, index=34): {'exp_num': 1, 'sent_code': 'l1_t_es_f0u_140', 'list': 'l1', 'cond': 't', 'lang': 'es', 'type': 'f0u', 'num': 140.0, 'image': 'bracelet', 'image_alt': 'ring', 'left_img': 'ring', 'right_img': 'bracelet', 'left': '../image/ring.png', 'right': '../image/bracelet.png', 'correct_img': 'bracelet', 'correct_key': 'rshift', 'sound_dir': '../audio/140.wav', 'image_dir': None}
26.8936 	DATA 	Keypress: lshift
26.8976 	EXP 	exp1_image_l: autoDraw = False
26.8976 	EXP 	exp1_image_r: autoDraw = False
26.8976 	EXP 	exp1_image_l: image = '../image/ring.png'
26.8976 	EXP 	exp1_image_r: image = '../image/bracelet.png'
26.8976 	EXP 	exp1_image_l: autoDraw = True
26.8976 	EXP 	exp1_image_r: autoDraw = True
27.1114 	EXP 	New trial (rep=0, index=35): {'exp_num': 1, 'sent_code': 'l1_t_es_na_015', 'list': 'l1', 'cond': 't', 'lang': 'es', 'type': 'na', 'num': 15.0, 'image': 'glasses', 'image_alt': 'jacket', 'left_img': 'glasses', 'right_img': 'jacket', 'left': '../image/glasses.png', 'right': '../image/jacket.png', 'correct_img': 'glasses', 'correct_key': 'rshift', 'sound_dir': '../audio/015.wav', 'image_dir': None}
27.1429 	DATA 	Keypress: rshift
27.1477 	EXP 	exp1_image_l: autoDraw = False
27.1477 	EXP 	exp1_image_r: autoDraw = False
27.1477 	EXP 	exp1_image_l: image = '../image/glasses.png'
27.1477 	EXP 	exp1_image_r: image = '../image/jacket.png'
27.1477 	EXP 	exp1_image_l: autoDraw = True
27.1477 	EXP 	exp1_image_r: autoDraw = True
27.3776 	EXP 	New trial (rep=0, index=36): {'exp_num': 1, 'sent_code': 'l1_t_es_f0u_131', 'list': 'l1', 'cond': 't', 'lang': 'es', 'type': 'f0u', 'num': 131.0, 'image': 'cat', 'image_alt': 'flower', 'left_img': 'cat', 'right_img': 'flower', 'left': '../image/cat.png', 'right': '../image/flower.png', 'correct_img': 'cat', 'correct_key': 'rshift', 'sound_dir': '../audio/131.wav', 'image_dir': None}
27.4139 	DATA 	Keypress: lshift
27.4185 	EXP 	exp1_image_l: autoDraw = False
27.4185 	EXP 	exp1_image_r: autoDraw = False
27.4185 	EXP 	exp1_image_l: image = '../image/cat.png'
27.4185 	EXP 	exp1_image_r: image = '../image/flower.png'
27.4185 	EXP 	exp1_image_l: autoDraw = True
27.4185 	EXP 	exp1_image_r: autoDraw = True
27.6712 	EXP 	New trial (rep=0, index=37): {'exp_num': 1, 'sent_code': 'l1_f_en_na_071', 'list': 'l1', 'cond': 'f', 'lang': 'en', 'type': 'na', 'num': 71.0, 'image': 'plane', 'image_alt': 'wallet', 'left_img': 'wallet', 'right_img': 'plane', 'left': '../image/wallet.png', 'right': '../image/plane.png', 'correct_img': 'plane', 'correct_key': 'rshift', 'sound_dir': '../audio/071.wav', 'image_dir': None}
27.7058 	DATA 	Keypress: rshift
27.7102 	EXP 	exp1_image_l: autoDraw = False
27.7102 	EXP 	exp1_image_r: autoDraw = False
27.7102 	EXP 	exp1_image_l: image = '../image/wallet.png'
27.7102 	EXP 	exp1_image_r: image = '../image/plane.png'
27.7102 	EXP 	exp1_image_l: autoDraw = True
27.7102 	EXP 	exp1_image_r: autoDraw = True
27.9372 	EXP 	New trial (rep=0, index=38): {'exp_num': 1, 'sent_code': 'l1_f_en_na_062', 'list': 'l1', 'cond': 'f', 'lang': 'en', 'type': 'na', 'num': 62.0, 'image': 'shoe', 'image_alt': 'ring', 'left_img': 'shoe', 'right_img': 'ring', 'left': '../image/shoe.png', 'right': '../image/ring.png', 'correct_img': 'shoe', 'correct_key': 'lshift', 'sound_dir': '../audio/062.wav', 'image_dir': None}
27.9706 	DATA 	Keypress: lshift
27.9751 	EXP 	exp1_image_l: autoDraw = False
27.9751 	EXP 	exp1_image_r: autoDraw = False
27.9751 	EXP 	exp1_image_l: image = '../image/shoe.png'
27.9751 	EXP 	exp1_image_r: image = '../image/ring.png'
27.9751 	EXP 	exp1_image_l: autoDraw = True
27.9751 	EXP 	exp1_image_r: autoDraw = True
28.2051 	DATA 	Keypress: rshift
28.2106 	EXP 	New trial (rep=0, index=39): {'exp_num': 1, 'sent_code': 'l1_t_es_na_011', 'list': 'l1', 'cond': 't', 'lang': 'es', 'type': 'na', 'num': 11.0, 'image': 'armchair', 'image_alt': 'bed', 'left_img': 'armchair', 'right_img': 'bed', 'left': '../image/armchair.png', 'right': '../image/bed.png', 'correct_img': 'armchair', 'correct_key': 'rshift', 'sound_dir': '../audio/011.wav', 'image_dir': None}
28.2517 	EXP 	exp1_image_l: autoDraw = False
28.2517 	EXP 	exp1_image_r: autoDraw = False
28.2517 	EXP 	exp1_image_l: image = '../image/armchair.png'
28.2517 	EXP 	exp1_image_r: image = '../image/bed.png'
28.2517 	EXP 	exp1_image_l: autoDraw = True
28.2517 	EXP 	exp1_image_r: autoDraw = True
28.4874 	EXP 	New trial (rep=0, index=40): {'exp_num': 1, 'sent_code': 'l1_f_se_na_084', 'list': 'l1', 'cond': 'f', 'lang': 'se', 'type': 'na', 'num': 84.0, 'image': 'penthouse', 'image_alt': 'rocket', 'left_img': 'penthouse', 'right_img': 'rocket', 'left': '../image/penthouse.png', 'right': '../image/rocket.png', 'correct_img': 'penthouse', 'correct_key': 'lshift', 'sound_dir': '../audio/084.wav', 'image_dir': None}
28.5238 	DATA 	Keypress: lshift
28.5285 	EXP 	exp1_image_l: autoDraw = False
28.5285 	EXP 	exp1_image_r: autoDraw = False
28.5285 	EXP 	exp1_image_l: image = '../image/penthouse.png'
28.5285 	EXP 	exp1_image_r: image = '../image/rocket.png'
28.5285 	EXP 	exp1_image_l: autoDraw = True
28.5285 	EXP 	exp1_image_r: autoDraw = True
28.7602 	EXP 	New trial (rep=0, index=41): {'exp_num': 1, 'sent_code': 'l1_t_es_f0u_135', 'list': 'l1', 'cond': 't', 'lang': 'es', 'type': 'f0u', 'num': 135.0, 'image': 'flipflops', 'image_alt': 'flower', 'left_img': 'flipflops', 'right_img': 'flower', 'left': '../image/flipflops.png', 'right': '../image/flower.png', 'correct_img': 'flipflops', 'correct_key': 'rshift', 'sound_dir': '../audio/135.wav', 'image_dir': None}
28.7952 	DATA 	Keypress: rshift
28.7996 	EXP 	exp1_image_l: autoDraw = False
28.7996 	EXP 	exp1_image_r: autoDraw = False
28.7996 	EXP 	exp1_image_l: image = '../image/flipflops.png'
28.7996 	EXP 	exp1_image_r: image = '../image/flower.png'
28.7996 	EXP 	exp1_image_l: autoDraw = True
28.7996 	EXP 	exp1_image_r: autoDraw = True
29.0443 	EXP 	New trial (rep=0, index=42): {'exp_num': 1, 'sent_code': 'l1_f_se_na_076', 'list': 'l1', 'cond': 'f', 'lang': 'se', 'type': 'na', 'num': 76.0, 'image': 'hotdog', 'image_alt': 'burger', 'left_img': 'hotdog', 'right_img': 'burger', 'left': '../image/hotdog.png', 'right': '../image/burger.png', 'correct_img': 'hotdog', 'correct_key': 'lshift', 'sound_dir': '../audio/076.wav', 'image_dir': None}
29.0827 	DATA 	Keypress: lshift
29.0863 	EXP 	exp1_image_l: autoDraw = False
29.0863 	EXP 	exp1_image_r: autoDraw = False
29.0863 	EXP 	exp1_image_l: image = '../image/hotdog.png'
29.0863 	EXP 	exp1_image_r: image = '../image/burger.png'
29.0863 	EXP 	exp1_image_l: autoDraw = True
29.0863 	EXP 	exp1_image_r: autoDraw = True
29.3045 	EXP 	New trial (rep=0, index=43): {'exp_num': 1, 'sent_code': 'l1_f_sp_na_093', 'list': 'l1', 'cond': 'f', 'lang': 'sp', 'type': 'na', 'num': 93.0, 'image': 'book', 'image_alt': 'boy', 'left_img': 'boy', 'right_img': 'book', 'left': '../image/boy.png', 'right': '../image/book.png', 'correct_img': 'book', 'correct_key': 'lshift', 'sound_dir': '../audio/093.wav', 'image_dir': None}
29.3381 	DATA 	Keypress: rshift
29.3425 	EXP 	exp1_image_l: autoDraw = False
29.3425 	EXP 	exp1_image_r: autoDraw = False
29.3425 	EXP 	exp1_image_l: image = '../image/boy.png'
29.3425 	EXP 	exp1_image_r: image = '../image/book.png'
29.3425 	EXP 	exp1_image_l: autoDraw = True
29.3425 	EXP 	exp1_image_r: autoDraw = True
29.5784 	EXP 	New trial (rep=0, index=44): {'exp_num': 1, 'sent_code': 'l1_f_sp_na_088', 'list': 'l1', 'cond': 'f', 'lang': 'sp', 'type': 'na', 'num': 88.0, 'image': 'book', 'image_alt': 'cellphone', 'left_img': 'book', 'right_img': 'cellphone', 'left': '../image/book.png', 'right': '../image/cellphone.png', 'correct_img': 'book', 'correct_key': 'rshift', 'sound_dir': '../audio/088.wav', 'image_dir': None}
29.6123 	DATA 	Keypress: lshift
29.6171 	EXP 	exp1_image_l: autoDraw = False
29.6171 	EXP 	exp1_image_r: autoDraw = False
29.6171 	EXP 	exp1_image_l: image = '../image/book.png'
29.6171 	EXP 	exp1_image_r: image = '../image/cellphone.png'
29.6171 	EXP 	exp1_image_l: autoDraw = True
29.6171 	EXP 	exp1_image_r: autoDraw = True
29.8378 	EXP 	New trial (rep=0, index=45): {'exp_num': 1, 'sent_code': 'l1_f_en_na_068', 'list': 'l1', 'cond': 'f', 'lang': 'en', 'type': 'na', 'num': 68.0, 'image': 'socks', 'image_alt': 'book', 'left_img': 'socks', 'right_img': 'book', 'left': '../image/socks.png', 'right': '../image/book.png', 'correct_img': 'socks', 'correct_key': 'lshift', 'sound_dir': '../audio/068.wav', 'image_dir': None}
29.8704 	DATA 	Keypress: rshift
29.8750 	EXP 	exp1_image_l: autoDraw = False
29.8750 	EXP 	exp1_image_r: autoDraw = False
29.8750 	EXP 	exp1_image_l: image = '../image/socks.png'
29.8750 	EXP 	exp1_image_r: image = '../image/book.png'
29.8750 	EXP 	exp1_image_l: autoDraw = True
29.8750 	EXP 	exp1_image_r: autoDraw = True
30.1204 	EXP 	New trial (rep=0, index=46): {'exp_num': 1, 'sent_code': 'l1_t_es_f0u_133', 'list': 'l1', 'cond': 't', 'lang': 'es', 'type': 'f0u', 'num': 133.0, 'image': 'cellphone', 'image_alt': 'book', 'left_img': 'cellphone', 'right_img': 'book', 'left': '../image/cellphone.png', 'right': '../image/book.png', 'correct_img': 'cellphone', 'correct_key': 'rshift', 'sound_dir': '../audio/133.wav', 'image_dir': None}
30.1528 	DATA 	Keypress: lshift
30.1573 	EXP 	exp1_image_l: autoDraw = False
30.1573 	EXP 	exp1_image_r: autoDraw = False
30.1573 	EXP 	exp1_image_l: image = '../image/cellphone.png'
30.1573 	EXP 	exp1_image_r: image = '../image/book.png'
30.1573 	EXP 	exp1_image_l: autoDraw = True
30.1573 	EXP 	exp1_image_r: autoDraw = True
30.4622 	DATA 	Keypress: rshift
30.4690 	EXP 	New trial (rep=0, index=47): {'exp_num': 1, 'sent_code': 'l1_f_se_na_077', 'list': 'l1', 'cond': 'f', 'lang': 'se', 'type': 'na', 'num': 77.0, 'image': 'donut', 'image_alt': 'mashedpotatoes', 'left_img': 'mashedpotatoes', 'right_img': 'donut', 'left': '../image/mashedpotatoes.png', 'right': '../image/donut.png', 'correct_img': 'donut', 'correct_key': 'rshift', 'sound_dir': '../audio/077.wav', 'image_dir': None}
30.5075 	EXP 	exp1_image_l: autoDraw = False
30.5075 	EXP 	exp1_image_r: autoDraw = False
30.5075 	EXP 	exp1_image_l: image = '../image/mashedpotatoes.png'
30.5075 	EXP 	exp1_image_r: image = '../image/donut.png'
30.5075 	EXP 	exp1_image_l: autoDraw = True
30.5075 	EXP 	exp1_image_r: autoDraw = True
30.8050 	EXP 	New trial (rep=0, index=48): {'exp_num': 1, 'sent_code': 'l1_t_es_na_018', 'list': 'l1', 'cond': 't', 'lang': 'es', 'type': 'na', 'num': 18.0, 'image': 'napkins', 'image_alt': 'cups', 'left_img': 'cups', 'right_img': 'napkins', 'left': '../image/cups.png', 'right': '../image/napkins.png', 'correct_img': 'napkins', 'correct_key': 'lshift', 'sound_dir': '../audio/018.wav', 'image_dir': None}
30.8401 	DATA 	Keypress: lshift
30.8448 	EXP 	exp1_image_l: autoDraw = False
30.8448 	EXP 	exp1_image_r: autoDraw = False
30.8448 	EXP 	exp1_image_l: image = '../image/cups.png'
30.8448 	EXP 	exp1_image_r: image = '../image/napkins.png'
30.8448 	EXP 	exp1_image_l: autoDraw = True
30.8448 	EXP 	exp1_image_r: autoDraw = True
31.0927 	EXP 	New trial (rep=0, index=49): {'exp_num': 1, 'sent_code': 'l1_f_se_na_083', 'list': 'l1', 'cond': 'f', 'lang': 'se', 'type': 'na', 'num': 83.0, 'image': 'burger', 'image_alt': 'donut', 'left_img': 'donut', 'right_img': 'burger', 'left': '../image/donut.png', 'right': '../image/burger.png', 'correct_img': 'burger', 'correct_key': 'rshift', 'sound_dir': '../audio/083.wav', 'image_dir': None}
31.1293 	DATA 	Keypress: rshift
31.1341 	EXP 	exp1_image_l: autoDraw = False
31.1341 	EXP 	exp1_image_r: autoDraw = False
31.1341 	EXP 	exp1_image_l: image = '../image/donut.png'
31.1341 	EXP 	exp1_image_r: image = '../image/burger.png'
31.1341 	EXP 	exp1_image_l: autoDraw = True
31.1341 	EXP 	exp1_image_r: autoDraw = True
31.3553 	EXP 	New trial (rep=0, index=50): {'exp_num': 1, 'sent_code': 'l1_f_se_na_082', 'list': 'l1', 'cond': 'f', 'lang': 'se', 'type': 'na', 'num': 82.0, 'image': 'mickeymouse', 'image_alt': 'spongebob', 'left_img': 'mickeymouse', 'right_img': 'spongebob', 'left': '../image/mickeymouse.png', 'right': '../image/spongebob.png', 'correct_img': 'mickeymouse', 'correct_key': 'lshift', 'sound_dir': '../audio/082.wav', 'image_dir': None}
31.3883 	DATA 	Keypress: lshift
31.3931 	EXP 	exp1_image_l: autoDraw = False
31.3931 	EXP 	exp1_image_r: autoDraw = False
31.3931 	EXP 	exp1_image_l: image = '../image/mickeymouse.png'
31.3931 	EXP 	exp1_image_r: image = '../image/spongebob.png'
31.3931 	EXP 	exp1_image_l: autoDraw = True
31.3931 	EXP 	exp1_image_r: autoDraw = True
31.6769 	EXP 	New trial (rep=0, index=51): {'exp_num': 1, 'sent_code': 'l1_t_es_na_013', 'list': 'l1', 'cond': 't', 'lang': 'es', 'type': 'na', 'num': 13.0, 'image': 'beer', 'image_alt': 'wine', 'left_img': 'beer', 'right_img': 'wine', 'left': '../image/beer.png', 'right': '../image/wine.png', 'correct_img': 'beer', 'correct_key': 'rshift', 'sound_dir': '../audio/013.wav', 'image_dir': None}
31.7120 	DATA 	Keypress: rshift
31.7166 	EXP 	exp1_image_l: autoDraw = False
31.7166 	EXP 	exp1_image_r: autoDraw = False
31.7166 	EXP 	exp1_image_l: image = '../image/beer.png'
31.7166 	EXP 	exp1_image_r: image = '../image/wine.png'
31.7166 	EXP 	exp1_image_l: autoDraw = True
31.7166 	EXP 	exp1_image_r: autoDraw = True
31.9775 	EXP 	New trial (rep=0, index=52): {'exp_num': 1, 'sent_code': 'l1_t_es_f0u_134', 'list': 'l1', 'cond': 't', 'lang': 'es', 'type': 'f0u', 'num': 134.0, 'image': 'truck', 'image_alt': 'basket', 'left_img': 'basket', 'right_img': 'truck', 'left': '../image/basket.png', 'right': '../image/truck.png', 'correct_img': 'truck', 'correct_key': 'lshift', 'sound_dir': '../audio/134.wav', 'image_dir': None}
32.0153 	DATA 	Keypress: lshift
32.0190 	EXP 	exp1_image_l: autoDraw = False
32.0190 	EXP 	exp1_image_r: autoDraw = False
32.0190 	EXP 	exp1_image_l: image = '../image/basket.png'
32.0190 	EXP 	exp1_image_r: image = '../image/truck.png'
32.0190 	EXP 	exp1_image_l: autoDraw = True
32.0190 	EXP 	exp1_image_r: autoDraw = True
32.2881 	DATA 	Keypress: rshift
32.2938 	EXP 	New trial (rep=0, index=53): {'exp_num': 1, 'sent_code': 'l1_f_se_na_081', 'list': 'l1', 'cond': 'f', 'lang': 'se', 'type': 'na', 'num': 81.0, 'image': 'sweatpants', 'image_alt': 'boxers', 'left_img': 'boxers', 'right_img': 'sweatpants', 'left': '../image/boxers.png', 'right': '../image/sweatpants.png', 'correct_img': 'sweatpants', 'correct_key': 'rshift', 'sound_dir': '../audio/081.wav', 'image_dir': None}
32.3316 	EXP 	exp1_image_l: autoDraw = False
32.3316 	EXP 	exp1_image_r: autoDraw = False
32.3316 	EXP 	exp1_image_l: image = '../image/boxers.png'
32.3316 	EXP 	exp1_image_r: image = '../image/sweatpants.png'
32.3316 	EXP 	exp1_image_l: autoDraw = True
32.3316 	EXP 	exp1_image_r: autoDraw = True
32.5712 	EXP 	New trial (rep=0, index=54): {'exp_num': 1, 'sent_code': 'l1_f_sp_na_087', 'list': 'l1', 'cond': 'f', 'lang': 'sp', 'type': 'na', 'num': 87.0, 'image': 'bed', 'image_alt': 'desk', 'left_img': 'desk', 'right_img': 'bed', 'left': '../image/desk.png', 'right': '../image/bed.png', 'correct_img': 'bed', 'correct_key': 'rshift', 'sound_dir': '../audio/087.wav', 'image_dir': None}
32.6084 	DATA 	Keypress: lshift
32.6132 	EXP 	exp1_image_l: autoDraw = False
32.6132 	EXP 	exp1_image_r: autoDraw = False
32.6132 	EXP 	exp1_image_l: image = '../image/desk.png'
32.6132 	EXP 	exp1_image_r: image = '../image/bed.png'
32.6132 	EXP 	exp1_image_l: autoDraw = True
32.6132 	EXP 	exp1_image_r: autoDraw = True
32.8636 	DATA 	Keypress: rshift
32.8679 	EXP 	exp1_image_l: autoDraw = False
32.8679 	EXP 	exp1_image_r: autoDraw = False
32.8679 	EXP 	exp1_end_text: autoDraw = True
33.1434 	DATA 	Keypress: lshift
238.6063 	EXP 	Created sequence: sequential, trialTypes=1, nReps=1000, seed=None
238.6109 	EXP 	New trial (rep=0, index=0): None
238.6174 	DATA 	Keypress: space
238.6222 	EXP 	exp1_end_text: autoDraw = False
238.6222 	EXP 	exp2_instr_text: autoDraw = True
240.4163 	EXP 	Imported /Users/gabmac/Documents/RU/QP/exp/practice_trial/trial_exp_2/trial2.xlsx as conditions, 8 conditions, 16 params
240.4167 	EXP 	Created sequence: sequential, trialTypes=8, nReps=1, seed=None
240.4172 	EXP 	New trial (rep=0, index=0): {'num': 'tr1', 'list': 'lt', 'cond': 'tr', 'lang': 'en', 'type': 'na', 'sound_dir': '../practice_trial/audio/tr1.wav', 'phr': 'Where are your kids?', 'sent_code': 'lt_tr_en_na_tr1', 'mat': '-', 'mat_num': '-', 'emb_num': '-', 'emb': '-', 'cut': '-', 'mat_f0_c': '-', 'left': '../image/america.png', 'right': '../image/spain.png'}
240.4549 	DATA 	Keypress: space
240.4587 	EXP 	exp2_instr_text: autoDraw = False
240.4587 	EXP 	exp2_trial_iamge_l: image = '../image/america.png'
240.4587 	EXP 	exp2_trial_image_r: image = '../image/spain.png'
240.4587 	EXP 	exp2_trial_iamge_l: autoDraw = True
240.4587 	EXP 	exp2_trial_image_r: autoDraw = True
241.0602 	DATA 	Keypress: lshift
241.8884 	DATA 	Keypress: rshift
242.5602 	DATA 	Keypress: lshift
243.2358 	DATA 	Keypress: rshift
243.8870 	DATA 	Keypress: lshift
244.4935 	DATA 	Keypress: rshift
245.0610 	DATA 	Keypress: lshift
245.4556 	EXP 	exp2_trial_iamge_l: autoDraw = False
245.4556 	EXP 	exp2_trial_image_r: autoDraw = False
245.7433 	DATA 	Keypress: rshift
246.5908 	DATA 	Keypress: lshift
247.1055 	DATA 	Keypress: rshift
247.5726 	DATA 	Keypress: escape
248.1907 	EXP 	window1: mouseVisible = True
